[0.043s] Invoking command in '/home/ashmitha/ros_ws/build/behaviors': CMAKE_PREFIX_PATH=/opt/ros/foxy CONDA_PROMPT_MODIFIER=(base) /home/ashmitha/.local/bin/cmake --build /home/ashmitha/ros_ws/build/behaviors -- -j8 -l8
[0.079s] -- Found ament_cmake: 0.9.12 (/opt/ros/foxy/share/ament_cmake/cmake)
[0.081s] [33mCMake Warning (dev) at /opt/ros/foxy/share/ament_cmake_core/cmake/core/python.cmake:22 (find_package):
[0.081s]   Policy CMP0148 is not set: The FindPythonInterp and FindPythonLibs modules
[0.081s]   are removed.  Run "cmake --help-policy CMP0148" for policy details.  Use
[0.081s]   the cmake_policy command to set the policy and suppress this warning.
[0.081s] 
[0.081s] Call Stack (most recent call first):
[0.082s]   /opt/ros/foxy/share/ament_cmake_core/cmake/core/all.cmake:53 (include)
[0.082s]   /opt/ros/foxy/share/ament_cmake_core/cmake/ament_cmake_core-extras.cmake:17 (include)
[0.082s]   /opt/ros/foxy/share/ament_cmake_core/cmake/ament_cmake_coreConfig.cmake:41 (include)
[0.082s]   /opt/ros/foxy/share/ament_cmake/cmake/ament_cmake_export_dependencies-extras.cmake:15 (find_package)
[0.082s]   /opt/ros/foxy/share/ament_cmake/cmake/ament_cmakeConfig.cmake:41 (include)
[0.082s]   CMakeLists.txt:19 (find_package)
[0.082s] This warning is for project developers.  Use -Wno-dev to suppress it.
[0.082s] [0m
[0.101s] -- Using PYTHON_EXECUTABLE: /home/ashmitha/anaconda3/bin/python3
[0.292s] -- Found nav2_common: 0.4.7 (/opt/ros/foxy/share/nav2_common/cmake)
[0.292s] -- Found rclcpp: 2.4.3 (/opt/ros/foxy/share/rclcpp/cmake)
[0.319s] -- Using all available rosidl_typesupport_c: rosidl_typesupport_fastrtps_c;rosidl_typesupport_introspection_c
[0.322s] -- Found rosidl_adapter: 1.3.1 (/opt/ros/foxy/share/rosidl_adapter/cmake)
[0.426s] -- Using all available rosidl_typesupport_cpp: rosidl_typesupport_fastrtps_cpp;rosidl_typesupport_introspection_cpp
[0.462s] -- Found rmw_implementation_cmake: 1.0.4 (/opt/ros/foxy/share/rmw_implementation_cmake/cmake)
[0.463s] -- Using RMW implementation 'rmw_fastrtps_cpp' as default
[0.559s] -- Found nav2_behavior_tree: 0.4.7 (/opt/ros/foxy/share/nav2_behavior_tree/cmake)
[1.169s] -- Found eigen3_cmake_module: 0.1.1 (/opt/ros/foxy/share/eigen3_cmake_module/cmake)
[1.430s] -- Found nav2_core: 0.4.7 (/opt/ros/foxy/share/nav2_core/cmake)
[8.653s] -- Found ament_lint_auto: 0.9.8 (/opt/ros/foxy/share/ament_lint_auto/cmake)
[8.727s] -- Added test 'copyright' to check source files copyright and LICENSE
[8.728s] -- Added test 'cppcheck' to perform static code analysis on C / C++ code
[8.729s] -- Configured cppcheck include dirs: /home/ashmitha/ros_ws/src/behaviors/include;/home/ashmitha/ros_ws/src/behaviors/./include;/home/ashmitha/ros_ws/src/behaviors/..
[8.729s] -- Configured cppcheck exclude dirs and/or files: 
[8.730s] -- Added test 'cpplint' to check C / C++ code against the Google style
[8.730s] -- Configured cpplint exclude dirs and/or files: 
[8.730s] -- Added test 'lint_cmake' to check CMake code style
[8.731s] -- Added test 'uncrustify' to check C / C++ code style
[8.731s] -- Configured uncrustify additional arguments: 
[8.731s] -- Added test 'xmllint' to check XML markup files
[8.732s] -- Configuring done (8.7s)
[8.801s] -- Generating done (0.1s)
[8.802s] -- Build files have been written to: /home/ashmitha/ros_ws/build/behaviors
[8.824s] [ 16%] [32mBuilding CXX object CMakeFiles/nav2_teleop_behavior.dir/plugins/teleop.cpp.o[0m
[8.824s] [ 33%] [32mBuilding CXX object CMakeFiles/behavior_server_core.dir/src/behavior_server.cpp.o[0m
[8.925s] [01m[K/home/ashmitha/ros_ws/src/behaviors/src/behavior_server.cpp:20:10:[m[K [01;31m[Kfatal error: [m[Knav2_behaviors/behavior_server.hpp: No such file or directory
[8.925s]    20 | #include [01;31m[K"nav2_behaviors/behavior_server.hpp"[m[K
[8.925s]       |          [01;31m[K^~~~~~~~~~~~~~~~~~~~~~~~~~~~~~~~~~~~[m[K
[8.925s] compilation terminated.
[8.927s] make[2]: *** [CMakeFiles/behavior_server_core.dir/build.make:76: CMakeFiles/behavior_server_core.dir/src/behavior_server.cpp.o] Error 1
[8.927s] make[1]: *** [CMakeFiles/Makefile2:167: CMakeFiles/behavior_server_core.dir/all] Error 2
[8.927s] make[1]: *** Waiting for unfinished jobs....
[8.928s] In file included from [01m[K/home/ashmitha/ros_ws/src/behaviors/include/behaviors/plugins/teleop.hpp:10[m[K,
[8.929s]                  from [01m[K/home/ashmitha/ros_ws/src/behaviors/plugins/teleop.cpp:4[m[K:
[8.929s] [01m[K/home/ashmitha/ros_ws/src/behaviors/include/behaviors/timed_behavior.hpp:34:10:[m[K [01;31m[Kfatal error: [m[Knav2_core/behavior.hpp: No such file or directory
[8.929s]    34 | #include [01;31m[K"nav2_core/behavior.hpp"[m[K
[8.929s]       |          [01;31m[K^~~~~~~~~~~~~~~~~~~~~~~~[m[K
[8.929s] compilation terminated.
[8.930s] make[2]: *** [CMakeFiles/nav2_teleop_behavior.dir/build.make:76: CMakeFiles/nav2_teleop_behavior.dir/plugins/teleop.cpp.o] Error 1
[8.930s] make[1]: *** [CMakeFiles/Makefile2:141: CMakeFiles/nav2_teleop_behavior.dir/all] Error 2
[8.931s] make: *** [Makefile:146: all] Error 2
[8.935s] Invoked command in '/home/ashmitha/ros_ws/build/behaviors' returned '2': CMAKE_PREFIX_PATH=/opt/ros/foxy CONDA_PROMPT_MODIFIER=(base) /home/ashmitha/.local/bin/cmake --build /home/ashmitha/ros_ws/build/behaviors -- -j8 -l8
