[0.047s] Invoking command in '/home/ashmitha/ros_ws/build/behaviors': AMENT_PREFIX_PATH=/home/ashmitha/ros_ws/install/msgs:${AMENT_PREFIX_PATH} CMAKE_PREFIX_PATH=/home/ashmitha/ros_ws/install/msgs:/opt/ros/foxy CONDA_PROMPT_MODIFIER=(base) LD_LIBRARY_PATH=/home/ashmitha/ros_ws/install/msgs/lib:${LD_LIBRARY_PATH} PYTHONPATH=/home/ashmitha/ros_ws/install/msgs/lib/python3.11/site-packages:${PYTHONPATH} /home/ashmitha/.local/bin/cmake --build /home/ashmitha/ros_ws/build/behaviors -- -j8 -l8
[0.104s] [ 16%] [32mBuilding CXX object CMakeFiles/nav2_teleop_behavior.dir/plugins/teleop.cpp.o[0m
[0.109s] [ 33%] [32mBuilding CXX object CMakeFiles/behavior_server_core.dir/src/behavior_server.cpp.o[0m
[2.089s] In file included from [01m[K/home/ashmitha/ros_ws/src/behaviors/plugins/teleop.cpp:4[m[K:
[2.089s] [01m[K/home/ashmitha/ros_ws/src/behaviors/include/behaviors/plugins/teleop.hpp:20:40:[m[K [01;31m[Kerror: [m[Kexpected template-name before â€˜[01m[K<[m[Kâ€™ token
[2.089s]    20 |     class Teleop : public TimedBehavior[01;31m[K<[m[KTeleopAction>
[2.089s]       |                                        [01;31m[K^[m[K
[2.089s] [01m[K/home/ashmitha/ros_ws/src/behaviors/include/behaviors/plugins/teleop.hpp:20:40:[m[K [01;31m[Kerror: [m[Kexpected â€˜[01m[K{[m[Kâ€™ before â€˜[01m[K<[m[Kâ€™ token
[2.090s] [01m[K/home/ashmitha/ros_ws/src/behaviors/include/behaviors/plugins/teleop.hpp:20:40:[m[K [01;31m[Kerror: [m[Kexpected unqualified-id before â€˜[01m[K<[m[Kâ€™ token
[2.092s] [01m[K/home/ashmitha/ros_ws/src/behaviors/plugins/teleop.cpp:12:5:[m[K [01;31m[Kerror: [m[Kâ€˜[01m[KTeleop[m[Kâ€™ does not name a type
[2.092s]    12 |     [01;31m[KTeleop[m[K::Teleop()
[2.092s]       |     [01;31m[K^~~~~~[m[K
[2.092s] [01m[K/home/ashmitha/ros_ws/src/behaviors/plugins/teleop.cpp:16:9:[m[K [01;31m[Kerror: [m[Kâ€˜[01m[KTeleop[m[Kâ€™ has not been declared
[2.092s]    16 |     int [01;31m[KTeleop[m[K::getch(void)
[2.092s]       |         [01;31m[K^~~~~~[m[K
[2.092s] [01m[K/home/ashmitha/ros_ws/src/behaviors/plugins/teleop.cpp:46:11:[m[K [01;31m[Kerror: [m[Kâ€˜[01m[KTeleop[m[Kâ€™ has not been declared
[2.093s]    46 |     float [01;31m[KTeleop[m[K::vel_check(float curr, bool decrease = false)
[2.093s]       |           [01;31m[K^~~~~~[m[K
[2.093s] [01m[K/home/ashmitha/ros_ws/src/behaviors/plugins/teleop.cpp:56:11:[m[K [01;31m[Kerror: [m[Kâ€˜[01m[KTeleop[m[Kâ€™ has not been declared
[2.093s]    56 |     float [01;31m[KTeleop[m[K::Lvel(char key, float x)
[2.093s]       |           [01;31m[K^~~~~~[m[K
[2.093s] [01m[K/home/ashmitha/ros_ws/src/behaviors/plugins/teleop.cpp:65:11:[m[K [01;31m[Kerror: [m[Kâ€˜[01m[KTeleop[m[Kâ€™ has not been declared
[2.093s]    65 |     float [01;31m[KTeleop[m[K::Avel(char key, float th){
[2.093s]       |           [01;31m[K^~~~~~[m[K
[2.093s] [01m[K/home/ashmitha/ros_ws/src/behaviors/plugins/teleop.cpp:75:10:[m[K [01;31m[Kerror: [m[Kâ€˜[01m[KTeleop[m[Kâ€™ has not been declared
[2.094s]    75 |     void [01;31m[KTeleop[m[K::onConfigure()
[2.094s]       |          [01;31m[K^~~~~~[m[K
[2.110s] [01m[K/home/ashmitha/ros_ws/src/behaviors/plugins/teleop.cpp:[m[K In function â€˜[01m[Kvoid nav2_behaviors::onConfigure()[m[Kâ€™:
[2.110s] [01m[K/home/ashmitha/ros_ws/src/behaviors/plugins/teleop.cpp:151:75:[m[K [01;31m[Kerror: [m[Kâ€˜[01m[Kspeed[m[Kâ€™ was not declared in this scope; did you mean â€˜[01m[Kspeed_t[m[Kâ€™?
[2.110s]   151 |         printf("\nNow top Speed is %f and turn is %f | Last command: \n", [01;31m[Kspeed[m[K, turn);
[2.110s]       |                                                                           [01;31m[K^~~~~[m[K
[2.111s]       |                                                                           [32m[Kspeed_t[m[K
[2.112s] [01m[K/home/ashmitha/ros_ws/src/behaviors/plugins/teleop.cpp:151:82:[m[K [01;31m[Kerror: [m[Kâ€˜[01m[Kturn[m[Kâ€™ was not declared in this scope
[2.112s]   151 |         printf("\nNow top Speed is %f and turn is %f | Last command: \n", speed, [01;31m[Kturn[m[K);
[2.112s]       |                                                                                  [01;31m[K^~~~[m[K
[2.113s] [01m[K/home/ashmitha/ros_ws/src/behaviors/plugins/teleop.cpp:154:21:[m[K [01;31m[Kerror: [m[Kâ€˜[01m[Knode_[m[Kâ€™ was not declared in this scope; did you mean â€˜[01m[Knode[m[Kâ€™?
[2.113s]   154 |         auto node = [01;31m[Knode_[m[K.lock();
[2.113s]       |                     [01;31m[K^~~~~[m[K
[2.113s]       |                     [32m[Knode[m[K
[2.113s] [01m[K/home/ashmitha/ros_ws/src/behaviors/plugins/teleop.cpp:162:38:[m[K [01;31m[Kerror: [m[Kfound â€˜[01m[K:[m[Kâ€™ in nested-name-specifier, expected â€˜[01m[K::[m[Kâ€™
[2.114s]   162 |             "projection_time", rclcpp[01;31m[K:[m[KParameterValue(1.0)
[2.114s]       |                                      [01;31m[K^[m[K
[2.114s]       |                                      [32m[K::[m[K
[2.114s] [01m[K/home/ashmitha/ros_ws/src/behaviors/plugins/teleop.cpp:167:43:[m[K [01;31m[Kerror: [m[Kfound â€˜[01m[K:[m[Kâ€™ in nested-name-specifier, expected â€˜[01m[K::[m[Kâ€™
[2.114s]   167 |             "simulation_time_step", rclcpp[01;31m[K:[m[KParameterValue(0.1)
[2.114s]       |                                           [01;31m[K^[m[K
[2.114s]       |                                           [32m[K::[m[K
[2.114s] [01m[K/home/ashmitha/ros_ws/src/behaviors/plugins/teleop.cpp:172:37:[m[K [01;31m[Kerror: [m[Kfound â€˜[01m[K:[m[Kâ€™ in nested-name-specifier, expected â€˜[01m[K::[m[Kâ€™
[2.114s]   172 |             "cmd_vel_teleop", rclcpp[01;31m[K:[m[KParameterValue(std::string("cmd_vel_teleop"))
[2.114s]       |                                     [01;31m[K^[m[K
[2.114s]       |                                     [32m[K::[m[K
[2.116s] [01m[K/home/ashmitha/ros_ws/src/behaviors/plugins/teleop.cpp:176:48:[m[K [01;31m[Kerror: [m[Kâ€˜[01m[Kprojection_time_[m[Kâ€™ was not declared in this scope
[2.116s]   176 |         node->get_parameter("projection_time", [01;31m[Kprojection_time_[m[K);
[2.117s]       |                                                [01;31m[K^~~~~~~~~~~~~~~~[m[K
[2.123s] [01m[K/home/ashmitha/ros_ws/src/behaviors/plugins/teleop.cpp:177:53:[m[K [01;31m[Kerror: [m[Kâ€˜[01m[Ksimulation_time_step_[m[Kâ€™ was not declared in this scope
[2.123s]   177 |         node->get_parameter("simulation_time_step", [01;31m[Ksimulation_time_step_[m[K);
[2.123s]       |                                                     [01;31m[K^~~~~~~~~~~~~~~~~~~~~[m[K
[2.127s] [01m[K/home/ashmitha/ros_ws/src/behaviors/plugins/teleop.cpp:182:9:[m[K [01;31m[Kerror: [m[Kâ€˜[01m[Kvel_pub_[m[Kâ€™ was not declared in this scope
[2.127s]   182 |         [01;31m[Kvel_pub_[m[K = node->create_publisher<geometry_msgs::msg::Twist>(
[2.127s]       |         [01;31m[K^~~~~~~~[m[K
[2.127s] [01m[K/home/ashmitha/ros_ws/src/behaviors/plugins/teleop.cpp:182:68:[m[K [01;31m[Kerror: [m[Kexpected primary-expression before â€˜[01m[K>[m[Kâ€™ token
[2.127s]   182 |         vel_pub_ = node->create_publisher<geometry_msgs::msg::Twist[01;31m[K>[m[K(
[2.127s]       |                                                                    [01;31m[K^[m[K
[2.127s] [01m[K/home/ashmitha/ros_ws/src/behaviors/plugins/teleop.cpp:183:13:[m[K [01;31m[Kerror: [m[Kleft operand of comma operator has no effect [[01;31m[K-Werror=unused-value[m[K]
[2.127s]   183 |             [01;31m[Kcmd_vel_teleop[m[K, rclcpp::SystemDefaultsQoS(),
[2.127s]       |             [01;31m[K^~~~~~~~~~~~~~[m[K
[2.127s] [01m[K/home/ashmitha/ros_ws/src/behaviors/plugins/teleop.cpp:185:18:[m[K [01;31m[Kerror: [m[Kâ€˜[01m[KTeleop[m[Kâ€™ has not been declared
[2.127s]   185 |                 &[01;31m[KTeleop[m[K::teleopVelocityCallback, this, std::placeholders::_1
[2.127s]       |                  [01;31m[K^~~~~~[m[K
[2.127s] [01m[K/home/ashmitha/ros_ws/src/behaviors/plugins/teleop.cpp:185:50:[m[K [01;31m[Kerror: [m[Kinvalid use of â€˜[01m[Kthis[m[Kâ€™ in non-member function
[2.128s]   185 |                 &Teleop::teleopVelocityCallback, [01;31m[Kthis[m[K, std::placeholders::_1
[2.128s]       |                                                  [01;31m[K^~~~[m[K
[2.131s] [01m[K/home/ashmitha/ros_ws/src/behaviors/plugins/teleop.cpp:188:9:[m[K [01;31m[Kerror: [m[Kâ€˜[01m[Kpreempt_teleop_sub_[m[Kâ€™ was not declared in this scope
[2.131s]   188 |         [01;31m[Kpreempt_teleop_sub_[m[K = node->create_subscription<std_msgs::msg::Empty>(
[2.132s]       |         [01;31m[K^~~~~~~~~~~~~~~~~~~[m[K
[2.132s] [01m[K/home/ashmitha/ros_ws/src/behaviors/plugins/teleop.cpp:188:77:[m[K [01;31m[Kerror: [m[Kexpected primary-expression before â€˜[01m[K>[m[Kâ€™ token
[2.132s]   188 |         preempt_teleop_sub_ = node->create_subscription<std_msgs::msg::Empty[01;31m[K>[m[K(
[2.132s]       |                                                                             [01;31m[K^[m[K
[2.132s] [01m[K/home/ashmitha/ros_ws/src/behaviors/plugins/teleop.cpp:189:13:[m[K [01;31m[Kerror: [m[Kleft operand of comma operator has no effect [[01;31m[K-Werror=unused-value[m[K]
[2.132s]   189 |             [01;31m[K"preempt_teleop"[m[K, rclcpp::SystemDefaultsQoS(),
[2.132s]       |             [01;31m[K^~~~~~~~~~~~~~~~[m[K
[2.132s] [01m[K/home/ashmitha/ros_ws/src/behaviors/plugins/teleop.cpp:191:18:[m[K [01;31m[Kerror: [m[Kâ€˜[01m[KTeleop[m[Kâ€™ has not been declared
[2.132s]   191 |                 &[01;31m[KTeleop[m[K::premeptTeleopCallback, this, std::placeholders::_1
[2.132s]       |                  [01;31m[K^~~~~~[m[K
[2.132s] [01m[K/home/ashmitha/ros_ws/src/behaviors/plugins/teleop.cpp:191:49:[m[K [01;31m[Kerror: [m[Kinvalid use of â€˜[01m[Kthis[m[Kâ€™ in non-member function
[2.132s]   191 |                 &Teleop::premeptTeleopCallback, [01;31m[Kthis[m[K, std::placeholders::_1
[2.132s]       |                                                 [01;31m[K^~~~[m[K
[2.133s] [01m[K/home/ashmitha/ros_ws/src/behaviors/plugins/teleop.cpp:[m[K At global scope:
[2.133s] [01m[K/home/ashmitha/ros_ws/src/behaviors/plugins/teleop.cpp:196:18:[m[K [01;31m[Kerror: [m[Kâ€˜[01m[KTeleop[m[Kâ€™ has not been declared
[2.133s]   196 |     ResultStatus [01;31m[KTeleop[m[K::onRun(const std::shared_ptr<const TeleopAction::Goal> command)
[2.133s]       |                  [01;31m[K^~~~~~[m[K
[2.133s] [01m[K/home/ashmitha/ros_ws/src/behaviors/plugins/teleop.cpp:196:72:[m[K [01;31m[Kerror: [m[KISO C++ forbids declaration of â€˜[01m[Ktype name[m[Kâ€™ with no type [[01;31m[K-fpermissive[m[K]
[2.133s]   196 |     ResultStatus Teleop::onRun(const std::shared_ptr<const TeleopAction[01;31m[K::[m[KGoal> command)
[2.133s]       |                                                                        [01;31m[K^~[m[K
[2.133s] [01m[K/home/ashmitha/ros_ws/src/behaviors/plugins/teleop.cpp:196:78:[m[K [01;31m[Kerror: [m[Ktemplate argument 1 is invalid
[2.133s]   196 |     ResultStatus Teleop::onRun(const std::shared_ptr<const TeleopAction::Goal[01;31m[K>[m[K command)
[2.133s]       |                                                                              [01;31m[K^[m[K
[2.133s] [01m[K/home/ashmitha/ros_ws/src/behaviors/plugins/teleop.cpp:196:72:[m[K [01;31m[Kerror: [m[KISO C++ forbids declaration of â€˜[01m[Ktype name[m[Kâ€™ with no type [[01;31m[K-fpermissive[m[K]
[2.133s]   196 |     ResultStatus Teleop::onRun(const std::shared_ptr<const TeleopAction[01;31m[K::[m[KGoal> command)
[2.133s]       |                                                                        [01;31m[K^~[m[K
[2.133s] [01m[K/home/ashmitha/ros_ws/src/behaviors/plugins/teleop.cpp:196:78:[m[K [01;31m[Kerror: [m[Ktemplate argument 1 is invalid
[2.133s]   196 |     ResultStatus Teleop::onRun(const std::shared_ptr<const TeleopAction::Goal[01;31m[K>[m[K command)
[2.134s]       |                                                                              [01;31m[K^[m[K
[2.134s] [01m[K/home/ashmitha/ros_ws/src/behaviors/plugins/teleop.cpp:196:72:[m[K [01;31m[Kerror: [m[KISO C++ forbids declaration of â€˜[01m[Ktype name[m[Kâ€™ with no type [[01;31m[K-fpermissive[m[K]
[2.134s]   196 |     ResultStatus Teleop::onRun(const std::shared_ptr<const TeleopAction[01;31m[K::[m[KGoal> command)
[2.134s]       |                                                                        [01;31m[K^~[m[K
[2.134s] [01m[K/home/ashmitha/ros_ws/src/behaviors/plugins/teleop.cpp:196:78:[m[K [01;31m[Kerror: [m[Ktemplate argument 1 is invalid
[2.134s]   196 |     ResultStatus Teleop::onRun(const std::shared_ptr<const TeleopAction::Goal[01;31m[K>[m[K command)
[2.134s]       |                                                                              [01;31m[K^[m[K
[2.134s] [01m[K/home/ashmitha/ros_ws/src/behaviors/plugins/teleop.cpp:196:72:[m[K [01;31m[Kerror: [m[KISO C++ forbids declaration of â€˜[01m[Ktype name[m[Kâ€™ with no type [[01;31m[K-fpermissive[m[K]
[2.134s]   196 |     ResultStatus Teleop::onRun(const std::shared_ptr<const TeleopAction[01;31m[K::[m[KGoal> command)
[2.135s]       |                                                                        [01;31m[K^~[m[K
[2.135s] [01m[K/home/ashmitha/ros_ws/src/behaviors/plugins/teleop.cpp:196:78:[m[K [01;31m[Kerror: [m[Ktemplate argument 1 is invalid
[2.135s]   196 |     ResultStatus Teleop::onRun(const std::shared_ptr<const TeleopAction::Goal[01;31m[K>[m[K command)
[2.135s]       |                                                                              [01;31m[K^[m[K
[2.135s] [01m[K/home/ashmitha/ros_ws/src/behaviors/plugins/teleop.cpp:196:72:[m[K [01;31m[Kerror: [m[KISO C++ forbids declaration of â€˜[01m[Ktype name[m[Kâ€™ with no type [[01;31m[K-fpermissive[m[K]
[2.135s]   196 |     ResultStatus Teleop::onRun(const std::shared_ptr<const TeleopAction[01;31m[K::[m[KGoal> command)
[2.136s]       |                                                                        [01;31m[K^~[m[K
[2.136s] [01m[K/home/ashmitha/ros_ws/src/behaviors/plugins/teleop.cpp:196:78:[m[K [01;31m[Kerror: [m[Ktemplate argument 1 is invalid
[2.136s]   196 |     ResultStatus Teleop::onRun(const std::shared_ptr<const TeleopAction::Goal[01;31m[K>[m[K command)
[2.136s]       |                                                                              [01;31m[K^[m[K
[2.136s] [01m[K/home/ashmitha/ros_ws/src/behaviors/plugins/teleop.cpp:196:38:[m[K [01;31m[Kerror: [m[Kinvalid use of template-name â€˜[01m[Kstd::shared_ptr[m[Kâ€™ without an argument list
[2.136s]   196 |     ResultStatus Teleop::onRun(const [01;31m[Kstd[m[K::shared_ptr<const TeleopAction::Goal> command)
[2.136s]       |                                      [01;31m[K^~~[m[K
[2.136s] [01m[K/home/ashmitha/ros_ws/src/behaviors/plugins/teleop.cpp:196:38:[m[K [01;36m[Knote: [m[Kclass template argument deduction is only available with â€˜[01m[K-std=c++17[m[Kâ€™ or â€˜[01m[K-std=gnu++17[m[Kâ€™
[2.137s] In file included from [01m[K/usr/include/c++/9/bits/shared_ptr.h:52[m[K,
[2.137s]                  from [01m[K/usr/include/c++/9/memory:81[m[K,
[2.137s]                  from [01m[K/home/ashmitha/ros_ws/src/behaviors/include/behaviors/plugins/teleop.hpp:5[m[K,
[2.137s]                  from [01m[K/home/ashmitha/ros_ws/src/behaviors/plugins/teleop.cpp:4[m[K:
[2.137s] [01m[K/usr/include/c++/9/bits/shared_ptr_base.h:348:11:[m[K [01;36m[Knote: [m[Kâ€˜[01m[Ktemplate<class _Tp> class std::shared_ptr[m[Kâ€™ declared here
[2.137s]   348 |     class [01;36m[Kshared_ptr[m[K;
[2.137s]       |           [01;36m[K^~~~~~~~~~[m[K
[2.137s] [01m[K/home/ashmitha/ros_ws/src/behaviors/plugins/teleop.cpp:196:53:[m[K [01;31m[Kerror: [m[Kexpected â€˜[01m[K,[m[Kâ€™ or â€˜[01m[K...[m[Kâ€™ before â€˜[01m[K<[m[Kâ€™ token
[2.138s]   196 |     ResultStatus Teleop::onRun(const std::shared_ptr[01;31m[K<[m[Kconst TeleopAction::Goal> command)
[2.138s]       |                                                     [01;31m[K^[m[K
[2.138s] [01m[K/home/ashmitha/ros_ws/src/behaviors/plugins/teleop.cpp:[m[K In function â€˜[01m[Knav2_behaviors::ResultStatus nav2_behaviors::onRun(int)[m[Kâ€™:
[2.138s] [01m[K/home/ashmitha/ros_ws/src/behaviors/plugins/teleop.cpp:198:9:[m[K [01;31m[Kerror: [m[Kâ€˜[01m[Kpreempt_teleop_[m[Kâ€™ was not declared in this scope
[2.138s]   198 |         [01;31m[Kpreempt_teleop_[m[K = false;
[2.138s]       |         [01;31m[K^~~~~~~~~~~~~~~[m[K
[2.144s] [01m[K/home/ashmitha/ros_ws/src/behaviors/plugins/teleop.cpp:199:9:[m[K [01;31m[Kerror: [m[Kâ€˜[01m[Kcommand_time_allowance_[m[Kâ€™ was not declared in this scope
[2.144s]   199 |         [01;31m[Kcommand_time_allowance_[m[K = command->time_allowance;
[2.144s]       |         [01;31m[K^~~~~~~~~~~~~~~~~~~~~~~[m[K
[2.146s] [01m[K/home/ashmitha/ros_ws/src/behaviors/plugins/teleop.cpp:199:35:[m[K [01;31m[Kerror: [m[Kâ€˜[01m[Kcommand[m[Kâ€™ was not declared in this scope
[2.146s]   199 |         command_time_allowance_ = [01;31m[Kcommand[m[K->time_allowance;
[2.146s]       |                                   [01;31m[K^~~~~~~[m[K
[2.148s] [01m[K/home/ashmitha/ros_ws/src/behaviors/plugins/teleop.cpp:200:9:[m[K [01;31m[Kerror: [m[Kâ€˜[01m[Kend_time_[m[Kâ€™ was not declared in this scope
[2.148s]   200 |         [01;31m[Kend_time_[m[K = steady_clock_.now() + command_time_allowance_;
[2.148s]       |         [01;31m[K^~~~~~~~~[m[K
[2.151s] [01m[K/home/ashmitha/ros_ws/src/behaviors/plugins/teleop.cpp:200:21:[m[K [01;31m[Kerror: [m[Kâ€˜[01m[Ksteady_clock_[m[Kâ€™ was not declared in this scope
[2.151s]   200 |         end_time_ = [01;31m[Ksteady_clock_[m[K.now() + command_time_allowance_;
[2.151s]       |                     [01;31m[K^~~~~~~~~~~~~[m[K
[2.156s] [01m[K/home/ashmitha/ros_ws/src/behaviors/plugins/teleop.cpp:201:48:[m[K [01;31m[Kerror: [m[Kâ€˜[01m[KTeleopActionResult[m[Kâ€™ was not declared in this scope
[2.156s]   201 |         return ResultStatus{Status::SUCCEEDED, [01;31m[KTeleopActionResult[m[K::NONE};
[2.156s]       |                                                [01;31m[K^~~~~~~~~~~~~~~~~~[m[K
[2.156s] [01m[K/home/ashmitha/ros_ws/src/behaviors/plugins/teleop.cpp:201:28:[m[K [01;31m[Kerror: [m[Kexpected primary-expression before â€˜[01m[K{[m[Kâ€™ token
[2.156s]   201 |         return ResultStatus[01;31m[K{[m[KStatus::SUCCEEDED, TeleopActionResult::NONE};
[2.156s]       |                            [01;31m[K^[m[K
[2.157s] [01m[K/home/ashmitha/ros_ws/src/behaviors/plugins/teleop.cpp:201:28:[m[K [01;31m[Kerror: [m[Kexpected â€˜[01m[K;[m[Kâ€™ before â€˜[01m[K{[m[Kâ€™ token
[2.157s]   201 |         return ResultStatus[01;31m[K{[m[KStatus::SUCCEEDED, TeleopActionResult::NONE};
[2.157s]       |                            [01;31m[K^[m[K
[2.157s]       |                            [32m[K;[m[K
[2.157s] [01m[K/home/ashmitha/ros_ws/src/behaviors/plugins/teleop.cpp:201:48:[m[K [01;31m[Kerror: [m[Kâ€˜[01m[KTeleopActionResult[m[Kâ€™ is not a class, namespace, or enumeration
[2.157s]   201 |         return ResultStatus{Status::SUCCEEDED, [01;31m[KTeleopActionResult[m[K::NONE};
[2.157s]       |                                                [01;31m[K^~~~~~~~~~~~~~~~~~[m[K
[2.157s] [01m[K/home/ashmitha/ros_ws/src/behaviors/plugins/teleop.cpp:[m[K At global scope:
[2.157s] [01m[K/home/ashmitha/ros_ws/src/behaviors/plugins/teleop.cpp:204:10:[m[K [01;31m[Kerror: [m[Kâ€˜[01m[KTeleop[m[Kâ€™ has not been declared
[2.157s]   204 |     void [01;31m[KTeleop[m[K::onActionCompletion(std::shared_ptr<TeleopActionResult>/*result*/)
[2.157s]       |          [01;31m[K^~~~~~[m[K
[2.160s] [01m[K/home/ashmitha/ros_ws/src/behaviors/plugins/teleop.cpp:204:53:[m[K [01;31m[Kerror: [m[Kâ€˜[01m[KTeleopActionResult[m[Kâ€™ was not declared in this scope
[2.160s]   204 |     void Teleop::onActionCompletion(std::shared_ptr<[01;31m[KTeleopActionResult[m[K>/*result*/)
[2.160s]       |                                                     [01;31m[K^~~~~~~~~~~~~~~~~~[m[K
[2.160s] [01m[K/home/ashmitha/ros_ws/src/behaviors/plugins/teleop.cpp:204:71:[m[K [01;31m[Kerror: [m[Ktemplate argument 1 is invalid
[2.160s]   204 |     void Teleop::onActionCompletion(std::shared_ptr<TeleopActionResult[01;31m[K>[m[K/*result*/)
[2.160s]       |                                                                       [01;31m[K^[m[K
[2.163s] [01m[K/home/ashmitha/ros_ws/src/behaviors/plugins/teleop.cpp:[m[K In function â€˜[01m[Kvoid nav2_behaviors::onActionCompletion(int)[m[Kâ€™:
[2.164s] [01m[K/home/ashmitha/ros_ws/src/behaviors/plugins/teleop.cpp:206:9:[m[K [01;31m[Kerror: [m[Kâ€˜[01m[Kteleop_twist_[m[Kâ€™ was not declared in this scope
[2.164s]   206 |         [01;31m[Kteleop_twist_[m[K = geometry_msgs::msg::Twist();
[2.164s]       |         [01;31m[K^~~~~~~~~~~~~[m[K
[2.166s] [01m[K/home/ashmitha/ros_ws/src/behaviors/plugins/teleop.cpp:207:9:[m[K [01;31m[Kerror: [m[Kâ€˜[01m[Kpreempt_teleop_[m[Kâ€™ was not declared in this scope
[2.166s]   207 |         [01;31m[Kpreempt_teleop_[m[K = false;
[2.166s]       |         [01;31m[K^~~~~~~~~~~~~~~[m[K
[2.166s] [01m[K/home/ashmitha/ros_ws/src/behaviors/plugins/teleop.cpp:[m[K At global scope:
[2.166s] [01m[K/home/ashmitha/ros_ws/src/behaviors/plugins/teleop.cpp:210:18:[m[K [01;31m[Kerror: [m[Kâ€˜[01m[KTeleop[m[Kâ€™ has not been declared
[2.166s]   210 |     ResultStatus [01;31m[KTeleop[m[K::onCycleUpdate()
[2.166s]       |                  [01;31m[K^~~~~~[m[K
[2.169s] [01m[K/home/ashmitha/ros_ws/src/behaviors/plugins/teleop.cpp:[m[K In function â€˜[01m[Knav2_behaviors::ResultStatus nav2_behaviors::onCycleUpdate()[m[Kâ€™:
[2.169s] [01m[K/home/ashmitha/ros_ws/src/behaviors/plugins/teleop.cpp:212:9:[m[K [01;31m[Kerror: [m[Kâ€˜[01m[Kfeedback_[m[Kâ€™ was not declared in this scope
[2.169s]   212 |         [01;31m[Kfeedback_[m[K->current_teleop_duration = elasped_time_;
[2.169s]       |         [01;31m[K^~~~~~~~~[m[K
[2.173s] [01m[K/home/ashmitha/ros_ws/src/behaviors/plugins/teleop.cpp:212:46:[m[K [01;31m[Kerror: [m[Kâ€˜[01m[Kelasped_time_[m[Kâ€™ was not declared in this scope
[2.173s]   212 |         feedback_->current_teleop_duration = [01;31m[Kelasped_time_[m[K;
[2.173s]       |                                              [01;31m[K^~~~~~~~~~~~~[m[K
[2.175s] [01m[K/home/ashmitha/ros_ws/src/behaviors/plugins/teleop.cpp:213:9:[m[K [01;31m[Kerror: [m[Kâ€˜[01m[Kaction_server_[m[Kâ€™ was not declared in this scope; did you mean â€˜[01m[Krcl_action_server_t[m[Kâ€™?
[2.175s]   213 |         [01;31m[Kaction_server_[m[K->publish_feedback(feedback_);
[2.175s]       |         [01;31m[K^~~~~~~~~~~~~~[m[K
[2.175s]       |         [32m[Krcl_action_server_t[m[K
[2.178s] [01m[K/home/ashmitha/ros_ws/src/behaviors/plugins/teleop.cpp:215:43:[m[K [01;31m[Kerror: [m[Kâ€˜[01m[Kend_time_[m[Kâ€™ was not declared in this scope
[2.178s]   215 |         rclcpp::Duration time_remaining = [01;31m[Kend_time_[m[K - steady_clock_.now();
[2.178s]       |                                           [01;31m[K^~~~~~~~~[m[K
[2.180s] [01m[K/home/ashmitha/ros_ws/src/behaviors/plugins/teleop.cpp:215:55:[m[K [01;31m[Kerror: [m[Kâ€˜[01m[Ksteady_clock_[m[Kâ€™ was not declared in this scope
[2.180s]   215 |         rclcpp::Duration time_remaining = end_time_ - [01;31m[Ksteady_clock_[m[K.now();
[2.180s]       |                                                       [01;31m[K^~~~~~~~~~~~~[m[K
[2.182s] [01m[K/home/ashmitha/ros_ws/src/behaviors/plugins/teleop.cpp:219:9:[m[K [01;31m[Kerror: [m[Kâ€˜[01m[Kkey[m[Kâ€™ was not declared in this scope; did you mean â€˜[01m[Kkey_t[m[Kâ€™?
[2.182s]   219 |         [01;31m[Kkey[m[K = getch();
[2.182s]       |         [01;31m[K^~~[m[K
[2.182s]       |         [32m[Kkey_t[m[K
[2.183s] [01m[K/home/ashmitha/ros_ws/src/behaviors/plugins/teleop.cpp:222:13:[m[K [01;31m[Kerror: [m[Kâ€˜[01m[Kx[m[Kâ€™ was not declared in this scope
[2.183s]   222 |             [01;31m[Kx[m[K = Lvel(key, x);
[2.183s]       |             [01;31m[K^[m[K
[2.184s] [01m[K/home/ashmitha/ros_ws/src/behaviors/plugins/teleop.cpp:223:13:[m[K [01;31m[Kerror: [m[Kâ€˜[01m[Ky[m[Kâ€™ was not declared in this scope; did you mean â€˜[01m[Kyn[m[Kâ€™?
[2.184s]   223 |             [01;31m[Ky[m[K = 0.0;
[2.184s]       |             [01;31m[K^[m[K
[2.184s]       |             [32m[Kyn[m[K
[2.186s] [01m[K/home/ashmitha/ros_ws/src/behaviors/plugins/teleop.cpp:224:13:[m[K [01;31m[Kerror: [m[Kâ€˜[01m[Kz[m[Kâ€™ was not declared in this scope
[2.186s]   224 |             [01;31m[Kz[m[K = 0.0;
[2.186s]       |             [01;31m[K^[m[K
[2.188s] [01m[K/home/ashmitha/ros_ws/src/behaviors/plugins/teleop.cpp:225:74:[m[K [01;31m[Kerror: [m[Kâ€˜[01m[Kspeed[m[Kâ€™ was not declared in this scope; did you mean â€˜[01m[Kspeed_t[m[Kâ€™?
[2.188s]   225 |             printf("\rCurrent: speed %f\tturn %f | Last command: %c   ", [01;31m[Kspeed[m[K*x, turn*th, key);
[2.188s]       |                                                                          [01;31m[K^~~~~[m[K
[2.188s]       |                                                                          [32m[Kspeed_t[m[K
[2.189s] [01m[K/home/ashmitha/ros_ws/src/behaviors/plugins/teleop.cpp:225:83:[m[K [01;31m[Kerror: [m[Kâ€˜[01m[Kturn[m[Kâ€™ was not declared in this scope
[2.189s]   225 |             printf("\rCurrent: speed %f\tturn %f | Last command: %c   ", speed*x, [01;31m[Kturn[m[K*th, key);
[2.189s]       |                                                                                   [01;31m[K^~~~[m[K
[2.191s] [01m[K/home/ashmitha/ros_ws/src/behaviors/plugins/teleop.cpp:225:88:[m[K [01;31m[Kerror: [m[Kâ€˜[01m[Kth[m[Kâ€™ was not declared in this scope; did you mean â€˜[01m[Ktm[m[Kâ€™?
[2.191s]   225 |             printf("\rCurrent: speed %f\tturn %f | Last command: %c   ", speed*x, turn*[01;31m[Kth[m[K, key);
[2.191s]       |                                                                                        [01;31m[K^~[m[K
[2.191s]       |                                                                                        [32m[Ktm[m[K
[2.192s] [01m[K/home/ashmitha/ros_ws/src/behaviors/plugins/teleop.cpp:231:13:[m[K [01;31m[Kerror: [m[Kâ€˜[01m[Kth[m[Kâ€™ was not declared in this scope; did you mean â€˜[01m[Ktm[m[Kâ€™?
[2.192s]   231 |             [01;31m[Kth[m[K = Avel(key,th);
[2.192s]       |             [01;31m[K^~[m[K
[2.192s]       |             [32m[Ktm[m[K
[2.192s] [01m[K/home/ashmitha/ros_ws/src/behaviors/plugins/teleop.cpp:232:13:[m[K [01;31m[Kerror: [m[Kâ€˜[01m[Ky[m[Kâ€™ was not declared in this scope; did you mean â€˜[01m[Kyn[m[Kâ€™?
[2.192s]   232 |             [01;31m[Ky[m[K = 0.0;
[2.193s]       |             [01;31m[K^[m[K
[2.193s]       |             [32m[Kyn[m[K
[2.193s] [01m[K/home/ashmitha/ros_ws/src/behaviors/plugins/teleop.cpp:233:13:[m[K [01;31m[Kerror: [m[Kâ€˜[01m[Kz[m[Kâ€™ was not declared in this scope
[2.194s]   233 |             [01;31m[Kz[m[K = 0.0;
[2.194s]       |             [01;31m[K^[m[K
[2.195s] [01m[K/home/ashmitha/ros_ws/src/behaviors/plugins/teleop.cpp:234:74:[m[K [01;31m[Kerror: [m[Kâ€˜[01m[Kspeed[m[Kâ€™ was not declared in this scope; did you mean â€˜[01m[Kspeed_t[m[Kâ€™?
[2.195s]   234 |             printf("\rCurrent: speed %f\tturn %f | Last command: %c   ", [01;31m[Kspeed[m[K*x, turn*th, key);
[2.195s]       |                                                                          [01;31m[K^~~~~[m[K
[2.195s]       |                                                                          [32m[Kspeed_t[m[K
[2.195s] [01m[K/home/ashmitha/ros_ws/src/behaviors/plugins/teleop.cpp:234:80:[m[K [01;31m[Kerror: [m[Kâ€˜[01m[Kx[m[Kâ€™ was not declared in this scope
[2.195s]   234 |             printf("\rCurrent: speed %f\tturn %f | Last command: %c   ", speed*[01;31m[Kx[m[K, turn*th, key);
[2.196s]       |                                                                                [01;31m[K^[m[K
[2.196s] [01m[K/home/ashmitha/ros_ws/src/behaviors/plugins/teleop.cpp:234:83:[m[K [01;31m[Kerror: [m[Kâ€˜[01m[Kturn[m[Kâ€™ was not declared in this scope
[2.196s]   234 |             printf("\rCurrent: speed %f\tturn %f | Last command: %c   ", speed*x, [01;31m[Kturn[m[K*th, key);
[2.196s]       |                                                                                   [01;31m[K^~~~[m[K
[2.198s] [01m[K/home/ashmitha/ros_ws/src/behaviors/plugins/teleop.cpp:237:18:[m[K [01;31m[Kerror: [m[Kâ€˜[01m[KmoveBindings[m[Kâ€™ was not declared in this scope
[2.198s]   237 |         else if ([01;31m[KmoveBindings[m[K.count(key) == 1)
[2.198s]       |                  [01;31m[K^~~~~~~~~~~~[m[K
[2.199s] [01m[K/home/ashmitha/ros_ws/src/behaviors/plugins/teleop.cpp:240:13:[m[K [01;31m[Kerror: [m[Kâ€˜[01m[Kx[m[Kâ€™ was not declared in this scope
[2.199s]   240 |             [01;31m[Kx[m[K = moveBindings[key][0];
[2.199s]       |             [01;31m[K^[m[K
[2.200s] [01m[K/home/ashmitha/ros_ws/src/behaviors/plugins/teleop.cpp:241:13:[m[K [01;31m[Kerror: [m[Kâ€˜[01m[Ky[m[Kâ€™ was not declared in this scope; did you mean â€˜[01m[Kyn[m[Kâ€™?
[2.200s]   241 |             [01;31m[Ky[m[K = moveBindings[key][1];
[2.200s]       |             [01;31m[K^[m[K
[2.200s]       |             [32m[Kyn[m[K
[2.201s] [01m[K/home/ashmitha/ros_ws/src/behaviors/plugins/teleop.cpp:242:13:[m[K [01;31m[Kerror: [m[Kâ€˜[01m[Kz[m[Kâ€™ was not declared in this scope
[2.201s]   242 |             [01;31m[Kz[m[K = moveBindings[key][2];
[2.201s]       |             [01;31m[K^[m[K
[2.203s] [01m[K/home/ashmitha/ros_ws/src/behaviors/plugins/teleop.cpp:243:13:[m[K [01;31m[Kerror: [m[Kâ€˜[01m[Kth[m[Kâ€™ was not declared in this scope; did you mean â€˜[01m[Ktm[m[Kâ€™?
[2.203s]   243 |             [01;31m[Kth[m[K = moveBindings[key][3];
[2.203s]       |             [01;31m[K^~[m[K
[2.203s]       |             [32m[Ktm[m[K
[2.205s] [01m[K/home/ashmitha/ros_ws/src/behaviors/plugins/teleop.cpp:245:74:[m[K [01;31m[Kerror: [m[Kâ€˜[01m[Kspeed[m[Kâ€™ was not declared in this scope; did you mean â€˜[01m[Kspeed_t[m[Kâ€™?
[2.205s]   245 |             printf("\rCurrent: speed %f\tturn %f | Last command: %c   ", [01;31m[Kspeed[m[K, turn, key);
[2.205s]       |                                                                          [01;31m[K^~~~~[m[K
[2.205s]       |                                                                          [32m[Kspeed_t[m[K
[2.207s] [01m[K/home/ashmitha/ros_ws/src/behaviors/plugins/teleop.cpp:245:81:[m[K [01;31m[Kerror: [m[Kâ€˜[01m[Kturn[m[Kâ€™ was not declared in this scope
[2.207s]   245 |             printf("\rCurrent: speed %f\tturn %f | Last command: %c   ", speed, [01;31m[Kturn[m[K, key);
[2.207s]       |                                                                                 [01;31m[K^~~~[m[K
[2.209s] [01m[K/home/ashmitha/ros_ws/src/behaviors/plugins/teleop.cpp:248:18:[m[K [01;31m[Kerror: [m[Kâ€˜[01m[KspeedBindings[m[Kâ€™ was not declared in this scope
[2.209s]   248 |         else if ([01;31m[KspeedBindings[m[K.count(key) == 1)
[2.210s]       |                  [01;31m[K^~~~~~~~~~~~~[m[K
[2.210s] [01m[K/home/ashmitha/ros_ws/src/behaviors/plugins/teleop.cpp:251:13:[m[K [01;31m[Kerror: [m[Kâ€˜[01m[Kspeed[m[Kâ€™ was not declared in this scope; did you mean â€˜[01m[Kspeed_t[m[Kâ€™?
[2.210s]   251 |             [01;31m[Kspeed[m[K = speed * speedBindings[key][0];
[2.211s]       |             [01;31m[K^~~~~[m[K
[2.211s]       |             [32m[Kspeed_t[m[K
[2.211s] [01m[K/home/ashmitha/ros_ws/src/behaviors/plugins/teleop.cpp:252:13:[m[K [01;31m[Kerror: [m[Kâ€˜[01m[Kturn[m[Kâ€™ was not declared in this scope
[2.211s]   252 |             [01;31m[Kturn[m[K = turn * speedBindings[key][1];
[2.211s]       |             [01;31m[K^~~~[m[K
[2.212s] [01m[K/home/ashmitha/ros_ws/src/behaviors/plugins/teleop.cpp:262:17:[m[K [01;31m[Kerror: [m[Kâ€˜[01m[Kx[m[Kâ€™ was not declared in this scope
[2.212s]   262 |                 [01;31m[Kx[m[K = 0;
[2.212s]       |                 [01;31m[K^[m[K
[2.213s] [01m[K/home/ashmitha/ros_ws/src/behaviors/plugins/teleop.cpp:263:17:[m[K [01;31m[Kerror: [m[Kâ€˜[01m[Ky[m[Kâ€™ was not declared in this scope; did you mean â€˜[01m[Kyn[m[Kâ€™?
[2.213s]   263 |                 [01;31m[Ky[m[K = 0;
[2.213s]       |                 [01;31m[K^[m[K
[2.213s]       |                 [32m[Kyn[m[K
[2.214s] [01m[K/home/ashmitha/ros_ws/src/behaviors/plugins/teleop.cpp:264:17:[m[K [01;31m[Kerror: [m[Kâ€˜[01m[Kz[m[Kâ€™ was not declared in this scope
[2.214s]   264 |                 [01;31m[Kz[m[K = 0;
[2.214s]       |                 [01;31m[K^[m[K
[2.214s] [01m[K/home/ashmitha/ros_ws/src/behaviors/plugins/teleop.cpp:265:17:[m[K [01;31m[Kerror: [m[Kâ€˜[01m[Kth[m[Kâ€™ was not declared in this scope; did you mean â€˜[01m[Ktm[m[Kâ€™?
[2.215s]   265 |                 [01;31m[Kth[m[K = 0;
[2.215s]       |                 [01;31m[K^~[m[K
[2.215s]       |                 [32m[Ktm[m[K
[2.216s] [01m[K/home/ashmitha/ros_ws/src/behaviors/plugins/teleop.cpp:267:78:[m[K [01;31m[Kerror: [m[Kâ€˜[01m[Kspeed[m[Kâ€™ was not declared in this scope; did you mean â€˜[01m[Kspeed_t[m[Kâ€™?
[2.216s]   267 |                 printf("\rCurrent: speed %f\tturn %f | Last command: %c   ", [01;31m[Kspeed[m[K*x, turn*th, key);
[2.216s]       |                                                                              [01;31m[K^~~~~[m[K
[2.216s]       |                                                                              [32m[Kspeed_t[m[K
[2.217s] [01m[K/home/ashmitha/ros_ws/src/behaviors/plugins/teleop.cpp:267:87:[m[K [01;31m[Kerror: [m[Kâ€˜[01m[Kturn[m[Kâ€™ was not declared in this scope
[2.217s]   267 |                 printf("\rCurrent: speed %f\tturn %f | Last command: %c   ", speed*x, [01;31m[Kturn[m[K*th, key);
[2.217s]       |                                                                                       [01;31m[K^~~~[m[K
[2.218s] [01m[K/home/ashmitha/ros_ws/src/behaviors/plugins/teleop.cpp:272:26:[m[K [01;31m[Kerror: [m[Kâ€˜[01m[Kx[m[Kâ€™ was not declared in this scope
[2.219s]   272 |         twist.linear.x = [01;31m[Kx[m[K * speed;
[2.219s]       |                          [01;31m[K^[m[K
[2.220s] [01m[K/home/ashmitha/ros_ws/src/behaviors/plugins/teleop.cpp:272:30:[m[K [01;31m[Kerror: [m[Kâ€˜[01m[Kspeed[m[Kâ€™ was not declared in this scope; did you mean â€˜[01m[Kspeed_t[m[Kâ€™?
[2.220s]   272 |         twist.linear.x = x * [01;31m[Kspeed[m[K;
[2.220s]       |                              [01;31m[K^~~~~[m[K
[2.220s]       |                              [32m[Kspeed_t[m[K
[2.222s] [01m[K/home/ashmitha/ros_ws/src/behaviors/plugins/teleop.cpp:273:26:[m[K [01;31m[Kerror: [m[Kâ€˜[01m[Ky[m[Kâ€™ was not declared in this scope; did you mean â€˜[01m[Kyn[m[Kâ€™?
[2.222s]   273 |         twist.linear.y = [01;31m[Ky[m[K * speed;
[2.222s]       |                          [01;31m[K^[m[K
[2.222s]       |                          [32m[Kyn[m[K
[2.223s] [01m[K/home/ashmitha/ros_ws/src/behaviors/plugins/teleop.cpp:274:26:[m[K [01;31m[Kerror: [m[Kâ€˜[01m[Kz[m[Kâ€™ was not declared in this scope
[2.223s]   274 |         twist.linear.z = [01;31m[Kz[m[K * speed;
[2.224s]       |                          [01;31m[K^[m[K
[2.225s] [01m[K/home/ashmitha/ros_ws/src/behaviors/plugins/teleop.cpp:278:27:[m[K [01;31m[Kerror: [m[Kâ€˜[01m[Kth[m[Kâ€™ was not declared in this scope; did you mean â€˜[01m[Ktm[m[Kâ€™?
[2.225s]   278 |         twist.angular.z = [01;31m[Kth[m[K * turn;
[2.225s]       |                           [01;31m[K^~[m[K
[2.225s]       |                           [32m[Ktm[m[K
[2.226s] [01m[K/home/ashmitha/ros_ws/src/behaviors/plugins/teleop.cpp:278:32:[m[K [01;31m[Kerror: [m[Kâ€˜[01m[Kturn[m[Kâ€™ was not declared in this scope
[2.226s]   278 |         twist.angular.z = th * [01;31m[Kturn[m[K;
[2.226s]       |                                [01;31m[K^~~~[m[K
[2.231s] [01m[K/home/ashmitha/ros_ws/src/behaviors/plugins/teleop.cpp:283:47:[m[K [01;31m[Kerror: [m[Kâ€˜[01m[Kcommand_time_allowance_[m[Kâ€™ was not declared in this scope
[2.231s]   283 |         if (time_remaining.seconds() < 0.0 && [01;31m[Kcommand_time_allowance_[m[K.seconds() > 0.0)
[2.231s]       |                                               [01;31m[K^~~~~~~~~~~~~~~~~~~~~~~[m[K
[2.232s] [01m[K/home/ashmitha/ros_ws/src/behaviors/plugins/teleop.cpp:285:13:[m[K [01;31m[Kerror: [m[Kâ€˜[01m[KstopRobot[m[Kâ€™ was not declared in this scope
[2.232s]   285 |             [01;31m[KstopRobot[m[K();
[2.232s]       |             [01;31m[K^~~~~~~~~[m[K
[2.234s] In file included from [01m[K/opt/ros/foxy/include/rclcpp/service.hpp:34[m[K,
[2.234s]                  from [01m[K/opt/ros/foxy/include/rclcpp/callback_group.hpp:25[m[K,
[2.234s]                  from [01m[K/opt/ros/foxy/include/rclcpp/any_executable.hpp:20[m[K,
[2.234s]                  from [01m[K/opt/ros/foxy/include/rclcpp/memory_strategy.hpp:24[m[K,
[2.235s]                  from [01m[K/opt/ros/foxy/include/rclcpp/memory_strategies.hpp:18[m[K,
[2.235s]                  from [01m[K/opt/ros/foxy/include/rclcpp/executor_options.hpp:20[m[K,
[2.235s]                  from [01m[K/opt/ros/foxy/include/rclcpp/executor.hpp:33[m[K,
[2.235s]                  from [01m[K/opt/ros/foxy/include/rclcpp/executors/multi_threaded_executor.hpp:26[m[K,
[2.235s]                  from [01m[K/opt/ros/foxy/include/rclcpp/executors.hpp:21[m[K,
[2.235s]                  from [01m[K/opt/ros/foxy/include/rclcpp/rclcpp.hpp:146[m[K,
[2.235s]                  from [01m[K/home/ashmitha/ros_ws/src/behaviors/include/behaviors/timed_behavior.hpp:31[m[K,
[2.236s]                  from [01m[K/home/ashmitha/ros_ws/src/behaviors/include/behaviors/plugins/teleop.hpp:10[m[K,
[2.236s]                  from [01m[K/home/ashmitha/ros_ws/src/behaviors/plugins/teleop.cpp:4[m[K:
[2.236s] [01m[K/home/ashmitha/ros_ws/src/behaviors/plugins/teleop.cpp:287:13:[m[K [01;31m[Kerror: [m[Kâ€˜[01m[Klogger_[m[Kâ€™ was not declared in this scope
[2.236s]   287 |             [01;31m[Klogger_[m[K,
[2.236s]       |             [01;31m[K^~~~~~~[m[K
[2.236s] [01m[K/home/ashmitha/ros_ws/src/behaviors/plugins/teleop.cpp:286:13:[m[K [01;31m[Kerror: [m[Ktemplate argument 1 is invalid
[2.236s]   286 |             [01;31m[KRCLCPP_WARN_STREAM[m[K(
[2.236s]       |             [01;31m[K^~~~~~~~~~~~~~~~~~[m[K
[2.237s] [01m[K/home/ashmitha/ros_ws/src/behaviors/plugins/teleop.cpp:286:13:[m[K [01;31m[Kerror: [m[Ktemplate argument 1 is invalid
[2.237s]   286 |             [01;31m[KRCLCPP_WARN_STREAM[m[K(
[2.237s]       |             [01;31m[K^~~~~~~~~~~~~~~~~~[m[K
[2.237s] [01m[K/home/ashmitha/ros_ws/src/behaviors/plugins/teleop.cpp:286:13:[m[K [01;31m[Kerror: [m[Ktemplate argument 1 is invalid
[2.237s]   286 |             [01;31m[KRCLCPP_WARN_STREAM[m[K(
[2.237s]       |             [01;31m[K^~~~~~~~~~~~~~~~~~[m[K
[2.240s] [01m[K/home/ashmitha/ros_ws/src/behaviors/plugins/teleop.cpp:288:63:[m[K [01;31m[Kerror: [m[Kâ€˜[01m[Kbehavior_name_[m[Kâ€™ was not declared in this scope
[2.240s]   288 |             "Exceeded time allowance before reaching the " << [01;31m[Kbehavior_name_[m[K.c_str() <<
[2.240s]       |                                                               [01;31m[K^~~~~~~~~~~~~~[m[K
[2.245s] [01m[K/home/ashmitha/ros_ws/src/behaviors/plugins/teleop.cpp:290:49:[m[K [01;31m[Kerror: [m[Kâ€˜[01m[KTeleopActionResult[m[Kâ€™ was not declared in this scope
[2.245s]   290 |             return ResultStatus{Status::FAILED, [01;31m[KTeleopActionResult[m[K::TIMEOUT};
[2.245s]       |                                                 [01;31m[K^~~~~~~~~~~~~~~~~~[m[K
[2.245s] [01m[K/home/ashmitha/ros_ws/src/behaviors/plugins/teleop.cpp:290:32:[m[K [01;31m[Kerror: [m[Kexpected primary-expression before â€˜[01m[K{[m[Kâ€™ token
[2.245s]   290 |             return ResultStatus[01;31m[K{[m[KStatus::FAILED, TeleopActionResult::TIMEOUT};
[2.245s]       |                                [01;31m[K^[m[K
[2.245s] [01m[K/home/ashmitha/ros_ws/src/behaviors/plugins/teleop.cpp:290:32:[m[K [01;31m[Kerror: [m[Kexpected â€˜[01m[K;[m[Kâ€™ before â€˜[01m[K{[m[Kâ€™ token
[2.245s]   290 |             return ResultStatus[01;31m[K{[m[KStatus::FAILED, TeleopActionResult::TIMEOUT};
[2.246s]       |                                [01;31m[K^[m[K
[2.246s]       |                                [32m[K;[m[K
[2.246s] [01m[K/home/ashmitha/ros_ws/src/behaviors/plugins/teleop.cpp:290:49:[m[K [01;31m[Kerror: [m[Kâ€˜[01m[KTeleopActionResult[m[Kâ€™ is not a class, namespace, or enumeration
[2.246s]   290 |             return ResultStatus{Status::FAILED, [01;31m[KTeleopActionResult[m[K::TIMEOUT};
[2.246s]       |                                                 [01;31m[K^~~~~~~~~~~~~~~~~~[m[K
[2.247s] [01m[K/home/ashmitha/ros_ws/src/behaviors/plugins/teleop.cpp:293:13:[m[K [01;31m[Kerror: [m[Kâ€˜[01m[Kpreempt_teleop_[m[Kâ€™ was not declared in this scope
[2.247s]   293 |         if ([01;31m[Kpreempt_teleop_[m[K)
[2.248s]       |             [01;31m[K^~~~~~~~~~~~~~~[m[K
[2.249s] [01m[K/home/ashmitha/ros_ws/src/behaviors/plugins/teleop.cpp:295:13:[m[K [01;31m[Kerror: [m[Kâ€˜[01m[KstopRobot[m[Kâ€™ was not declared in this scope
[2.249s]   295 |             [01;31m[KstopRobot[m[K();
[2.250s]       |             [01;31m[K^~~~~~~~~[m[K
[2.254s] [01m[K/home/ashmitha/ros_ws/src/behaviors/plugins/teleop.cpp:296:52:[m[K [01;31m[Kerror: [m[Kâ€˜[01m[KTeleopActionResult[m[Kâ€™ was not declared in this scope
[2.254s]   296 |             return ResultStatus{Status::SUCCEEDED, [01;31m[KTeleopActionResult[m[K::NONE};
[2.254s]       |                                                    [01;31m[K^~~~~~~~~~~~~~~~~~[m[K
[2.254s] [01m[K/home/ashmitha/ros_ws/src/behaviors/plugins/teleop.cpp:296:32:[m[K [01;31m[Kerror: [m[Kexpected primary-expression before â€˜[01m[K{[m[Kâ€™ token
[2.254s]   296 |             return ResultStatus[01;31m[K{[m[KStatus::SUCCEEDED, TeleopActionResult::NONE};
[2.255s]       |                                [01;31m[K^[m[K
[2.255s] [01m[K/home/ashmitha/ros_ws/src/behaviors/plugins/teleop.cpp:296:32:[m[K [01;31m[Kerror: [m[Kexpected â€˜[01m[K;[m[Kâ€™ before â€˜[01m[K{[m[Kâ€™ token
[2.255s]   296 |             return ResultStatus[01;31m[K{[m[KStatus::SUCCEEDED, TeleopActionResult::NONE};
[2.255s]       |                                [01;31m[K^[m[K
[2.255s]       |                                [32m[K;[m[K
[2.255s] [01m[K/home/ashmitha/ros_ws/src/behaviors/plugins/teleop.cpp:296:52:[m[K [01;31m[Kerror: [m[Kâ€˜[01m[KTeleopActionResult[m[Kâ€™ is not a class, namespace, or enumeration
[2.255s]   296 |             return ResultStatus{Status::SUCCEEDED, [01;31m[KTeleopActionResult[m[K::NONE};
[2.255s]       |                                                    [01;31m[K^~~~~~~~~~~~~~~~~~[m[K
[2.256s] [01m[K/home/ashmitha/ros_ws/src/behaviors/plugins/teleop.cpp:301:28:[m[K [01;31m[Kerror: [m[Kâ€˜[01m[Ktf_[m[Kâ€™ was not declared in this scope; did you mean â€˜[01m[Ktf2[m[Kâ€™?
[2.257s]   301 |             current_pose, *[01;31m[Ktf_[m[K, local_frame_, robot_base_frame_,
[2.257s]       |                            [01;31m[K^~~[m[K
[2.257s]       |                            [32m[Ktf2[m[K
[2.259s] [01m[K/home/ashmitha/ros_ws/src/behaviors/plugins/teleop.cpp:301:33:[m[K [01;31m[Kerror: [m[Kâ€˜[01m[Klocal_frame_[m[Kâ€™ was not declared in this scope
[2.259s]   301 |             current_pose, *tf_, [01;31m[Klocal_frame_[m[K, robot_base_frame_,
[2.259s]       |                                 [01;31m[K^~~~~~~~~~~~[m[K
[2.262s] [01m[K/home/ashmitha/ros_ws/src/behaviors/plugins/teleop.cpp:301:47:[m[K [01;31m[Kerror: [m[Kâ€˜[01m[Krobot_base_frame_[m[Kâ€™ was not declared in this scope
[2.262s]   301 |             current_pose, *tf_, local_frame_, [01;31m[Krobot_base_frame_[m[K,
[2.262s]       |                                               [01;31m[K^~~~~~~~~~~~~~~~~[m[K
[2.265s] [01m[K/home/ashmitha/ros_ws/src/behaviors/plugins/teleop.cpp:302:13:[m[K [01;31m[Kerror: [m[Kâ€˜[01m[Ktransform_tolerance_[m[Kâ€™ was not declared in this scope
[2.266s]   302 |             [01;31m[Ktransform_tolerance_[m[K))
[2.266s]       |             [01;31m[K^~~~~~~~~~~~~~~~~~~~[m[K
[2.267s] In file included from [01m[K/opt/ros/foxy/include/rclcpp/service.hpp:34[m[K,
[2.267s]                  from [01m[K/opt/ros/foxy/include/rclcpp/callback_group.hpp:25[m[K,
[2.267s]                  from [01m[K/opt/ros/foxy/include/rclcpp/any_executable.hpp:20[m[K,
[2.267s]                  from [01m[K/opt/ros/foxy/include/rclcpp/memory_strategy.hpp:24[m[K,
[2.267s]                  from [01m[K/opt/ros/foxy/include/rclcpp/memory_strategies.hpp:18[m[K,
[2.267s]                  from [01m[K/opt/ros/foxy/include/rclcpp/executor_options.hpp:20[m[K,
[2.268s]                  from [01m[K/opt/ros/foxy/include/rclcpp/executor.hpp:33[m[K,
[2.268s]                  from [01m[K/opt/ros/foxy/include/rclcpp/executors/multi_threaded_executor.hpp:26[m[K,
[2.268s]                  from [01m[K/opt/ros/foxy/include/rclcpp/executors.hpp:21[m[K,
[2.268s]                  from [01m[K/opt/ros/foxy/include/rclcpp/rclcpp.hpp:146[m[K,
[2.268s]                  from [01m[K/home/ashmitha/ros_ws/src/behaviors/include/behaviors/timed_behavior.hpp:31[m[K,
[2.268s]                  from [01m[K/home/ashmitha/ros_ws/src/behaviors/include/behaviors/plugins/teleop.hpp:10[m[K,
[2.268s]                  from [01m[K/home/ashmitha/ros_ws/src/behaviors/plugins/teleop.cpp:4[m[K:
[2.269s] [01m[K/home/ashmitha/ros_ws/src/behaviors/plugins/teleop.cpp:305:13:[m[K [01;31m[Kerror: [m[Kâ€˜[01m[Klogger_[m[Kâ€™ was not declared in this scope
[2.269s]   305 |             [01;31m[Klogger_[m[K,
[2.269s]       |             [01;31m[K^~~~~~~[m[K
[2.269s] [01m[K/home/ashmitha/ros_ws/src/behaviors/plugins/teleop.cpp:304:13:[m[K [01;31m[Kerror: [m[Ktemplate argument 1 is invalid
[2.269s]   304 |             [01;31m[KRCLCPP_ERROR_STREAM[m[K(
[2.269s]       |             [01;31m[K^~~~~~~~~~~~~~~~~~~[m[K
[2.269s] [01m[K/home/ashmitha/ros_ws/src/behaviors/plugins/teleop.cpp:304:13:[m[K [01;31m[Kerror: [m[Ktemplate argument 1 is invalid
[2.269s]   304 |             [01;31m[KRCLCPP_ERROR_STREAM[m[K(
[2.270s]       |             [01;31m[K^~~~~~~~~~~~~~~~~~~[m[K
[2.270s] [01m[K/home/ashmitha/ros_ws/src/behaviors/plugins/teleop.cpp:304:13:[m[K [01;31m[Kerror: [m[Ktemplate argument 1 is invalid
[2.270s]   304 |             [01;31m[KRCLCPP_ERROR_STREAM[m[K(
[2.270s]       |             [01;31m[K^~~~~~~~~~~~~~~~~~~[m[K
[2.271s] [01m[K/home/ashmitha/ros_ws/src/behaviors/plugins/teleop.cpp:307:17:[m[K [01;31m[Kerror: [m[Kâ€˜[01m[Kbehavior_name_[m[Kâ€™ was not declared in this scope
[2.271s]   307 |                 [01;31m[Kbehavior_name_[m[K.c_str());
[2.271s]       |                 [01;31m[K^~~~~~~~~~~~~~[m[K
[2.276s] [01m[K/home/ashmitha/ros_ws/src/behaviors/plugins/teleop.cpp:308:49:[m[K [01;31m[Kerror: [m[Kâ€˜[01m[KTeleopActionResult[m[Kâ€™ was not declared in this scope
[2.276s]   308 |             return ResultStatus{Status::FAILED, [01;31m[KTeleopActionResult[m[K::TF_ERROR};
[2.276s]       |                                                 [01;31m[K^~~~~~~~~~~~~~~~~~[m[K
[2.276s] [01m[K/home/ashmitha/ros_ws/src/behaviors/plugins/teleop.cpp:308:32:[m[K [01;31m[Kerror: [m[Kexpected primary-expression before â€˜[01m[K{[m[Kâ€™ token
[2.276s]   308 |             return ResultStatus[01;31m[K{[m[KStatus::FAILED, TeleopActionResult::TF_ERROR};
[2.276s]       |                                [01;31m[K^[m[K
[2.276s] [01m[K/home/ashmitha/ros_ws/src/behaviors/plugins/teleop.cpp:308:32:[m[K [01;31m[Kerror: [m[Kexpected â€˜[01m[K;[m[Kâ€™ before â€˜[01m[K{[m[Kâ€™ token
[2.276s]   308 |             return ResultStatus[01;31m[K{[m[KStatus::FAILED, TeleopActionResult::TF_ERROR};
[2.276s]       |                                [01;31m[K^[m[K
[2.276s]       |                                [32m[K;[m[K
[2.276s] [01m[K/home/ashmitha/ros_ws/src/behaviors/plugins/teleop.cpp:308:49:[m[K [01;31m[Kerror: [m[Kâ€˜[01m[KTeleopActionResult[m[Kâ€™ is not a class, namespace, or enumeration
[2.276s]   308 |             return ResultStatus{Status::FAILED, [01;31m[KTeleopActionResult[m[K::TF_ERROR};
[2.276s]       |                                                 [01;31m[K^~~~~~~~~~~~~~~~~~[m[K
[2.277s] [01m[K/home/ashmitha/ros_ws/src/behaviors/plugins/teleop.cpp:311:9:[m[K [01;31m[Kerror: [m[Kâ€˜[01m[Kvel_pub_[m[Kâ€™ was not declared in this scope
[2.277s]   311 |         [01;31m[Kvel_pub_[m[K->publish(std::move(twist));
[2.277s]       |         [01;31m[K^~~~~~~~[m[K
[2.280s] [01m[K/home/ashmitha/ros_ws/src/behaviors/plugins/teleop.cpp:313:46:[m[K [01;31m[Kerror: [m[Kâ€˜[01m[KTeleopActionResult[m[Kâ€™ was not declared in this scope
[2.281s]   313 |         return ResultStatus{Status::RUNNING, [01;31m[KTeleopActionResult[m[K::NONE};
[2.281s]       |                                              [01;31m[K^~~~~~~~~~~~~~~~~~[m[K
[2.281s] [01m[K/home/ashmitha/ros_ws/src/behaviors/plugins/teleop.cpp:313:28:[m[K [01;31m[Kerror: [m[Kexpected primary-expression before â€˜[01m[K{[m[Kâ€™ token
[2.281s]   313 |         return ResultStatus[01;31m[K{[m[KStatus::RUNNING, TeleopActionResult::NONE};
[2.281s]       |                            [01;31m[K^[m[K
[2.281s] [01m[K/home/ashmitha/ros_ws/src/behaviors/plugins/teleop.cpp:313:28:[m[K [01;31m[Kerror: [m[Kexpected â€˜[01m[K;[m[Kâ€™ before â€˜[01m[K{[m[Kâ€™ token
[2.281s]   313 |         return ResultStatus[01;31m[K{[m[KStatus::RUNNING, TeleopActionResult::NONE};
[2.281s]       |                            [01;31m[K^[m[K
[2.281s]       |                            [32m[K;[m[K
[2.281s] [01m[K/home/ashmitha/ros_ws/src/behaviors/plugins/teleop.cpp:313:46:[m[K [01;31m[Kerror: [m[Kâ€˜[01m[KTeleopActionResult[m[Kâ€™ is not a class, namespace, or enumeration
[2.281s]   313 |         return ResultStatus{Status::RUNNING, [01;31m[KTeleopActionResult[m[K::NONE};
[2.281s]       |                                              [01;31m[K^~~~~~~~~~~~~~~~~~[m[K
[2.282s] [01m[K/home/ashmitha/ros_ws/src/behaviors/plugins/teleop.cpp:[m[K At global scope:
[2.282s] [01m[K/home/ashmitha/ros_ws/src/behaviors/plugins/teleop.cpp:316:10:[m[K [01;31m[Kerror: [m[Kâ€˜[01m[KTeleop[m[Kâ€™ has not been declared
[2.282s]   316 |     void [01;31m[KTeleop[m[K::preemptTeleopCallback(const std_msgs::msg::Empty::SharedPtr)
[2.282s]       |          [01;31m[K^~~~~~[m[K
[2.289s] [01m[K/home/ashmitha/ros_ws/src/behaviors/plugins/teleop.cpp:[m[K In function â€˜[01m[Kvoid nav2_behaviors::preemptTeleopCallback(std_msgs::msg::Empty_<std::allocator<void> >::SharedPtr)[m[Kâ€™:
[2.289s] [01m[K/home/ashmitha/ros_ws/src/behaviors/plugins/teleop.cpp:318:9:[m[K [01;31m[Kerror: [m[Kâ€˜[01m[Kpreempt_teleop_[m[Kâ€™ was not declared in this scope
[2.289s]   318 |         [01;31m[Kpreempt_teleop_[m[K = true;
[2.289s]       |         [01;31m[K^~~~~~~~~~~~~~~[m[K
[2.307s] In file included from [01m[K/opt/ros/foxy/include/class_loader/class_loader.hpp:56[m[K,
[2.307s]                  from [01m[K/opt/ros/foxy/include/pluginlib/class_list_macros.hpp:40[m[K,
[2.307s]                  from [01m[K/home/ashmitha/ros_ws/src/behaviors/plugins/teleop.cpp:323[m[K:
[2.307s] [01m[K/home/ashmitha/ros_ws/src/behaviors/plugins/teleop.cpp:[m[K At global scope:
[2.307s] [01m[K/home/ashmitha/ros_ws/src/behaviors/plugins/teleop.cpp:324:24:[m[K [01;31m[Kerror: [m[Kâ€˜[01m[Kbehaviors[m[Kâ€™ does not name a type; did you mean â€˜[01m[Knav2_behaviors[m[Kâ€™?
[2.307s]   324 | PLUGINLIB_EXPORT_CLASS([01;31m[Kbehaviors[m[K::Teleop, nav2_core::Behavior)
[2.307s]       |                        [01;31m[K^~~~~~~~~[m[K
[2.310s] [01m[K/home/ashmitha/ros_ws/src/behaviors/plugins/teleop.cpp:[m[K In constructor â€˜[01m[K{anonymous}::ProxyExec0::ProxyExec0()[m[Kâ€™:
[2.310s] [01m[K/home/ashmitha/ros_ws/src/behaviors/plugins/teleop.cpp:324:1:[m[K [01;31m[Kerror: [m[Kâ€˜[01m[K_derived[m[Kâ€™ was not declared in this scope
[2.311s]   324 | [01;31m[KPLUGINLIB_EXPORT_CLASS[m[K(behaviors::Teleop, nav2_core::Behavior)
[2.311s]       | [01;31m[K^~~~~~~~~~~~~~~~~~~~~~[m[K
[2.311s] [01m[K/home/ashmitha/ros_ws/src/behaviors/plugins/teleop.cpp:324:1:[m[K [01;31m[Kerror: [m[Kno matching function for call to â€˜[01m[KregisterPlugin<<expression error>, {anonymous}::ProxyExec0::_base>(const char [18], const char [20])[m[Kâ€™
[2.311s]   324 | [01;31m[KPLUGINLIB_EXPORT_CLASS[m[K(behaviors::Teleop, nav2_core::Behavior)
[2.311s]       | [01;31m[K^~~~~~~~~~~~~~~~~~~~~~[m[K
[2.311s] In file included from [01m[K/opt/ros/foxy/include/class_loader/class_loader.hpp:55[m[K,
[2.311s]                  from [01m[K/opt/ros/foxy/include/pluginlib/class_list_macros.hpp:40[m[K,
[2.311s]                  from [01m[K/home/ashmitha/ros_ws/src/behaviors/plugins/teleop.cpp:323[m[K:
[2.311s] [01m[K/opt/ros/foxy/include/class_loader/class_loader_core.hpp:210:6:[m[K [01;36m[Knote: [m[Kcandidate: â€˜[01m[Ktemplate<class Derived, class Base> void class_loader::impl::registerPlugin(const string&, const string&)[m[Kâ€™
[2.311s]   210 | void [01;36m[KregisterPlugin[m[K(const std::string & class_name, const std::string & base_class_name)
[2.311s]       |      [01;36m[K^~~~~~~~~~~~~~[m[K
[2.311s] [01m[K/opt/ros/foxy/include/class_loader/class_loader_core.hpp:210:6:[m[K [01;36m[Knote: [m[K  template argument deduction/substitution failed:
[2.311s] In file included from [01m[K/opt/ros/foxy/include/class_loader/class_loader.hpp:56[m[K,
[2.311s]                  from [01m[K/opt/ros/foxy/include/pluginlib/class_list_macros.hpp:40[m[K,
[2.311s]                  from [01m[K/home/ashmitha/ros_ws/src/behaviors/plugins/teleop.cpp:323[m[K:
[2.312s] [01m[K/home/ashmitha/ros_ws/src/behaviors/plugins/teleop.cpp:324:1:[m[K [01;31m[Kerror: [m[Ktemplate argument 1 is invalid
[2.312s]   324 | [01;31m[KPLUGINLIB_EXPORT_CLASS[m[K(behaviors::Teleop, nav2_core::Behavior)
[2.312s]       | [01;31m[K^~~~~~~~~~~~~~~~~~~~~~[m[K
[2.415s] [01m[K/home/ashmitha/ros_ws/src/behaviors/src/behavior_server.cpp:[m[K In constructor â€˜[01m[Kbehavior_server::BehaviorServer::BehaviorServer(const rclcpp::NodeOptions&)[m[Kâ€™:
[2.415s] [01m[K/home/ashmitha/ros_ws/src/behaviors/src/behavior_server.cpp:32:26:[m[K [01;31m[Kerror: [m[Kno matching function for call to â€˜[01m[Knav2_util::LifecycleNode::LifecycleNode(const char [16], const char [1], const rclcpp::NodeOptions&)[m[Kâ€™
[2.415s]    32 |     "nav2_behaviors/Wait"[01;31m[K}[m[K
[2.415s]       |                          [01;31m[K^[m[K
[2.415s] In file included from [01m[K/home/ashmitha/ros_ws/src/behaviors/include/behaviors/behavior_server.hpp:21[m[K,
[2.416s]                  from [01m[K/home/ashmitha/ros_ws/src/behaviors/src/behavior_server.cpp:20[m[K:
[2.416s] [01m[K/opt/ros/foxy/include/nav2_util/lifecycle_node.hpp:39:3:[m[K [01;36m[Knote: [m[Kcandidate: â€˜[01m[Knav2_util::LifecycleNode::LifecycleNode(const string&, const string&, bool, const rclcpp::NodeOptions&)[m[Kâ€™
[2.416s]    39 |   [01;36m[KLifecycleNode[m[K(
[2.416s]       |   [01;36m[K^~~~~~~~~~~~~[m[K
[2.416s] [01m[K/opt/ros/foxy/include/nav2_util/lifecycle_node.hpp:42:10:[m[K [01;36m[Knote: [m[K  no known conversion for argument 3 from â€˜[01m[Kconst rclcpp::NodeOptions[m[Kâ€™ to â€˜[01m[Kbool[m[Kâ€™
[2.416s]    42 |     [01;36m[Kbool use_rclcpp_node = false[m[K,
[2.416s]       |     [01;36m[K~~~~~^~~~~~~~~~~~~~~~~~~~~~~[m[K
[2.467s] [01m[K/home/ashmitha/ros_ws/src/behaviors/src/behavior_server.cpp:[m[K In member function â€˜[01m[Kvirtual nav2_util::CallbackReturn behavior_server::BehaviorServer::on_activate(const rclcpp_lifecycle::State&)[m[Kâ€™:
[2.468s] [01m[K/home/ashmitha/ros_ws/src/behaviors/src/behavior_server.cpp:203:3:[m[K [01;31m[Kerror: [m[Kâ€˜[01m[KcreateBond[m[Kâ€™ was not declared in this scope
[2.468s]   203 |   [01;31m[KcreateBond[m[K();
[2.468s]       |   [01;31m[K^~~~~~~~~~[m[K
[2.476s] [01m[K/home/ashmitha/ros_ws/src/behaviors/src/behavior_server.cpp:[m[K In member function â€˜[01m[Kvirtual nav2_util::CallbackReturn behavior_server::BehaviorServer::on_deactivate(const rclcpp_lifecycle::State&)[m[Kâ€™:
[2.476s] [01m[K/home/ashmitha/ros_ws/src/behaviors/src/behavior_server.cpp:219:3:[m[K [01;31m[Kerror: [m[Kâ€˜[01m[KdestroyBond[m[Kâ€™ was not declared in this scope
[2.476s]   219 |   [01;31m[KdestroyBond[m[K();
[2.476s]       |   [01;31m[K^~~~~~~~~~~[m[K
[2.720s] In file included from [01m[K/usr/include/c++/9/memory:80[m[K,
[2.721s]                  from [01m[K/home/ashmitha/ros_ws/src/behaviors/src/behavior_server.cpp:15[m[K:
[2.721s] /usr/include/c++/9/bits/unique_ptr.h: In instantiation of â€˜[01m[Ktypename std::_MakeUniq<_Tp>::__single_object std::make_unique(_Args&& ...) [with _Tp = nav2_costmap_2d::FootprintSubscriber; _Args = {std::shared_ptr<nav2_util::LifecycleNode>, std::__cxx11::basic_string<char, std::char_traits<char>, std::allocator<char> >&, tf2_ros::Buffer&, std::__cxx11::basic_string<char, std::char_traits<char>, std::allocator<char> >&, double&}; typename std::_MakeUniq<_Tp>::__single_object = std::unique_ptr<nav2_costmap_2d::FootprintSubscriber>][m[Kâ€™:
[2.721s] [01m[K/home/ashmitha/ros_ws/src/behaviors/src/behavior_server.cpp:175:93:[m[K   required from here
[2.721s] [01m[K/usr/include/c++/9/bits/unique_ptr.h:857:30:[m[K [01;31m[Kerror: [m[Kno matching function for call to â€˜[01m[Knav2_costmap_2d::FootprintSubscriber::FootprintSubscriber(std::shared_ptr<nav2_util::LifecycleNode>, std::__cxx11::basic_string<char>&, tf2_ros::Buffer&, std::__cxx11::basic_string<char>&, double&)[m[Kâ€™
[2.721s]   857 |     { return unique_ptr<_Tp>([01;31m[Knew _Tp(std::forward<_Args>(__args)...)[m[K); }
[2.721s]       |                              [01;31m[K^~~~~~~~~~~~~~~~~~~~~~~~~~~~~~~~~~~~~~~[m[K
[2.722s] In file included from [01m[K/opt/ros/foxy/include/nav2_costmap_2d/costmap_topic_collision_checker.hpp:31[m[K,
[2.722s]                  from [01m[K/opt/ros/foxy/include/nav2_core/behavior.hpp:24[m[K,
[2.722s]                  from [01m[K/home/ashmitha/ros_ws/src/behaviors/include/behaviors/behavior_server.hpp:26[m[K,
[2.722s]                  from [01m[K/home/ashmitha/ros_ws/src/behaviors/src/behavior_server.cpp:20[m[K:
[2.722s] [01m[K/opt/ros/foxy/include/nav2_costmap_2d/footprint_subscriber.hpp:41:3:[m[K [01;36m[Knote: [m[Kcandidate: â€˜[01m[Knav2_costmap_2d::FootprintSubscriber::FootprintSubscriber(rclcpp::node_interfaces::NodeBaseInterface::SharedPtr, rclcpp::node_interfaces::NodeTopicsInterface::SharedPtr, rclcpp::node_interfaces::NodeLoggingInterface::SharedPtr, rclcpp::node_interfaces::NodeClockInterface::SharedPtr, const string&, const double&)[m[Kâ€™
[2.722s]    41 |   [01;36m[KFootprintSubscriber[m[K(
[2.722s]       |   [01;36m[K^~~~~~~~~~~~~~~~~~~[m[K
[2.723s] [01m[K/opt/ros/foxy/include/nav2_costmap_2d/footprint_subscriber.hpp:41:3:[m[K [01;36m[Knote: [m[K  candidate expects 6 arguments, 5 provided
[2.723s] [01m[K/opt/ros/foxy/include/nav2_costmap_2d/footprint_subscriber.hpp:36:3:[m[K [01;36m[Knote: [m[Kcandidate: â€˜[01m[Knav2_costmap_2d::FootprintSubscriber::FootprintSubscriber(rclcpp::Node::SharedPtr, const string&, const double&)[m[Kâ€™
[2.723s]    36 |   [01;36m[KFootprintSubscriber[m[K(
[2.723s]       |   [01;36m[K^~~~~~~~~~~~~~~~~~~[m[K
[2.723s] [01m[K/opt/ros/foxy/include/nav2_costmap_2d/footprint_subscriber.hpp:36:3:[m[K [01;36m[Knote: [m[K  candidate expects 3 arguments, 5 provided
[2.723s] [01m[K/opt/ros/foxy/include/nav2_costmap_2d/footprint_subscriber.hpp:31:3:[m[K [01;36m[Knote: [m[Kcandidate: â€˜[01m[Knav2_costmap_2d::FootprintSubscriber::FootprintSubscriber(rclcpp_lifecycle::LifecycleNode::SharedPtr, const string&, const double&)[m[Kâ€™
[2.723s]    31 |   [01;36m[KFootprintSubscriber[m[K(
[2.723s]       |   [01;36m[K^~~~~~~~~~~~~~~~~~~[m[K
[2.723s] [01m[K/opt/ros/foxy/include/nav2_costmap_2d/footprint_subscriber.hpp:31:3:[m[K [01;36m[Knote: [m[K  candidate expects 3 arguments, 5 provided
[2.723s] [01m[K/opt/ros/foxy/include/nav2_costmap_2d/footprint_subscriber.hpp:28:7:[m[K [01;36m[Knote: [m[Kcandidate: â€˜[01m[Knav2_costmap_2d::FootprintSubscriber::FootprintSubscriber(const nav2_costmap_2d::FootprintSubscriber&)[m[Kâ€™
[2.724s]    28 | class [01;36m[KFootprintSubscriber[m[K
[2.724s]       |       [01;36m[K^~~~~~~~~~~~~~~~~~~[m[K
[2.724s] [01m[K/opt/ros/foxy/include/nav2_costmap_2d/footprint_subscriber.hpp:28:7:[m[K [01;36m[Knote: [m[K  candidate expects 1 argument, 5 provided
[2.953s] cc1plus: all warnings being treated as errors
[2.968s] make[2]: *** [CMakeFiles/nav2_teleop_behavior.dir/build.make:76: CMakeFiles/nav2_teleop_behavior.dir/plugins/teleop.cpp.o] Error 1
[2.968s] make[1]: *** [CMakeFiles/Makefile2:141: CMakeFiles/nav2_teleop_behavior.dir/all] Error 2
[2.968s] make[1]: *** Waiting for unfinished jobs....
[3.288s] In file included from [01m[K/usr/include/x86_64-linux-gnu/c++/9/bits/c++allocator.h:33[m[K,
[3.288s]                  from [01m[K/usr/include/c++/9/bits/allocator.h:46[m[K,
[3.288s]                  from [01m[K/usr/include/c++/9/memory:63[m[K,
[3.288s]                  from [01m[K/home/ashmitha/ros_ws/src/behaviors/src/behavior_server.cpp:15[m[K:
[3.289s] /usr/include/c++/9/ext/new_allocator.h: In instantiation of â€˜[01m[Kvoid __gnu_cxx::new_allocator<_Tp>::construct(_Up*, _Args&& ...) [with _Up = nav2_costmap_2d::CostmapTopicCollisionChecker; _Args = {nav2_costmap_2d::CostmapSubscriber&, nav2_costmap_2d::FootprintSubscriber&, const char*}; _Tp = nav2_costmap_2d::CostmapTopicCollisionChecker][m[Kâ€™:
[3.289s] [01m[K/usr/include/c++/9/bits/alloc_traits.h:483:4:[m[K   required from â€˜[01m[Kstatic void std::allocator_traits<std::allocator<_Tp1> >::construct(std::allocator_traits<std::allocator<_Tp1> >::allocator_type&, _Up*, _Args&& ...) [with _Up = nav2_costmap_2d::CostmapTopicCollisionChecker; _Args = {nav2_costmap_2d::CostmapSubscriber&, nav2_costmap_2d::FootprintSubscriber&, const char*}; _Tp = nav2_costmap_2d::CostmapTopicCollisionChecker; std::allocator_traits<std::allocator<_Tp1> >::allocator_type = std::allocator<nav2_costmap_2d::CostmapTopicCollisionChecker>][m[Kâ€™
[3.289s] [01m[K/usr/include/c++/9/bits/shared_ptr_base.h:548:39:[m[K   required from â€˜[01m[Kstd::_Sp_counted_ptr_inplace<_Tp, _Alloc, _Lp>::_Sp_counted_ptr_inplace(_Alloc, _Args&& ...) [with _Args = {nav2_costmap_2d::CostmapSubscriber&, nav2_costmap_2d::FootprintSubscriber&, const char*}; _Tp = nav2_costmap_2d::CostmapTopicCollisionChecker; _Alloc = std::allocator<nav2_costmap_2d::CostmapTopicCollisionChecker>; __gnu_cxx::_Lock_policy _Lp = __gnu_cxx::_S_atomic][m[Kâ€™
[3.289s] [01m[K/usr/include/c++/9/bits/shared_ptr_base.h:679:16:[m[K   required from â€˜[01m[Kstd::__shared_count<_Lp>::__shared_count(_Tp*&, std::_Sp_alloc_shared_tag<_Alloc>, _Args&& ...) [with _Tp = nav2_costmap_2d::CostmapTopicCollisionChecker; _Alloc = std::allocator<nav2_costmap_2d::CostmapTopicCollisionChecker>; _Args = {nav2_costmap_2d::CostmapSubscriber&, nav2_costmap_2d::FootprintSubscriber&, const char*}; __gnu_cxx::_Lock_policy _Lp = __gnu_cxx::_S_atomic][m[Kâ€™
[3.289s] [01m[K/usr/include/c++/9/bits/shared_ptr_base.h:1344:71:[m[K   required from â€˜[01m[Kstd::__shared_ptr<_Tp, _Lp>::__shared_ptr(std::_Sp_alloc_shared_tag<_Tp>, _Args&& ...) [with _Alloc = std::allocator<nav2_costmap_2d::CostmapTopicCollisionChecker>; _Args = {nav2_costmap_2d::CostmapSubscriber&, nav2_costmap_2d::FootprintSubscriber&, const char*}; _Tp = nav2_costmap_2d::CostmapTopicCollisionChecker; __gnu_cxx::_Lock_policy _Lp = __gnu_cxx::_S_atomic][m[Kâ€™
[3.289s] [01m[K/usr/include/c++/9/bits/shared_ptr.h:359:59:[m[K   required from â€˜[01m[Kstd::shared_ptr<_Tp>::shared_ptr(std::_Sp_alloc_shared_tag<_Tp>, _Args&& ...) [with _Alloc = std::allocator<nav2_costmap_2d::CostmapTopicCollisionChecker>; _Args = {nav2_costmap_2d::CostmapSubscriber&, nav2_costmap_2d::FootprintSubscriber&, const char*}; _Tp = nav2_costmap_2d::CostmapTopicCollisionChecker][m[Kâ€™
[3.289s] [01m[K/usr/include/c++/9/bits/shared_ptr.h:701:14:[m[K   required from â€˜[01m[Kstd::shared_ptr<_Tp> std::allocate_shared(const _Alloc&, _Args&& ...) [with _Tp = nav2_costmap_2d::CostmapTopicCollisionChecker; _Alloc = std::allocator<nav2_costmap_2d::CostmapTopicCollisionChecker>; _Args = {nav2_costmap_2d::CostmapSubscriber&, nav2_costmap_2d::FootprintSubscriber&, const char*}][m[Kâ€™
[3.289s] [01m[K/usr/include/c++/9/bits/shared_ptr.h:717:39:[m[K   required from â€˜[01m[Kstd::shared_ptr<_Tp> std::make_shared(_Args&& ...) [with _Tp = nav2_costmap_2d::CostmapTopicCollisionChecker; _Args = {nav2_costmap_2d::CostmapSubscriber&, nav2_costmap_2d::FootprintSubscriber&, const char*}][m[Kâ€™
[3.289s] [01m[K/home/ashmitha/ros_ws/src/behaviors/src/behavior_server.cpp:178:61:[m[K   required from here
[3.289s] [01m[K/usr/include/c++/9/ext/new_allocator.h:146:4:[m[K [01;31m[Kerror: [m[Kno matching function for call to â€˜[01m[Knav2_costmap_2d::CostmapTopicCollisionChecker::CostmapTopicCollisionChecker(nav2_costmap_2d::CostmapSubscriber&, nav2_costmap_2d::FootprintSubscriber&, const char*)[m[Kâ€™
[3.289s]   146 |  { [01;31m[K::new((void *)__p) _Up(std::forward<_Args>(__args)...)[m[K; }
[3.289s]       |    [01;31m[K^~~~~~~~~~~~~~~~~~~~~~~~~~~~~~~~~~~~~~~~~~~~~~~~~~~~~~[m[K
[3.289s] In file included from [01m[K/opt/ros/foxy/include/nav2_core/behavior.hpp:24[m[K,
[3.289s]                  from [01m[K/home/ashmitha/ros_ws/src/behaviors/include/behaviors/behavior_server.hpp:26[m[K,
[3.289s]                  from [01m[K/home/ashmitha/ros_ws/src/behaviors/src/behavior_server.cpp:20[m[K:
[3.289s] [01m[K/opt/ros/foxy/include/nav2_costmap_2d/costmap_topic_collision_checker.hpp:44:3:[m[K [01;36m[Knote: [m[Kcandidate: â€˜[01m[Knav2_costmap_2d::CostmapTopicCollisionChecker::CostmapTopicCollisionChecker(nav2_costmap_2d::CostmapSubscriber&, nav2_costmap_2d::FootprintSubscriber&, tf2_ros::Buffer&, std::string, std::string, std::string, double)[m[Kâ€™
[3.290s]    44 |   [01;36m[KCostmapTopicCollisionChecker[m[K(
[3.290s]       |   [01;36m[K^~~~~~~~~~~~~~~~~~~~~~~~~~~~[m[K
[3.290s] [01m[K/opt/ros/foxy/include/nav2_costmap_2d/costmap_topic_collision_checker.hpp:47:23:[m[K [01;36m[Knote: [m[K  no known conversion for argument 3 from â€˜[01m[Kconst char*[m[Kâ€™ to â€˜[01m[Ktf2_ros::Buffer&[m[Kâ€™
[3.290s]    47 |     [01;36m[Ktf2_ros::Buffer & tf[m[K,
[3.290s]       |     [01;36m[K~~~~~~~~~~~~~~~~~~^~[m[K
[3.290s] [01m[K/opt/ros/foxy/include/nav2_costmap_2d/costmap_topic_collision_checker.hpp:41:7:[m[K [01;36m[Knote: [m[Kcandidate: â€˜[01m[Knav2_costmap_2d::CostmapTopicCollisionChecker::CostmapTopicCollisionChecker(const nav2_costmap_2d::CostmapTopicCollisionChecker&)[m[Kâ€™
[3.290s]    41 | class [01;36m[KCostmapTopicCollisionChecker[m[K
[3.290s]       |       [01;36m[K^~~~~~~~~~~~~~~~~~~~~~~~~~~~[m[K
[3.290s] [01m[K/opt/ros/foxy/include/nav2_costmap_2d/costmap_topic_collision_checker.hpp:41:7:[m[K [01;36m[Knote: [m[K  candidate expects 1 argument, 3 provided
[3.808s] make[2]: *** [CMakeFiles/behavior_server_core.dir/build.make:76: CMakeFiles/behavior_server_core.dir/src/behavior_server.cpp.o] Error 1
[3.809s] make[1]: *** [CMakeFiles/Makefile2:167: CMakeFiles/behavior_server_core.dir/all] Error 2
[3.809s] make: *** [Makefile:146: all] Error 2
[3.814s] Invoked command in '/home/ashmitha/ros_ws/build/behaviors' returned '2': AMENT_PREFIX_PATH=/home/ashmitha/ros_ws/install/msgs:${AMENT_PREFIX_PATH} CMAKE_PREFIX_PATH=/home/ashmitha/ros_ws/install/msgs:/opt/ros/foxy CONDA_PROMPT_MODIFIER=(base) LD_LIBRARY_PATH=/home/ashmitha/ros_ws/install/msgs/lib:${LD_LIBRARY_PATH} PYTHONPATH=/home/ashmitha/ros_ws/install/msgs/lib/python3.11/site-packages:${PYTHONPATH} /home/ashmitha/.local/bin/cmake --build /home/ashmitha/ros_ws/build/behaviors -- -j8 -l8
