In file included from [01m[K/home/ashmitha/ros_ws/src/behaviors/include/behaviors/plugins/teleop.hpp:12[m[K,
                 from [01m[K/home/ashmitha/ros_ws/src/behaviors/plugins/teleop.cpp:4[m[K:
[01m[K/home/ashmitha/ros_ws/src/behaviors/include/behaviors/timed_behavior.hpp:68:1:[m[K [01;31m[Kerror: [m[Kexpected class-name before â€˜[01m[K{[m[Kâ€™ token
   68 | [01;31m[K{[m[K
      | [01;31m[K^[m[K
[01m[K/home/ashmitha/ros_ws/src/behaviors/include/behaviors/timed_behavior.hpp:[m[K In constructor â€˜[01m[Knav2_behaviors::TimedBehavior<ActionT>::TimedBehavior()[m[Kâ€™:
[01m[K/home/ashmitha/ros_ws/src/behaviors/include/behaviors/timed_behavior.hpp:79:3:[m[K [01;31m[Kerror: [m[Kexpected identifier before â€˜[01m[K{[m[Kâ€™ token
   79 |   [01;31m[K{[m[K
      |   [01;31m[K^[m[K
[01m[K/home/ashmitha/ros_ws/src/behaviors/include/behaviors/timed_behavior.hpp:[m[K In member function â€˜[01m[Kvoid nav2_behaviors::TimedBehavior<ActionT>::configure(const SharedPtr&, const string&, std::shared_ptr<tf2_ros::Buffer>, std::shared_ptr<nav2_costmap_2d::CostmapTopicCollisionChecker>)[m[Kâ€™:
[01m[K/home/ashmitha/ros_ws/src/behaviors/include/behaviors/timed_behavior.hpp:123:5:[m[K [01;31m[Kerror: [m[Kâ€˜[01m[Knode[m[Kâ€™ was not declared in this scope; did you mean â€˜[01m[Knode_[m[Kâ€™?
  123 |     [01;31m[Knode[m[K->get_parameter("cycle_frequency", cycle_frequency_);
      |     [01;31m[K^~~~[m[K
      |     [32m[Knode_[m[K
[01m[K/home/ashmitha/ros_ws/src/behaviors/include/behaviors/timed_behavior.hpp:138:73:[m[K [01;31m[Kerror: [m[Kexpected primary-expression before â€˜[01m[K>[m[Kâ€™ token
  138 |     vel_pub_ = node->template create_publisher<geometry_msgs::msg::Twist[01;31m[K>[m[K("cmd_vel", 1);
      |                                                                         [01;31m[K^[m[K
In file included from [01m[K/opt/ros/foxy/include/rclcpp/service.hpp:34[m[K,
                 from [01m[K/opt/ros/foxy/include/rclcpp/callback_group.hpp:25[m[K,
                 from [01m[K/opt/ros/foxy/include/rclcpp/any_executable.hpp:20[m[K,
                 from [01m[K/opt/ros/foxy/include/rclcpp/memory_strategy.hpp:24[m[K,
                 from [01m[K/opt/ros/foxy/include/rclcpp/memory_strategies.hpp:18[m[K,
                 from [01m[K/opt/ros/foxy/include/rclcpp/executor_options.hpp:20[m[K,
                 from [01m[K/opt/ros/foxy/include/rclcpp/executor.hpp:33[m[K,
                 from [01m[K/opt/ros/foxy/include/rclcpp/executors/multi_threaded_executor.hpp:26[m[K,
                 from [01m[K/opt/ros/foxy/include/rclcpp/executors.hpp:21[m[K,
                 from [01m[K/opt/ros/foxy/include/rclcpp/rclcpp.hpp:146[m[K,
                 from [01m[K/home/ashmitha/ros_ws/src/behaviors/include/behaviors/timed_behavior.hpp:31[m[K,
                 from [01m[K/home/ashmitha/ros_ws/src/behaviors/include/behaviors/plugins/teleop.hpp:12[m[K,
                 from [01m[K/home/ashmitha/ros_ws/src/behaviors/plugins/teleop.cpp:4[m[K:
[01m[K/home/ashmitha/ros_ws/src/behaviors/include/behaviors/timed_behavior.hpp:[m[K In member function â€˜[01m[Kvoid nav2_behaviors::TimedBehavior<ActionT>::execute()[m[Kâ€™:
[01m[K/home/ashmitha/ros_ws/src/behaviors/include/behaviors/timed_behavior.hpp:194:9:[m[K [01;31m[Kerror: [m[Kâ€˜[01m[Klogger_[m[Kâ€™ was not declared in this scope
  194 |         [01;31m[Klogger_[m[K,
      |         [01;31m[K^~~~~~~[m[K
[01m[K/home/ashmitha/ros_ws/src/behaviors/include/behaviors/timed_behavior.hpp:193:7:[m[K [01;31m[Kerror: [m[Ktemplate argument 1 is invalid
  193 |       [01;31m[KRCLCPP_WARN[m[K(
      |       [01;31m[K^~~~~~~~~~~[m[K
[01m[K/home/ashmitha/ros_ws/src/behaviors/include/behaviors/timed_behavior.hpp:193:7:[m[K [01;31m[Kerror: [m[Ktemplate argument 1 is invalid
  193 |       [01;31m[KRCLCPP_WARN[m[K(
      |       [01;31m[K^~~~~~~~~~~[m[K
[01m[K/home/ashmitha/ros_ws/src/behaviors/include/behaviors/timed_behavior.hpp:193:7:[m[K [01;31m[Kerror: [m[Ktemplate argument 1 is invalid
  193 |       [01;31m[KRCLCPP_WARN[m[K(
      |       [01;31m[K^~~~~~~~~~~[m[K
In file included from [01m[K/home/ashmitha/ros_ws/src/behaviors/include/behaviors/plugins/teleop.hpp:12[m[K,
                 from [01m[K/home/ashmitha/ros_ws/src/behaviors/plugins/teleop.cpp:4[m[K:
[01m[K/home/ashmitha/ros_ws/src/behaviors/include/behaviors/timed_behavior.hpp:202:5:[m[K [01;31m[Kerror: [m[Kâ€˜[01m[KResultStatus[m[Kâ€™ was not declared in this scope
  202 |     [01;31m[KResultStatus[m[K on_run_result = onRun(action_server_->get_current_goal());
      |     [01;31m[K^~~~~~~~~~~~[m[K
[01m[K/home/ashmitha/ros_ws/src/behaviors/include/behaviors/timed_behavior.hpp:203:9:[m[K [01;31m[Kerror: [m[Kâ€˜[01m[Kon_run_result[m[Kâ€™ was not declared in this scope
  203 |     if ([01;31m[Kon_run_result[m[K != Status::SUCCEEDED) {
      |         [01;31m[K^~~~~~~~~~~~~[m[K
In file included from [01m[K/opt/ros/foxy/include/rclcpp/service.hpp:34[m[K,
                 from [01m[K/opt/ros/foxy/include/rclcpp/callback_group.hpp:25[m[K,
                 from [01m[K/opt/ros/foxy/include/rclcpp/any_executable.hpp:20[m[K,
                 from [01m[K/opt/ros/foxy/include/rclcpp/memory_strategy.hpp:24[m[K,
                 from [01m[K/opt/ros/foxy/include/rclcpp/memory_strategies.hpp:18[m[K,
                 from [01m[K/opt/ros/foxy/include/rclcpp/executor_options.hpp:20[m[K,
                 from [01m[K/opt/ros/foxy/include/rclcpp/executor.hpp:33[m[K,
                 from [01m[K/opt/ros/foxy/include/rclcpp/executors/multi_threaded_executor.hpp:26[m[K,
                 from [01m[K/opt/ros/foxy/include/rclcpp/executors.hpp:21[m[K,
                 from [01m[K/opt/ros/foxy/include/rclcpp/rclcpp.hpp:146[m[K,
                 from [01m[K/home/ashmitha/ros_ws/src/behaviors/include/behaviors/timed_behavior.hpp:31[m[K,
                 from [01m[K/home/ashmitha/ros_ws/src/behaviors/include/behaviors/plugins/teleop.hpp:12[m[K,
                 from [01m[K/home/ashmitha/ros_ws/src/behaviors/plugins/teleop.cpp:4[m[K:
[01m[K/home/ashmitha/ros_ws/src/behaviors/include/behaviors/timed_behavior.hpp:205:9:[m[K [01;31m[Kerror: [m[Kâ€˜[01m[Klogger_[m[Kâ€™ was not declared in this scope
  205 |         [01;31m[Klogger_[m[K,
      |         [01;31m[K^~~~~~~[m[K
[01m[K/home/ashmitha/ros_ws/src/behaviors/include/behaviors/timed_behavior.hpp:204:7:[m[K [01;31m[Kerror: [m[Ktemplate argument 1 is invalid
  204 |       [01;31m[KRCLCPP_INFO[m[K(
      |       [01;31m[K^~~~~~~~~~~[m[K
[01m[K/home/ashmitha/ros_ws/src/behaviors/include/behaviors/timed_behavior.hpp:204:7:[m[K [01;31m[Kerror: [m[Ktemplate argument 1 is invalid
  204 |       [01;31m[KRCLCPP_INFO[m[K(
      |       [01;31m[K^~~~~~~~~~~[m[K
[01m[K/home/ashmitha/ros_ws/src/behaviors/include/behaviors/timed_behavior.hpp:204:7:[m[K [01;31m[Kerror: [m[Ktemplate argument 1 is invalid
  204 |       [01;31m[KRCLCPP_INFO[m[K(
      |       [01;31m[K^~~~~~~~~~~[m[K
In file included from [01m[K/opt/ros/foxy/include/rclcpp/client.hpp:40[m[K,
                 from [01m[K/opt/ros/foxy/include/rclcpp/callback_group.hpp:23[m[K,
                 from [01m[K/opt/ros/foxy/include/rclcpp/any_executable.hpp:20[m[K,
                 from [01m[K/opt/ros/foxy/include/rclcpp/memory_strategy.hpp:24[m[K,
                 from [01m[K/opt/ros/foxy/include/rclcpp/memory_strategies.hpp:18[m[K,
                 from [01m[K/opt/ros/foxy/include/rclcpp/executor_options.hpp:20[m[K,
                 from [01m[K/opt/ros/foxy/include/rclcpp/executor.hpp:33[m[K,
                 from [01m[K/opt/ros/foxy/include/rclcpp/executors/multi_threaded_executor.hpp:26[m[K,
                 from [01m[K/opt/ros/foxy/include/rclcpp/executors.hpp:21[m[K,
                 from [01m[K/opt/ros/foxy/include/rclcpp/rclcpp.hpp:146[m[K,
                 from [01m[K/home/ashmitha/ros_ws/src/behaviors/include/behaviors/timed_behavior.hpp:31[m[K,
                 from [01m[K/home/ashmitha/ros_ws/src/behaviors/include/behaviors/plugins/teleop.hpp:12[m[K,
                 from [01m[K/home/ashmitha/ros_ws/src/behaviors/plugins/teleop.cpp:4[m[K:
[01m[K/home/ashmitha/ros_ws/src/behaviors/include/behaviors/timed_behavior.hpp:[m[K In lambda function:
[01m[K/home/ashmitha/ros_ws/src/behaviors/include/behaviors/timed_behavior.hpp:213:64:[m[K [01;31m[Kerror: [m[Kâ€˜[01m[Krecovery_name_[m[Kâ€™ was not declared in this scope
  213 |       [&]() {RCLCPP_INFO(node_->get_logger(), "%s running...", [01;31m[Krecovery_name_[m[K.c_str());});
      |                                                                [01;31m[K^~~~~~~~~~~~~~[m[K
In file included from [01m[K/home/ashmitha/ros_ws/src/behaviors/include/behaviors/plugins/teleop.hpp:12[m[K,
                 from [01m[K/home/ashmitha/ros_ws/src/behaviors/plugins/teleop.cpp:4[m[K:
[01m[K/home/ashmitha/ros_ws/src/behaviors/include/behaviors/timed_behavior.hpp:[m[K In member function â€˜[01m[Kvoid nav2_behaviors::TimedBehavior<ActionT>::execute()[m[Kâ€™:
[01m[K/home/ashmitha/ros_ws/src/behaviors/include/behaviors/timed_behavior.hpp:216:10:[m[K [01;31m[Kerror: [m[Kredeclaration of â€˜[01m[Kauto result[m[Kâ€™
  216 |     auto [01;31m[Kresult[m[K = std::make_shared<typename ActionT::Result>();
      |          [01;31m[K^~~~~~[m[K
[01m[K/home/ashmitha/ros_ws/src/behaviors/include/behaviors/timed_behavior.hpp:200:10:[m[K [01;36m[Knote: [m[Kâ€˜[01m[Kauto result[m[Kâ€™ previously declared here
  200 |     auto [01;36m[Kresult[m[K = std::make_shared<typename ActionT::Result>();
      |          [01;36m[K^~~~~~[m[K
[01m[K/home/ashmitha/ros_ws/src/behaviors/include/behaviors/timed_behavior.hpp:220:7:[m[K [01;31m[Kerror: [m[Kâ€˜[01m[Kelasped_time_[m[Kâ€™ was not declared in this scope
  220 |       [01;31m[Kelasped_time_[m[K = steady_clock_.now() - start_time;
      |       [01;31m[K^~~~~~~~~~~~~[m[K
/home/ashmitha/ros_ws/src/behaviors/include/behaviors/timed_behavior.hpp: In instantiation of â€˜[01m[Kclass nav2_behaviors::TimedBehavior<msgs::action::Teleop>[m[Kâ€™:
[01m[K/home/ashmitha/ros_ws/src/behaviors/include/behaviors/plugins/teleop.hpp:22:27:[m[K   required from here
[01m[K/home/ashmitha/ros_ws/src/behaviors/include/behaviors/timed_behavior.hpp:111:8:[m[K [01;31m[Kerror: [m[Kâ€˜[01m[Kvoid nav2_behaviors::TimedBehavior<ActionT>::configure(const SharedPtr&, const string&, std::shared_ptr<tf2_ros::Buffer>, std::shared_ptr<nav2_costmap_2d::CostmapTopicCollisionChecker>) [with ActionT = msgs::action::Teleop; rclcpp_lifecycle::LifecycleNode::SharedPtr = std::shared_ptr<rclcpp_lifecycle::LifecycleNode>; std::string = std::__cxx11::basic_string<char>][m[Kâ€™ marked â€˜[01m[Koverride[m[Kâ€™, but does not override
  111 |   void [01;31m[Kconfigure[m[K(
      |        [01;31m[K^~~~~~~~~[m[K
[01m[K/home/ashmitha/ros_ws/src/behaviors/include/behaviors/timed_behavior.hpp:144:8:[m[K [01;31m[Kerror: [m[Kâ€˜[01m[Kvoid nav2_behaviors::TimedBehavior<ActionT>::cleanup() [with ActionT = msgs::action::Teleop][m[Kâ€™ marked â€˜[01m[Koverride[m[Kâ€™, but does not override
  144 |   void [01;31m[Kcleanup[m[K() override
      |        [01;31m[K^~~~~~~[m[K
[01m[K/home/ashmitha/ros_ws/src/behaviors/include/behaviors/timed_behavior.hpp:152:8:[m[K [01;31m[Kerror: [m[Kâ€˜[01m[Kvoid nav2_behaviors::TimedBehavior<ActionT>::activate() [with ActionT = msgs::action::Teleop][m[Kâ€™ marked â€˜[01m[Koverride[m[Kâ€™, but does not override
  152 |   void [01;31m[Kactivate[m[K() override
      |        [01;31m[K^~~~~~~~[m[K
[01m[K/home/ashmitha/ros_ws/src/behaviors/include/behaviors/timed_behavior.hpp:161:8:[m[K [01;31m[Kerror: [m[Kâ€˜[01m[Kvoid nav2_behaviors::TimedBehavior<ActionT>::deactivate() [with ActionT = msgs::action::Teleop][m[Kâ€™ marked â€˜[01m[Koverride[m[Kâ€™, but does not override
  161 |   void [01;31m[Kdeactivate[m[K() override
      |        [01;31m[K^~~~~~~~~~[m[K
[01m[K/home/ashmitha/ros_ws/src/behaviors/plugins/teleop.cpp:[m[K In member function â€˜[01m[Kvirtual void nav2_behaviors::Teleop::onConfigure()[m[Kâ€™:
[01m[K/home/ashmitha/ros_ws/src/behaviors/plugins/teleop.cpp:118:27:[m[K [01;31m[Kerror: [m[Kâ€˜[01m[Kusing SharedPtr = class std::shared_ptr<rclcpp_lifecycle::LifecycleNode>[m[Kâ€™ {aka â€˜[01m[Kclass std::shared_ptr<rclcpp_lifecycle::LifecycleNode>[m[Kâ€™} has no member named â€˜[01m[Klock[m[Kâ€™
  118 |         auto node = node_.[01;31m[Klock[m[K();
      |                           [01;31m[K^~~~[m[K
[01m[K/home/ashmitha/ros_ws/src/behaviors/plugins/teleop.cpp:146:68:[m[K [01;31m[Kerror: [m[Kexpected primary-expression before â€˜[01m[K>[m[Kâ€™ token
  146 |         vel_pub_ = node->create_publisher<geometry_msgs::msg::Twist[01;31m[K>[m[K(
      |                                                                    [01;31m[K^[m[K
[01m[K/home/ashmitha/ros_ws/src/behaviors/plugins/teleop.cpp:147:13:[m[K [01;31m[Kerror: [m[Kleft operand of comma operator has no effect [[01;31m[K-Werror=unused-value[m[K]
  147 |             [01;31m[Kcmd_vel_teleop[m[K, rclcpp::SystemDefaultsQoS()
      |             [01;31m[K^~~~~~~~~~~~~~[m[K
[01m[K/home/ashmitha/ros_ws/src/behaviors/plugins/teleop.cpp:150:77:[m[K [01;31m[Kerror: [m[Kexpected primary-expression before â€˜[01m[K>[m[Kâ€™ token
  150 |         preempt_teleop_sub_ = node->create_subscription<std_msgs::msg::Empty[01;31m[K>[m[K(
      |                                                                             [01;31m[K^[m[K
[01m[K/home/ashmitha/ros_ws/src/behaviors/plugins/teleop.cpp:151:13:[m[K [01;31m[Kerror: [m[Kleft operand of comma operator has no effect [[01;31m[K-Werror=unused-value[m[K]
  151 |             [01;31m[K"preempt_teleop"[m[K, rclcpp::SystemDefaultsQoS(),
      |             [01;31m[K^~~~~~~~~~~~~~~~[m[K
[01m[K/home/ashmitha/ros_ws/src/behaviors/plugins/teleop.cpp:[m[K In member function â€˜[01m[Kvirtual nav2_behaviors::Status nav2_behaviors::Teleop::onCycleUpdate()[m[Kâ€™:
[01m[K/home/ashmitha/ros_ws/src/behaviors/plugins/teleop.cpp:169:32:[m[K [01;31m[Kerror: [m[Kâ€˜[01m[Kelasped_time_[m[Kâ€™ was not declared in this scope; did you mean â€˜[01m[Kend_time_[m[Kâ€™?
  169 |         feedback_->time_left = [01;31m[Kelasped_time_[m[K;
      |                                [01;31m[K^~~~~~~~~~~~~[m[K
      |                                [32m[Kend_time_[m[K
[01m[K/home/ashmitha/ros_ws/src/behaviors/plugins/teleop.cpp:258:33:[m[K [01;31m[Kerror: [m[Kâ€˜[01m[Klocal_frame_[m[Kâ€™ was not declared in this scope; did you mean â€˜[01m[Kglobal_frame_[m[Kâ€™?
  258 |             current_pose, *tf_, [01;31m[Klocal_frame_[m[K, robot_base_frame_,
      |                                 [01;31m[K^~~~~~~~~~~~[m[K
      |                                 [32m[Kglobal_frame_[m[K
[01m[K/home/ashmitha/ros_ws/src/behaviors/src/behavior_server.cpp:[m[K In constructor â€˜[01m[Kbehavior_server::BehaviorServer::BehaviorServer(const rclcpp::NodeOptions&)[m[Kâ€™:
[01m[K/home/ashmitha/ros_ws/src/behaviors/src/behavior_server.cpp:25:60:[m[K [01;31m[Kerror: [m[Kunused parameter â€˜[01m[Koptions[m[Kâ€™ [[01;31m[K-Werror=unused-parameter[m[K]
   25 | BehaviorServer::BehaviorServer([01;31m[Kconst rclcpp::NodeOptions & options[m[K)
      |                                [01;31m[K~~~~~~~~~~~~~~~~~~~~~~~~~~~~^~~~~~~[m[K
In file included from [01m[K/opt/ros/foxy/include/class_loader/class_loader_core.hpp:57[m[K,
                 from [01m[K/opt/ros/foxy/include/class_loader/class_loader.hpp:55[m[K,
                 from [01m[K/opt/ros/foxy/include/pluginlib/class_list_macros.hpp:40[m[K,
                 from [01m[K/home/ashmitha/ros_ws/src/behaviors/plugins/teleop.cpp:280[m[K:
/opt/ros/foxy/include/class_loader/meta_object.hpp: In instantiation of â€˜[01m[KB* class_loader::impl::MetaObject<C, B>::create() const [with C = nav2_behaviors::Teleop; B = nav2_core::Recovery][m[Kâ€™:
[01m[K/opt/ros/foxy/include/class_loader/meta_object.hpp:216:7:[m[K   required from here
[01m[K/opt/ros/foxy/include/class_loader/meta_object.hpp:218:16:[m[K [01;31m[Kerror: [m[Kcannot convert â€˜[01m[Knav2_behaviors::Teleop*[m[Kâ€™ to â€˜[01m[Knav2_core::Recovery*[m[Kâ€™ in return
  218 |     return new [01;31m[KC[m[K;
      |                [01;31m[K^[m[K
cc1plus: all warnings being treated as errors
make[2]: *** [CMakeFiles/nav2_teleop_behavior.dir/build.make:76: CMakeFiles/nav2_teleop_behavior.dir/plugins/teleop.cpp.o] Error 1
make[1]: *** [CMakeFiles/Makefile2:141: CMakeFiles/nav2_teleop_behavior.dir/all] Error 2
make[1]: *** Waiting for unfinished jobs....
cc1plus: all warnings being treated as errors
make[2]: *** [CMakeFiles/behavior_server_core.dir/build.make:76: CMakeFiles/behavior_server_core.dir/src/behavior_server.cpp.o] Error 1
make[1]: *** [CMakeFiles/Makefile2:167: CMakeFiles/behavior_server_core.dir/all] Error 2
make: *** [Makefile:146: all] Error 2
