[0.059s] Invoking command in '/home/ashmitha/ros_ws/build/behaviors': AMENT_PREFIX_PATH=/home/ashmitha/ros_ws/install/msgs:${AMENT_PREFIX_PATH} CMAKE_PREFIX_PATH=/home/ashmitha/ros_ws/install/msgs:/opt/ros/foxy CONDA_PROMPT_MODIFIER=(base) LD_LIBRARY_PATH=/home/ashmitha/ros_ws/install/msgs/lib:${LD_LIBRARY_PATH} PYTHONPATH=/home/ashmitha/ros_ws/install/msgs/lib/python3.11/site-packages:${PYTHONPATH} /home/ashmitha/.local/bin/cmake --build /home/ashmitha/ros_ws/build/behaviors -- -j8 -l8
[0.138s] [ 16%] [32mBuilding CXX object CMakeFiles/behavior_server_core.dir/src/behavior_server.cpp.o[0m
[0.142s] [ 33%] [32mBuilding CXX object CMakeFiles/nav2_teleop_behavior.dir/plugins/teleop.cpp.o[0m
[2.306s] In file included from [01m[K/home/ashmitha/ros_ws/src/behaviors/include/behaviors/plugins/teleop.hpp:12[m[K,
[2.306s]                  from [01m[K/home/ashmitha/ros_ws/src/behaviors/plugins/teleop.cpp:4[m[K:
[2.307s] [01m[K/home/ashmitha/ros_ws/src/behaviors/include/behaviors/timed_behavior.hpp:68:1:[m[K [01;31m[Kerror: [m[Kexpected class-name before â€˜[01m[K{[m[Kâ€™ token
[2.307s]    68 | [01;31m[K{[m[K
[2.307s]       | [01;31m[K^[m[K
[2.318s] [01m[K/home/ashmitha/ros_ws/src/behaviors/include/behaviors/timed_behavior.hpp:[m[K In constructor â€˜[01m[Knav2_behaviors::TimedBehavior<ActionT>::TimedBehavior()[m[Kâ€™:
[2.318s] [01m[K/home/ashmitha/ros_ws/src/behaviors/include/behaviors/timed_behavior.hpp:79:3:[m[K [01;31m[Kerror: [m[Kexpected identifier before â€˜[01m[K{[m[Kâ€™ token
[2.318s]    79 |   [01;31m[K{[m[K
[2.318s]       |   [01;31m[K^[m[K
[2.318s] [01m[K/home/ashmitha/ros_ws/src/behaviors/include/behaviors/timed_behavior.hpp:[m[K In member function â€˜[01m[Kvoid nav2_behaviors::TimedBehavior<ActionT>::configure(const SharedPtr&, const string&, std::shared_ptr<tf2_ros::Buffer>, std::shared_ptr<nav2_costmap_2d::CostmapTopicCollisionChecker>)[m[Kâ€™:
[2.319s] [01m[K/home/ashmitha/ros_ws/src/behaviors/include/behaviors/timed_behavior.hpp:117:23:[m[K [01;31m[Kerror: [m[Kâ€˜[01m[Kusing SharedPtr = class std::shared_ptr<rclcpp_lifecycle::LifecycleNode>[m[Kâ€™ {aka â€˜[01m[Kclass std::shared_ptr<rclcpp_lifecycle::LifecycleNode>[m[Kâ€™} has no member named â€˜[01m[Klock[m[Kâ€™
[2.319s]   117 |     auto node = node_.[01;31m[Klock[m[K();
[2.319s]       |                       [01;31m[K^~~~[m[K
[2.322s] [01m[K/home/ashmitha/ros_ws/src/behaviors/include/behaviors/timed_behavior.hpp:119:5:[m[K [01;31m[Kerror: [m[Kâ€˜[01m[Klogger_[m[Kâ€™ was not declared in this scope
[2.322s]   119 |     [01;31m[Klogger_[m[K = node->get_logger();
[2.322s]       |     [01;31m[K^~~~~~~[m[K
[2.323s] In file included from [01m[K/opt/ros/foxy/include/rclcpp/service.hpp:34[m[K,
[2.323s]                  from [01m[K/opt/ros/foxy/include/rclcpp/callback_group.hpp:25[m[K,
[2.323s]                  from [01m[K/opt/ros/foxy/include/rclcpp/any_executable.hpp:20[m[K,
[2.323s]                  from [01m[K/opt/ros/foxy/include/rclcpp/memory_strategy.hpp:24[m[K,
[2.323s]                  from [01m[K/opt/ros/foxy/include/rclcpp/memory_strategies.hpp:18[m[K,
[2.323s]                  from [01m[K/opt/ros/foxy/include/rclcpp/executor_options.hpp:20[m[K,
[2.323s]                  from [01m[K/opt/ros/foxy/include/rclcpp/executor.hpp:33[m[K,
[2.323s]                  from [01m[K/opt/ros/foxy/include/rclcpp/executors/multi_threaded_executor.hpp:26[m[K,
[2.323s]                  from [01m[K/opt/ros/foxy/include/rclcpp/executors.hpp:21[m[K,
[2.323s]                  from [01m[K/opt/ros/foxy/include/rclcpp/rclcpp.hpp:146[m[K,
[2.323s]                  from [01m[K/home/ashmitha/ros_ws/src/behaviors/include/behaviors/timed_behavior.hpp:31[m[K,
[2.323s]                  from [01m[K/home/ashmitha/ros_ws/src/behaviors/include/behaviors/plugins/teleop.hpp:12[m[K,
[2.324s]                  from [01m[K/home/ashmitha/ros_ws/src/behaviors/plugins/teleop.cpp:4[m[K:
[2.324s] [01m[K/home/ashmitha/ros_ws/src/behaviors/include/behaviors/timed_behavior.hpp:121:5:[m[K [01;31m[Kerror: [m[Ktemplate argument 1 is invalid
[2.324s]   121 |     [01;31m[KRCLCPP_INFO[m[K(logger_, "Configuring %s", name.c_str());
[2.324s]       |     [01;31m[K^~~~~~~~~~~[m[K
[2.324s] [01m[K/home/ashmitha/ros_ws/src/behaviors/include/behaviors/timed_behavior.hpp:121:5:[m[K [01;31m[Kerror: [m[Ktemplate argument 1 is invalid
[2.324s]   121 |     [01;31m[KRCLCPP_INFO[m[K(logger_, "Configuring %s", name.c_str());
[2.324s]       |     [01;31m[K^~~~~~~~~~~[m[K
[2.324s] [01m[K/home/ashmitha/ros_ws/src/behaviors/include/behaviors/timed_behavior.hpp:121:5:[m[K [01;31m[Kerror: [m[Ktemplate argument 1 is invalid
[2.324s]   121 |     [01;31m[KRCLCPP_INFO[m[K(logger_, "Configuring %s", name.c_str());
[2.324s]       |     [01;31m[K^~~~~~~~~~~[m[K
[2.324s] In file included from [01m[K/home/ashmitha/ros_ws/src/behaviors/include/behaviors/plugins/teleop.hpp:12[m[K,
[2.325s]                  from [01m[K/home/ashmitha/ros_ws/src/behaviors/plugins/teleop.cpp:4[m[K:
[2.325s] [01m[K/home/ashmitha/ros_ws/src/behaviors/include/behaviors/timed_behavior.hpp:141:73:[m[K [01;31m[Kerror: [m[Kexpected primary-expression before â€˜[01m[K>[m[Kâ€™ token
[2.325s]   141 |     vel_pub_ = node->template create_publisher<geometry_msgs::msg::Twist[01;31m[K>[m[K("cmd_vel", 1);
[2.325s]       |                                                                         [01;31m[K^[m[K
[2.325s] In file included from [01m[K/opt/ros/foxy/include/rclcpp/service.hpp:34[m[K,
[2.325s]                  from [01m[K/opt/ros/foxy/include/rclcpp/callback_group.hpp:25[m[K,
[2.326s]                  from [01m[K/opt/ros/foxy/include/rclcpp/any_executable.hpp:20[m[K,
[2.326s]                  from [01m[K/opt/ros/foxy/include/rclcpp/memory_strategy.hpp:24[m[K,
[2.326s]                  from [01m[K/opt/ros/foxy/include/rclcpp/memory_strategies.hpp:18[m[K,
[2.326s]                  from [01m[K/opt/ros/foxy/include/rclcpp/executor_options.hpp:20[m[K,
[2.326s]                  from [01m[K/opt/ros/foxy/include/rclcpp/executor.hpp:33[m[K,
[2.326s]                  from [01m[K/opt/ros/foxy/include/rclcpp/executors/multi_threaded_executor.hpp:26[m[K,
[2.326s]                  from [01m[K/opt/ros/foxy/include/rclcpp/executors.hpp:21[m[K,
[2.326s]                  from [01m[K/opt/ros/foxy/include/rclcpp/rclcpp.hpp:146[m[K,
[2.326s]                  from [01m[K/home/ashmitha/ros_ws/src/behaviors/include/behaviors/timed_behavior.hpp:31[m[K,
[2.326s]                  from [01m[K/home/ashmitha/ros_ws/src/behaviors/include/behaviors/plugins/teleop.hpp:12[m[K,
[2.327s]                  from [01m[K/home/ashmitha/ros_ws/src/behaviors/plugins/teleop.cpp:4[m[K:
[2.327s] [01m[K/home/ashmitha/ros_ws/src/behaviors/include/behaviors/timed_behavior.hpp:[m[K In member function â€˜[01m[Kvoid nav2_behaviors::TimedBehavior<ActionT>::activate()[m[Kâ€™:
[2.327s] [01m[K/home/ashmitha/ros_ws/src/behaviors/include/behaviors/timed_behavior.hpp:157:17:[m[K [01;31m[Kerror: [m[Kâ€˜[01m[Klogger_[m[Kâ€™ was not declared in this scope
[2.327s]   157 |     RCLCPP_INFO([01;31m[Klogger_[m[K, "Activating %s", behavior_name_.c_str());
[2.327s]       |                 [01;31m[K^~~~~~~[m[K
[2.327s] [01m[K/home/ashmitha/ros_ws/src/behaviors/include/behaviors/timed_behavior.hpp:157:5:[m[K [01;31m[Kerror: [m[Ktemplate argument 1 is invalid
[2.327s]   157 |     [01;31m[KRCLCPP_INFO[m[K(logger_, "Activating %s", behavior_name_.c_str());
[2.327s]       |     [01;31m[K^~~~~~~~~~~[m[K
[2.327s] [01m[K/home/ashmitha/ros_ws/src/behaviors/include/behaviors/timed_behavior.hpp:157:5:[m[K [01;31m[Kerror: [m[Ktemplate argument 1 is invalid
[2.327s]   157 |     [01;31m[KRCLCPP_INFO[m[K(logger_, "Activating %s", behavior_name_.c_str());
[2.328s]       |     [01;31m[K^~~~~~~~~~~[m[K
[2.328s] [01m[K/home/ashmitha/ros_ws/src/behaviors/include/behaviors/timed_behavior.hpp:157:5:[m[K [01;31m[Kerror: [m[Ktemplate argument 1 is invalid
[2.328s]   157 |     [01;31m[KRCLCPP_INFO[m[K(logger_, "Activating %s", behavior_name_.c_str());
[2.328s]       |     [01;31m[K^~~~~~~~~~~[m[K
[2.328s] [01m[K/home/ashmitha/ros_ws/src/behaviors/include/behaviors/timed_behavior.hpp:[m[K In member function â€˜[01m[Kvoid nav2_behaviors::TimedBehavior<ActionT>::execute()[m[Kâ€™:
[2.328s] [01m[K/home/ashmitha/ros_ws/src/behaviors/include/behaviors/timed_behavior.hpp:193:17:[m[K [01;31m[Kerror: [m[Kâ€˜[01m[Klogger_[m[Kâ€™ was not declared in this scope
[2.328s]   193 |     RCLCPP_INFO([01;31m[Klogger_[m[K, "Running %s", behavior_name_.c_str());
[2.328s]       |                 [01;31m[K^~~~~~~[m[K
[2.328s] [01m[K/home/ashmitha/ros_ws/src/behaviors/include/behaviors/timed_behavior.hpp:193:5:[m[K [01;31m[Kerror: [m[Ktemplate argument 1 is invalid
[2.329s]   193 |     [01;31m[KRCLCPP_INFO[m[K(logger_, "Running %s", behavior_name_.c_str());
[2.329s]       |     [01;31m[K^~~~~~~~~~~[m[K
[2.329s] [01m[K/home/ashmitha/ros_ws/src/behaviors/include/behaviors/timed_behavior.hpp:193:5:[m[K [01;31m[Kerror: [m[Ktemplate argument 1 is invalid
[2.329s]   193 |     [01;31m[KRCLCPP_INFO[m[K(logger_, "Running %s", behavior_name_.c_str());
[2.329s]       |     [01;31m[K^~~~~~~~~~~[m[K
[2.329s] [01m[K/home/ashmitha/ros_ws/src/behaviors/include/behaviors/timed_behavior.hpp:193:5:[m[K [01;31m[Kerror: [m[Ktemplate argument 1 is invalid
[2.329s]   193 |     [01;31m[KRCLCPP_INFO[m[K(logger_, "Running %s", behavior_name_.c_str());
[2.329s]       |     [01;31m[K^~~~~~~~~~~[m[K
[2.330s] [01m[K/home/ashmitha/ros_ws/src/behaviors/include/behaviors/timed_behavior.hpp:197:9:[m[K [01;31m[Kerror: [m[Kâ€˜[01m[Klogger_[m[Kâ€™ was not declared in this scope
[2.330s]   197 |         [01;31m[Klogger_[m[K,
[2.330s]       |         [01;31m[K^~~~~~~[m[K
[2.330s] [01m[K/home/ashmitha/ros_ws/src/behaviors/include/behaviors/timed_behavior.hpp:196:7:[m[K [01;31m[Kerror: [m[Ktemplate argument 1 is invalid
[2.330s]   196 |       [01;31m[KRCLCPP_WARN[m[K(
[2.331s]       |       [01;31m[K^~~~~~~~~~~[m[K
[2.331s] [01m[K/home/ashmitha/ros_ws/src/behaviors/include/behaviors/timed_behavior.hpp:196:7:[m[K [01;31m[Kerror: [m[Ktemplate argument 1 is invalid
[2.331s]   196 |       [01;31m[KRCLCPP_WARN[m[K(
[2.331s]       |       [01;31m[K^~~~~~~~~~~[m[K
[2.331s] [01m[K/home/ashmitha/ros_ws/src/behaviors/include/behaviors/timed_behavior.hpp:196:7:[m[K [01;31m[Kerror: [m[Ktemplate argument 1 is invalid
[2.331s]   196 |       [01;31m[KRCLCPP_WARN[m[K(
[2.331s]       |       [01;31m[K^~~~~~~~~~~[m[K
[2.334s] In file included from [01m[K/home/ashmitha/ros_ws/src/behaviors/include/behaviors/plugins/teleop.hpp:12[m[K,
[2.334s]                  from [01m[K/home/ashmitha/ros_ws/src/behaviors/plugins/teleop.cpp:4[m[K:
[2.334s] [01m[K/home/ashmitha/ros_ws/src/behaviors/include/behaviors/timed_behavior.hpp:205:5:[m[K [01;31m[Kerror: [m[Kâ€˜[01m[KResultStatus[m[Kâ€™ was not declared in this scope
[2.334s]   205 |     [01;31m[KResultStatus[m[K on_run_result = onRun(action_server_->get_current_goal());
[2.335s]       |     [01;31m[K^~~~~~~~~~~~[m[K
[2.338s] [01m[K/home/ashmitha/ros_ws/src/behaviors/include/behaviors/timed_behavior.hpp:206:9:[m[K [01;31m[Kerror: [m[Kâ€˜[01m[Kon_run_result[m[Kâ€™ was not declared in this scope
[2.339s]   206 |     if ([01;31m[Kon_run_result[m[K != Status::SUCCEEDED) {
[2.339s]       |         [01;31m[K^~~~~~~~~~~~~[m[K
[2.342s] In file included from [01m[K/opt/ros/foxy/include/rclcpp/service.hpp:34[m[K,
[2.342s]                  from [01m[K/opt/ros/foxy/include/rclcpp/callback_group.hpp:25[m[K,
[2.342s]                  from [01m[K/opt/ros/foxy/include/rclcpp/any_executable.hpp:20[m[K,
[2.342s]                  from [01m[K/opt/ros/foxy/include/rclcpp/memory_strategy.hpp:24[m[K,
[2.342s]                  from [01m[K/opt/ros/foxy/include/rclcpp/memory_strategies.hpp:18[m[K,
[2.342s]                  from [01m[K/opt/ros/foxy/include/rclcpp/executor_options.hpp:20[m[K,
[2.342s]                  from [01m[K/opt/ros/foxy/include/rclcpp/executor.hpp:33[m[K,
[2.342s]                  from [01m[K/opt/ros/foxy/include/rclcpp/executors/multi_threaded_executor.hpp:26[m[K,
[2.342s]                  from [01m[K/opt/ros/foxy/include/rclcpp/executors.hpp:21[m[K,
[2.343s]                  from [01m[K/opt/ros/foxy/include/rclcpp/rclcpp.hpp:146[m[K,
[2.343s]                  from [01m[K/home/ashmitha/ros_ws/src/behaviors/include/behaviors/timed_behavior.hpp:31[m[K,
[2.343s]                  from [01m[K/home/ashmitha/ros_ws/src/behaviors/include/behaviors/plugins/teleop.hpp:12[m[K,
[2.343s]                  from [01m[K/home/ashmitha/ros_ws/src/behaviors/plugins/teleop.cpp:4[m[K:
[2.343s] [01m[K/home/ashmitha/ros_ws/src/behaviors/include/behaviors/timed_behavior.hpp:208:9:[m[K [01;31m[Kerror: [m[Kâ€˜[01m[Klogger_[m[Kâ€™ was not declared in this scope
[2.343s]   208 |         [01;31m[Klogger_[m[K,
[2.343s]       |         [01;31m[K^~~~~~~[m[K
[2.343s] [01m[K/home/ashmitha/ros_ws/src/behaviors/include/behaviors/timed_behavior.hpp:207:7:[m[K [01;31m[Kerror: [m[Ktemplate argument 1 is invalid
[2.343s]   207 |       [01;31m[KRCLCPP_INFO[m[K(
[2.343s]       |       [01;31m[K^~~~~~~~~~~[m[K
[2.343s] [01m[K/home/ashmitha/ros_ws/src/behaviors/include/behaviors/timed_behavior.hpp:207:7:[m[K [01;31m[Kerror: [m[Ktemplate argument 1 is invalid
[2.344s]   207 |       [01;31m[KRCLCPP_INFO[m[K(
[2.344s]       |       [01;31m[K^~~~~~~~~~~[m[K
[2.344s] [01m[K/home/ashmitha/ros_ws/src/behaviors/include/behaviors/timed_behavior.hpp:207:7:[m[K [01;31m[Kerror: [m[Ktemplate argument 1 is invalid
[2.344s]   207 |       [01;31m[KRCLCPP_INFO[m[K(
[2.344s]       |       [01;31m[K^~~~~~~~~~~[m[K
[2.347s] In file included from [01m[K/opt/ros/foxy/include/rclcpp/client.hpp:40[m[K,
[2.347s]                  from [01m[K/opt/ros/foxy/include/rclcpp/callback_group.hpp:23[m[K,
[2.347s]                  from [01m[K/opt/ros/foxy/include/rclcpp/any_executable.hpp:20[m[K,
[2.348s]                  from [01m[K/opt/ros/foxy/include/rclcpp/memory_strategy.hpp:24[m[K,
[2.348s]                  from [01m[K/opt/ros/foxy/include/rclcpp/memory_strategies.hpp:18[m[K,
[2.348s]                  from [01m[K/opt/ros/foxy/include/rclcpp/executor_options.hpp:20[m[K,
[2.348s]                  from [01m[K/opt/ros/foxy/include/rclcpp/executor.hpp:33[m[K,
[2.348s]                  from [01m[K/opt/ros/foxy/include/rclcpp/executors/multi_threaded_executor.hpp:26[m[K,
[2.348s]                  from [01m[K/opt/ros/foxy/include/rclcpp/executors.hpp:21[m[K,
[2.348s]                  from [01m[K/opt/ros/foxy/include/rclcpp/rclcpp.hpp:146[m[K,
[2.348s]                  from [01m[K/home/ashmitha/ros_ws/src/behaviors/include/behaviors/timed_behavior.hpp:31[m[K,
[2.348s]                  from [01m[K/home/ashmitha/ros_ws/src/behaviors/include/behaviors/plugins/teleop.hpp:12[m[K,
[2.348s]                  from [01m[K/home/ashmitha/ros_ws/src/behaviors/plugins/teleop.cpp:4[m[K:
[2.348s] [01m[K/home/ashmitha/ros_ws/src/behaviors/include/behaviors/timed_behavior.hpp:[m[K In lambda function:
[2.348s] [01m[K/home/ashmitha/ros_ws/src/behaviors/include/behaviors/timed_behavior.hpp:216:64:[m[K [01;31m[Kerror: [m[Kâ€˜[01m[Krecovery_name_[m[Kâ€™ was not declared in this scope
[2.349s]   216 |       [&]() {RCLCPP_INFO(node_->get_logger(), "%s running...", [01;31m[Krecovery_name_[m[K.c_str());});
[2.349s]       |                                                                [01;31m[K^~~~~~~~~~~~~~[m[K
[2.349s] In file included from [01m[K/home/ashmitha/ros_ws/src/behaviors/include/behaviors/plugins/teleop.hpp:12[m[K,
[2.349s]                  from [01m[K/home/ashmitha/ros_ws/src/behaviors/plugins/teleop.cpp:4[m[K:
[2.349s] [01m[K/home/ashmitha/ros_ws/src/behaviors/include/behaviors/timed_behavior.hpp:[m[K In member function â€˜[01m[Kvoid nav2_behaviors::TimedBehavior<ActionT>::execute()[m[Kâ€™:
[2.349s] [01m[K/home/ashmitha/ros_ws/src/behaviors/include/behaviors/timed_behavior.hpp:219:10:[m[K [01;31m[Kerror: [m[Kredeclaration of â€˜[01m[Kauto result[m[Kâ€™
[2.349s]   219 |     auto [01;31m[Kresult[m[K = std::make_shared<typename ActionT::Result>();
[2.349s]       |          [01;31m[K^~~~~~[m[K
[2.349s] [01m[K/home/ashmitha/ros_ws/src/behaviors/include/behaviors/timed_behavior.hpp:203:10:[m[K [01;36m[Knote: [m[Kâ€˜[01m[Kauto result[m[Kâ€™ previously declared here
[2.349s]   203 |     auto [01;36m[Kresult[m[K = std::make_shared<typename ActionT::Result>();
[2.349s]       |          [01;36m[K^~~~~~[m[K
[2.351s] [01m[K/home/ashmitha/ros_ws/src/behaviors/include/behaviors/timed_behavior.hpp:223:7:[m[K [01;31m[Kerror: [m[Kâ€˜[01m[Kelasped_time_[m[Kâ€™ was not declared in this scope
[2.352s]   223 |       [01;31m[Kelasped_time_[m[K = steady_clock_.now() - start_time;
[2.352s]       |       [01;31m[K^~~~~~~~~~~~~[m[K
[2.355s] In file included from [01m[K/opt/ros/foxy/include/rclcpp/service.hpp:34[m[K,
[2.355s]                  from [01m[K/opt/ros/foxy/include/rclcpp/callback_group.hpp:25[m[K,
[2.355s]                  from [01m[K/opt/ros/foxy/include/rclcpp/any_executable.hpp:20[m[K,
[2.355s]                  from [01m[K/opt/ros/foxy/include/rclcpp/memory_strategy.hpp:24[m[K,
[2.355s]                  from [01m[K/opt/ros/foxy/include/rclcpp/memory_strategies.hpp:18[m[K,
[2.355s]                  from [01m[K/opt/ros/foxy/include/rclcpp/executor_options.hpp:20[m[K,
[2.355s]                  from [01m[K/opt/ros/foxy/include/rclcpp/executor.hpp:33[m[K,
[2.355s]                  from [01m[K/opt/ros/foxy/include/rclcpp/executors/multi_threaded_executor.hpp:26[m[K,
[2.355s]                  from [01m[K/opt/ros/foxy/include/rclcpp/executors.hpp:21[m[K,
[2.355s]                  from [01m[K/opt/ros/foxy/include/rclcpp/rclcpp.hpp:146[m[K,
[2.356s]                  from [01m[K/home/ashmitha/ros_ws/src/behaviors/include/behaviors/timed_behavior.hpp:31[m[K,
[2.356s]                  from [01m[K/home/ashmitha/ros_ws/src/behaviors/include/behaviors/plugins/teleop.hpp:12[m[K,
[2.356s]                  from [01m[K/home/ashmitha/ros_ws/src/behaviors/plugins/teleop.cpp:4[m[K:
[2.356s] [01m[K/home/ashmitha/ros_ws/src/behaviors/include/behaviors/timed_behavior.hpp:225:21:[m[K [01;31m[Kerror: [m[Kâ€˜[01m[Klogger_[m[Kâ€™ was not declared in this scope
[2.356s]   225 |         RCLCPP_INFO([01;31m[Klogger_[m[K, "Canceling %s", behavior_name_.c_str());
[2.356s]       |                     [01;31m[K^~~~~~~[m[K
[2.356s] [01m[K/home/ashmitha/ros_ws/src/behaviors/include/behaviors/timed_behavior.hpp:225:9:[m[K [01;31m[Kerror: [m[Ktemplate argument 1 is invalid
[2.356s]   225 |         [01;31m[KRCLCPP_INFO[m[K(logger_, "Canceling %s", behavior_name_.c_str());
[2.356s]       |         [01;31m[K^~~~~~~~~~~[m[K
[2.356s] [01m[K/home/ashmitha/ros_ws/src/behaviors/include/behaviors/timed_behavior.hpp:225:9:[m[K [01;31m[Kerror: [m[Ktemplate argument 1 is invalid
[2.356s]   225 |         [01;31m[KRCLCPP_INFO[m[K(logger_, "Canceling %s", behavior_name_.c_str());
[2.357s]       |         [01;31m[K^~~~~~~~~~~[m[K
[2.357s] [01m[K/home/ashmitha/ros_ws/src/behaviors/include/behaviors/timed_behavior.hpp:225:9:[m[K [01;31m[Kerror: [m[Ktemplate argument 1 is invalid
[2.357s]   225 |         [01;31m[KRCLCPP_INFO[m[K(logger_, "Canceling %s", behavior_name_.c_str());
[2.357s]       |         [01;31m[K^~~~~~~~~~~[m[K
[2.358s] [01m[K/home/ashmitha/ros_ws/src/behaviors/include/behaviors/timed_behavior.hpp:235:11:[m[K [01;31m[Kerror: [m[Kâ€˜[01m[Klogger_[m[Kâ€™ was not declared in this scope
[2.358s]   235 |           [01;31m[Klogger_[m[K, "Received a preemption request for %s,"
[2.358s]       |           [01;31m[K^~~~~~~[m[K
[2.358s] [01m[K/home/ashmitha/ros_ws/src/behaviors/include/behaviors/timed_behavior.hpp:234:9:[m[K [01;31m[Kerror: [m[Ktemplate argument 1 is invalid
[2.358s]   234 |         [01;31m[KRCLCPP_ERROR[m[K(
[2.358s]       |         [01;31m[K^~~~~~~~~~~~[m[K
[2.358s] [01m[K/home/ashmitha/ros_ws/src/behaviors/include/behaviors/timed_behavior.hpp:234:9:[m[K [01;31m[Kerror: [m[Ktemplate argument 1 is invalid
[2.358s]   234 |         [01;31m[KRCLCPP_ERROR[m[K(
[2.359s]       |         [01;31m[K^~~~~~~~~~~~[m[K
[2.359s] [01m[K/home/ashmitha/ros_ws/src/behaviors/include/behaviors/timed_behavior.hpp:234:9:[m[K [01;31m[Kerror: [m[Ktemplate argument 1 is invalid
[2.359s]   234 |         [01;31m[KRCLCPP_ERROR[m[K(
[2.359s]       |         [01;31m[K^~~~~~~~~~~~[m[K
[2.361s] [01m[K/home/ashmitha/ros_ws/src/behaviors/include/behaviors/timed_behavior.hpp:247:13:[m[K [01;31m[Kerror: [m[Kâ€˜[01m[Klogger_[m[Kâ€™ was not declared in this scope
[2.361s]   247 |             [01;31m[Klogger_[m[K,
[2.361s]       |             [01;31m[K^~~~~~~[m[K
[2.361s] [01m[K/home/ashmitha/ros_ws/src/behaviors/include/behaviors/timed_behavior.hpp:246:11:[m[K [01;31m[Kerror: [m[Ktemplate argument 1 is invalid
[2.361s]   246 |           [01;31m[KRCLCPP_INFO[m[K(
[2.361s]       |           [01;31m[K^~~~~~~~~~~[m[K
[2.362s] [01m[K/home/ashmitha/ros_ws/src/behaviors/include/behaviors/timed_behavior.hpp:246:11:[m[K [01;31m[Kerror: [m[Ktemplate argument 1 is invalid
[2.362s]   246 |           [01;31m[KRCLCPP_INFO[m[K(
[2.362s]       |           [01;31m[K^~~~~~~~~~~[m[K
[2.362s] [01m[K/home/ashmitha/ros_ws/src/behaviors/include/behaviors/timed_behavior.hpp:246:11:[m[K [01;31m[Kerror: [m[Ktemplate argument 1 is invalid
[2.362s]   246 |           [01;31m[KRCLCPP_INFO[m[K(
[2.362s]       |           [01;31m[K^~~~~~~~~~~[m[K
[2.364s] [01m[K/home/ashmitha/ros_ws/src/behaviors/include/behaviors/timed_behavior.hpp:254:23:[m[K [01;31m[Kerror: [m[Kâ€˜[01m[Klogger_[m[Kâ€™ was not declared in this scope
[2.364s]   254 |           RCLCPP_WARN([01;31m[Klogger_[m[K, "%s failed", behavior_name_.c_str());
[2.364s]       |                       [01;31m[K^~~~~~~[m[K
[2.364s] [01m[K/home/ashmitha/ros_ws/src/behaviors/include/behaviors/timed_behavior.hpp:254:11:[m[K [01;31m[Kerror: [m[Ktemplate argument 1 is invalid
[2.364s]   254 |           [01;31m[KRCLCPP_WARN[m[K(logger_, "%s failed", behavior_name_.c_str());
[2.364s]       |           [01;31m[K^~~~~~~~~~~[m[K
[2.365s] [01m[K/home/ashmitha/ros_ws/src/behaviors/include/behaviors/timed_behavior.hpp:254:11:[m[K [01;31m[Kerror: [m[Ktemplate argument 1 is invalid
[2.365s]   254 |           [01;31m[KRCLCPP_WARN[m[K(logger_, "%s failed", behavior_name_.c_str());
[2.365s]       |           [01;31m[K^~~~~~~~~~~[m[K
[2.365s] [01m[K/home/ashmitha/ros_ws/src/behaviors/include/behaviors/timed_behavior.hpp:254:11:[m[K [01;31m[Kerror: [m[Ktemplate argument 1 is invalid
[2.365s]   254 |           [01;31m[KRCLCPP_WARN[m[K(logger_, "%s failed", behavior_name_.c_str());
[2.365s]       |           [01;31m[K^~~~~~~~~~~[m[K
[2.630s] In file included from [01m[K/home/ashmitha/ros_ws/src/behaviors/include/behaviors/plugins/teleop.hpp:12[m[K,
[2.630s]                  from [01m[K/home/ashmitha/ros_ws/src/behaviors/plugins/teleop.cpp:4[m[K:
[2.630s] /home/ashmitha/ros_ws/src/behaviors/include/behaviors/timed_behavior.hpp: In instantiation of â€˜[01m[Kclass nav2_behaviors::TimedBehavior<msgs::action::Teleop>[m[Kâ€™:
[2.630s] [01m[K/home/ashmitha/ros_ws/src/behaviors/include/behaviors/plugins/teleop.hpp:22:27:[m[K   required from here
[2.630s] [01m[K/home/ashmitha/ros_ws/src/behaviors/include/behaviors/timed_behavior.hpp:111:8:[m[K [01;31m[Kerror: [m[Kâ€˜[01m[Kvoid nav2_behaviors::TimedBehavior<ActionT>::configure(const SharedPtr&, const string&, std::shared_ptr<tf2_ros::Buffer>, std::shared_ptr<nav2_costmap_2d::CostmapTopicCollisionChecker>) [with ActionT = msgs::action::Teleop; rclcpp_lifecycle::LifecycleNode::SharedPtr = std::shared_ptr<rclcpp_lifecycle::LifecycleNode>; std::string = std::__cxx11::basic_string<char>][m[Kâ€™ marked â€˜[01m[Koverride[m[Kâ€™, but does not override
[2.630s]   111 |   void [01;31m[Kconfigure[m[K(
[2.630s]       |        [01;31m[K^~~~~~~~~[m[K
[2.630s] [01m[K/home/ashmitha/ros_ws/src/behaviors/include/behaviors/timed_behavior.hpp:147:8:[m[K [01;31m[Kerror: [m[Kâ€˜[01m[Kvoid nav2_behaviors::TimedBehavior<ActionT>::cleanup() [with ActionT = msgs::action::Teleop][m[Kâ€™ marked â€˜[01m[Koverride[m[Kâ€™, but does not override
[2.630s]   147 |   void [01;31m[Kcleanup[m[K() override
[2.630s]       |        [01;31m[K^~~~~~~[m[K
[2.631s] [01m[K/home/ashmitha/ros_ws/src/behaviors/include/behaviors/timed_behavior.hpp:155:8:[m[K [01;31m[Kerror: [m[Kâ€˜[01m[Kvoid nav2_behaviors::TimedBehavior<ActionT>::activate() [with ActionT = msgs::action::Teleop][m[Kâ€™ marked â€˜[01m[Koverride[m[Kâ€™, but does not override
[2.631s]   155 |   void [01;31m[Kactivate[m[K() override
[2.631s]       |        [01;31m[K^~~~~~~~[m[K
[2.631s] [01m[K/home/ashmitha/ros_ws/src/behaviors/include/behaviors/timed_behavior.hpp:164:8:[m[K [01;31m[Kerror: [m[Kâ€˜[01m[Kvoid nav2_behaviors::TimedBehavior<ActionT>::deactivate() [with ActionT = msgs::action::Teleop][m[Kâ€™ marked â€˜[01m[Koverride[m[Kâ€™, but does not override
[2.631s]   164 |   void [01;31m[Kdeactivate[m[K() override
[2.631s]       |        [01;31m[K^~~~~~~~~~[m[K
[2.685s] [01m[K/home/ashmitha/ros_ws/src/behaviors/plugins/teleop.cpp:[m[K At global scope:
[2.685s] [01m[K/home/ashmitha/ros_ws/src/behaviors/plugins/teleop.cpp:75:10:[m[K [01;31m[Kerror: [m[Kno declaration matches â€˜[01m[Kvoid nav2_behaviors::Teleop::onConfigure()[m[Kâ€™
[2.685s]    75 |     void [01;31m[KTeleop[m[K::onConfigure()
[2.686s]       |          [01;31m[K^~~~~~[m[K
[2.686s] [01m[K/home/ashmitha/ros_ws/src/behaviors/plugins/teleop.cpp:75:10:[m[K [01;36m[Knote: [m[Kno functions named â€˜[01m[Kvoid nav2_behaviors::Teleop::onConfigure()[m[Kâ€™
[2.686s] In file included from [01m[K/home/ashmitha/ros_ws/src/behaviors/plugins/teleop.cpp:4[m[K:
[2.687s] [01m[K/home/ashmitha/ros_ws/src/behaviors/include/behaviors/plugins/teleop.hpp:22:11:[m[K [01;36m[Knote: [m[Kâ€˜[01m[Kclass nav2_behaviors::Teleop[m[Kâ€™ defined here
[2.687s]    22 |     class [01;36m[KTeleop[m[K : public TimedBehavior<TeleopAction>
[2.687s]       |           [01;36m[K^~~~~~[m[K
[2.693s] [01m[K/home/ashmitha/ros_ws/src/behaviors/plugins/teleop.cpp:[m[K In member function â€˜[01m[Kvirtual nav2_behaviors::Status nav2_behaviors::Teleop::onCycleUpdate()[m[Kâ€™:
[2.693s] [01m[K/home/ashmitha/ros_ws/src/behaviors/plugins/teleop.cpp:169:32:[m[K [01;31m[Kerror: [m[Kâ€˜[01m[Kelasped_time_[m[Kâ€™ was not declared in this scope; did you mean â€˜[01m[Kend_time_[m[Kâ€™?
[2.694s]   169 |         feedback_->time_left = [01;31m[Kelasped_time_[m[K;
[2.694s]       |                                [01;31m[K^~~~~~~~~~~~~[m[K
[2.694s]       |                                [32m[Kend_time_[m[K
[2.733s] In file included from [01m[K/opt/ros/foxy/include/rclcpp/service.hpp:34[m[K,
[2.733s]                  from [01m[K/opt/ros/foxy/include/rclcpp/callback_group.hpp:25[m[K,
[2.734s]                  from [01m[K/opt/ros/foxy/include/rclcpp/any_executable.hpp:20[m[K,
[2.734s]                  from [01m[K/opt/ros/foxy/include/rclcpp/memory_strategy.hpp:24[m[K,
[2.734s]                  from [01m[K/opt/ros/foxy/include/rclcpp/memory_strategies.hpp:18[m[K,
[2.734s]                  from [01m[K/opt/ros/foxy/include/rclcpp/executor_options.hpp:20[m[K,
[2.734s]                  from [01m[K/opt/ros/foxy/include/rclcpp/executor.hpp:33[m[K,
[2.734s]                  from [01m[K/opt/ros/foxy/include/rclcpp/executors/multi_threaded_executor.hpp:26[m[K,
[2.734s]                  from [01m[K/opt/ros/foxy/include/rclcpp/executors.hpp:21[m[K,
[2.734s]                  from [01m[K/opt/ros/foxy/include/rclcpp/rclcpp.hpp:146[m[K,
[2.734s]                  from [01m[K/home/ashmitha/ros_ws/src/behaviors/include/behaviors/timed_behavior.hpp:31[m[K,
[2.734s]                  from [01m[K/home/ashmitha/ros_ws/src/behaviors/include/behaviors/plugins/teleop.hpp:12[m[K,
[2.734s]                  from [01m[K/home/ashmitha/ros_ws/src/behaviors/plugins/teleop.cpp:4[m[K:
[2.735s] [01m[K/home/ashmitha/ros_ws/src/behaviors/plugins/teleop.cpp:244:13:[m[K [01;31m[Kerror: [m[Kâ€˜[01m[Klogger_[m[Kâ€™ was not declared in this scope
[2.735s]   244 |             [01;31m[Klogger_[m[K,
[2.735s]       |             [01;31m[K^~~~~~~[m[K
[2.735s] [01m[K/home/ashmitha/ros_ws/src/behaviors/plugins/teleop.cpp:243:13:[m[K [01;31m[Kerror: [m[Ktemplate argument 1 is invalid
[2.735s]   243 |             [01;31m[KRCLCPP_WARN_STREAM[m[K(
[2.735s]       |             [01;31m[K^~~~~~~~~~~~~~~~~~[m[K
[2.735s] [01m[K/home/ashmitha/ros_ws/src/behaviors/plugins/teleop.cpp:243:13:[m[K [01;31m[Kerror: [m[Ktemplate argument 1 is invalid
[2.735s]   243 |             [01;31m[KRCLCPP_WARN_STREAM[m[K(
[2.735s]       |             [01;31m[K^~~~~~~~~~~~~~~~~~[m[K
[2.735s] [01m[K/home/ashmitha/ros_ws/src/behaviors/plugins/teleop.cpp:243:13:[m[K [01;31m[Kerror: [m[Ktemplate argument 1 is invalid
[2.735s]   243 |             [01;31m[KRCLCPP_WARN_STREAM[m[K(
[2.736s]       |             [01;31m[K^~~~~~~~~~~~~~~~~~[m[K
[2.738s] [01m[K/home/ashmitha/ros_ws/src/behaviors/plugins/teleop.cpp:258:33:[m[K [01;31m[Kerror: [m[Kâ€˜[01m[Klocal_frame_[m[Kâ€™ was not declared in this scope; did you mean â€˜[01m[Kglobal_frame_[m[Kâ€™?
[2.738s]   258 |             current_pose, *tf_, [01;31m[Klocal_frame_[m[K, robot_base_frame_,
[2.738s]       |                                 [01;31m[K^~~~~~~~~~~~[m[K
[2.738s]       |                                 [32m[Kglobal_frame_[m[K
[2.741s] In file included from [01m[K/opt/ros/foxy/include/rclcpp/service.hpp:34[m[K,
[2.741s]                  from [01m[K/opt/ros/foxy/include/rclcpp/callback_group.hpp:25[m[K,
[2.741s]                  from [01m[K/opt/ros/foxy/include/rclcpp/any_executable.hpp:20[m[K,
[2.741s]                  from [01m[K/opt/ros/foxy/include/rclcpp/memory_strategy.hpp:24[m[K,
[2.741s]                  from [01m[K/opt/ros/foxy/include/rclcpp/memory_strategies.hpp:18[m[K,
[2.741s]                  from [01m[K/opt/ros/foxy/include/rclcpp/executor_options.hpp:20[m[K,
[2.741s]                  from [01m[K/opt/ros/foxy/include/rclcpp/executor.hpp:33[m[K,
[2.741s]                  from [01m[K/opt/ros/foxy/include/rclcpp/executors/multi_threaded_executor.hpp:26[m[K,
[2.741s]                  from [01m[K/opt/ros/foxy/include/rclcpp/executors.hpp:21[m[K,
[2.741s]                  from [01m[K/opt/ros/foxy/include/rclcpp/rclcpp.hpp:146[m[K,
[2.742s]                  from [01m[K/home/ashmitha/ros_ws/src/behaviors/include/behaviors/timed_behavior.hpp:31[m[K,
[2.742s]                  from [01m[K/home/ashmitha/ros_ws/src/behaviors/include/behaviors/plugins/teleop.hpp:12[m[K,
[2.742s]                  from [01m[K/home/ashmitha/ros_ws/src/behaviors/plugins/teleop.cpp:4[m[K:
[2.742s] [01m[K/home/ashmitha/ros_ws/src/behaviors/plugins/teleop.cpp:262:13:[m[K [01;31m[Kerror: [m[Kâ€˜[01m[Klogger_[m[Kâ€™ was not declared in this scope
[2.742s]   262 |             [01;31m[Klogger_[m[K,
[2.742s]       |             [01;31m[K^~~~~~~[m[K
[2.742s] [01m[K/home/ashmitha/ros_ws/src/behaviors/plugins/teleop.cpp:261:13:[m[K [01;31m[Kerror: [m[Ktemplate argument 1 is invalid
[2.742s]   261 |             [01;31m[KRCLCPP_ERROR_STREAM[m[K(
[2.742s]       |             [01;31m[K^~~~~~~~~~~~~~~~~~~[m[K
[2.743s] [01m[K/home/ashmitha/ros_ws/src/behaviors/plugins/teleop.cpp:261:13:[m[K [01;31m[Kerror: [m[Ktemplate argument 1 is invalid
[2.743s]   261 |             [01;31m[KRCLCPP_ERROR_STREAM[m[K(
[2.743s]       |             [01;31m[K^~~~~~~~~~~~~~~~~~~[m[K
[2.743s] [01m[K/home/ashmitha/ros_ws/src/behaviors/plugins/teleop.cpp:261:13:[m[K [01;31m[Kerror: [m[Ktemplate argument 1 is invalid
[2.743s]   261 |             [01;31m[KRCLCPP_ERROR_STREAM[m[K(
[2.743s]       |             [01;31m[K^~~~~~~~~~~~~~~~~~~[m[K
[2.810s] [01m[K/home/ashmitha/ros_ws/src/behaviors/src/behavior_server.cpp:[m[K In constructor â€˜[01m[Kbehavior_server::BehaviorServer::BehaviorServer(const rclcpp::NodeOptions&)[m[Kâ€™:
[2.810s] [01m[K/home/ashmitha/ros_ws/src/behaviors/src/behavior_server.cpp:25:60:[m[K [01;31m[Kerror: [m[Kunused parameter â€˜[01m[Koptions[m[Kâ€™ [[01;31m[K-Werror=unused-parameter[m[K]
[2.810s]    25 | BehaviorServer::BehaviorServer([01;31m[Kconst rclcpp::NodeOptions & options[m[K)
[2.810s]       |                                [01;31m[K~~~~~~~~~~~~~~~~~~~~~~~~~~~~^~~~~~~[m[K
[3.407s] In file included from [01m[K/opt/ros/foxy/include/class_loader/class_loader_core.hpp:57[m[K,
[3.407s]                  from [01m[K/opt/ros/foxy/include/class_loader/class_loader.hpp:55[m[K,
[3.407s]                  from [01m[K/opt/ros/foxy/include/pluginlib/class_list_macros.hpp:40[m[K,
[3.407s]                  from [01m[K/home/ashmitha/ros_ws/src/behaviors/plugins/teleop.cpp:280[m[K:
[3.407s] /opt/ros/foxy/include/class_loader/meta_object.hpp: In instantiation of â€˜[01m[KB* class_loader::impl::MetaObject<C, B>::create() const [with C = nav2_behaviors::Teleop; B = nav2_core::Recovery][m[Kâ€™:
[3.407s] [01m[K/opt/ros/foxy/include/class_loader/meta_object.hpp:216:7:[m[K   required from here
[3.407s] [01m[K/opt/ros/foxy/include/class_loader/meta_object.hpp:218:16:[m[K [01;31m[Kerror: [m[Kcannot convert â€˜[01m[Knav2_behaviors::Teleop*[m[Kâ€™ to â€˜[01m[Knav2_core::Recovery*[m[Kâ€™ in return
[3.407s]   218 |     return new [01;31m[KC[m[K;
[3.407s]       |                [01;31m[K^[m[K
[3.531s] make[2]: *** [CMakeFiles/nav2_teleop_behavior.dir/build.make:76: CMakeFiles/nav2_teleop_behavior.dir/plugins/teleop.cpp.o] Error 1
[3.532s] make[1]: *** [CMakeFiles/Makefile2:141: CMakeFiles/nav2_teleop_behavior.dir/all] Error 2
[3.532s] make[1]: *** Waiting for unfinished jobs....
[10.079s] cc1plus: all warnings being treated as errors
[10.111s] make[2]: *** [CMakeFiles/behavior_server_core.dir/build.make:76: CMakeFiles/behavior_server_core.dir/src/behavior_server.cpp.o] Error 1
[10.112s] make[1]: *** [CMakeFiles/Makefile2:167: CMakeFiles/behavior_server_core.dir/all] Error 2
[10.112s] make: *** [Makefile:146: all] Error 2
[10.118s] Invoked command in '/home/ashmitha/ros_ws/build/behaviors' returned '2': AMENT_PREFIX_PATH=/home/ashmitha/ros_ws/install/msgs:${AMENT_PREFIX_PATH} CMAKE_PREFIX_PATH=/home/ashmitha/ros_ws/install/msgs:/opt/ros/foxy CONDA_PROMPT_MODIFIER=(base) LD_LIBRARY_PATH=/home/ashmitha/ros_ws/install/msgs/lib:${LD_LIBRARY_PATH} PYTHONPATH=/home/ashmitha/ros_ws/install/msgs/lib/python3.11/site-packages:${PYTHONPATH} /home/ashmitha/.local/bin/cmake --build /home/ashmitha/ros_ws/build/behaviors -- -j8 -l8
