[0.035s] Invoking command in '/home/ashmitha/ros_ws/build/behaviors': AMENT_PREFIX_PATH=/home/ashmitha/ros_ws/install/msgs:${AMENT_PREFIX_PATH} CMAKE_PREFIX_PATH=/home/ashmitha/ros_ws/install/msgs:/opt/ros/foxy CONDA_PROMPT_MODIFIER=(base) LD_LIBRARY_PATH=/home/ashmitha/ros_ws/install/msgs/lib:${LD_LIBRARY_PATH} PYTHONPATH=/home/ashmitha/ros_ws/install/msgs/lib/python3.11/site-packages:${PYTHONPATH} /home/ashmitha/.local/bin/cmake --build /home/ashmitha/ros_ws/build/behaviors -- -j8 -l8
[0.062s] -- Found ament_cmake: 0.9.12 (/opt/ros/foxy/share/ament_cmake/cmake)
[0.063s] [33mCMake Warning (dev) at /opt/ros/foxy/share/ament_cmake_core/cmake/core/python.cmake:22 (find_package):
[0.063s]   Policy CMP0148 is not set: The FindPythonInterp and FindPythonLibs modules
[0.063s]   are removed.  Run "cmake --help-policy CMP0148" for policy details.  Use
[0.063s]   the cmake_policy command to set the policy and suppress this warning.
[0.063s] 
[0.063s] Call Stack (most recent call first):
[0.063s]   /opt/ros/foxy/share/ament_cmake_core/cmake/core/all.cmake:53 (include)
[0.063s]   /opt/ros/foxy/share/ament_cmake_core/cmake/ament_cmake_core-extras.cmake:17 (include)
[0.063s]   /opt/ros/foxy/share/ament_cmake_core/cmake/ament_cmake_coreConfig.cmake:41 (include)
[0.063s]   /opt/ros/foxy/share/ament_cmake/cmake/ament_cmake_export_dependencies-extras.cmake:15 (find_package)
[0.064s]   /opt/ros/foxy/share/ament_cmake/cmake/ament_cmakeConfig.cmake:41 (include)
[0.064s]   CMakeLists.txt:7 (find_package)
[0.064s] This warning is for project developers.  Use -Wno-dev to suppress it.
[0.064s] [0m
[0.076s] -- Using PYTHON_EXECUTABLE: /home/ashmitha/anaconda3/bin/python3
[0.232s] -- Found nav2_common: 0.4.7 (/opt/ros/foxy/share/nav2_common/cmake)
[0.232s] -- Found rclcpp: 2.4.3 (/opt/ros/foxy/share/rclcpp/cmake)
[0.255s] -- Using all available rosidl_typesupport_c: rosidl_typesupport_fastrtps_c;rosidl_typesupport_introspection_c
[0.257s] -- Found rosidl_adapter: 1.3.1 (/opt/ros/foxy/share/rosidl_adapter/cmake)
[0.361s] -- Using all available rosidl_typesupport_cpp: rosidl_typesupport_fastrtps_cpp;rosidl_typesupport_introspection_cpp
[0.398s] -- Found rmw_implementation_cmake: 1.0.4 (/opt/ros/foxy/share/rmw_implementation_cmake/cmake)
[0.399s] -- Using RMW implementation 'rmw_fastrtps_cpp' as default
[0.498s] -- Found nav2_behavior_tree: 0.4.7 (/opt/ros/foxy/share/nav2_behavior_tree/cmake)
[1.078s] -- Found eigen3_cmake_module: 0.1.1 (/opt/ros/foxy/share/eigen3_cmake_module/cmake)
[1.353s] -- Found nav2_core: 0.4.7 (/opt/ros/foxy/share/nav2_core/cmake)
[2.093s] -- Found msgs: 0.0.0 (/home/ashmitha/ros_ws/install/msgs/share/msgs/cmake)
[8.247s] -- Found ament_lint_auto: 0.9.8 (/opt/ros/foxy/share/ament_lint_auto/cmake)
[8.309s] -- Added test 'copyright' to check source files copyright and LICENSE
[8.309s] -- Added test 'cppcheck' to perform static code analysis on C / C++ code
[8.309s] -- Configured cppcheck include dirs: /home/ashmitha/ros_ws/src/behaviors/include
[8.309s] -- Configured cppcheck exclude dirs and/or files: 
[8.310s] -- Added test 'cpplint' to check C / C++ code against the Google style
[8.310s] -- Configured cpplint exclude dirs and/or files: 
[8.310s] -- Added test 'lint_cmake' to check CMake code style
[8.311s] -- Added test 'uncrustify' to check C / C++ code style
[8.311s] -- Configured uncrustify additional arguments: 
[8.311s] -- Added test 'xmllint' to check XML markup files
[8.312s] -- Configuring done (8.3s)
[8.372s] -- Generating done (0.0s)
[8.374s] -- Build files have been written to: /home/ashmitha/ros_ws/build/behaviors
[8.395s] [ 16%] [32mBuilding CXX object CMakeFiles/nav2_teleop_behavior.dir/plugins/teleop.cpp.o[0m
[8.396s] [ 33%] [32mBuilding CXX object CMakeFiles/behavior_server_core.dir/src/behavior_server.cpp.o[0m
[9.798s] In file included from [01m[K/home/ashmitha/ros_ws/src/behaviors/plugins/teleop.cpp:4[m[K:
[9.798s] [01m[K/home/ashmitha/ros_ws/src/behaviors/include/behaviors/plugins/teleop.hpp:20:40:[m[K [01;31m[Kerror: [m[Kexpected template-name before â€˜[01m[K<[m[Kâ€™ token
[9.798s]    20 |     class Teleop : public TimedBehavior[01;31m[K<[m[KTeleopAction>
[9.798s]       |                                        [01;31m[K^[m[K
[9.798s] [01m[K/home/ashmitha/ros_ws/src/behaviors/include/behaviors/plugins/teleop.hpp:20:40:[m[K [01;31m[Kerror: [m[Kexpected â€˜[01m[K{[m[Kâ€™ before â€˜[01m[K<[m[Kâ€™ token
[9.798s] [01m[K/home/ashmitha/ros_ws/src/behaviors/include/behaviors/plugins/teleop.hpp:20:40:[m[K [01;31m[Kerror: [m[Kexpected unqualified-id before â€˜[01m[K<[m[Kâ€™ token
[9.799s] [01m[K/home/ashmitha/ros_ws/src/behaviors/plugins/teleop.cpp:9:5:[m[K [01;31m[Kerror: [m[Kâ€˜[01m[KTeleop[m[Kâ€™ does not name a type
[9.799s]     9 |     [01;31m[KTeleop[m[K::Teleop()
[9.799s]       |     [01;31m[K^~~~~~[m[K
[9.799s] [01m[K/home/ashmitha/ros_ws/src/behaviors/plugins/teleop.cpp:13:9:[m[K [01;31m[Kerror: [m[Kâ€˜[01m[KTeleop[m[Kâ€™ has not been declared
[9.799s]    13 |     int [01;31m[KTeleop[m[K::getch(void)
[9.799s]       |         [01;31m[K^~~~~~[m[K
[9.799s] [01m[K/home/ashmitha/ros_ws/src/behaviors/plugins/teleop.cpp:[m[K In function â€˜[01m[Kint nav2_behaviors::getch()[m[Kâ€™:
[9.799s] [01m[K/home/ashmitha/ros_ws/src/behaviors/plugins/teleop.cpp:16:24:[m[K [01;31m[Kerror: [m[Kaggregate â€˜[01m[Knav2_behaviors::getch()::termios oldt[m[Kâ€™ has incomplete type and cannot be defined
[9.800s]    16 |         struct termios [01;31m[Koldt[m[K;
[9.800s]       |                        [01;31m[K^~~~[m[K
[9.800s] [01m[K/home/ashmitha/ros_ws/src/behaviors/plugins/teleop.cpp:17:24:[m[K [01;31m[Kerror: [m[Kaggregate â€˜[01m[Knav2_behaviors::getch()::termios newt[m[Kâ€™ has incomplete type and cannot be defined
[9.800s]    17 |         struct termios [01;31m[Knewt[m[K;
[9.800s]       |                        [01;31m[K^~~~[m[K
[9.801s] [01m[K/home/ashmitha/ros_ws/src/behaviors/plugins/teleop.cpp:20:19:[m[K [01;31m[Kerror: [m[Kâ€˜[01m[KSTDIN_FILENO[m[Kâ€™ was not declared in this scope
[9.801s]    20 |         tcgetattr([01;31m[KSTDIN_FILENO[m[K, &oldt);
[9.801s]       |                   [01;31m[K^~~~~~~~~~~~[m[K
[9.802s] [01m[K/home/ashmitha/ros_ws/src/behaviors/plugins/teleop.cpp:20:9:[m[K [01;31m[Kerror: [m[Kâ€˜[01m[Ktcgetattr[m[Kâ€™ was not declared in this scope
[9.802s]    20 |         [01;31m[Ktcgetattr[m[K(STDIN_FILENO, &oldt);
[9.802s]       |         [01;31m[K^~~~~~~~~[m[K
[9.803s] [01m[K/home/ashmitha/ros_ws/src/behaviors/plugins/teleop.cpp:24:27:[m[K [01;31m[Kerror: [m[Kâ€˜[01m[KICANON[m[Kâ€™ was not declared in this scope
[9.803s]    24 |         newt.c_lflag &= ~([01;31m[KICANON[m[K | ECHO);
[9.803s]       |                           [01;31m[K^~~~~~[m[K
[9.804s] [01m[K/home/ashmitha/ros_ws/src/behaviors/plugins/teleop.cpp:24:36:[m[K [01;31m[Kerror: [m[Kâ€˜[01m[KECHO[m[Kâ€™ was not declared in this scope
[9.804s]    24 |         newt.c_lflag &= ~(ICANON | [01;31m[KECHO[m[K);
[9.804s]       |                                    [01;31m[K^~~~[m[K
[9.804s] [01m[K/home/ashmitha/ros_ws/src/behaviors/plugins/teleop.cpp:25:25:[m[K [01;31m[Kerror: [m[Kâ€˜[01m[KIGNBRK[m[Kâ€™ was not declared in this scope
[9.804s]    25 |         newt.c_iflag |= [01;31m[KIGNBRK[m[K;
[9.804s]       |                         [01;31m[K^~~~~~[m[K
[9.805s] [01m[K/home/ashmitha/ros_ws/src/behaviors/plugins/teleop.cpp:26:27:[m[K [01;31m[Kerror: [m[Kâ€˜[01m[KINLCR[m[Kâ€™ was not declared in this scope
[9.805s]    26 |         newt.c_iflag &= ~([01;31m[KINLCR[m[K | ICRNL | IXON | IXOFF);
[9.805s]       |                           [01;31m[K^~~~~[m[K
[9.805s] [01m[K/home/ashmitha/ros_ws/src/behaviors/plugins/teleop.cpp:26:35:[m[K [01;31m[Kerror: [m[Kâ€˜[01m[KICRNL[m[Kâ€™ was not declared in this scope
[9.805s]    26 |         newt.c_iflag &= ~(INLCR | [01;31m[KICRNL[m[K | IXON | IXOFF);
[9.806s]       |                                   [01;31m[K^~~~~[m[K
[9.806s] [01m[K/home/ashmitha/ros_ws/src/behaviors/plugins/teleop.cpp:26:43:[m[K [01;31m[Kerror: [m[Kâ€˜[01m[KIXON[m[Kâ€™ was not declared in this scope
[9.806s]    26 |         newt.c_iflag &= ~(INLCR | ICRNL | [01;31m[KIXON[m[K | IXOFF);
[9.806s]       |                                           [01;31m[K^~~~[m[K
[9.807s] [01m[K/home/ashmitha/ros_ws/src/behaviors/plugins/teleop.cpp:26:50:[m[K [01;31m[Kerror: [m[Kâ€˜[01m[KIXOFF[m[Kâ€™ was not declared in this scope
[9.807s]    26 |         newt.c_iflag &= ~(INLCR | ICRNL | IXON | [01;31m[KIXOFF[m[K);
[9.807s]       |                                                  [01;31m[K^~~~~[m[K
[9.807s] [01m[K/home/ashmitha/ros_ws/src/behaviors/plugins/teleop.cpp:27:43:[m[K [01;31m[Kerror: [m[Kâ€˜[01m[KECHOK[m[Kâ€™ was not declared in this scope
[9.807s]    27 |         newt.c_lflag &= ~(ICANON | ECHO | [01;31m[KECHOK[m[K | ECHOE | ECHONL | ISIG | IEXTEN);
[9.807s]       |                                           [01;31m[K^~~~~[m[K
[9.808s] [01m[K/home/ashmitha/ros_ws/src/behaviors/plugins/teleop.cpp:27:51:[m[K [01;31m[Kerror: [m[Kâ€˜[01m[KECHOE[m[Kâ€™ was not declared in this scope
[9.808s]    27 |         newt.c_lflag &= ~(ICANON | ECHO | ECHOK | [01;31m[KECHOE[m[K | ECHONL | ISIG | IEXTEN);
[9.808s]       |                                                   [01;31m[K^~~~~[m[K
[9.808s] [01m[K/home/ashmitha/ros_ws/src/behaviors/plugins/teleop.cpp:27:59:[m[K [01;31m[Kerror: [m[Kâ€˜[01m[KECHONL[m[Kâ€™ was not declared in this scope; did you mean â€˜[01m[KECHRNG[m[Kâ€™?
[9.808s]    27 |         newt.c_lflag &= ~(ICANON | ECHO | ECHOK | ECHOE | [01;31m[KECHONL[m[K | ISIG | IEXTEN);
[9.808s]       |                                                           [01;31m[K^~~~~~[m[K
[9.808s]       |                                                           [32m[KECHRNG[m[K
[9.809s] [01m[K/home/ashmitha/ros_ws/src/behaviors/plugins/teleop.cpp:27:68:[m[K [01;31m[Kerror: [m[Kâ€˜[01m[KISIG[m[Kâ€™ was not declared in this scope; did you mean â€˜[01m[KNSIG[m[Kâ€™?
[9.809s]    27 |         newt.c_lflag &= ~(ICANON | ECHO | ECHOK | ECHOE | ECHONL | [01;31m[KISIG[m[K | IEXTEN);
[9.809s]       |                                                                    [01;31m[K^~~~[m[K
[9.809s]       |                                                                    [32m[KNSIG[m[K
[9.810s] [01m[K/home/ashmitha/ros_ws/src/behaviors/plugins/teleop.cpp:27:75:[m[K [01;31m[Kerror: [m[Kâ€˜[01m[KIEXTEN[m[Kâ€™ was not declared in this scope
[9.810s]    27 |         newt.c_lflag &= ~(ICANON | ECHO | ECHOK | ECHOE | ECHONL | ISIG | [01;31m[KIEXTEN[m[K);
[9.810s]       |                                                                           [01;31m[K^~~~~~[m[K
[9.810s] [01m[K/home/ashmitha/ros_ws/src/behaviors/plugins/teleop.cpp:28:19:[m[K [01;31m[Kerror: [m[Kâ€˜[01m[KVMIN[m[Kâ€™ was not declared in this scope
[9.810s]    28 |         newt.c_cc[[01;31m[KVMIN[m[K] = 1;
[9.810s]       |                   [01;31m[K^~~~[m[K
[9.811s] [01m[K/home/ashmitha/ros_ws/src/behaviors/plugins/teleop.cpp:29:19:[m[K [01;31m[Kerror: [m[Kâ€˜[01m[KVTIME[m[Kâ€™ was not declared in this scope; did you mean â€˜[01m[KETIME[m[Kâ€™?
[9.811s]    29 |         newt.c_cc[[01;31m[KVTIME[m[K] = 0;
[9.811s]       |                   [01;31m[K^~~~~[m[K
[9.811s]       |                   [32m[KETIME[m[K
[9.812s] [01m[K/home/ashmitha/ros_ws/src/behaviors/plugins/teleop.cpp:30:34:[m[K [01;31m[Kerror: [m[Kâ€˜[01m[KTCSANOW[m[Kâ€™ was not declared in this scope
[9.812s]    30 |         tcsetattr(fileno(stdin), [01;31m[KTCSANOW[m[K, &newt);
[9.812s]       |                                  [01;31m[K^~~~~~~[m[K
[9.813s] [01m[K/home/ashmitha/ros_ws/src/behaviors/plugins/teleop.cpp:30:9:[m[K [01;31m[Kerror: [m[Kâ€˜[01m[Ktcsetattr[m[Kâ€™ was not declared in this scope
[9.813s]    30 |         [01;31m[Ktcsetattr[m[K(fileno(stdin), TCSANOW, &newt);
[9.813s]       |         [01;31m[K^~~~~~~~~[m[K
[9.813s] [01m[K/home/ashmitha/ros_ws/src/behaviors/plugins/teleop.cpp:[m[K At global scope:
[9.813s] [01m[K/home/ashmitha/ros_ws/src/behaviors/plugins/teleop.cpp:43:11:[m[K [01;31m[Kerror: [m[Kâ€˜[01m[KTeleop[m[Kâ€™ has not been declared
[9.813s]    43 |     float [01;31m[KTeleop[m[K::vel_check(float curr, bool decrease = false)
[9.813s]       |           [01;31m[K^~~~~~[m[K
[9.813s] [01m[K/home/ashmitha/ros_ws/src/behaviors/plugins/teleop.cpp:53:11:[m[K [01;31m[Kerror: [m[Kâ€˜[01m[KTeleop[m[Kâ€™ has not been declared
[9.813s]    53 |     float [01;31m[KTeleop[m[K::Lvel(char key, float x)
[9.813s]       |           [01;31m[K^~~~~~[m[K
[9.813s] [01m[K/home/ashmitha/ros_ws/src/behaviors/plugins/teleop.cpp:62:11:[m[K [01;31m[Kerror: [m[Kâ€˜[01m[KTeleop[m[Kâ€™ has not been declared
[9.813s]    62 |     float [01;31m[KTeleop[m[K::Avel(char key, float th){
[9.814s]       |           [01;31m[K^~~~~~[m[K
[9.814s] [01m[K/home/ashmitha/ros_ws/src/behaviors/plugins/teleop.cpp:72:10:[m[K [01;31m[Kerror: [m[Kâ€˜[01m[KTeleop[m[Kâ€™ has not been declared
[9.814s]    72 |     void [01;31m[KTeleop[m[K::onConfigure()
[9.814s]       |          [01;31m[K^~~~~~[m[K
[9.824s] [01m[K/home/ashmitha/ros_ws/src/behaviors/plugins/teleop.cpp:[m[K In function â€˜[01m[Kvoid nav2_behaviors::onConfigure()[m[Kâ€™:
[9.824s] [01m[K/home/ashmitha/ros_ws/src/behaviors/plugins/teleop.cpp:148:75:[m[K [01;31m[Kerror: [m[Kâ€˜[01m[Kspeed[m[Kâ€™ was not declared in this scope
[9.824s]   148 |         printf("\nNow top Speed is %f and turn is %f | Last command: \n", [01;31m[Kspeed[m[K, turn);
[9.824s]       |                                                                           [01;31m[K^~~~~[m[K
[9.824s] [01m[K/home/ashmitha/ros_ws/src/behaviors/plugins/teleop.cpp:148:82:[m[K [01;31m[Kerror: [m[Kâ€˜[01m[Kturn[m[Kâ€™ was not declared in this scope
[9.824s]   148 |         printf("\nNow top Speed is %f and turn is %f | Last command: \n", speed, [01;31m[Kturn[m[K);
[9.824s]       |                                                                                  [01;31m[K^~~~[m[K
[9.825s] [01m[K/home/ashmitha/ros_ws/src/behaviors/plugins/teleop.cpp:151:21:[m[K [01;31m[Kerror: [m[Kâ€˜[01m[Knode_[m[Kâ€™ was not declared in this scope; did you mean â€˜[01m[Knode[m[Kâ€™?
[9.825s]   151 |         auto node = [01;31m[Knode_[m[K.lock();
[9.825s]       |                     [01;31m[K^~~~~[m[K
[9.825s]       |                     [32m[Knode[m[K
[9.825s] [01m[K/home/ashmitha/ros_ws/src/behaviors/plugins/teleop.cpp:159:38:[m[K [01;31m[Kerror: [m[Kfound â€˜[01m[K:[m[Kâ€™ in nested-name-specifier, expected â€˜[01m[K::[m[Kâ€™
[9.825s]   159 |             "projection_time", rclcpp[01;31m[K:[m[KParameterValue(1.0)
[9.825s]       |                                      [01;31m[K^[m[K
[9.825s]       |                                      [32m[K::[m[K
[9.825s] [01m[K/home/ashmitha/ros_ws/src/behaviors/plugins/teleop.cpp:164:43:[m[K [01;31m[Kerror: [m[Kfound â€˜[01m[K:[m[Kâ€™ in nested-name-specifier, expected â€˜[01m[K::[m[Kâ€™
[9.825s]   164 |             "simulation_time_step", rclcpp[01;31m[K:[m[KParameterValue(0.1)
[9.825s]       |                                           [01;31m[K^[m[K
[9.826s]       |                                           [32m[K::[m[K
[9.826s] [01m[K/home/ashmitha/ros_ws/src/behaviors/plugins/teleop.cpp:169:37:[m[K [01;31m[Kerror: [m[Kfound â€˜[01m[K:[m[Kâ€™ in nested-name-specifier, expected â€˜[01m[K::[m[Kâ€™
[9.826s]   169 |             "cmd_vel_teleop", rclcpp[01;31m[K:[m[KParameterValue(std::string("cmd_vel_teleop"))
[9.826s]       |                                     [01;31m[K^[m[K
[9.826s]       |                                     [32m[K::[m[K
[9.827s] [01m[K/home/ashmitha/ros_ws/src/behaviors/plugins/teleop.cpp:173:48:[m[K [01;31m[Kerror: [m[Kâ€˜[01m[Kprojection_time_[m[Kâ€™ was not declared in this scope
[9.827s]   173 |         node->get_parameter("projection_time", [01;31m[Kprojection_time_[m[K);
[9.827s]       |                                                [01;31m[K^~~~~~~~~~~~~~~~[m[K
[9.830s] [01m[K/home/ashmitha/ros_ws/src/behaviors/plugins/teleop.cpp:174:53:[m[K [01;31m[Kerror: [m[Kâ€˜[01m[Ksimulation_time_step_[m[Kâ€™ was not declared in this scope
[9.830s]   174 |         node->get_parameter("simulation_time_step", [01;31m[Ksimulation_time_step_[m[K);
[9.830s]       |                                                     [01;31m[K^~~~~~~~~~~~~~~~~~~~~[m[K
[9.831s] [01m[K/home/ashmitha/ros_ws/src/behaviors/plugins/teleop.cpp:179:9:[m[K [01;31m[Kerror: [m[Kâ€˜[01m[Kvel_pub_[m[Kâ€™ was not declared in this scope
[9.832s]   179 |         [01;31m[Kvel_pub_[m[K = node->create_publisher<geometry_msgs::msg::Twist>(
[9.832s]       |         [01;31m[K^~~~~~~~[m[K
[9.832s] [01m[K/home/ashmitha/ros_ws/src/behaviors/plugins/teleop.cpp:179:68:[m[K [01;31m[Kerror: [m[Kexpected primary-expression before â€˜[01m[K>[m[Kâ€™ token
[9.832s]   179 |         vel_pub_ = node->create_publisher<geometry_msgs::msg::Twist[01;31m[K>[m[K(
[9.832s]       |                                                                    [01;31m[K^[m[K
[9.832s] [01m[K/home/ashmitha/ros_ws/src/behaviors/plugins/teleop.cpp:180:13:[m[K [01;31m[Kerror: [m[Kleft operand of comma operator has no effect [[01;31m[K-Werror=unused-value[m[K]
[9.832s]   180 |             [01;31m[Kcmd_vel_teleop[m[K, rclcpp::SystemDefaultsQoS(),
[9.832s]       |             [01;31m[K^~~~~~~~~~~~~~[m[K
[9.832s] [01m[K/home/ashmitha/ros_ws/src/behaviors/plugins/teleop.cpp:182:18:[m[K [01;31m[Kerror: [m[Kâ€˜[01m[KTeleop[m[Kâ€™ has not been declared
[9.832s]   182 |                 &[01;31m[KTeleop[m[K::teleopVelocityCallback, this, std::placeholders::_1
[9.832s]       |                  [01;31m[K^~~~~~[m[K
[9.832s] [01m[K/home/ashmitha/ros_ws/src/behaviors/plugins/teleop.cpp:182:50:[m[K [01;31m[Kerror: [m[Kinvalid use of â€˜[01m[Kthis[m[Kâ€™ in non-member function
[9.832s]   182 |                 &Teleop::teleopVelocityCallback, [01;31m[Kthis[m[K, std::placeholders::_1
[9.832s]       |                                                  [01;31m[K^~~~[m[K
[9.835s] [01m[K/home/ashmitha/ros_ws/src/behaviors/plugins/teleop.cpp:185:9:[m[K [01;31m[Kerror: [m[Kâ€˜[01m[Kpreempt_teleop_sub_[m[Kâ€™ was not declared in this scope
[9.835s]   185 |         [01;31m[Kpreempt_teleop_sub_[m[K = node->create_subscription<std_msgs::msg::Empty>(
[9.835s]       |         [01;31m[K^~~~~~~~~~~~~~~~~~~[m[K
[9.835s] [01m[K/home/ashmitha/ros_ws/src/behaviors/plugins/teleop.cpp:185:77:[m[K [01;31m[Kerror: [m[Kexpected primary-expression before â€˜[01m[K>[m[Kâ€™ token
[9.835s]   185 |         preempt_teleop_sub_ = node->create_subscription<std_msgs::msg::Empty[01;31m[K>[m[K(
[9.835s]       |                                                                             [01;31m[K^[m[K
[9.835s] [01m[K/home/ashmitha/ros_ws/src/behaviors/plugins/teleop.cpp:186:13:[m[K [01;31m[Kerror: [m[Kleft operand of comma operator has no effect [[01;31m[K-Werror=unused-value[m[K]
[9.835s]   186 |             [01;31m[K"preempt_teleop"[m[K, rclcpp::SystemDefaultsQoS(),
[9.835s]       |             [01;31m[K^~~~~~~~~~~~~~~~[m[K
[9.835s] [01m[K/home/ashmitha/ros_ws/src/behaviors/plugins/teleop.cpp:188:18:[m[K [01;31m[Kerror: [m[Kâ€˜[01m[KTeleop[m[Kâ€™ has not been declared
[9.836s]   188 |                 &[01;31m[KTeleop[m[K::premeptTeleopCallback, this, std::placeholders::_1
[9.836s]       |                  [01;31m[K^~~~~~[m[K
[9.836s] [01m[K/home/ashmitha/ros_ws/src/behaviors/plugins/teleop.cpp:188:49:[m[K [01;31m[Kerror: [m[Kinvalid use of â€˜[01m[Kthis[m[Kâ€™ in non-member function
[9.836s]   188 |                 &Teleop::premeptTeleopCallback, [01;31m[Kthis[m[K, std::placeholders::_1
[9.836s]       |                                                 [01;31m[K^~~~[m[K
[9.836s] [01m[K/home/ashmitha/ros_ws/src/behaviors/plugins/teleop.cpp:[m[K At global scope:
[9.836s] [01m[K/home/ashmitha/ros_ws/src/behaviors/plugins/teleop.cpp:193:18:[m[K [01;31m[Kerror: [m[Kâ€˜[01m[KTeleop[m[Kâ€™ has not been declared
[9.836s]   193 |     ResultStatus [01;31m[KTeleop[m[K::onRun(const std::shared_ptr<const TeleopAction::Goal> command)
[9.836s]       |                  [01;31m[K^~~~~~[m[K
[9.836s] [01m[K/home/ashmitha/ros_ws/src/behaviors/plugins/teleop.cpp:193:72:[m[K [01;31m[Kerror: [m[KISO C++ forbids declaration of â€˜[01m[Ktype name[m[Kâ€™ with no type [[01;31m[K-fpermissive[m[K]
[9.836s]   193 |     ResultStatus Teleop::onRun(const std::shared_ptr<const TeleopAction[01;31m[K::[m[KGoal> command)
[9.836s]       |                                                                        [01;31m[K^~[m[K
[9.836s] [01m[K/home/ashmitha/ros_ws/src/behaviors/plugins/teleop.cpp:193:78:[m[K [01;31m[Kerror: [m[Ktemplate argument 1 is invalid
[9.836s]   193 |     ResultStatus Teleop::onRun(const std::shared_ptr<const TeleopAction::Goal[01;31m[K>[m[K command)
[9.837s]       |                                                                              [01;31m[K^[m[K
[9.837s] [01m[K/home/ashmitha/ros_ws/src/behaviors/plugins/teleop.cpp:193:72:[m[K [01;31m[Kerror: [m[KISO C++ forbids declaration of â€˜[01m[Ktype name[m[Kâ€™ with no type [[01;31m[K-fpermissive[m[K]
[9.837s]   193 |     ResultStatus Teleop::onRun(const std::shared_ptr<const TeleopAction[01;31m[K::[m[KGoal> command)
[9.837s]       |                                                                        [01;31m[K^~[m[K
[9.837s] [01m[K/home/ashmitha/ros_ws/src/behaviors/plugins/teleop.cpp:193:78:[m[K [01;31m[Kerror: [m[Ktemplate argument 1 is invalid
[9.837s]   193 |     ResultStatus Teleop::onRun(const std::shared_ptr<const TeleopAction::Goal[01;31m[K>[m[K command)
[9.837s]       |                                                                              [01;31m[K^[m[K
[9.837s] [01m[K/home/ashmitha/ros_ws/src/behaviors/plugins/teleop.cpp:193:72:[m[K [01;31m[Kerror: [m[KISO C++ forbids declaration of â€˜[01m[Ktype name[m[Kâ€™ with no type [[01;31m[K-fpermissive[m[K]
[9.837s]   193 |     ResultStatus Teleop::onRun(const std::shared_ptr<const TeleopAction[01;31m[K::[m[KGoal> command)
[9.837s]       |                                                                        [01;31m[K^~[m[K
[9.837s] [01m[K/home/ashmitha/ros_ws/src/behaviors/plugins/teleop.cpp:193:78:[m[K [01;31m[Kerror: [m[Ktemplate argument 1 is invalid
[9.837s]   193 |     ResultStatus Teleop::onRun(const std::shared_ptr<const TeleopAction::Goal[01;31m[K>[m[K command)
[9.837s]       |                                                                              [01;31m[K^[m[K
[9.837s] [01m[K/home/ashmitha/ros_ws/src/behaviors/plugins/teleop.cpp:193:72:[m[K [01;31m[Kerror: [m[KISO C++ forbids declaration of â€˜[01m[Ktype name[m[Kâ€™ with no type [[01;31m[K-fpermissive[m[K]
[9.838s]   193 |     ResultStatus Teleop::onRun(const std::shared_ptr<const TeleopAction[01;31m[K::[m[KGoal> command)
[9.838s]       |                                                                        [01;31m[K^~[m[K
[9.838s] [01m[K/home/ashmitha/ros_ws/src/behaviors/plugins/teleop.cpp:193:78:[m[K [01;31m[Kerror: [m[Ktemplate argument 1 is invalid
[9.838s]   193 |     ResultStatus Teleop::onRun(const std::shared_ptr<const TeleopAction::Goal[01;31m[K>[m[K command)
[9.838s]       |                                                                              [01;31m[K^[m[K
[9.838s] [01m[K/home/ashmitha/ros_ws/src/behaviors/plugins/teleop.cpp:193:72:[m[K [01;31m[Kerror: [m[KISO C++ forbids declaration of â€˜[01m[Ktype name[m[Kâ€™ with no type [[01;31m[K-fpermissive[m[K]
[9.838s]   193 |     ResultStatus Teleop::onRun(const std::shared_ptr<const TeleopAction[01;31m[K::[m[KGoal> command)
[9.838s]       |                                                                        [01;31m[K^~[m[K
[9.838s] [01m[K/home/ashmitha/ros_ws/src/behaviors/plugins/teleop.cpp:193:78:[m[K [01;31m[Kerror: [m[Ktemplate argument 1 is invalid
[9.838s]   193 |     ResultStatus Teleop::onRun(const std::shared_ptr<const TeleopAction::Goal[01;31m[K>[m[K command)
[9.838s]       |                                                                              [01;31m[K^[m[K
[9.838s] [01m[K/home/ashmitha/ros_ws/src/behaviors/plugins/teleop.cpp:193:38:[m[K [01;31m[Kerror: [m[Kinvalid use of template-name â€˜[01m[Kstd::shared_ptr[m[Kâ€™ without an argument list
[9.838s]   193 |     ResultStatus Teleop::onRun(const [01;31m[Kstd[m[K::shared_ptr<const TeleopAction::Goal> command)
[9.839s]       |                                      [01;31m[K^~~[m[K
[9.839s] [01m[K/home/ashmitha/ros_ws/src/behaviors/plugins/teleop.cpp:193:38:[m[K [01;36m[Knote: [m[Kclass template argument deduction is only available with â€˜[01m[K-std=c++17[m[Kâ€™ or â€˜[01m[K-std=gnu++17[m[Kâ€™
[9.839s] In file included from [01m[K/usr/include/c++/9/bits/shared_ptr.h:52[m[K,
[9.839s]                  from [01m[K/usr/include/c++/9/memory:81[m[K,
[9.839s]                  from [01m[K/home/ashmitha/ros_ws/src/behaviors/include/behaviors/plugins/teleop.hpp:5[m[K,
[9.839s]                  from [01m[K/home/ashmitha/ros_ws/src/behaviors/plugins/teleop.cpp:4[m[K:
[9.839s] [01m[K/usr/include/c++/9/bits/shared_ptr_base.h:348:11:[m[K [01;36m[Knote: [m[Kâ€˜[01m[Ktemplate<class _Tp> class std::shared_ptr[m[Kâ€™ declared here
[9.839s]   348 |     class [01;36m[Kshared_ptr[m[K;
[9.839s]       |           [01;36m[K^~~~~~~~~~[m[K
[9.839s] [01m[K/home/ashmitha/ros_ws/src/behaviors/plugins/teleop.cpp:193:53:[m[K [01;31m[Kerror: [m[Kexpected â€˜[01m[K,[m[Kâ€™ or â€˜[01m[K...[m[Kâ€™ before â€˜[01m[K<[m[Kâ€™ token
[9.839s]   193 |     ResultStatus Teleop::onRun(const std::shared_ptr[01;31m[K<[m[Kconst TeleopAction::Goal> command)
[9.839s]       |                                                     [01;31m[K^[m[K
[9.839s] [01m[K/home/ashmitha/ros_ws/src/behaviors/plugins/teleop.cpp:[m[K In function â€˜[01m[Knav2_behaviors::ResultStatus nav2_behaviors::onRun(int)[m[Kâ€™:
[9.839s] [01m[K/home/ashmitha/ros_ws/src/behaviors/plugins/teleop.cpp:195:9:[m[K [01;31m[Kerror: [m[Kâ€˜[01m[Kpreempt_teleop_[m[Kâ€™ was not declared in this scope
[9.839s]   195 |         [01;31m[Kpreempt_teleop_[m[K = false;
[9.840s]       |         [01;31m[K^~~~~~~~~~~~~~~[m[K
[9.841s] [01m[K/home/ashmitha/ros_ws/src/behaviors/plugins/teleop.cpp:196:9:[m[K [01;31m[Kerror: [m[Kâ€˜[01m[Kcommand_time_allowance_[m[Kâ€™ was not declared in this scope
[9.841s]   196 |         [01;31m[Kcommand_time_allowance_[m[K = command->time_allowance;
[9.841s]       |         [01;31m[K^~~~~~~~~~~~~~~~~~~~~~~[m[K
[9.842s] [01m[K/home/ashmitha/ros_ws/src/behaviors/plugins/teleop.cpp:196:35:[m[K [01;31m[Kerror: [m[Kâ€˜[01m[Kcommand[m[Kâ€™ was not declared in this scope
[9.842s]   196 |         command_time_allowance_ = [01;31m[Kcommand[m[K->time_allowance;
[9.842s]       |                                   [01;31m[K^~~~~~~[m[K
[9.843s] [01m[K/home/ashmitha/ros_ws/src/behaviors/plugins/teleop.cpp:197:9:[m[K [01;31m[Kerror: [m[Kâ€˜[01m[Kend_time_[m[Kâ€™ was not declared in this scope
[9.843s]   197 |         [01;31m[Kend_time_[m[K = steady_clock_.now() + command_time_allowance_;
[9.843s]       |         [01;31m[K^~~~~~~~~[m[K
[9.845s] [01m[K/home/ashmitha/ros_ws/src/behaviors/plugins/teleop.cpp:197:21:[m[K [01;31m[Kerror: [m[Kâ€˜[01m[Ksteady_clock_[m[Kâ€™ was not declared in this scope
[9.845s]   197 |         end_time_ = [01;31m[Ksteady_clock_[m[K.now() + command_time_allowance_;
[9.845s]       |                     [01;31m[K^~~~~~~~~~~~~[m[K
[9.847s] [01m[K/home/ashmitha/ros_ws/src/behaviors/plugins/teleop.cpp:198:48:[m[K [01;31m[Kerror: [m[Kâ€˜[01m[KTeleopActionResult[m[Kâ€™ was not declared in this scope
[9.847s]   198 |         return ResultStatus{Status::SUCCEEDED, [01;31m[KTeleopActionResult[m[K::NONE};
[9.847s]       |                                                [01;31m[K^~~~~~~~~~~~~~~~~~[m[K
[9.847s] [01m[K/home/ashmitha/ros_ws/src/behaviors/plugins/teleop.cpp:198:28:[m[K [01;31m[Kerror: [m[Kexpected primary-expression before â€˜[01m[K{[m[Kâ€™ token
[9.847s]   198 |         return ResultStatus[01;31m[K{[m[KStatus::SUCCEEDED, TeleopActionResult::NONE};
[9.848s]       |                            [01;31m[K^[m[K
[9.848s] [01m[K/home/ashmitha/ros_ws/src/behaviors/plugins/teleop.cpp:198:28:[m[K [01;31m[Kerror: [m[Kexpected â€˜[01m[K;[m[Kâ€™ before â€˜[01m[K{[m[Kâ€™ token
[9.848s]   198 |         return ResultStatus[01;31m[K{[m[KStatus::SUCCEEDED, TeleopActionResult::NONE};
[9.848s]       |                            [01;31m[K^[m[K
[9.848s]       |                            [32m[K;[m[K
[9.848s] [01m[K/home/ashmitha/ros_ws/src/behaviors/plugins/teleop.cpp:198:48:[m[K [01;31m[Kerror: [m[Kâ€˜[01m[KTeleopActionResult[m[Kâ€™ is not a class, namespace, or enumeration
[9.848s]   198 |         return ResultStatus{Status::SUCCEEDED, [01;31m[KTeleopActionResult[m[K::NONE};
[9.848s]       |                                                [01;31m[K^~~~~~~~~~~~~~~~~~[m[K
[9.848s] [01m[K/home/ashmitha/ros_ws/src/behaviors/plugins/teleop.cpp:[m[K At global scope:
[9.848s] [01m[K/home/ashmitha/ros_ws/src/behaviors/plugins/teleop.cpp:201:10:[m[K [01;31m[Kerror: [m[Kâ€˜[01m[KTeleop[m[Kâ€™ has not been declared
[9.848s]   201 |     void [01;31m[KTeleop[m[K::onActionCompletion(std::shared_ptr<TeleopActionResult>/*result*/)
[9.848s]       |          [01;31m[K^~~~~~[m[K
[9.850s] [01m[K/home/ashmitha/ros_ws/src/behaviors/plugins/teleop.cpp:201:53:[m[K [01;31m[Kerror: [m[Kâ€˜[01m[KTeleopActionResult[m[Kâ€™ was not declared in this scope
[9.850s]   201 |     void Teleop::onActionCompletion(std::shared_ptr<[01;31m[KTeleopActionResult[m[K>/*result*/)
[9.850s]       |                                                     [01;31m[K^~~~~~~~~~~~~~~~~~[m[K
[9.850s] [01m[K/home/ashmitha/ros_ws/src/behaviors/plugins/teleop.cpp:201:71:[m[K [01;31m[Kerror: [m[Ktemplate argument 1 is invalid
[9.850s]   201 |     void Teleop::onActionCompletion(std::shared_ptr<TeleopActionResult[01;31m[K>[m[K/*result*/)
[9.850s]       |                                                                       [01;31m[K^[m[K
[9.852s] [01m[K/home/ashmitha/ros_ws/src/behaviors/plugins/teleop.cpp:[m[K In function â€˜[01m[Kvoid nav2_behaviors::onActionCompletion(int)[m[Kâ€™:
[9.852s] [01m[K/home/ashmitha/ros_ws/src/behaviors/plugins/teleop.cpp:203:9:[m[K [01;31m[Kerror: [m[Kâ€˜[01m[Kteleop_twist_[m[Kâ€™ was not declared in this scope
[9.852s]   203 |         [01;31m[Kteleop_twist_[m[K = geometry_msgs::msg::Twist();
[9.852s]       |         [01;31m[K^~~~~~~~~~~~~[m[K
[9.854s] [01m[K/home/ashmitha/ros_ws/src/behaviors/plugins/teleop.cpp:204:9:[m[K [01;31m[Kerror: [m[Kâ€˜[01m[Kpreempt_teleop_[m[Kâ€™ was not declared in this scope
[9.854s]   204 |         [01;31m[Kpreempt_teleop_[m[K = false;
[9.854s]       |         [01;31m[K^~~~~~~~~~~~~~~[m[K
[9.854s] [01m[K/home/ashmitha/ros_ws/src/behaviors/plugins/teleop.cpp:[m[K At global scope:
[9.854s] [01m[K/home/ashmitha/ros_ws/src/behaviors/plugins/teleop.cpp:207:18:[m[K [01;31m[Kerror: [m[Kâ€˜[01m[KTeleop[m[Kâ€™ has not been declared
[9.854s]   207 |     ResultStatus [01;31m[KTeleop[m[K::onCycleUpdate()
[9.854s]       |                  [01;31m[K^~~~~~[m[K
[9.855s] [01m[K/home/ashmitha/ros_ws/src/behaviors/plugins/teleop.cpp:[m[K In function â€˜[01m[Knav2_behaviors::ResultStatus nav2_behaviors::onCycleUpdate()[m[Kâ€™:
[9.855s] [01m[K/home/ashmitha/ros_ws/src/behaviors/plugins/teleop.cpp:209:9:[m[K [01;31m[Kerror: [m[Kâ€˜[01m[Kfeedback_[m[Kâ€™ was not declared in this scope
[9.855s]   209 |         [01;31m[Kfeedback_[m[K->current_teleop_duration = elasped_time_;
[9.855s]       |         [01;31m[K^~~~~~~~~[m[K
[9.857s] [01m[K/home/ashmitha/ros_ws/src/behaviors/plugins/teleop.cpp:209:46:[m[K [01;31m[Kerror: [m[Kâ€˜[01m[Kelasped_time_[m[Kâ€™ was not declared in this scope
[9.857s]   209 |         feedback_->current_teleop_duration = [01;31m[Kelasped_time_[m[K;
[9.857s]       |                                              [01;31m[K^~~~~~~~~~~~~[m[K
[9.858s] [01m[K/home/ashmitha/ros_ws/src/behaviors/plugins/teleop.cpp:210:9:[m[K [01;31m[Kerror: [m[Kâ€˜[01m[Kaction_server_[m[Kâ€™ was not declared in this scope; did you mean â€˜[01m[Krcl_action_server_t[m[Kâ€™?
[9.859s]   210 |         [01;31m[Kaction_server_[m[K->publish_feedback(feedback_);
[9.859s]       |         [01;31m[K^~~~~~~~~~~~~~[m[K
[9.859s]       |         [32m[Krcl_action_server_t[m[K
[9.859s] [01m[K/home/ashmitha/ros_ws/src/behaviors/plugins/teleop.cpp:212:43:[m[K [01;31m[Kerror: [m[Kâ€˜[01m[Kend_time_[m[Kâ€™ was not declared in this scope
[9.859s]   212 |         rclcpp::Duration time_remaining = [01;31m[Kend_time_[m[K - steady_clock_.now();
[9.859s]       |                                           [01;31m[K^~~~~~~~~[m[K
[9.861s] [01m[K/home/ashmitha/ros_ws/src/behaviors/plugins/teleop.cpp:212:55:[m[K [01;31m[Kerror: [m[Kâ€˜[01m[Ksteady_clock_[m[Kâ€™ was not declared in this scope
[9.861s]   212 |         rclcpp::Duration time_remaining = end_time_ - [01;31m[Ksteady_clock_[m[K.now();
[9.861s]       |                                                       [01;31m[K^~~~~~~~~~~~~[m[K
[9.861s] [01m[K/home/ashmitha/ros_ws/src/behaviors/plugins/teleop.cpp:216:9:[m[K [01;31m[Kerror: [m[Kâ€˜[01m[Kkey[m[Kâ€™ was not declared in this scope; did you mean â€˜[01m[Kkey_t[m[Kâ€™?
[9.861s]   216 |         [01;31m[Kkey[m[K = getch();
[9.861s]       |         [01;31m[K^~~[m[K
[9.861s]       |         [32m[Kkey_t[m[K
[9.862s] [01m[K/home/ashmitha/ros_ws/src/behaviors/plugins/teleop.cpp:219:13:[m[K [01;31m[Kerror: [m[Kâ€˜[01m[Kx[m[Kâ€™ was not declared in this scope
[9.862s]   219 |             [01;31m[Kx[m[K = Lvel(key, x);
[9.862s]       |             [01;31m[K^[m[K
[9.862s] [01m[K/home/ashmitha/ros_ws/src/behaviors/plugins/teleop.cpp:220:13:[m[K [01;31m[Kerror: [m[Kâ€˜[01m[Ky[m[Kâ€™ was not declared in this scope; did you mean â€˜[01m[Kyn[m[Kâ€™?
[9.862s]   220 |             [01;31m[Ky[m[K = 0.0;
[9.862s]       |             [01;31m[K^[m[K
[9.862s]       |             [32m[Kyn[m[K
[9.863s] [01m[K/home/ashmitha/ros_ws/src/behaviors/plugins/teleop.cpp:221:13:[m[K [01;31m[Kerror: [m[Kâ€˜[01m[Kz[m[Kâ€™ was not declared in this scope
[9.863s]   221 |             [01;31m[Kz[m[K = 0.0;
[9.863s]       |             [01;31m[K^[m[K
[9.864s] [01m[K/home/ashmitha/ros_ws/src/behaviors/plugins/teleop.cpp:222:74:[m[K [01;31m[Kerror: [m[Kâ€˜[01m[Kspeed[m[Kâ€™ was not declared in this scope
[9.864s]   222 |             printf("\rCurrent: speed %f\tturn %f | Last command: %c   ", [01;31m[Kspeed[m[K*x, turn*th, key);
[9.864s]       |                                                                          [01;31m[K^~~~~[m[K
[9.864s] [01m[K/home/ashmitha/ros_ws/src/behaviors/plugins/teleop.cpp:222:83:[m[K [01;31m[Kerror: [m[Kâ€˜[01m[Kturn[m[Kâ€™ was not declared in this scope
[9.864s]   222 |          printf("\rCurrent: speed %f\tturn %f | Last command: %c   ", speed*x, [01;31m[Kturn[m[K*th, key);
[9.864s]       |                                                                                [01;31m[K^~~~[m[K
[9.864s] 
[9.865s] [01m[K/home/ashmitha/ros_ws/src/behaviors/plugins/teleop.cpp:222:88:[m[K [01;31m[Kerror: [m[Kâ€˜[01m[Kth[m[Kâ€™ was not declared in this scope; did you mean â€˜[01m[Ktm[m[Kâ€™?
[9.865s]   222 |          printf("\rCurrent: speed %f\tturn %f | Last command: %c   ", speed*x, turn*[01;31m[Kth[m[K, key);
[9.865s]       |                                                                                     [01;31m[K^~[m[K
[9.865s]       |                                                                                     [32m[Ktm[m[K
[9.865s] [01m[K/home/ashmitha/ros_ws/src/behaviors/plugins/teleop.cpp:228:13:[m[K [01;31m[Kerror: [m[Kâ€˜[01m[Kth[m[Kâ€™ was not declared in this scope; did you mean â€˜[01m[Ktm[m[Kâ€™?
[9.865s]   228 |             [01;31m[Kth[m[K = Avel(key,th);
[9.865s]       |             [01;31m[K^~[m[K
[9.865s]       |             [32m[Ktm[m[K
[9.866s] [01m[K/home/ashmitha/ros_ws/src/behaviors/plugins/teleop.cpp:229:13:[m[K [01;31m[Kerror: [m[Kâ€˜[01m[Ky[m[Kâ€™ was not declared in this scope; did you mean â€˜[01m[Kyn[m[Kâ€™?
[9.866s]   229 |             [01;31m[Ky[m[K = 0.0;
[9.866s]       |             [01;31m[K^[m[K
[9.866s]       |             [32m[Kyn[m[K
[9.866s] [01m[K/home/ashmitha/ros_ws/src/behaviors/plugins/teleop.cpp:230:13:[m[K [01;31m[Kerror: [m[Kâ€˜[01m[Kz[m[Kâ€™ was not declared in this scope
[9.866s]   230 |             [01;31m[Kz[m[K = 0.0;
[9.867s]       |             [01;31m[K^[m[K
[9.867s] [01m[K/home/ashmitha/ros_ws/src/behaviors/plugins/teleop.cpp:231:74:[m[K [01;31m[Kerror: [m[Kâ€˜[01m[Kspeed[m[Kâ€™ was not declared in this scope
[9.867s]   231 |             printf("\rCurrent: speed %f\tturn %f | Last command: %c   ", [01;31m[Kspeed[m[K*x, turn*th, key);
[9.867s]       |                                                                          [01;31m[K^~~~~[m[K
[9.868s] [01m[K/home/ashmitha/ros_ws/src/behaviors/plugins/teleop.cpp:231:80:[m[K [01;31m[Kerror: [m[Kâ€˜[01m[Kx[m[Kâ€™ was not declared in this scope
[9.868s]   231 |          printf("\rCurrent: speed %f\tturn %f | Last command: %c   ", speed*[01;31m[Kx[m[K, turn*th, key);
[9.868s]       |                                                                             [01;31m[K^[m[K
[9.868s] 
[9.868s] [01m[K/home/ashmitha/ros_ws/src/behaviors/plugins/teleop.cpp:231:83:[m[K [01;31m[Kerror: [m[Kâ€˜[01m[Kturn[m[Kâ€™ was not declared in this scope
[9.868s]   231 |          printf("\rCurrent: speed %f\tturn %f | Last command: %c   ", speed*x, [01;31m[Kturn[m[K*th, key);
[9.868s]       |                                                                                [01;31m[K^~~~[m[K
[9.869s] 
[9.870s] [01m[K/home/ashmitha/ros_ws/src/behaviors/plugins/teleop.cpp:234:18:[m[K [01;31m[Kerror: [m[Kâ€˜[01m[KmoveBindings[m[Kâ€™ was not declared in this scope
[9.870s]   234 |         else if ([01;31m[KmoveBindings[m[K.count(key) == 1)
[9.870s]       |                  [01;31m[K^~~~~~~~~~~~[m[K
[9.870s] [01m[K/home/ashmitha/ros_ws/src/behaviors/plugins/teleop.cpp:237:13:[m[K [01;31m[Kerror: [m[Kâ€˜[01m[Kx[m[Kâ€™ was not declared in this scope
[9.871s]   237 |             [01;31m[Kx[m[K = moveBindings[key][0];
[9.871s]       |             [01;31m[K^[m[K
[9.871s] [01m[K/home/ashmitha/ros_ws/src/behaviors/plugins/teleop.cpp:238:13:[m[K [01;31m[Kerror: [m[Kâ€˜[01m[Ky[m[Kâ€™ was not declared in this scope; did you mean â€˜[01m[Kyn[m[Kâ€™?
[9.871s]   238 |             [01;31m[Ky[m[K = moveBindings[key][1];
[9.871s]       |             [01;31m[K^[m[K
[9.871s]       |             [32m[Kyn[m[K
[9.872s] [01m[K/home/ashmitha/ros_ws/src/behaviors/plugins/teleop.cpp:239:13:[m[K [01;31m[Kerror: [m[Kâ€˜[01m[Kz[m[Kâ€™ was not declared in this scope
[9.872s]   239 |             [01;31m[Kz[m[K = moveBindings[key][2];
[9.872s]       |             [01;31m[K^[m[K
[9.873s] [01m[K/home/ashmitha/ros_ws/src/behaviors/plugins/teleop.cpp:240:13:[m[K [01;31m[Kerror: [m[Kâ€˜[01m[Kth[m[Kâ€™ was not declared in this scope; did you mean â€˜[01m[Ktm[m[Kâ€™?
[9.873s]   240 |             [01;31m[Kth[m[K = moveBindings[key][3];
[9.873s]       |             [01;31m[K^~[m[K
[9.873s]       |             [32m[Ktm[m[K
[9.874s] [01m[K/home/ashmitha/ros_ws/src/behaviors/plugins/teleop.cpp:242:74:[m[K [01;31m[Kerror: [m[Kâ€˜[01m[Kspeed[m[Kâ€™ was not declared in this scope
[9.874s]   242 |             printf("\rCurrent: speed %f\tturn %f | Last command: %c   ", [01;31m[Kspeed[m[K, turn, key);
[9.874s]       |                                                                          [01;31m[K^~~~~[m[K
[9.874s] [01m[K/home/ashmitha/ros_ws/src/behaviors/plugins/teleop.cpp:242:81:[m[K [01;31m[Kerror: [m[Kâ€˜[01m[Kturn[m[Kâ€™ was not declared in this scope
[9.874s]   242 |             printf("\rCurrent: speed %f\tturn %f | Last command: %c   ", speed, [01;31m[Kturn[m[K, key);
[9.874s]       |                                                                                 [01;31m[K^~~~[m[K
[9.875s] [01m[K/home/ashmitha/ros_ws/src/behaviors/plugins/teleop.cpp:245:18:[m[K [01;31m[Kerror: [m[Kâ€˜[01m[KspeedBindings[m[Kâ€™ was not declared in this scope
[9.875s]   245 |         else if ([01;31m[KspeedBindings[m[K.count(key) == 1)
[9.875s]       |                  [01;31m[K^~~~~~~~~~~~~[m[K
[9.876s] [01m[K/home/ashmitha/ros_ws/src/behaviors/plugins/teleop.cpp:248:13:[m[K [01;31m[Kerror: [m[Kâ€˜[01m[Kspeed[m[Kâ€™ was not declared in this scope
[9.876s]   248 |             [01;31m[Kspeed[m[K = speed * speedBindings[key][0];
[9.876s]       |             [01;31m[K^~~~~[m[K
[9.877s] [01m[K/home/ashmitha/ros_ws/src/behaviors/plugins/teleop.cpp:249:13:[m[K [01;31m[Kerror: [m[Kâ€˜[01m[Kturn[m[Kâ€™ was not declared in this scope
[9.877s]   249 |             [01;31m[Kturn[m[K = turn * speedBindings[key][1];
[9.877s]       |             [01;31m[K^~~~[m[K
[9.877s] [01m[K/home/ashmitha/ros_ws/src/behaviors/plugins/teleop.cpp:259:17:[m[K [01;31m[Kerror: [m[Kâ€˜[01m[Kx[m[Kâ€™ was not declared in this scope
[9.877s]   259 |                 [01;31m[Kx[m[K = 0;
[9.877s]       |                 [01;31m[K^[m[K
[9.878s] [01m[K/home/ashmitha/ros_ws/src/behaviors/plugins/teleop.cpp:260:17:[m[K [01;31m[Kerror: [m[Kâ€˜[01m[Ky[m[Kâ€™ was not declared in this scope; did you mean â€˜[01m[Kyn[m[Kâ€™?
[9.878s]   260 |                 [01;31m[Ky[m[K = 0;
[9.878s]       |                 [01;31m[K^[m[K
[9.878s]       |                 [32m[Kyn[m[K
[9.878s] [01m[K/home/ashmitha/ros_ws/src/behaviors/plugins/teleop.cpp:261:17:[m[K [01;31m[Kerror: [m[Kâ€˜[01m[Kz[m[Kâ€™ was not declared in this scope
[9.878s]   261 |                 [01;31m[Kz[m[K = 0;
[9.878s]       |                 [01;31m[K^[m[K
[9.879s] [01m[K/home/ashmitha/ros_ws/src/behaviors/plugins/teleop.cpp:262:17:[m[K [01;31m[Kerror: [m[Kâ€˜[01m[Kth[m[Kâ€™ was not declared in this scope; did you mean â€˜[01m[Ktm[m[Kâ€™?
[9.879s]   262 |                 [01;31m[Kth[m[K = 0;
[9.879s]       |                 [01;31m[K^~[m[K
[9.879s]       |                 [32m[Ktm[m[K
[9.879s] [01m[K/home/ashmitha/ros_ws/src/behaviors/plugins/teleop.cpp:264:78:[m[K [01;31m[Kerror: [m[Kâ€˜[01m[Kspeed[m[Kâ€™ was not declared in this scope
[9.879s]   264 |               printf("\rCurrent: speed %f\tturn %f | Last command: %c   ", [01;31m[Kspeed[m[K*x, turn*th, key);
[9.879s]       |                                                                            [01;31m[K^~~~~[m[K
[9.880s] 
[9.880s] [01m[K/home/ashmitha/ros_ws/src/behaviors/plugins/teleop.cpp:264:87:[m[K [01;31m[Kerror: [m[Kâ€˜[01m[Kturn[m[Kâ€™ was not declared in this scope
[9.880s]   264 |          printf("\rCurrent: speed %f\tturn %f | Last command: %c   ", speed*x, [01;31m[Kturn[m[K*th, key);
[9.880s]       |                                                                                [01;31m[K^~~~[m[K
[9.880s] 
[9.880s] [01m[K/home/ashmitha/ros_ws/src/behaviors/plugins/teleop.cpp:269:26:[m[K [01;31m[Kerror: [m[Kâ€˜[01m[Kx[m[Kâ€™ was not declared in this scope
[9.880s]   269 |         twist.linear.x = [01;31m[Kx[m[K * speed;
[9.880s]       |                          [01;31m[K^[m[K
[9.881s] [01m[K/home/ashmitha/ros_ws/src/behaviors/plugins/teleop.cpp:269:30:[m[K [01;31m[Kerror: [m[Kâ€˜[01m[Kspeed[m[Kâ€™ was not declared in this scope
[9.881s]   269 |         twist.linear.x = x * [01;31m[Kspeed[m[K;
[9.881s]       |                              [01;31m[K^~~~~[m[K
[9.882s] [01m[K/home/ashmitha/ros_ws/src/behaviors/plugins/teleop.cpp:270:26:[m[K [01;31m[Kerror: [m[Kâ€˜[01m[Ky[m[Kâ€™ was not declared in this scope; did you mean â€˜[01m[Kyn[m[Kâ€™?
[9.882s]   270 |         twist.linear.y = [01;31m[Ky[m[K * speed;
[9.882s]       |                          [01;31m[K^[m[K
[9.882s]       |                          [32m[Kyn[m[K
[9.882s] [01m[K/home/ashmitha/ros_ws/src/behaviors/plugins/teleop.cpp:271:26:[m[K [01;31m[Kerror: [m[Kâ€˜[01m[Kz[m[Kâ€™ was not declared in this scope
[9.882s]   271 |         twist.linear.z = [01;31m[Kz[m[K * speed;
[9.882s]       |                          [01;31m[K^[m[K
[9.883s] [01m[K/home/ashmitha/ros_ws/src/behaviors/plugins/teleop.cpp:275:27:[m[K [01;31m[Kerror: [m[Kâ€˜[01m[Kth[m[Kâ€™ was not declared in this scope; did you mean â€˜[01m[Ktm[m[Kâ€™?
[9.883s]   275 |         twist.angular.z = [01;31m[Kth[m[K * turn;
[9.883s]       |                           [01;31m[K^~[m[K
[9.883s]       |                           [32m[Ktm[m[K
[9.883s] [01m[K/home/ashmitha/ros_ws/src/behaviors/plugins/teleop.cpp:275:32:[m[K [01;31m[Kerror: [m[Kâ€˜[01m[Kturn[m[Kâ€™ was not declared in this scope
[9.883s]   275 |         twist.angular.z = th * [01;31m[Kturn[m[K;
[9.883s]       |                                [01;31m[K^~~~[m[K
[9.887s] [01m[K/home/ashmitha/ros_ws/src/behaviors/plugins/teleop.cpp:280:47:[m[K [01;31m[Kerror: [m[Kâ€˜[01m[Kcommand_time_allowance_[m[Kâ€™ was not declared in this scope
[9.887s]   280 |         if (time_remaining.seconds() < 0.0 && [01;31m[Kcommand_time_allowance_[m[K.seconds() > 0.0)
[9.887s]       |                                               [01;31m[K^~~~~~~~~~~~~~~~~~~~~~~[m[K
[9.887s] [01m[K/home/ashmitha/ros_ws/src/behaviors/plugins/teleop.cpp:282:13:[m[K [01;31m[Kerror: [m[Kâ€˜[01m[KstopRobot[m[Kâ€™ was not declared in this scope
[9.887s]   282 |             [01;31m[KstopRobot[m[K();
[9.887s]       |             [01;31m[K^~~~~~~~~[m[K
[9.888s] In file included from [01m[K/opt/ros/foxy/include/rclcpp/service.hpp:34[m[K,
[9.888s]                  from [01m[K/opt/ros/foxy/include/rclcpp/callback_group.hpp:25[m[K,
[9.889s]                  from [01m[K/opt/ros/foxy/include/rclcpp/any_executable.hpp:20[m[K,
[9.889s]                  from [01m[K/opt/ros/foxy/include/rclcpp/memory_strategy.hpp:24[m[K,
[9.889s]                  from [01m[K/opt/ros/foxy/include/rclcpp/memory_strategies.hpp:18[m[K,
[9.889s]                  from [01m[K/opt/ros/foxy/include/rclcpp/executor_options.hpp:20[m[K,
[9.889s]                  from [01m[K/opt/ros/foxy/include/rclcpp/executor.hpp:33[m[K,
[9.889s]                  from [01m[K/opt/ros/foxy/include/rclcpp/executors/multi_threaded_executor.hpp:26[m[K,
[9.889s]                  from [01m[K/opt/ros/foxy/include/rclcpp/executors.hpp:21[m[K,
[9.889s]                  from [01m[K/opt/ros/foxy/include/rclcpp/rclcpp.hpp:146[m[K,
[9.889s]                  from [01m[K/home/ashmitha/ros_ws/src/behaviors/include/behaviors/timed_behavior.hpp:28[m[K,
[9.889s]                  from [01m[K/home/ashmitha/ros_ws/src/behaviors/include/behaviors/plugins/teleop.hpp:10[m[K,
[9.889s]                  from [01m[K/home/ashmitha/ros_ws/src/behaviors/plugins/teleop.cpp:4[m[K:
[9.889s] [01m[K/home/ashmitha/ros_ws/src/behaviors/plugins/teleop.cpp:284:13:[m[K [01;31m[Kerror: [m[Kâ€˜[01m[Klogger_[m[Kâ€™ was not declared in this scope
[9.889s]   284 |             [01;31m[Klogger_[m[K,
[9.889s]       |             [01;31m[K^~~~~~~[m[K
[9.889s] [01m[K/home/ashmitha/ros_ws/src/behaviors/plugins/teleop.cpp:283:13:[m[K [01;31m[Kerror: [m[Ktemplate argument 1 is invalid
[9.889s]   283 |             [01;31m[KRCLCPP_WARN_STREAM[m[K(
[9.889s]       |             [01;31m[K^~~~~~~~~~~~~~~~~~[m[K
[9.889s] [01m[K/home/ashmitha/ros_ws/src/behaviors/plugins/teleop.cpp:283:13:[m[K [01;31m[Kerror: [m[Ktemplate argument 1 is invalid
[9.889s]   283 |             [01;31m[KRCLCPP_WARN_STREAM[m[K(
[9.889s]       |             [01;31m[K^~~~~~~~~~~~~~~~~~[m[K
[9.889s] [01m[K/home/ashmitha/ros_ws/src/behaviors/plugins/teleop.cpp:283:13:[m[K [01;31m[Kerror: [m[Ktemplate argument 1 is invalid
[9.889s]   283 |             [01;31m[KRCLCPP_WARN_STREAM[m[K(
[9.889s]       |             [01;31m[K^~~~~~~~~~~~~~~~~~[m[K
[9.890s] [01m[K/home/ashmitha/ros_ws/src/behaviors/plugins/teleop.cpp:285:63:[m[K [01;31m[Kerror: [m[Kâ€˜[01m[Kbehavior_name_[m[Kâ€™ was not declared in this scope
[9.891s]   285 |             "Exceeded time allowance before reaching the " << [01;31m[Kbehavior_name_[m[K.c_str() <<
[9.891s]       |                                                               [01;31m[K^~~~~~~~~~~~~~[m[K
[9.893s] [01m[K/home/ashmitha/ros_ws/src/behaviors/plugins/teleop.cpp:287:49:[m[K [01;31m[Kerror: [m[Kâ€˜[01m[KTeleopActionResult[m[Kâ€™ was not declared in this scope
[9.894s]   287 |             return ResultStatus{Status::FAILED, [01;31m[KTeleopActionResult[m[K::TIMEOUT};
[9.894s]       |                                                 [01;31m[K^~~~~~~~~~~~~~~~~~[m[K
[9.894s] [01m[K/home/ashmitha/ros_ws/src/behaviors/plugins/teleop.cpp:287:32:[m[K [01;31m[Kerror: [m[Kexpected primary-expression before â€˜[01m[K{[m[Kâ€™ token
[9.894s]   287 |             return ResultStatus[01;31m[K{[m[KStatus::FAILED, TeleopActionResult::TIMEOUT};
[9.894s]       |                                [01;31m[K^[m[K
[9.894s] [01m[K/home/ashmitha/ros_ws/src/behaviors/plugins/teleop.cpp:287:32:[m[K [01;31m[Kerror: [m[Kexpected â€˜[01m[K;[m[Kâ€™ before â€˜[01m[K{[m[Kâ€™ token
[9.894s]   287 |             return ResultStatus[01;31m[K{[m[KStatus::FAILED, TeleopActionResult::TIMEOUT};
[9.894s]       |                                [01;31m[K^[m[K
[9.894s]       |                                [32m[K;[m[K
[9.894s] [01m[K/home/ashmitha/ros_ws/src/behaviors/plugins/teleop.cpp:287:49:[m[K [01;31m[Kerror: [m[Kâ€˜[01m[KTeleopActionResult[m[Kâ€™ is not a class, namespace, or enumeration
[9.894s]   287 |             return ResultStatus{Status::FAILED, [01;31m[KTeleopActionResult[m[K::TIMEOUT};
[9.894s]       |                                                 [01;31m[K^~~~~~~~~~~~~~~~~~[m[K
[9.895s] [01m[K/home/ashmitha/ros_ws/src/behaviors/plugins/teleop.cpp:290:13:[m[K [01;31m[Kerror: [m[Kâ€˜[01m[Kpreempt_teleop_[m[Kâ€™ was not declared in this scope
[9.895s]   290 |         if ([01;31m[Kpreempt_teleop_[m[K)
[9.895s]       |             [01;31m[K^~~~~~~~~~~~~~~[m[K
[9.896s] [01m[K/home/ashmitha/ros_ws/src/behaviors/plugins/teleop.cpp:292:13:[m[K [01;31m[Kerror: [m[Kâ€˜[01m[KstopRobot[m[Kâ€™ was not declared in this scope
[9.896s]   292 |             [01;31m[KstopRobot[m[K();
[9.896s]       |             [01;31m[K^~~~~~~~~[m[K
[9.898s] [01m[K/home/ashmitha/ros_ws/src/behaviors/plugins/teleop.cpp:293:52:[m[K [01;31m[Kerror: [m[Kâ€˜[01m[KTeleopActionResult[m[Kâ€™ was not declared in this scope
[9.898s]   293 |             return ResultStatus{Status::SUCCEEDED, [01;31m[KTeleopActionResult[m[K::NONE};
[9.898s]       |                                                    [01;31m[K^~~~~~~~~~~~~~~~~~[m[K
[9.898s] [01m[K/home/ashmitha/ros_ws/src/behaviors/plugins/teleop.cpp:293:32:[m[K [01;31m[Kerror: [m[Kexpected primary-expression before â€˜[01m[K{[m[Kâ€™ token
[9.898s]   293 |             return ResultStatus[01;31m[K{[m[KStatus::SUCCEEDED, TeleopActionResult::NONE};
[9.898s]       |                                [01;31m[K^[m[K
[9.898s] [01m[K/home/ashmitha/ros_ws/src/behaviors/plugins/teleop.cpp:293:32:[m[K [01;31m[Kerror: [m[Kexpected â€˜[01m[K;[m[Kâ€™ before â€˜[01m[K{[m[Kâ€™ token
[9.899s]   293 |             return ResultStatus[01;31m[K{[m[KStatus::SUCCEEDED, TeleopActionResult::NONE};
[9.899s]       |                                [01;31m[K^[m[K
[9.899s]       |                                [32m[K;[m[K
[9.899s] [01m[K/home/ashmitha/ros_ws/src/behaviors/plugins/teleop.cpp:293:52:[m[K [01;31m[Kerror: [m[Kâ€˜[01m[KTeleopActionResult[m[Kâ€™ is not a class, namespace, or enumeration
[9.899s]   293 |             return ResultStatus{Status::SUCCEEDED, [01;31m[KTeleopActionResult[m[K::NONE};
[9.899s]       |                                                    [01;31m[K^~~~~~~~~~~~~~~~~~[m[K
[9.899s] [01m[K/home/ashmitha/ros_ws/src/behaviors/plugins/teleop.cpp:298:28:[m[K [01;31m[Kerror: [m[Kâ€˜[01m[Ktf_[m[Kâ€™ was not declared in this scope; did you mean â€˜[01m[Ktf2[m[Kâ€™?
[9.899s]   298 |             current_pose, *[01;31m[Ktf_[m[K, local_frame_, robot_base_frame_,
[9.899s]       |                            [01;31m[K^~~[m[K
[9.899s]       |                            [32m[Ktf2[m[K
[9.900s] [01m[K/home/ashmitha/ros_ws/src/behaviors/plugins/teleop.cpp:298:33:[m[K [01;31m[Kerror: [m[Kâ€˜[01m[Klocal_frame_[m[Kâ€™ was not declared in this scope
[9.900s]   298 |             current_pose, *tf_, [01;31m[Klocal_frame_[m[K, robot_base_frame_,
[9.900s]       |                                 [01;31m[K^~~~~~~~~~~~[m[K
[9.902s] [01m[K/home/ashmitha/ros_ws/src/behaviors/plugins/teleop.cpp:298:47:[m[K [01;31m[Kerror: [m[Kâ€˜[01m[Krobot_base_frame_[m[Kâ€™ was not declared in this scope
[9.902s]   298 |             current_pose, *tf_, local_frame_, [01;31m[Krobot_base_frame_[m[K,
[9.902s]       |                                               [01;31m[K^~~~~~~~~~~~~~~~~[m[K
[9.904s] [01m[K/home/ashmitha/ros_ws/src/behaviors/plugins/teleop.cpp:299:13:[m[K [01;31m[Kerror: [m[Kâ€˜[01m[Ktransform_tolerance_[m[Kâ€™ was not declared in this scope
[9.905s]   299 |             [01;31m[Ktransform_tolerance_[m[K))
[9.905s]       |             [01;31m[K^~~~~~~~~~~~~~~~~~~~[m[K
[9.905s] In file included from [01m[K/opt/ros/foxy/include/rclcpp/service.hpp:34[m[K,
[9.906s]                  from [01m[K/opt/ros/foxy/include/rclcpp/callback_group.hpp:25[m[K,
[9.906s]                  from [01m[K/opt/ros/foxy/include/rclcpp/any_executable.hpp:20[m[K,
[9.906s]                  from [01m[K/opt/ros/foxy/include/rclcpp/memory_strategy.hpp:24[m[K,
[9.906s]                  from [01m[K/opt/ros/foxy/include/rclcpp/memory_strategies.hpp:18[m[K,
[9.906s]                  from [01m[K/opt/ros/foxy/include/rclcpp/executor_options.hpp:20[m[K,
[9.906s]                  from [01m[K/opt/ros/foxy/include/rclcpp/executor.hpp:33[m[K,
[9.906s]                  from [01m[K/opt/ros/foxy/include/rclcpp/executors/multi_threaded_executor.hpp:26[m[K,
[9.906s]                  from [01m[K/opt/ros/foxy/include/rclcpp/executors.hpp:21[m[K,
[9.906s]                  from [01m[K/opt/ros/foxy/include/rclcpp/rclcpp.hpp:146[m[K,
[9.906s]                  from [01m[K/home/ashmitha/ros_ws/src/behaviors/include/behaviors/timed_behavior.hpp:28[m[K,
[9.906s]                  from [01m[K/home/ashmitha/ros_ws/src/behaviors/include/behaviors/plugins/teleop.hpp:10[m[K,
[9.906s]                  from [01m[K/home/ashmitha/ros_ws/src/behaviors/plugins/teleop.cpp:4[m[K:
[9.907s] [01m[K/home/ashmitha/ros_ws/src/behaviors/plugins/teleop.cpp:302:13:[m[K [01;31m[Kerror: [m[Kâ€˜[01m[Klogger_[m[Kâ€™ was not declared in this scope
[9.907s]   302 |             [01;31m[Klogger_[m[K,
[9.907s]       |             [01;31m[K^~~~~~~[m[K
[9.907s] [01m[K/home/ashmitha/ros_ws/src/behaviors/plugins/teleop.cpp:301:13:[m[K [01;31m[Kerror: [m[Ktemplate argument 1 is invalid
[9.907s]   301 |             [01;31m[KRCLCPP_ERROR_STREAM[m[K(
[9.907s]       |             [01;31m[K^~~~~~~~~~~~~~~~~~~[m[K
[9.907s] [01m[K/home/ashmitha/ros_ws/src/behaviors/plugins/teleop.cpp:301:13:[m[K [01;31m[Kerror: [m[Ktemplate argument 1 is invalid
[9.907s]   301 |             [01;31m[KRCLCPP_ERROR_STREAM[m[K(
[9.907s]       |             [01;31m[K^~~~~~~~~~~~~~~~~~~[m[K
[9.907s] [01m[K/home/ashmitha/ros_ws/src/behaviors/plugins/teleop.cpp:301:13:[m[K [01;31m[Kerror: [m[Ktemplate argument 1 is invalid
[9.907s]   301 |             [01;31m[KRCLCPP_ERROR_STREAM[m[K(
[9.907s]       |             [01;31m[K^~~~~~~~~~~~~~~~~~~[m[K
[9.908s] [01m[K/home/ashmitha/ros_ws/src/behaviors/plugins/teleop.cpp:304:17:[m[K [01;31m[Kerror: [m[Kâ€˜[01m[Kbehavior_name_[m[Kâ€™ was not declared in this scope
[9.908s]   304 |                 [01;31m[Kbehavior_name_[m[K.c_str());
[9.908s]       |                 [01;31m[K^~~~~~~~~~~~~~[m[K
[9.910s] [01m[K/home/ashmitha/ros_ws/src/behaviors/plugins/teleop.cpp:305:49:[m[K [01;31m[Kerror: [m[Kâ€˜[01m[KTeleopActionResult[m[Kâ€™ was not declared in this scope
[9.910s]   305 |             return ResultStatus{Status::FAILED, [01;31m[KTeleopActionResult[m[K::TF_ERROR};
[9.910s]       |                                                 [01;31m[K^~~~~~~~~~~~~~~~~~[m[K
[9.910s] [01m[K/home/ashmitha/ros_ws/src/behaviors/plugins/teleop.cpp:305:32:[m[K [01;31m[Kerror: [m[Kexpected primary-expression before â€˜[01m[K{[m[Kâ€™ token
[9.910s]   305 |             return ResultStatus[01;31m[K{[m[KStatus::FAILED, TeleopActionResult::TF_ERROR};
[9.910s]       |                                [01;31m[K^[m[K
[9.910s] [01m[K/home/ashmitha/ros_ws/src/behaviors/plugins/teleop.cpp:305:32:[m[K [01;31m[Kerror: [m[Kexpected â€˜[01m[K;[m[Kâ€™ before â€˜[01m[K{[m[Kâ€™ token
[9.911s]   305 |             return ResultStatus[01;31m[K{[m[KStatus::FAILED, TeleopActionResult::TF_ERROR};
[9.911s]       |                                [01;31m[K^[m[K
[9.911s]       |                                [32m[K;[m[K
[9.911s] [01m[K/home/ashmitha/ros_ws/src/behaviors/plugins/teleop.cpp:305:49:[m[K [01;31m[Kerror: [m[Kâ€˜[01m[KTeleopActionResult[m[Kâ€™ is not a class, namespace, or enumeration
[9.911s]   305 |             return ResultStatus{Status::FAILED, [01;31m[KTeleopActionResult[m[K::TF_ERROR};
[9.911s]       |                                                 [01;31m[K^~~~~~~~~~~~~~~~~~[m[K
[9.911s] [01m[K/home/ashmitha/ros_ws/src/behaviors/plugins/teleop.cpp:308:9:[m[K [01;31m[Kerror: [m[Kâ€˜[01m[Kvel_pub_[m[Kâ€™ was not declared in this scope
[9.911s]   308 |         [01;31m[Kvel_pub_[m[K->publish(std::move(twist));
[9.911s]       |         [01;31m[K^~~~~~~~[m[K
[9.915s] [01m[K/home/ashmitha/ros_ws/src/behaviors/plugins/teleop.cpp:310:46:[m[K [01;31m[Kerror: [m[Kâ€˜[01m[KTeleopActionResult[m[Kâ€™ was not declared in this scope
[9.915s]   310 |         return ResultStatus{Status::RUNNING, [01;31m[KTeleopActionResult[m[K::NONE};
[9.915s]       |                                              [01;31m[K^~~~~~~~~~~~~~~~~~[m[K
[9.915s] [01m[K/home/ashmitha/ros_ws/src/behaviors/plugins/teleop.cpp:310:28:[m[K [01;31m[Kerror: [m[Kexpected primary-expression before â€˜[01m[K{[m[Kâ€™ token
[9.915s]   310 |         return ResultStatus[01;31m[K{[m[KStatus::RUNNING, TeleopActionResult::NONE};
[9.915s]       |                            [01;31m[K^[m[K
[9.915s] [01m[K/home/ashmitha/ros_ws/src/behaviors/plugins/teleop.cpp:310:28:[m[K [01;31m[Kerror: [m[Kexpected â€˜[01m[K;[m[Kâ€™ before â€˜[01m[K{[m[Kâ€™ token
[9.915s]   310 |         return ResultStatus[01;31m[K{[m[KStatus::RUNNING, TeleopActionResult::NONE};
[9.915s]       |                            [01;31m[K^[m[K
[9.915s]       |                            [32m[K;[m[K
[9.915s] [01m[K/home/ashmitha/ros_ws/src/behaviors/plugins/teleop.cpp:310:46:[m[K [01;31m[Kerror: [m[Kâ€˜[01m[KTeleopActionResult[m[Kâ€™ is not a class, namespace, or enumeration
[9.916s]   310 |         return ResultStatus{Status::RUNNING, [01;31m[KTeleopActionResult[m[K::NONE};
[9.916s]       |                                              [01;31m[K^~~~~~~~~~~~~~~~~~[m[K
[9.916s] [01m[K/home/ashmitha/ros_ws/src/behaviors/plugins/teleop.cpp:[m[K At global scope:
[9.916s] [01m[K/home/ashmitha/ros_ws/src/behaviors/plugins/teleop.cpp:313:10:[m[K [01;31m[Kerror: [m[Kâ€˜[01m[KTeleop[m[Kâ€™ has not been declared
[9.916s]   313 |     void [01;31m[KTeleop[m[K::preemptTeleopCallback(const std_msgs::msg::Empty::SharedPtr)
[9.916s]       |          [01;31m[K^~~~~~[m[K
[9.919s] [01m[K/home/ashmitha/ros_ws/src/behaviors/plugins/teleop.cpp:[m[K In function â€˜[01m[Kvoid nav2_behaviors::preemptTeleopCallback(std_msgs::msg::Empty_<std::allocator<void> >::SharedPtr)[m[Kâ€™:
[9.919s] [01m[K/home/ashmitha/ros_ws/src/behaviors/plugins/teleop.cpp:315:9:[m[K [01;31m[Kerror: [m[Kâ€˜[01m[Kpreempt_teleop_[m[Kâ€™ was not declared in this scope
[9.920s]   315 |         [01;31m[Kpreempt_teleop_[m[K = true;
[9.920s]       |         [01;31m[K^~~~~~~~~~~~~~~[m[K
[9.930s] In file included from [01m[K/opt/ros/foxy/include/class_loader/class_loader.hpp:56[m[K,
[9.930s]                  from [01m[K/opt/ros/foxy/include/pluginlib/class_list_macros.hpp:40[m[K,
[9.930s]                  from [01m[K/home/ashmitha/ros_ws/src/behaviors/plugins/teleop.cpp:320[m[K:
[9.930s] [01m[K/home/ashmitha/ros_ws/src/behaviors/plugins/teleop.cpp:[m[K At global scope:
[9.930s] [01m[K/home/ashmitha/ros_ws/src/behaviors/plugins/teleop.cpp:321:24:[m[K [01;31m[Kerror: [m[Kâ€˜[01m[Kbehaviors[m[Kâ€™ does not name a type; did you mean â€˜[01m[Knav2_behaviors[m[Kâ€™?
[9.930s]   321 | PLUGINLIB_EXPORT_CLASS([01;31m[Kbehaviors[m[K::Teleop, nav2_core::Behavior)
[9.930s]       |                        [01;31m[K^~~~~~~~~[m[K
[9.932s] [01m[K/home/ashmitha/ros_ws/src/behaviors/plugins/teleop.cpp:[m[K In constructor â€˜[01m[K{anonymous}::ProxyExec0::ProxyExec0()[m[Kâ€™:
[9.933s] [01m[K/home/ashmitha/ros_ws/src/behaviors/plugins/teleop.cpp:321:1:[m[K [01;31m[Kerror: [m[Kâ€˜[01m[K_derived[m[Kâ€™ was not declared in this scope
[9.933s]   321 | [01;31m[KPLUGINLIB_EXPORT_CLASS[m[K(behaviors::Teleop, nav2_core::Behavior)
[9.933s]       | [01;31m[K^~~~~~~~~~~~~~~~~~~~~~[m[K
[9.933s] [01m[K/home/ashmitha/ros_ws/src/behaviors/plugins/teleop.cpp:321:1:[m[K [01;31m[Kerror: [m[Kno matching function for call to â€˜[01m[KregisterPlugin<<expression error>, {anonymous}::ProxyExec0::_base>(const char [18], const char [20])[m[Kâ€™
[9.933s]   321 | [01;31m[KPLUGINLIB_EXPORT_CLASS[m[K(behaviors::Teleop, nav2_core::Behavior)
[9.933s]       | [01;31m[K^~~~~~~~~~~~~~~~~~~~~~[m[K
[9.933s] In file included from [01m[K/opt/ros/foxy/include/class_loader/class_loader.hpp:55[m[K,
[9.933s]                  from [01m[K/opt/ros/foxy/include/pluginlib/class_list_macros.hpp:40[m[K,
[9.933s]                  from [01m[K/home/ashmitha/ros_ws/src/behaviors/plugins/teleop.cpp:320[m[K:
[9.933s] [01m[K/opt/ros/foxy/include/class_loader/class_loader_core.hpp:210:6:[m[K [01;36m[Knote: [m[Kcandidate: â€˜[01m[Ktemplate<class Derived, class Base> void class_loader::impl::registerPlugin(const string&, const string&)[m[Kâ€™
[9.933s]   210 | void [01;36m[KregisterPlugin[m[K(const std::string & class_name, const std::string & base_class_name)
[9.933s]       |      [01;36m[K^~~~~~~~~~~~~~[m[K
[9.934s] [01m[K/opt/ros/foxy/include/class_loader/class_loader_core.hpp:210:6:[m[K [01;36m[Knote: [m[K  template argument deduction/substitution failed:
[9.934s] In file included from [01m[K/opt/ros/foxy/include/class_loader/class_loader.hpp:56[m[K,
[9.934s]                  from [01m[K/opt/ros/foxy/include/pluginlib/class_list_macros.hpp:40[m[K,
[9.934s]                  from [01m[K/home/ashmitha/ros_ws/src/behaviors/plugins/teleop.cpp:320[m[K:
[9.934s] [01m[K/home/ashmitha/ros_ws/src/behaviors/plugins/teleop.cpp:321:1:[m[K [01;31m[Kerror: [m[Ktemplate argument 1 is invalid
[9.934s]   321 | [01;31m[KPLUGINLIB_EXPORT_CLASS[m[K(behaviors::Teleop, nav2_core::Behavior)
[9.934s]       | [01;31m[K^~~~~~~~~~~~~~~~~~~~~~[m[K
[10.030s] [01m[K/home/ashmitha/ros_ws/src/behaviors/src/behavior_server.cpp:[m[K In constructor â€˜[01m[Kbehavior_server::BehaviorServer::BehaviorServer(const rclcpp::NodeOptions&)[m[Kâ€™:
[10.030s] [01m[K/home/ashmitha/ros_ws/src/behaviors/src/behavior_server.cpp:32:26:[m[K [01;31m[Kerror: [m[Kno matching function for call to â€˜[01m[Knav2_util::LifecycleNode::LifecycleNode(const char [16], const char [1], const rclcpp::NodeOptions&)[m[Kâ€™
[10.030s]    32 |     "nav2_behaviors/Wait"[01;31m[K}[m[K
[10.030s]       |                          [01;31m[K^[m[K
[10.030s] In file included from [01m[K/home/ashmitha/ros_ws/src/behaviors/include/behaviors/behavior_server.hpp:21[m[K,
[10.030s]                  from [01m[K/home/ashmitha/ros_ws/src/behaviors/src/behavior_server.cpp:20[m[K:
[10.031s] [01m[K/opt/ros/foxy/include/nav2_util/lifecycle_node.hpp:39:3:[m[K [01;36m[Knote: [m[Kcandidate: â€˜[01m[Knav2_util::LifecycleNode::LifecycleNode(const string&, const string&, bool, const rclcpp::NodeOptions&)[m[Kâ€™
[10.031s]    39 |   [01;36m[KLifecycleNode[m[K(
[10.031s]       |   [01;36m[K^~~~~~~~~~~~~[m[K
[10.031s] [01m[K/opt/ros/foxy/include/nav2_util/lifecycle_node.hpp:42:10:[m[K [01;36m[Knote: [m[K  no known conversion for argument 3 from â€˜[01m[Kconst rclcpp::NodeOptions[m[Kâ€™ to â€˜[01m[Kbool[m[Kâ€™
[10.031s]    42 |     [01;36m[Kbool use_rclcpp_node = false[m[K,
[10.031s]       |     [01;36m[K~~~~~^~~~~~~~~~~~~~~~~~~~~~~[m[K
[10.055s] [01m[K/home/ashmitha/ros_ws/src/behaviors/src/behavior_server.cpp:[m[K In member function â€˜[01m[Kvirtual nav2_util::CallbackReturn behavior_server::BehaviorServer::on_activate(const rclcpp_lifecycle::State&)[m[Kâ€™:
[10.056s] [01m[K/home/ashmitha/ros_ws/src/behaviors/src/behavior_server.cpp:203:3:[m[K [01;31m[Kerror: [m[Kâ€˜[01m[KcreateBond[m[Kâ€™ was not declared in this scope
[10.056s]   203 |   [01;31m[KcreateBond[m[K();
[10.056s]       |   [01;31m[K^~~~~~~~~~[m[K
[10.059s] [01m[K/home/ashmitha/ros_ws/src/behaviors/src/behavior_server.cpp:[m[K In member function â€˜[01m[Kvirtual nav2_util::CallbackReturn behavior_server::BehaviorServer::on_deactivate(const rclcpp_lifecycle::State&)[m[Kâ€™:
[10.059s] [01m[K/home/ashmitha/ros_ws/src/behaviors/src/behavior_server.cpp:219:3:[m[K [01;31m[Kerror: [m[Kâ€˜[01m[KdestroyBond[m[Kâ€™ was not declared in this scope
[10.059s]   219 |   [01;31m[KdestroyBond[m[K();
[10.059s]       |   [01;31m[K^~~~~~~~~~~[m[K
[10.174s] In file included from [01m[K/usr/include/c++/9/memory:80[m[K,
[10.174s]                  from [01m[K/home/ashmitha/ros_ws/src/behaviors/src/behavior_server.cpp:15[m[K:
[10.174s] /usr/include/c++/9/bits/unique_ptr.h: In instantiation of â€˜[01m[Ktypename std::_MakeUniq<_Tp>::__single_object std::make_unique(_Args&& ...) [with _Tp = nav2_costmap_2d::FootprintSubscriber; _Args = {std::shared_ptr<nav2_util::LifecycleNode>, std::__cxx11::basic_string<char, std::char_traits<char>, std::allocator<char> >&, tf2_ros::Buffer&, std::__cxx11::basic_string<char, std::char_traits<char>, std::allocator<char> >&, double&}; typename std::_MakeUniq<_Tp>::__single_object = std::unique_ptr<nav2_costmap_2d::FootprintSubscriber>][m[Kâ€™:
[10.174s] [01m[K/home/ashmitha/ros_ws/src/behaviors/src/behavior_server.cpp:175:93:[m[K   required from here
[10.174s] [01m[K/usr/include/c++/9/bits/unique_ptr.h:857:30:[m[K [01;31m[Kerror: [m[Kno matching function for call to â€˜[01m[Knav2_costmap_2d::FootprintSubscriber::FootprintSubscriber(std::shared_ptr<nav2_util::LifecycleNode>, std::__cxx11::basic_string<char>&, tf2_ros::Buffer&, std::__cxx11::basic_string<char>&, double&)[m[Kâ€™
[10.174s]   857 |     { return unique_ptr<_Tp>([01;31m[Knew _Tp(std::forward<_Args>(__args)...)[m[K); }
[10.175s]       |                              [01;31m[K^~~~~~~~~~~~~~~~~~~~~~~~~~~~~~~~~~~~~~~[m[K
[10.175s] In file included from [01m[K/opt/ros/foxy/include/nav2_costmap_2d/costmap_topic_collision_checker.hpp:31[m[K,
[10.175s]                  from [01m[K/opt/ros/foxy/include/nav2_core/behavior.hpp:24[m[K,
[10.175s]                  from [01m[K/home/ashmitha/ros_ws/src/behaviors/include/behaviors/behavior_server.hpp:26[m[K,
[10.175s]                  from [01m[K/home/ashmitha/ros_ws/src/behaviors/src/behavior_server.cpp:20[m[K:
[10.175s] [01m[K/opt/ros/foxy/include/nav2_costmap_2d/footprint_subscriber.hpp:41:3:[m[K [01;36m[Knote: [m[Kcandidate: â€˜[01m[Knav2_costmap_2d::FootprintSubscriber::FootprintSubscriber(rclcpp::node_interfaces::NodeBaseInterface::SharedPtr, rclcpp::node_interfaces::NodeTopicsInterface::SharedPtr, rclcpp::node_interfaces::NodeLoggingInterface::SharedPtr, rclcpp::node_interfaces::NodeClockInterface::SharedPtr, const string&, const double&)[m[Kâ€™
[10.175s]    41 |   [01;36m[KFootprintSubscriber[m[K(
[10.175s]       |   [01;36m[K^~~~~~~~~~~~~~~~~~~[m[K
[10.175s] [01m[K/opt/ros/foxy/include/nav2_costmap_2d/footprint_subscriber.hpp:41:3:[m[K [01;36m[Knote: [m[K  candidate expects 6 arguments, 5 provided
[10.175s] [01m[K/opt/ros/foxy/include/nav2_costmap_2d/footprint_subscriber.hpp:36:3:[m[K [01;36m[Knote: [m[Kcandidate: â€˜[01m[Knav2_costmap_2d::FootprintSubscriber::FootprintSubscriber(rclcpp::Node::SharedPtr, const string&, const double&)[m[Kâ€™
[10.175s]    36 |   [01;36m[KFootprintSubscriber[m[K(
[10.175s]       |   [01;36m[K^~~~~~~~~~~~~~~~~~~[m[K
[10.175s] [01m[K/opt/ros/foxy/include/nav2_costmap_2d/footprint_subscriber.hpp:36:3:[m[K [01;36m[Knote: [m[K  candidate expects 3 arguments, 5 provided
[10.175s] [01m[K/opt/ros/foxy/include/nav2_costmap_2d/footprint_subscriber.hpp:31:3:[m[K [01;36m[Knote: [m[Kcandidate: â€˜[01m[Knav2_costmap_2d::FootprintSubscriber::FootprintSubscriber(rclcpp_lifecycle::LifecycleNode::SharedPtr, const string&, const double&)[m[Kâ€™
[10.175s]    31 |   [01;36m[KFootprintSubscriber[m[K(
[10.176s]       |   [01;36m[K^~~~~~~~~~~~~~~~~~~[m[K
[10.176s] [01m[K/opt/ros/foxy/include/nav2_costmap_2d/footprint_subscriber.hpp:31:3:[m[K [01;36m[Knote: [m[K  candidate expects 3 arguments, 5 provided
[10.176s] [01m[K/opt/ros/foxy/include/nav2_costmap_2d/footprint_subscriber.hpp:28:7:[m[K [01;36m[Knote: [m[Kcandidate: â€˜[01m[Knav2_costmap_2d::FootprintSubscriber::FootprintSubscriber(const nav2_costmap_2d::FootprintSubscriber&)[m[Kâ€™
[10.176s]    28 | class [01;36m[KFootprintSubscriber[m[K
[10.176s]       |       [01;36m[K^~~~~~~~~~~~~~~~~~~[m[K
[10.176s] [01m[K/opt/ros/foxy/include/nav2_costmap_2d/footprint_subscriber.hpp:28:7:[m[K [01;36m[Knote: [m[K  candidate expects 1 argument, 5 provided
[10.281s] cc1plus: all warnings being treated as errors
[10.291s] make[2]: *** [CMakeFiles/nav2_teleop_behavior.dir/build.make:76: CMakeFiles/nav2_teleop_behavior.dir/plugins/teleop.cpp.o] Error 1
[10.291s] make[1]: *** [CMakeFiles/Makefile2:141: CMakeFiles/nav2_teleop_behavior.dir/all] Error 2
[10.291s] make[1]: *** Waiting for unfinished jobs....
[10.542s] In file included from [01m[K/usr/include/x86_64-linux-gnu/c++/9/bits/c++allocator.h:33[m[K,
[10.542s]                  from [01m[K/usr/include/c++/9/bits/allocator.h:46[m[K,
[10.543s]                  from [01m[K/usr/include/c++/9/memory:63[m[K,
[10.543s]                  from [01m[K/home/ashmitha/ros_ws/src/behaviors/src/behavior_server.cpp:15[m[K:
[10.543s] /usr/include/c++/9/ext/new_allocator.h: In instantiation of â€˜[01m[Kvoid __gnu_cxx::new_allocator<_Tp>::construct(_Up*, _Args&& ...) [with _Up = nav2_costmap_2d::CostmapTopicCollisionChecker; _Args = {nav2_costmap_2d::CostmapSubscriber&, nav2_costmap_2d::FootprintSubscriber&, const char*}; _Tp = nav2_costmap_2d::CostmapTopicCollisionChecker][m[Kâ€™:
[10.543s] [01m[K/usr/include/c++/9/bits/alloc_traits.h:483:4:[m[K   required from â€˜[01m[Kstatic void std::allocator_traits<std::allocator<_Tp1> >::construct(std::allocator_traits<std::allocator<_Tp1> >::allocator_type&, _Up*, _Args&& ...) [with _Up = nav2_costmap_2d::CostmapTopicCollisionChecker; _Args = {nav2_costmap_2d::CostmapSubscriber&, nav2_costmap_2d::FootprintSubscriber&, const char*}; _Tp = nav2_costmap_2d::CostmapTopicCollisionChecker; std::allocator_traits<std::allocator<_Tp1> >::allocator_type = std::allocator<nav2_costmap_2d::CostmapTopicCollisionChecker>][m[Kâ€™
[10.543s] [01m[K/usr/include/c++/9/bits/shared_ptr_base.h:548:39:[m[K   required from â€˜[01m[Kstd::_Sp_counted_ptr_inplace<_Tp, _Alloc, _Lp>::_Sp_counted_ptr_inplace(_Alloc, _Args&& ...) [with _Args = {nav2_costmap_2d::CostmapSubscriber&, nav2_costmap_2d::FootprintSubscriber&, const char*}; _Tp = nav2_costmap_2d::CostmapTopicCollisionChecker; _Alloc = std::allocator<nav2_costmap_2d::CostmapTopicCollisionChecker>; __gnu_cxx::_Lock_policy _Lp = __gnu_cxx::_S_atomic][m[Kâ€™
[10.543s] [01m[K/usr/include/c++/9/bits/shared_ptr_base.h:679:16:[m[K   required from â€˜[01m[Kstd::__shared_count<_Lp>::__shared_count(_Tp*&, std::_Sp_alloc_shared_tag<_Alloc>, _Args&& ...) [with _Tp = nav2_costmap_2d::CostmapTopicCollisionChecker; _Alloc = std::allocator<nav2_costmap_2d::CostmapTopicCollisionChecker>; _Args = {nav2_costmap_2d::CostmapSubscriber&, nav2_costmap_2d::FootprintSubscriber&, const char*}; __gnu_cxx::_Lock_policy _Lp = __gnu_cxx::_S_atomic][m[Kâ€™
[10.543s] [01m[K/usr/include/c++/9/bits/shared_ptr_base.h:1344:71:[m[K   required from â€˜[01m[Kstd::__shared_ptr<_Tp, _Lp>::__shared_ptr(std::_Sp_alloc_shared_tag<_Tp>, _Args&& ...) [with _Alloc = std::allocator<nav2_costmap_2d::CostmapTopicCollisionChecker>; _Args = {nav2_costmap_2d::CostmapSubscriber&, nav2_costmap_2d::FootprintSubscriber&, const char*}; _Tp = nav2_costmap_2d::CostmapTopicCollisionChecker; __gnu_cxx::_Lock_policy _Lp = __gnu_cxx::_S_atomic][m[Kâ€™
[10.543s] [01m[K/usr/include/c++/9/bits/shared_ptr.h:359:59:[m[K   required from â€˜[01m[Kstd::shared_ptr<_Tp>::shared_ptr(std::_Sp_alloc_shared_tag<_Tp>, _Args&& ...) [with _Alloc = std::allocator<nav2_costmap_2d::CostmapTopicCollisionChecker>; _Args = {nav2_costmap_2d::CostmapSubscriber&, nav2_costmap_2d::FootprintSubscriber&, const char*}; _Tp = nav2_costmap_2d::CostmapTopicCollisionChecker][m[Kâ€™
[10.543s] [01m[K/usr/include/c++/9/bits/shared_ptr.h:701:14:[m[K   required from â€˜[01m[Kstd::shared_ptr<_Tp> std::allocate_shared(const _Alloc&, _Args&& ...) [with _Tp = nav2_costmap_2d::CostmapTopicCollisionChecker; _Alloc = std::allocator<nav2_costmap_2d::CostmapTopicCollisionChecker>; _Args = {nav2_costmap_2d::CostmapSubscriber&, nav2_costmap_2d::FootprintSubscriber&, const char*}][m[Kâ€™
[10.543s] [01m[K/usr/include/c++/9/bits/shared_ptr.h:717:39:[m[K   required from â€˜[01m[Kstd::shared_ptr<_Tp> std::make_shared(_Args&& ...) [with _Tp = nav2_costmap_2d::CostmapTopicCollisionChecker; _Args = {nav2_costmap_2d::CostmapSubscriber&, nav2_costmap_2d::FootprintSubscriber&, const char*}][m[Kâ€™
[10.543s] [01m[K/home/ashmitha/ros_ws/src/behaviors/src/behavior_server.cpp:178:61:[m[K   required from here
[10.543s] [01m[K/usr/include/c++/9/ext/new_allocator.h:146:4:[m[K [01;31m[Kerror: [m[Kno matching function for call to â€˜[01m[Knav2_costmap_2d::CostmapTopicCollisionChecker::CostmapTopicCollisionChecker(nav2_costmap_2d::CostmapSubscriber&, nav2_costmap_2d::FootprintSubscriber&, const char*)[m[Kâ€™
[10.543s]   146 |  { [01;31m[K::new((void *)__p) _Up(std::forward<_Args>(__args)...)[m[K; }
[10.543s]       |    [01;31m[K^~~~~~~~~~~~~~~~~~~~~~~~~~~~~~~~~~~~~~~~~~~~~~~~~~~~~~[m[K
[10.543s] In file included from [01m[K/opt/ros/foxy/include/nav2_core/behavior.hpp:24[m[K,
[10.544s]                  from [01m[K/home/ashmitha/ros_ws/src/behaviors/include/behaviors/behavior_server.hpp:26[m[K,
[10.544s]                  from [01m[K/home/ashmitha/ros_ws/src/behaviors/src/behavior_server.cpp:20[m[K:
[10.544s] [01m[K/opt/ros/foxy/include/nav2_costmap_2d/costmap_topic_collision_checker.hpp:44:3:[m[K [01;36m[Knote: [m[Kcandidate: â€˜[01m[Knav2_costmap_2d::CostmapTopicCollisionChecker::CostmapTopicCollisionChecker(nav2_costmap_2d::CostmapSubscriber&, nav2_costmap_2d::FootprintSubscriber&, tf2_ros::Buffer&, std::string, std::string, std::string, double)[m[Kâ€™
[10.544s]    44 |   [01;36m[KCostmapTopicCollisionChecker[m[K(
[10.544s]       |   [01;36m[K^~~~~~~~~~~~~~~~~~~~~~~~~~~~[m[K
[10.544s] [01m[K/opt/ros/foxy/include/nav2_costmap_2d/costmap_topic_collision_checker.hpp:47:23:[m[K [01;36m[Knote: [m[K  no known conversion for argument 3 from â€˜[01m[Kconst char*[m[Kâ€™ to â€˜[01m[Ktf2_ros::Buffer&[m[Kâ€™
[10.544s]    47 |     [01;36m[Ktf2_ros::Buffer & tf[m[K,
[10.544s]       |     [01;36m[K~~~~~~~~~~~~~~~~~~^~[m[K
[10.544s] [01m[K/opt/ros/foxy/include/nav2_costmap_2d/costmap_topic_collision_checker.hpp:41:7:[m[K [01;36m[Knote: [m[Kcandidate: â€˜[01m[Knav2_costmap_2d::CostmapTopicCollisionChecker::CostmapTopicCollisionChecker(const nav2_costmap_2d::CostmapTopicCollisionChecker&)[m[Kâ€™
[10.544s]    41 | class [01;36m[KCostmapTopicCollisionChecker[m[K
[10.544s]       |       [01;36m[K^~~~~~~~~~~~~~~~~~~~~~~~~~~~[m[K
[10.544s] [01m[K/opt/ros/foxy/include/nav2_costmap_2d/costmap_topic_collision_checker.hpp:41:7:[m[K [01;36m[Knote: [m[K  candidate expects 1 argument, 3 provided
[10.923s] make[2]: *** [CMakeFiles/behavior_server_core.dir/build.make:76: CMakeFiles/behavior_server_core.dir/src/behavior_server.cpp.o] Error 1
[10.923s] make[1]: *** [CMakeFiles/Makefile2:167: CMakeFiles/behavior_server_core.dir/all] Error 2
[10.923s] make: *** [Makefile:146: all] Error 2
[10.926s] Invoked command in '/home/ashmitha/ros_ws/build/behaviors' returned '2': AMENT_PREFIX_PATH=/home/ashmitha/ros_ws/install/msgs:${AMENT_PREFIX_PATH} CMAKE_PREFIX_PATH=/home/ashmitha/ros_ws/install/msgs:/opt/ros/foxy CONDA_PROMPT_MODIFIER=(base) LD_LIBRARY_PATH=/home/ashmitha/ros_ws/install/msgs/lib:${LD_LIBRARY_PATH} PYTHONPATH=/home/ashmitha/ros_ws/install/msgs/lib/python3.11/site-packages:${PYTHONPATH} /home/ashmitha/.local/bin/cmake --build /home/ashmitha/ros_ws/build/behaviors -- -j8 -l8
