[0.059s] Invoking command in '/home/ashmitha/ros_ws/build/behaviors': AMENT_PREFIX_PATH=/home/ashmitha/ros_ws/install/msgs:${AMENT_PREFIX_PATH} CMAKE_PREFIX_PATH=/home/ashmitha/ros_ws/install/msgs:/opt/ros/foxy CONDA_PROMPT_MODIFIER=(base) LD_LIBRARY_PATH=/home/ashmitha/ros_ws/install/msgs/lib:${LD_LIBRARY_PATH} PYTHONPATH=/home/ashmitha/ros_ws/install/msgs/lib/python3.11/site-packages:${PYTHONPATH} /home/ashmitha/.local/bin/cmake --build /home/ashmitha/ros_ws/build/behaviors -- -j8 -l8
[0.135s] [ 16%] [32mBuilding CXX object CMakeFiles/nav2_teleop_behavior.dir/plugins/teleop.cpp.o[0m
[0.151s] [ 33%] [32mBuilding CXX object CMakeFiles/behavior_server_core.dir/src/behavior_server.cpp.o[0m
[2.391s] In file included from [01m[K/home/ashmitha/ros_ws/src/behaviors/include/behaviors/plugins/teleop.hpp:12[m[K,
[2.392s]                  from [01m[K/home/ashmitha/ros_ws/src/behaviors/plugins/teleop.cpp:4[m[K:
[2.392s] [01m[K/home/ashmitha/ros_ws/src/behaviors/include/behaviors/timed_behavior.hpp:68:1:[m[K [01;31m[Kerror: [m[Kexpected class-name before â€˜[01m[K{[m[Kâ€™ token
[2.392s]    68 | [01;31m[K{[m[K
[2.392s]       | [01;31m[K^[m[K
[2.406s] [01m[K/home/ashmitha/ros_ws/src/behaviors/include/behaviors/timed_behavior.hpp:[m[K In constructor â€˜[01m[Knav2_behaviors::TimedBehavior<ActionT>::TimedBehavior()[m[Kâ€™:
[2.407s] [01m[K/home/ashmitha/ros_ws/src/behaviors/include/behaviors/timed_behavior.hpp:79:3:[m[K [01;31m[Kerror: [m[Kexpected identifier before â€˜[01m[K{[m[Kâ€™ token
[2.407s]    79 |   [01;31m[K{[m[K
[2.407s]       |   [01;31m[K^[m[K
[2.407s] [01m[K/home/ashmitha/ros_ws/src/behaviors/include/behaviors/timed_behavior.hpp:[m[K In member function â€˜[01m[Kvoid nav2_behaviors::TimedBehavior<ActionT>::configure(const SharedPtr&, const string&, std::shared_ptr<tf2_ros::Buffer>, std::shared_ptr<nav2_costmap_2d::CostmapTopicCollisionChecker>)[m[Kâ€™:
[2.407s] [01m[K/home/ashmitha/ros_ws/src/behaviors/include/behaviors/timed_behavior.hpp:117:23:[m[K [01;31m[Kerror: [m[Kâ€˜[01m[Kusing SharedPtr = class std::shared_ptr<rclcpp_lifecycle::LifecycleNode>[m[Kâ€™ {aka â€˜[01m[Kclass std::shared_ptr<rclcpp_lifecycle::LifecycleNode>[m[Kâ€™} has no member named â€˜[01m[Klock[m[Kâ€™
[2.407s]   117 |     auto node = node_.[01;31m[Klock[m[K();
[2.407s]       |                       [01;31m[K^~~~[m[K
[2.409s] [01m[K/home/ashmitha/ros_ws/src/behaviors/include/behaviors/timed_behavior.hpp:119:5:[m[K [01;31m[Kerror: [m[Kâ€˜[01m[Klogger_[m[Kâ€™ was not declared in this scope
[2.410s]   119 |     [01;31m[Klogger_[m[K = node->get_logger();
[2.410s]       |     [01;31m[K^~~~~~~[m[K
[2.410s] In file included from [01m[K/opt/ros/foxy/include/rclcpp/service.hpp:34[m[K,
[2.410s]                  from [01m[K/opt/ros/foxy/include/rclcpp/callback_group.hpp:25[m[K,
[2.410s]                  from [01m[K/opt/ros/foxy/include/rclcpp/any_executable.hpp:20[m[K,
[2.410s]                  from [01m[K/opt/ros/foxy/include/rclcpp/memory_strategy.hpp:24[m[K,
[2.410s]                  from [01m[K/opt/ros/foxy/include/rclcpp/memory_strategies.hpp:18[m[K,
[2.410s]                  from [01m[K/opt/ros/foxy/include/rclcpp/executor_options.hpp:20[m[K,
[2.410s]                  from [01m[K/opt/ros/foxy/include/rclcpp/executor.hpp:33[m[K,
[2.410s]                  from [01m[K/opt/ros/foxy/include/rclcpp/executors/multi_threaded_executor.hpp:26[m[K,
[2.410s]                  from [01m[K/opt/ros/foxy/include/rclcpp/executors.hpp:21[m[K,
[2.411s]                  from [01m[K/opt/ros/foxy/include/rclcpp/rclcpp.hpp:146[m[K,
[2.411s]                  from [01m[K/home/ashmitha/ros_ws/src/behaviors/include/behaviors/timed_behavior.hpp:31[m[K,
[2.411s]                  from [01m[K/home/ashmitha/ros_ws/src/behaviors/include/behaviors/plugins/teleop.hpp:12[m[K,
[2.411s]                  from [01m[K/home/ashmitha/ros_ws/src/behaviors/plugins/teleop.cpp:4[m[K:
[2.411s] [01m[K/home/ashmitha/ros_ws/src/behaviors/include/behaviors/timed_behavior.hpp:121:5:[m[K [01;31m[Kerror: [m[Ktemplate argument 1 is invalid
[2.411s]   121 |     [01;31m[KRCLCPP_INFO[m[K(logger_, "Configuring %s", name.c_str());
[2.411s]       |     [01;31m[K^~~~~~~~~~~[m[K
[2.411s] [01m[K/home/ashmitha/ros_ws/src/behaviors/include/behaviors/timed_behavior.hpp:121:5:[m[K [01;31m[Kerror: [m[Ktemplate argument 1 is invalid
[2.411s]   121 |     [01;31m[KRCLCPP_INFO[m[K(logger_, "Configuring %s", name.c_str());
[2.411s]       |     [01;31m[K^~~~~~~~~~~[m[K
[2.411s] [01m[K/home/ashmitha/ros_ws/src/behaviors/include/behaviors/timed_behavior.hpp:121:5:[m[K [01;31m[Kerror: [m[Ktemplate argument 1 is invalid
[2.411s]   121 |     [01;31m[KRCLCPP_INFO[m[K(logger_, "Configuring %s", name.c_str());
[2.412s]       |     [01;31m[K^~~~~~~~~~~[m[K
[2.412s] In file included from [01m[K/home/ashmitha/ros_ws/src/behaviors/include/behaviors/plugins/teleop.hpp:12[m[K,
[2.412s]                  from [01m[K/home/ashmitha/ros_ws/src/behaviors/plugins/teleop.cpp:4[m[K:
[2.412s] [01m[K/home/ashmitha/ros_ws/src/behaviors/include/behaviors/timed_behavior.hpp:141:73:[m[K [01;31m[Kerror: [m[Kexpected primary-expression before â€˜[01m[K>[m[Kâ€™ token
[2.412s]   141 |     vel_pub_ = node->template create_publisher<geometry_msgs::msg::Twist[01;31m[K>[m[K("cmd_vel", 1);
[2.412s]       |                                                                         [01;31m[K^[m[K
[2.413s] In file included from [01m[K/opt/ros/foxy/include/rclcpp/service.hpp:34[m[K,
[2.414s]                  from [01m[K/opt/ros/foxy/include/rclcpp/callback_group.hpp:25[m[K,
[2.414s]                  from [01m[K/opt/ros/foxy/include/rclcpp/any_executable.hpp:20[m[K,
[2.414s]                  from [01m[K/opt/ros/foxy/include/rclcpp/memory_strategy.hpp:24[m[K,
[2.414s]                  from [01m[K/opt/ros/foxy/include/rclcpp/memory_strategies.hpp:18[m[K,
[2.414s]                  from [01m[K/opt/ros/foxy/include/rclcpp/executor_options.hpp:20[m[K,
[2.414s]                  from [01m[K/opt/ros/foxy/include/rclcpp/executor.hpp:33[m[K,
[2.414s]                  from [01m[K/opt/ros/foxy/include/rclcpp/executors/multi_threaded_executor.hpp:26[m[K,
[2.414s]                  from [01m[K/opt/ros/foxy/include/rclcpp/executors.hpp:21[m[K,
[2.414s]                  from [01m[K/opt/ros/foxy/include/rclcpp/rclcpp.hpp:146[m[K,
[2.414s]                  from [01m[K/home/ashmitha/ros_ws/src/behaviors/include/behaviors/timed_behavior.hpp:31[m[K,
[2.414s]                  from [01m[K/home/ashmitha/ros_ws/src/behaviors/include/behaviors/plugins/teleop.hpp:12[m[K,
[2.414s]                  from [01m[K/home/ashmitha/ros_ws/src/behaviors/plugins/teleop.cpp:4[m[K:
[2.414s] [01m[K/home/ashmitha/ros_ws/src/behaviors/include/behaviors/timed_behavior.hpp:[m[K In member function â€˜[01m[Kvoid nav2_behaviors::TimedBehavior<ActionT>::activate()[m[Kâ€™:
[2.415s] [01m[K/home/ashmitha/ros_ws/src/behaviors/include/behaviors/timed_behavior.hpp:157:17:[m[K [01;31m[Kerror: [m[Kâ€˜[01m[Klogger_[m[Kâ€™ was not declared in this scope
[2.415s]   157 |     RCLCPP_INFO([01;31m[Klogger_[m[K, "Activating %s", behavior_name_.c_str());
[2.415s]       |                 [01;31m[K^~~~~~~[m[K
[2.415s] [01m[K/home/ashmitha/ros_ws/src/behaviors/include/behaviors/timed_behavior.hpp:157:5:[m[K [01;31m[Kerror: [m[Ktemplate argument 1 is invalid
[2.415s]   157 |     [01;31m[KRCLCPP_INFO[m[K(logger_, "Activating %s", behavior_name_.c_str());
[2.415s]       |     [01;31m[K^~~~~~~~~~~[m[K
[2.415s] [01m[K/home/ashmitha/ros_ws/src/behaviors/include/behaviors/timed_behavior.hpp:157:5:[m[K [01;31m[Kerror: [m[Ktemplate argument 1 is invalid
[2.416s]   157 |     [01;31m[KRCLCPP_INFO[m[K(logger_, "Activating %s", behavior_name_.c_str());
[2.417s]       |     [01;31m[K^~~~~~~~~~~[m[K
[2.417s] [01m[K/home/ashmitha/ros_ws/src/behaviors/include/behaviors/timed_behavior.hpp:157:5:[m[K [01;31m[Kerror: [m[Ktemplate argument 1 is invalid
[2.417s]   157 |     [01;31m[KRCLCPP_INFO[m[K(logger_, "Activating %s", behavior_name_.c_str());
[2.417s]       |     [01;31m[K^~~~~~~~~~~[m[K
[2.418s] [01m[K/home/ashmitha/ros_ws/src/behaviors/include/behaviors/timed_behavior.hpp:[m[K In member function â€˜[01m[Kvoid nav2_behaviors::TimedBehavior<ActionT>::execute()[m[Kâ€™:
[2.418s] [01m[K/home/ashmitha/ros_ws/src/behaviors/include/behaviors/timed_behavior.hpp:193:17:[m[K [01;31m[Kerror: [m[Kâ€˜[01m[Klogger_[m[Kâ€™ was not declared in this scope
[2.418s]   193 |     RCLCPP_INFO([01;31m[Klogger_[m[K, "Running %s", behavior_name_.c_str());
[2.418s]       |                 [01;31m[K^~~~~~~[m[K
[2.418s] [01m[K/home/ashmitha/ros_ws/src/behaviors/include/behaviors/timed_behavior.hpp:193:5:[m[K [01;31m[Kerror: [m[Ktemplate argument 1 is invalid
[2.418s]   193 |     [01;31m[KRCLCPP_INFO[m[K(logger_, "Running %s", behavior_name_.c_str());
[2.418s]       |     [01;31m[K^~~~~~~~~~~[m[K
[2.418s] [01m[K/home/ashmitha/ros_ws/src/behaviors/include/behaviors/timed_behavior.hpp:193:5:[m[K [01;31m[Kerror: [m[Ktemplate argument 1 is invalid
[2.418s]   193 |     [01;31m[KRCLCPP_INFO[m[K(logger_, "Running %s", behavior_name_.c_str());
[2.418s]       |     [01;31m[K^~~~~~~~~~~[m[K
[2.418s] [01m[K/home/ashmitha/ros_ws/src/behaviors/include/behaviors/timed_behavior.hpp:193:5:[m[K [01;31m[Kerror: [m[Ktemplate argument 1 is invalid
[2.418s]   193 |     [01;31m[KRCLCPP_INFO[m[K(logger_, "Running %s", behavior_name_.c_str());
[2.419s]       |     [01;31m[K^~~~~~~~~~~[m[K
[2.421s] [01m[K/home/ashmitha/ros_ws/src/behaviors/include/behaviors/timed_behavior.hpp:197:9:[m[K [01;31m[Kerror: [m[Kâ€˜[01m[Klogger_[m[Kâ€™ was not declared in this scope
[2.421s]   197 |         [01;31m[Klogger_[m[K,
[2.421s]       |         [01;31m[K^~~~~~~[m[K
[2.422s] [01m[K/home/ashmitha/ros_ws/src/behaviors/include/behaviors/timed_behavior.hpp:196:7:[m[K [01;31m[Kerror: [m[Ktemplate argument 1 is invalid
[2.422s]   196 |       [01;31m[KRCLCPP_WARN[m[K(
[2.422s]       |       [01;31m[K^~~~~~~~~~~[m[K
[2.422s] [01m[K/home/ashmitha/ros_ws/src/behaviors/include/behaviors/timed_behavior.hpp:196:7:[m[K [01;31m[Kerror: [m[Ktemplate argument 1 is invalid
[2.422s]   196 |       [01;31m[KRCLCPP_WARN[m[K(
[2.422s]       |       [01;31m[K^~~~~~~~~~~[m[K
[2.422s] [01m[K/home/ashmitha/ros_ws/src/behaviors/include/behaviors/timed_behavior.hpp:196:7:[m[K [01;31m[Kerror: [m[Ktemplate argument 1 is invalid
[2.422s]   196 |       [01;31m[KRCLCPP_WARN[m[K(
[2.422s]       |       [01;31m[K^~~~~~~~~~~[m[K
[2.425s] In file included from [01m[K/home/ashmitha/ros_ws/src/behaviors/include/behaviors/plugins/teleop.hpp:12[m[K,
[2.425s]                  from [01m[K/home/ashmitha/ros_ws/src/behaviors/plugins/teleop.cpp:4[m[K:
[2.425s] [01m[K/home/ashmitha/ros_ws/src/behaviors/include/behaviors/timed_behavior.hpp:205:5:[m[K [01;31m[Kerror: [m[Kâ€˜[01m[KResultStatus[m[Kâ€™ was not declared in this scope
[2.425s]   205 |     [01;31m[KResultStatus[m[K on_run_result = onRun(action_server_->get_current_goal());
[2.425s]       |     [01;31m[K^~~~~~~~~~~~[m[K
[2.428s] [01m[K/home/ashmitha/ros_ws/src/behaviors/include/behaviors/timed_behavior.hpp:206:9:[m[K [01;31m[Kerror: [m[Kâ€˜[01m[Kon_run_result[m[Kâ€™ was not declared in this scope
[2.429s]   206 |     if ([01;31m[Kon_run_result[m[K != Status::SUCCEEDED) {
[2.429s]       |         [01;31m[K^~~~~~~~~~~~~[m[K
[2.431s] In file included from [01m[K/opt/ros/foxy/include/rclcpp/service.hpp:34[m[K,
[2.431s]                  from [01m[K/opt/ros/foxy/include/rclcpp/callback_group.hpp:25[m[K,
[2.431s]                  from [01m[K/opt/ros/foxy/include/rclcpp/any_executable.hpp:20[m[K,
[2.431s]                  from [01m[K/opt/ros/foxy/include/rclcpp/memory_strategy.hpp:24[m[K,
[2.431s]                  from [01m[K/opt/ros/foxy/include/rclcpp/memory_strategies.hpp:18[m[K,
[2.431s]                  from [01m[K/opt/ros/foxy/include/rclcpp/executor_options.hpp:20[m[K,
[2.432s]                  from [01m[K/opt/ros/foxy/include/rclcpp/executor.hpp:33[m[K,
[2.432s]                  from [01m[K/opt/ros/foxy/include/rclcpp/executors/multi_threaded_executor.hpp:26[m[K,
[2.432s]                  from [01m[K/opt/ros/foxy/include/rclcpp/executors.hpp:21[m[K,
[2.432s]                  from [01m[K/opt/ros/foxy/include/rclcpp/rclcpp.hpp:146[m[K,
[2.432s]                  from [01m[K/home/ashmitha/ros_ws/src/behaviors/include/behaviors/timed_behavior.hpp:31[m[K,
[2.432s]                  from [01m[K/home/ashmitha/ros_ws/src/behaviors/include/behaviors/plugins/teleop.hpp:12[m[K,
[2.432s]                  from [01m[K/home/ashmitha/ros_ws/src/behaviors/plugins/teleop.cpp:4[m[K:
[2.432s] [01m[K/home/ashmitha/ros_ws/src/behaviors/include/behaviors/timed_behavior.hpp:208:9:[m[K [01;31m[Kerror: [m[Kâ€˜[01m[Klogger_[m[Kâ€™ was not declared in this scope
[2.432s]   208 |         [01;31m[Klogger_[m[K,
[2.432s]       |         [01;31m[K^~~~~~~[m[K
[2.432s] [01m[K/home/ashmitha/ros_ws/src/behaviors/include/behaviors/timed_behavior.hpp:207:7:[m[K [01;31m[Kerror: [m[Ktemplate argument 1 is invalid
[2.433s]   207 |       [01;31m[KRCLCPP_INFO[m[K(
[2.433s]       |       [01;31m[K^~~~~~~~~~~[m[K
[2.433s] [01m[K/home/ashmitha/ros_ws/src/behaviors/include/behaviors/timed_behavior.hpp:207:7:[m[K [01;31m[Kerror: [m[Ktemplate argument 1 is invalid
[2.433s]   207 |       [01;31m[KRCLCPP_INFO[m[K(
[2.433s]       |       [01;31m[K^~~~~~~~~~~[m[K
[2.433s] [01m[K/home/ashmitha/ros_ws/src/behaviors/include/behaviors/timed_behavior.hpp:207:7:[m[K [01;31m[Kerror: [m[Ktemplate argument 1 is invalid
[2.433s]   207 |       [01;31m[KRCLCPP_INFO[m[K(
[2.433s]       |       [01;31m[K^~~~~~~~~~~[m[K
[2.436s] In file included from [01m[K/opt/ros/foxy/include/rclcpp/client.hpp:40[m[K,
[2.436s]                  from [01m[K/opt/ros/foxy/include/rclcpp/callback_group.hpp:23[m[K,
[2.436s]                  from [01m[K/opt/ros/foxy/include/rclcpp/any_executable.hpp:20[m[K,
[2.436s]                  from [01m[K/opt/ros/foxy/include/rclcpp/memory_strategy.hpp:24[m[K,
[2.437s]                  from [01m[K/opt/ros/foxy/include/rclcpp/memory_strategies.hpp:18[m[K,
[2.437s]                  from [01m[K/opt/ros/foxy/include/rclcpp/executor_options.hpp:20[m[K,
[2.437s]                  from [01m[K/opt/ros/foxy/include/rclcpp/executor.hpp:33[m[K,
[2.437s]                  from [01m[K/opt/ros/foxy/include/rclcpp/executors/multi_threaded_executor.hpp:26[m[K,
[2.437s]                  from [01m[K/opt/ros/foxy/include/rclcpp/executors.hpp:21[m[K,
[2.437s]                  from [01m[K/opt/ros/foxy/include/rclcpp/rclcpp.hpp:146[m[K,
[2.437s]                  from [01m[K/home/ashmitha/ros_ws/src/behaviors/include/behaviors/timed_behavior.hpp:31[m[K,
[2.437s]                  from [01m[K/home/ashmitha/ros_ws/src/behaviors/include/behaviors/plugins/teleop.hpp:12[m[K,
[2.437s]                  from [01m[K/home/ashmitha/ros_ws/src/behaviors/plugins/teleop.cpp:4[m[K:
[2.437s] [01m[K/home/ashmitha/ros_ws/src/behaviors/include/behaviors/timed_behavior.hpp:[m[K In lambda function:
[2.437s] [01m[K/home/ashmitha/ros_ws/src/behaviors/include/behaviors/timed_behavior.hpp:216:64:[m[K [01;31m[Kerror: [m[Kâ€˜[01m[Krecovery_name_[m[Kâ€™ was not declared in this scope
[2.438s]   216 |       [&]() {RCLCPP_INFO(node_->get_logger(), "%s running...", [01;31m[Krecovery_name_[m[K.c_str());});
[2.438s]       |                                                                [01;31m[K^~~~~~~~~~~~~~[m[K
[2.438s] In file included from [01m[K/home/ashmitha/ros_ws/src/behaviors/include/behaviors/plugins/teleop.hpp:12[m[K,
[2.438s]                  from [01m[K/home/ashmitha/ros_ws/src/behaviors/plugins/teleop.cpp:4[m[K:
[2.438s] [01m[K/home/ashmitha/ros_ws/src/behaviors/include/behaviors/timed_behavior.hpp:[m[K In member function â€˜[01m[Kvoid nav2_behaviors::TimedBehavior<ActionT>::execute()[m[Kâ€™:
[2.438s] [01m[K/home/ashmitha/ros_ws/src/behaviors/include/behaviors/timed_behavior.hpp:219:10:[m[K [01;31m[Kerror: [m[Kredeclaration of â€˜[01m[Kauto result[m[Kâ€™
[2.438s]   219 |     auto [01;31m[Kresult[m[K = std::make_shared<typename ActionT::Result>();
[2.438s]       |          [01;31m[K^~~~~~[m[K
[2.438s] [01m[K/home/ashmitha/ros_ws/src/behaviors/include/behaviors/timed_behavior.hpp:203:10:[m[K [01;36m[Knote: [m[Kâ€˜[01m[Kauto result[m[Kâ€™ previously declared here
[2.438s]   203 |     auto [01;36m[Kresult[m[K = std::make_shared<typename ActionT::Result>();
[2.439s]       |          [01;36m[K^~~~~~[m[K
[2.440s] [01m[K/home/ashmitha/ros_ws/src/behaviors/include/behaviors/timed_behavior.hpp:223:7:[m[K [01;31m[Kerror: [m[Kâ€˜[01m[Kelasped_time_[m[Kâ€™ was not declared in this scope
[2.440s]   223 |       [01;31m[Kelasped_time_[m[K = steady_clock_.now() - start_time;
[2.440s]       |       [01;31m[K^~~~~~~~~~~~~[m[K
[2.443s] In file included from [01m[K/opt/ros/foxy/include/rclcpp/service.hpp:34[m[K,
[2.443s]                  from [01m[K/opt/ros/foxy/include/rclcpp/callback_group.hpp:25[m[K,
[2.443s]                  from [01m[K/opt/ros/foxy/include/rclcpp/any_executable.hpp:20[m[K,
[2.443s]                  from [01m[K/opt/ros/foxy/include/rclcpp/memory_strategy.hpp:24[m[K,
[2.443s]                  from [01m[K/opt/ros/foxy/include/rclcpp/memory_strategies.hpp:18[m[K,
[2.443s]                  from [01m[K/opt/ros/foxy/include/rclcpp/executor_options.hpp:20[m[K,
[2.443s]                  from [01m[K/opt/ros/foxy/include/rclcpp/executor.hpp:33[m[K,
[2.443s]                  from [01m[K/opt/ros/foxy/include/rclcpp/executors/multi_threaded_executor.hpp:26[m[K,
[2.443s]                  from [01m[K/opt/ros/foxy/include/rclcpp/executors.hpp:21[m[K,
[2.444s]                  from [01m[K/opt/ros/foxy/include/rclcpp/rclcpp.hpp:146[m[K,
[2.444s]                  from [01m[K/home/ashmitha/ros_ws/src/behaviors/include/behaviors/timed_behavior.hpp:31[m[K,
[2.444s]                  from [01m[K/home/ashmitha/ros_ws/src/behaviors/include/behaviors/plugins/teleop.hpp:12[m[K,
[2.444s]                  from [01m[K/home/ashmitha/ros_ws/src/behaviors/plugins/teleop.cpp:4[m[K:
[2.444s] [01m[K/home/ashmitha/ros_ws/src/behaviors/include/behaviors/timed_behavior.hpp:225:21:[m[K [01;31m[Kerror: [m[Kâ€˜[01m[Klogger_[m[Kâ€™ was not declared in this scope
[2.444s]   225 |         RCLCPP_INFO([01;31m[Klogger_[m[K, "Canceling %s", behavior_name_.c_str());
[2.444s]       |                     [01;31m[K^~~~~~~[m[K
[2.444s] [01m[K/home/ashmitha/ros_ws/src/behaviors/include/behaviors/timed_behavior.hpp:225:9:[m[K [01;31m[Kerror: [m[Ktemplate argument 1 is invalid
[2.444s]   225 |         [01;31m[KRCLCPP_INFO[m[K(logger_, "Canceling %s", behavior_name_.c_str());
[2.444s]       |         [01;31m[K^~~~~~~~~~~[m[K
[2.445s] [01m[K/home/ashmitha/ros_ws/src/behaviors/include/behaviors/timed_behavior.hpp:225:9:[m[K [01;31m[Kerror: [m[Ktemplate argument 1 is invalid
[2.445s]   225 |         [01;31m[KRCLCPP_INFO[m[K(logger_, "Canceling %s", behavior_name_.c_str());
[2.445s]       |         [01;31m[K^~~~~~~~~~~[m[K
[2.445s] [01m[K/home/ashmitha/ros_ws/src/behaviors/include/behaviors/timed_behavior.hpp:225:9:[m[K [01;31m[Kerror: [m[Ktemplate argument 1 is invalid
[2.445s]   225 |         [01;31m[KRCLCPP_INFO[m[K(logger_, "Canceling %s", behavior_name_.c_str());
[2.446s]       |         [01;31m[K^~~~~~~~~~~[m[K
[2.446s] [01m[K/home/ashmitha/ros_ws/src/behaviors/include/behaviors/timed_behavior.hpp:235:11:[m[K [01;31m[Kerror: [m[Kâ€˜[01m[Klogger_[m[Kâ€™ was not declared in this scope
[2.446s]   235 |           [01;31m[Klogger_[m[K, "Received a preemption request for %s,"
[2.446s]       |           [01;31m[K^~~~~~~[m[K
[2.446s] [01m[K/home/ashmitha/ros_ws/src/behaviors/include/behaviors/timed_behavior.hpp:234:9:[m[K [01;31m[Kerror: [m[Ktemplate argument 1 is invalid
[2.446s]   234 |         [01;31m[KRCLCPP_ERROR[m[K(
[2.446s]       |         [01;31m[K^~~~~~~~~~~~[m[K
[2.446s] [01m[K/home/ashmitha/ros_ws/src/behaviors/include/behaviors/timed_behavior.hpp:234:9:[m[K [01;31m[Kerror: [m[Ktemplate argument 1 is invalid
[2.446s]   234 |         [01;31m[KRCLCPP_ERROR[m[K(
[2.446s]       |         [01;31m[K^~~~~~~~~~~~[m[K
[2.446s] [01m[K/home/ashmitha/ros_ws/src/behaviors/include/behaviors/timed_behavior.hpp:234:9:[m[K [01;31m[Kerror: [m[Ktemplate argument 1 is invalid
[2.447s]   234 |         [01;31m[KRCLCPP_ERROR[m[K(
[2.447s]       |         [01;31m[K^~~~~~~~~~~~[m[K
[2.448s] [01m[K/home/ashmitha/ros_ws/src/behaviors/include/behaviors/timed_behavior.hpp:247:13:[m[K [01;31m[Kerror: [m[Kâ€˜[01m[Klogger_[m[Kâ€™ was not declared in this scope
[2.448s]   247 |             [01;31m[Klogger_[m[K,
[2.448s]       |             [01;31m[K^~~~~~~[m[K
[2.448s] [01m[K/home/ashmitha/ros_ws/src/behaviors/include/behaviors/timed_behavior.hpp:246:11:[m[K [01;31m[Kerror: [m[Ktemplate argument 1 is invalid
[2.448s]   246 |           [01;31m[KRCLCPP_INFO[m[K(
[2.448s]       |           [01;31m[K^~~~~~~~~~~[m[K
[2.449s] [01m[K/home/ashmitha/ros_ws/src/behaviors/include/behaviors/timed_behavior.hpp:246:11:[m[K [01;31m[Kerror: [m[Ktemplate argument 1 is invalid
[2.449s]   246 |           [01;31m[KRCLCPP_INFO[m[K(
[2.449s]       |           [01;31m[K^~~~~~~~~~~[m[K
[2.449s] [01m[K/home/ashmitha/ros_ws/src/behaviors/include/behaviors/timed_behavior.hpp:246:11:[m[K [01;31m[Kerror: [m[Ktemplate argument 1 is invalid
[2.449s]   246 |           [01;31m[KRCLCPP_INFO[m[K(
[2.449s]       |           [01;31m[K^~~~~~~~~~~[m[K
[2.452s] [01m[K/home/ashmitha/ros_ws/src/behaviors/include/behaviors/timed_behavior.hpp:254:23:[m[K [01;31m[Kerror: [m[Kâ€˜[01m[Klogger_[m[Kâ€™ was not declared in this scope
[2.452s]   254 |           RCLCPP_WARN([01;31m[Klogger_[m[K, "%s failed", behavior_name_.c_str());
[2.452s]       |                       [01;31m[K^~~~~~~[m[K
[2.452s] [01m[K/home/ashmitha/ros_ws/src/behaviors/include/behaviors/timed_behavior.hpp:254:11:[m[K [01;31m[Kerror: [m[Ktemplate argument 1 is invalid
[2.452s]   254 |           [01;31m[KRCLCPP_WARN[m[K(logger_, "%s failed", behavior_name_.c_str());
[2.452s]       |           [01;31m[K^~~~~~~~~~~[m[K
[2.452s] [01m[K/home/ashmitha/ros_ws/src/behaviors/include/behaviors/timed_behavior.hpp:254:11:[m[K [01;31m[Kerror: [m[Ktemplate argument 1 is invalid
[2.452s]   254 |           [01;31m[KRCLCPP_WARN[m[K(logger_, "%s failed", behavior_name_.c_str());
[2.452s]       |           [01;31m[K^~~~~~~~~~~[m[K
[2.453s] [01m[K/home/ashmitha/ros_ws/src/behaviors/include/behaviors/timed_behavior.hpp:254:11:[m[K [01;31m[Kerror: [m[Ktemplate argument 1 is invalid
[2.453s]   254 |           [01;31m[KRCLCPP_WARN[m[K(logger_, "%s failed", behavior_name_.c_str());
[2.453s]       |           [01;31m[K^~~~~~~~~~~[m[K
[2.694s] In file included from [01m[K/home/ashmitha/ros_ws/src/behaviors/include/behaviors/plugins/teleop.hpp:12[m[K,
[2.694s]                  from [01m[K/home/ashmitha/ros_ws/src/behaviors/plugins/teleop.cpp:4[m[K:
[2.694s] /home/ashmitha/ros_ws/src/behaviors/include/behaviors/timed_behavior.hpp: In instantiation of â€˜[01m[Kclass nav2_behaviors::TimedBehavior<msgs::action::Teleop>[m[Kâ€™:
[2.694s] [01m[K/home/ashmitha/ros_ws/src/behaviors/include/behaviors/plugins/teleop.hpp:22:27:[m[K   required from here
[2.694s] [01m[K/home/ashmitha/ros_ws/src/behaviors/include/behaviors/timed_behavior.hpp:111:8:[m[K [01;31m[Kerror: [m[Kâ€˜[01m[Kvoid nav2_behaviors::TimedBehavior<ActionT>::configure(const SharedPtr&, const string&, std::shared_ptr<tf2_ros::Buffer>, std::shared_ptr<nav2_costmap_2d::CostmapTopicCollisionChecker>) [with ActionT = msgs::action::Teleop; rclcpp_lifecycle::LifecycleNode::SharedPtr = std::shared_ptr<rclcpp_lifecycle::LifecycleNode>; std::string = std::__cxx11::basic_string<char>][m[Kâ€™ marked â€˜[01m[Koverride[m[Kâ€™, but does not override
[2.694s]   111 |   void [01;31m[Kconfigure[m[K(
[2.694s]       |        [01;31m[K^~~~~~~~~[m[K
[2.694s] [01m[K/home/ashmitha/ros_ws/src/behaviors/include/behaviors/timed_behavior.hpp:147:8:[m[K [01;31m[Kerror: [m[Kâ€˜[01m[Kvoid nav2_behaviors::TimedBehavior<ActionT>::cleanup() [with ActionT = msgs::action::Teleop][m[Kâ€™ marked â€˜[01m[Koverride[m[Kâ€™, but does not override
[2.694s]   147 |   void [01;31m[Kcleanup[m[K() override
[2.694s]       |        [01;31m[K^~~~~~~[m[K
[2.694s] [01m[K/home/ashmitha/ros_ws/src/behaviors/include/behaviors/timed_behavior.hpp:155:8:[m[K [01;31m[Kerror: [m[Kâ€˜[01m[Kvoid nav2_behaviors::TimedBehavior<ActionT>::activate() [with ActionT = msgs::action::Teleop][m[Kâ€™ marked â€˜[01m[Koverride[m[Kâ€™, but does not override
[2.694s]   155 |   void [01;31m[Kactivate[m[K() override
[2.695s]       |        [01;31m[K^~~~~~~~[m[K
[2.695s] [01m[K/home/ashmitha/ros_ws/src/behaviors/include/behaviors/timed_behavior.hpp:164:8:[m[K [01;31m[Kerror: [m[Kâ€˜[01m[Kvoid nav2_behaviors::TimedBehavior<ActionT>::deactivate() [with ActionT = msgs::action::Teleop][m[Kâ€™ marked â€˜[01m[Koverride[m[Kâ€™, but does not override
[2.695s]   164 |   void [01;31m[Kdeactivate[m[K() override
[2.695s]       |        [01;31m[K^~~~~~~~~~[m[K
[2.754s] [01m[K/home/ashmitha/ros_ws/src/behaviors/plugins/teleop.cpp:[m[K At global scope:
[2.754s] [01m[K/home/ashmitha/ros_ws/src/behaviors/plugins/teleop.cpp:75:10:[m[K [01;31m[Kerror: [m[Kno declaration matches â€˜[01m[Kvoid nav2_behaviors::Teleop::onConfigure()[m[Kâ€™
[2.754s]    75 |     void [01;31m[KTeleop[m[K::onConfigure()
[2.755s]       |          [01;31m[K^~~~~~[m[K
[2.755s] [01m[K/home/ashmitha/ros_ws/src/behaviors/plugins/teleop.cpp:75:10:[m[K [01;36m[Knote: [m[Kno functions named â€˜[01m[Kvoid nav2_behaviors::Teleop::onConfigure()[m[Kâ€™
[2.755s] In file included from [01m[K/home/ashmitha/ros_ws/src/behaviors/plugins/teleop.cpp:4[m[K:
[2.755s] [01m[K/home/ashmitha/ros_ws/src/behaviors/include/behaviors/plugins/teleop.hpp:22:11:[m[K [01;36m[Knote: [m[Kâ€˜[01m[Kclass nav2_behaviors::Teleop[m[Kâ€™ defined here
[2.755s]    22 |     class [01;36m[KTeleop[m[K : public TimedBehavior<TeleopAction>
[2.755s]       |           [01;36m[K^~~~~~[m[K
[2.762s] [01m[K/home/ashmitha/ros_ws/src/behaviors/plugins/teleop.cpp:[m[K In member function â€˜[01m[Kvirtual nav2_behaviors::Status nav2_behaviors::Teleop::onRun(std::shared_ptr<const msgs::action::Teleop_Goal_<std::allocator<void> > >)[m[Kâ€™:
[2.763s] [01m[K/home/ashmitha/ros_ws/src/behaviors/plugins/teleop.cpp:163:16:[m[K [01;31m[Kerror: [m[Kâ€˜[01m[KResultStatus[m[Kâ€™ was not declared in this scope
[2.763s]   163 |         return [01;31m[KResultStatus[m[K{Status::SUCCEEDED, TeleopActionResult::NONE};
[2.763s]       |                [01;31m[K^~~~~~~~~~~~[m[K
[2.763s] [01m[K/home/ashmitha/ros_ws/src/behaviors/plugins/teleop.cpp:163:28:[m[K [01;31m[Kerror: [m[Kexpected â€˜[01m[K;[m[Kâ€™ before â€˜[01m[K{[m[Kâ€™ token
[2.763s]   163 |         return ResultStatus[01;31m[K{[m[KStatus::SUCCEEDED, TeleopActionResult::NONE};
[2.763s]       |                            [01;31m[K^[m[K
[2.763s]       |                            [32m[K;[m[K
[2.763s] [01m[K/home/ashmitha/ros_ws/src/behaviors/plugins/teleop.cpp:163:37:[m[K [01;31m[Kerror: [m[Kleft operand of comma operator has no effect [[01;31m[K-Werror=unused-value[m[K]
[2.763s]   163 |         return ResultStatus{[01;31m[KStatus::SUCCEEDED[m[K, TeleopActionResult::NONE};
[2.763s]       |                             [01;31m[K~~~~~~~~^~~~~~~~~[m[K
[2.764s] [01m[K/home/ashmitha/ros_ws/src/behaviors/plugins/teleop.cpp:163:72:[m[K [01;31m[Kerror: [m[Kexpected â€˜[01m[K;[m[Kâ€™ before â€˜[01m[K}[m[Kâ€™ token
[2.764s]   163 |         return ResultStatus{Status::SUCCEEDED, TeleopActionResult::NONE[01;31m[K}[m[K;
[2.764s]       |                                                                        [01;31m[K^[m[K
[2.764s]       |                                                                        [32m[K;[m[K
[2.764s] [01m[K/home/ashmitha/ros_ws/src/behaviors/plugins/teleop.cpp:163:72:[m[K [01;31m[Kerror: [m[Kright operand of comma operator has no effect [[01;31m[K-Werror=unused-value[m[K]
[2.768s] [01m[K/home/ashmitha/ros_ws/src/behaviors/plugins/teleop.cpp:[m[K In member function â€˜[01m[Kvirtual nav2_behaviors::Status nav2_behaviors::Teleop::onCycleUpdate()[m[Kâ€™:
[2.768s] [01m[K/home/ashmitha/ros_ws/src/behaviors/plugins/teleop.cpp:169:32:[m[K [01;31m[Kerror: [m[Kâ€˜[01m[Kelasped_time_[m[Kâ€™ was not declared in this scope; did you mean â€˜[01m[Kend_time_[m[Kâ€™?
[2.768s]   169 |         feedback_->time_left = [01;31m[Kelasped_time_[m[K;
[2.768s]       |                                [01;31m[K^~~~~~~~~~~~~[m[K
[2.768s]       |                                [32m[Kend_time_[m[K
[2.822s] In file included from [01m[K/opt/ros/foxy/include/rclcpp/service.hpp:34[m[K,
[2.822s]                  from [01m[K/opt/ros/foxy/include/rclcpp/callback_group.hpp:25[m[K,
[2.822s]                  from [01m[K/opt/ros/foxy/include/rclcpp/any_executable.hpp:20[m[K,
[2.822s]                  from [01m[K/opt/ros/foxy/include/rclcpp/memory_strategy.hpp:24[m[K,
[2.822s]                  from [01m[K/opt/ros/foxy/include/rclcpp/memory_strategies.hpp:18[m[K,
[2.822s]                  from [01m[K/opt/ros/foxy/include/rclcpp/executor_options.hpp:20[m[K,
[2.822s]                  from [01m[K/opt/ros/foxy/include/rclcpp/executor.hpp:33[m[K,
[2.823s]                  from [01m[K/opt/ros/foxy/include/rclcpp/executors/multi_threaded_executor.hpp:26[m[K,
[2.823s]                  from [01m[K/opt/ros/foxy/include/rclcpp/executors.hpp:21[m[K,
[2.823s]                  from [01m[K/opt/ros/foxy/include/rclcpp/rclcpp.hpp:146[m[K,
[2.823s]                  from [01m[K/home/ashmitha/ros_ws/src/behaviors/include/behaviors/timed_behavior.hpp:31[m[K,
[2.823s]                  from [01m[K/home/ashmitha/ros_ws/src/behaviors/include/behaviors/plugins/teleop.hpp:12[m[K,
[2.823s]                  from [01m[K/home/ashmitha/ros_ws/src/behaviors/plugins/teleop.cpp:4[m[K:
[2.823s] [01m[K/home/ashmitha/ros_ws/src/behaviors/plugins/teleop.cpp:244:13:[m[K [01;31m[Kerror: [m[Kâ€˜[01m[Klogger_[m[Kâ€™ was not declared in this scope
[2.823s]   244 |             [01;31m[Klogger_[m[K,
[2.823s]       |             [01;31m[K^~~~~~~[m[K
[2.823s] [01m[K/home/ashmitha/ros_ws/src/behaviors/plugins/teleop.cpp:243:13:[m[K [01;31m[Kerror: [m[Ktemplate argument 1 is invalid
[2.823s]   243 |             [01;31m[KRCLCPP_WARN_STREAM[m[K(
[2.823s]       |             [01;31m[K^~~~~~~~~~~~~~~~~~[m[K
[2.823s] [01m[K/home/ashmitha/ros_ws/src/behaviors/plugins/teleop.cpp:243:13:[m[K [01;31m[Kerror: [m[Ktemplate argument 1 is invalid
[2.824s]   243 |             [01;31m[KRCLCPP_WARN_STREAM[m[K(
[2.824s]       |             [01;31m[K^~~~~~~~~~~~~~~~~~[m[K
[2.824s] [01m[K/home/ashmitha/ros_ws/src/behaviors/plugins/teleop.cpp:243:13:[m[K [01;31m[Kerror: [m[Ktemplate argument 1 is invalid
[2.824s]   243 |             [01;31m[KRCLCPP_WARN_STREAM[m[K(
[2.824s]       |             [01;31m[K^~~~~~~~~~~~~~~~~~[m[K
[2.827s] [01m[K/home/ashmitha/ros_ws/src/behaviors/plugins/teleop.cpp:247:20:[m[K [01;31m[Kerror: [m[Kâ€˜[01m[KResultStatus[m[Kâ€™ was not declared in this scope
[2.827s]   247 |             return [01;31m[KResultStatus[m[K{Status::FAILED, TeleopActionResult::TIMEOUT};
[2.827s]       |                    [01;31m[K^~~~~~~~~~~~[m[K
[2.827s] [01m[K/home/ashmitha/ros_ws/src/behaviors/plugins/teleop.cpp:247:32:[m[K [01;31m[Kerror: [m[Kexpected â€˜[01m[K;[m[Kâ€™ before â€˜[01m[K{[m[Kâ€™ token
[2.827s]   247 |             return ResultStatus[01;31m[K{[m[KStatus::FAILED, TeleopActionResult::TIMEOUT};
[2.827s]       |                                [01;31m[K^[m[K
[2.827s]       |                                [32m[K;[m[K
[2.827s] [01m[K/home/ashmitha/ros_ws/src/behaviors/plugins/teleop.cpp:247:41:[m[K [01;31m[Kerror: [m[Kleft operand of comma operator has no effect [[01;31m[K-Werror=unused-value[m[K]
[2.827s]   247 |             return ResultStatus{[01;31m[KStatus::FAILED[m[K, TeleopActionResult::TIMEOUT};
[2.827s]       |                                 [01;31m[K~~~~~~~~^~~~~~[m[K
[2.827s] [01m[K/home/ashmitha/ros_ws/src/behaviors/plugins/teleop.cpp:247:76:[m[K [01;31m[Kerror: [m[Kexpected â€˜[01m[K;[m[Kâ€™ before â€˜[01m[K}[m[Kâ€™ token
[2.827s]   247 |             return ResultStatus{Status::FAILED, TeleopActionResult::TIMEOUT[01;31m[K}[m[K;
[2.828s]       |                                                                            [01;31m[K^[m[K
[2.828s]       |                                                                            [32m[K;[m[K
[2.828s] [01m[K/home/ashmitha/ros_ws/src/behaviors/plugins/teleop.cpp:247:76:[m[K [01;31m[Kerror: [m[Kright operand of comma operator has no effect [[01;31m[K-Werror=unused-value[m[K]
[2.830s] [01m[K/home/ashmitha/ros_ws/src/behaviors/plugins/teleop.cpp:253:20:[m[K [01;31m[Kerror: [m[Kâ€˜[01m[KResultStatus[m[Kâ€™ was not declared in this scope
[2.831s]   253 |             return [01;31m[KResultStatus[m[K{Status::SUCCEEDED, TeleopActionResult::NONE};
[2.831s]       |                    [01;31m[K^~~~~~~~~~~~[m[K
[2.831s] [01m[K/home/ashmitha/ros_ws/src/behaviors/plugins/teleop.cpp:253:32:[m[K [01;31m[Kerror: [m[Kexpected â€˜[01m[K;[m[Kâ€™ before â€˜[01m[K{[m[Kâ€™ token
[2.831s]   253 |             return ResultStatus[01;31m[K{[m[KStatus::SUCCEEDED, TeleopActionResult::NONE};
[2.831s]       |                                [01;31m[K^[m[K
[2.831s]       |                                [32m[K;[m[K
[2.831s] [01m[K/home/ashmitha/ros_ws/src/behaviors/plugins/teleop.cpp:253:41:[m[K [01;31m[Kerror: [m[Kleft operand of comma operator has no effect [[01;31m[K-Werror=unused-value[m[K]
[2.831s]   253 |             return ResultStatus{[01;31m[KStatus::SUCCEEDED[m[K, TeleopActionResult::NONE};
[2.831s]       |                                 [01;31m[K~~~~~~~~^~~~~~~~~[m[K
[2.831s] [01m[K/home/ashmitha/ros_ws/src/behaviors/plugins/teleop.cpp:253:76:[m[K [01;31m[Kerror: [m[Kexpected â€˜[01m[K;[m[Kâ€™ before â€˜[01m[K}[m[Kâ€™ token
[2.831s]   253 |             return ResultStatus{Status::SUCCEEDED, TeleopActionResult::NONE[01;31m[K}[m[K;
[2.831s]       |                                                                            [01;31m[K^[m[K
[2.832s]       |                                                                            [32m[K;[m[K
[2.832s] [01m[K/home/ashmitha/ros_ws/src/behaviors/plugins/teleop.cpp:253:76:[m[K [01;31m[Kerror: [m[Kright operand of comma operator has no effect [[01;31m[K-Werror=unused-value[m[K]
[2.833s] [01m[K/home/ashmitha/ros_ws/src/behaviors/plugins/teleop.cpp:258:33:[m[K [01;31m[Kerror: [m[Kâ€˜[01m[Klocal_frame_[m[Kâ€™ was not declared in this scope; did you mean â€˜[01m[Kglobal_frame_[m[Kâ€™?
[2.833s]   258 |             current_pose, *tf_, [01;31m[Klocal_frame_[m[K, robot_base_frame_,
[2.833s]       |                                 [01;31m[K^~~~~~~~~~~~[m[K
[2.833s]       |                                 [32m[Kglobal_frame_[m[K
[2.836s] In file included from [01m[K/opt/ros/foxy/include/rclcpp/service.hpp:34[m[K,
[2.837s]                  from [01m[K/opt/ros/foxy/include/rclcpp/callback_group.hpp:25[m[K,
[2.837s]                  from [01m[K/opt/ros/foxy/include/rclcpp/any_executable.hpp:20[m[K,
[2.837s]                  from [01m[K/opt/ros/foxy/include/rclcpp/memory_strategy.hpp:24[m[K,
[2.837s]                  from [01m[K/opt/ros/foxy/include/rclcpp/memory_strategies.hpp:18[m[K,
[2.837s]                  from [01m[K/opt/ros/foxy/include/rclcpp/executor_options.hpp:20[m[K,
[2.837s]                  from [01m[K/opt/ros/foxy/include/rclcpp/executor.hpp:33[m[K,
[2.837s]                  from [01m[K/opt/ros/foxy/include/rclcpp/executors/multi_threaded_executor.hpp:26[m[K,
[2.837s]                  from [01m[K/opt/ros/foxy/include/rclcpp/executors.hpp:21[m[K,
[2.837s]                  from [01m[K/opt/ros/foxy/include/rclcpp/rclcpp.hpp:146[m[K,
[2.837s]                  from [01m[K/home/ashmitha/ros_ws/src/behaviors/include/behaviors/timed_behavior.hpp:31[m[K,
[2.837s]                  from [01m[K/home/ashmitha/ros_ws/src/behaviors/include/behaviors/plugins/teleop.hpp:12[m[K,
[2.837s]                  from [01m[K/home/ashmitha/ros_ws/src/behaviors/plugins/teleop.cpp:4[m[K:
[2.838s] [01m[K/home/ashmitha/ros_ws/src/behaviors/plugins/teleop.cpp:262:13:[m[K [01;31m[Kerror: [m[Kâ€˜[01m[Klogger_[m[Kâ€™ was not declared in this scope
[2.838s]   262 |             [01;31m[Klogger_[m[K,
[2.838s]       |             [01;31m[K^~~~~~~[m[K
[2.838s] [01m[K/home/ashmitha/ros_ws/src/behaviors/plugins/teleop.cpp:261:13:[m[K [01;31m[Kerror: [m[Ktemplate argument 1 is invalid
[2.838s]   261 |             [01;31m[KRCLCPP_ERROR_STREAM[m[K(
[2.838s]       |             [01;31m[K^~~~~~~~~~~~~~~~~~~[m[K
[2.838s] [01m[K/home/ashmitha/ros_ws/src/behaviors/plugins/teleop.cpp:261:13:[m[K [01;31m[Kerror: [m[Ktemplate argument 1 is invalid
[2.838s]   261 |             [01;31m[KRCLCPP_ERROR_STREAM[m[K(
[2.838s]       |             [01;31m[K^~~~~~~~~~~~~~~~~~~[m[K
[2.838s] [01m[K/home/ashmitha/ros_ws/src/behaviors/plugins/teleop.cpp:261:13:[m[K [01;31m[Kerror: [m[Ktemplate argument 1 is invalid
[2.838s]   261 |             [01;31m[KRCLCPP_ERROR_STREAM[m[K(
[2.839s]       |             [01;31m[K^~~~~~~~~~~~~~~~~~~[m[K
[2.841s] [01m[K/home/ashmitha/ros_ws/src/behaviors/plugins/teleop.cpp:265:20:[m[K [01;31m[Kerror: [m[Kâ€˜[01m[KResultStatus[m[Kâ€™ was not declared in this scope
[2.841s]   265 |             return [01;31m[KResultStatus[m[K{Status::FAILED, TeleopActionResult::TF_ERROR};
[2.841s]       |                    [01;31m[K^~~~~~~~~~~~[m[K
[2.841s] [01m[K/home/ashmitha/ros_ws/src/behaviors/plugins/teleop.cpp:265:32:[m[K [01;31m[Kerror: [m[Kexpected â€˜[01m[K;[m[Kâ€™ before â€˜[01m[K{[m[Kâ€™ token
[2.841s]   265 |             return ResultStatus[01;31m[K{[m[KStatus::FAILED, TeleopActionResult::TF_ERROR};
[2.841s]       |                                [01;31m[K^[m[K
[2.841s]       |                                [32m[K;[m[K
[2.841s] [01m[K/home/ashmitha/ros_ws/src/behaviors/plugins/teleop.cpp:265:41:[m[K [01;31m[Kerror: [m[Kleft operand of comma operator has no effect [[01;31m[K-Werror=unused-value[m[K]
[2.842s]   265 |             return ResultStatus{[01;31m[KStatus::FAILED[m[K, TeleopActionResult::TF_ERROR};
[2.842s]       |                                 [01;31m[K~~~~~~~~^~~~~~[m[K
[2.842s] [01m[K/home/ashmitha/ros_ws/src/behaviors/plugins/teleop.cpp:265:77:[m[K [01;31m[Kerror: [m[Kexpected â€˜[01m[K;[m[Kâ€™ before â€˜[01m[K}[m[Kâ€™ token
[2.842s]   265 |             return ResultStatus{Status::FAILED, TeleopActionResult::TF_ERROR[01;31m[K}[m[K;
[2.842s]       |                                                                             [01;31m[K^[m[K
[2.842s]       |                                                                             [32m[K;[m[K
[2.842s] [01m[K/home/ashmitha/ros_ws/src/behaviors/plugins/teleop.cpp:265:77:[m[K [01;31m[Kerror: [m[Kright operand of comma operator has no effect [[01;31m[K-Werror=unused-value[m[K]
[2.845s] [01m[K/home/ashmitha/ros_ws/src/behaviors/plugins/teleop.cpp:270:16:[m[K [01;31m[Kerror: [m[Kâ€˜[01m[KResultStatus[m[Kâ€™ was not declared in this scope
[2.845s]   270 |         return [01;31m[KResultStatus[m[K{Status::RUNNING, TeleopActionResult::NONE};
[2.846s]       |                [01;31m[K^~~~~~~~~~~~[m[K
[2.846s] [01m[K/home/ashmitha/ros_ws/src/behaviors/plugins/teleop.cpp:270:28:[m[K [01;31m[Kerror: [m[Kexpected â€˜[01m[K;[m[Kâ€™ before â€˜[01m[K{[m[Kâ€™ token
[2.846s]   270 |         return ResultStatus[01;31m[K{[m[KStatus::RUNNING, TeleopActionResult::NONE};
[2.846s]       |                            [01;31m[K^[m[K
[2.846s]       |                            [32m[K;[m[K
[2.846s] [01m[K/home/ashmitha/ros_ws/src/behaviors/plugins/teleop.cpp:270:37:[m[K [01;31m[Kerror: [m[Kleft operand of comma operator has no effect [[01;31m[K-Werror=unused-value[m[K]
[2.846s]   270 |         return ResultStatus{[01;31m[KStatus::RUNNING[m[K, TeleopActionResult::NONE};
[2.846s]       |                             [01;31m[K~~~~~~~~^~~~~~~[m[K
[2.846s] [01m[K/home/ashmitha/ros_ws/src/behaviors/plugins/teleop.cpp:270:70:[m[K [01;31m[Kerror: [m[Kexpected â€˜[01m[K;[m[Kâ€™ before â€˜[01m[K}[m[Kâ€™ token
[2.846s]   270 |         return ResultStatus{Status::RUNNING, TeleopActionResult::NONE[01;31m[K}[m[K;
[2.846s]       |                                                                      [01;31m[K^[m[K
[2.847s]       |                                                                      [32m[K;[m[K
[2.847s] [01m[K/home/ashmitha/ros_ws/src/behaviors/plugins/teleop.cpp:270:70:[m[K [01;31m[Kerror: [m[Kright operand of comma operator has no effect [[01;31m[K-Werror=unused-value[m[K]
[2.862s] In file included from [01m[K/opt/ros/foxy/include/class_loader/class_loader.hpp:56[m[K,
[2.862s]                  from [01m[K/opt/ros/foxy/include/pluginlib/class_list_macros.hpp:40[m[K,
[2.862s]                  from [01m[K/home/ashmitha/ros_ws/src/behaviors/plugins/teleop.cpp:280[m[K:
[2.862s] [01m[K/home/ashmitha/ros_ws/src/behaviors/plugins/teleop.cpp:[m[K At global scope:
[2.862s] [01m[K/home/ashmitha/ros_ws/src/behaviors/plugins/teleop.cpp:281:59:[m[K [01;31m[Kerror: [m[Kâ€˜[01m[KBehavior[m[Kâ€™ in namespace â€˜[01m[Knav2_core[m[Kâ€™ does not name a type
[2.862s]   281 | PLUGINLIB_EXPORT_CLASS(nav2_behaviors::Teleop, nav2_core::[01;31m[KBehavior[m[K)
[2.862s]       |                                                           [01;31m[K^~~~~~~~[m[K
[2.864s] [01m[K/home/ashmitha/ros_ws/src/behaviors/plugins/teleop.cpp:[m[K In constructor â€˜[01m[K{anonymous}::ProxyExec0::ProxyExec0()[m[Kâ€™:
[2.864s] [01m[K/home/ashmitha/ros_ws/src/behaviors/plugins/teleop.cpp:281:1:[m[K [01;31m[Kerror: [m[Kâ€˜[01m[K_base[m[Kâ€™ was not declared in this scope
[2.864s]   281 | [01;31m[KPLUGINLIB_EXPORT_CLASS[m[K(nav2_behaviors::Teleop, nav2_core::Behavior)
[2.864s]       | [01;31m[K^~~~~~~~~~~~~~~~~~~~~~[m[K
[2.865s] [01m[K/home/ashmitha/ros_ws/src/behaviors/plugins/teleop.cpp:281:1:[m[K [01;31m[Kerror: [m[Kno matching function for call to â€˜[01m[KregisterPlugin<{anonymous}::ProxyExec0::_derived, <expression error> >(const char [23], const char [20])[m[Kâ€™
[2.865s]   281 | [01;31m[KPLUGINLIB_EXPORT_CLASS[m[K(nav2_behaviors::Teleop, nav2_core::Behavior)
[2.865s]       | [01;31m[K^~~~~~~~~~~~~~~~~~~~~~[m[K
[2.865s] In file included from [01m[K/opt/ros/foxy/include/class_loader/class_loader.hpp:55[m[K,
[2.865s]                  from [01m[K/opt/ros/foxy/include/pluginlib/class_list_macros.hpp:40[m[K,
[2.865s]                  from [01m[K/home/ashmitha/ros_ws/src/behaviors/plugins/teleop.cpp:280[m[K:
[2.865s] [01m[K/opt/ros/foxy/include/class_loader/class_loader_core.hpp:210:6:[m[K [01;36m[Knote: [m[Kcandidate: â€˜[01m[Ktemplate<class Derived, class Base> void class_loader::impl::registerPlugin(const string&, const string&)[m[Kâ€™
[2.865s]   210 | void [01;36m[KregisterPlugin[m[K(const std::string & class_name, const std::string & base_class_name)
[2.865s]       |      [01;36m[K^~~~~~~~~~~~~~[m[K
[2.865s] [01m[K/opt/ros/foxy/include/class_loader/class_loader_core.hpp:210:6:[m[K [01;36m[Knote: [m[K  template argument deduction/substitution failed:
[2.865s] In file included from [01m[K/opt/ros/foxy/include/class_loader/class_loader.hpp:56[m[K,
[2.866s]                  from [01m[K/opt/ros/foxy/include/pluginlib/class_list_macros.hpp:40[m[K,
[2.866s]                  from [01m[K/home/ashmitha/ros_ws/src/behaviors/plugins/teleop.cpp:280[m[K:
[2.866s] [01m[K/home/ashmitha/ros_ws/src/behaviors/plugins/teleop.cpp:281:1:[m[K [01;31m[Kerror: [m[Ktemplate argument 2 is invalid
[2.866s]   281 | [01;31m[KPLUGINLIB_EXPORT_CLASS[m[K(nav2_behaviors::Teleop, nav2_core::Behavior)
[2.866s]       | [01;31m[K^~~~~~~~~~~~~~~~~~~~~~[m[K
[3.026s] [01m[K/home/ashmitha/ros_ws/src/behaviors/src/behavior_server.cpp:[m[K In constructor â€˜[01m[Kbehavior_server::BehaviorServer::BehaviorServer(const rclcpp::NodeOptions&)[m[Kâ€™:
[3.026s] [01m[K/home/ashmitha/ros_ws/src/behaviors/src/behavior_server.cpp:25:60:[m[K [01;31m[Kerror: [m[Kunused parameter â€˜[01m[Koptions[m[Kâ€™ [[01;31m[K-Werror=unused-parameter[m[K]
[3.026s]    25 | BehaviorServer::BehaviorServer([01;31m[Kconst rclcpp::NodeOptions & options[m[K)
[3.026s]       |                                [01;31m[K~~~~~~~~~~~~~~~~~~~~~~~~~~~~^~~~~~~[m[K
[3.681s] cc1plus: all warnings being treated as errors
[3.709s] make[2]: *** [CMakeFiles/nav2_teleop_behavior.dir/build.make:76: CMakeFiles/nav2_teleop_behavior.dir/plugins/teleop.cpp.o] Error 1
[3.709s] make[1]: *** [CMakeFiles/Makefile2:141: CMakeFiles/nav2_teleop_behavior.dir/all] Error 2
[3.710s] make[1]: *** Waiting for unfinished jobs....
[10.596s] cc1plus: all warnings being treated as errors
[10.622s] make[2]: *** [CMakeFiles/behavior_server_core.dir/build.make:76: CMakeFiles/behavior_server_core.dir/src/behavior_server.cpp.o] Error 1
[10.622s] make[1]: *** [CMakeFiles/Makefile2:167: CMakeFiles/behavior_server_core.dir/all] Error 2
[10.622s] make: *** [Makefile:146: all] Error 2
[10.628s] Invoked command in '/home/ashmitha/ros_ws/build/behaviors' returned '2': AMENT_PREFIX_PATH=/home/ashmitha/ros_ws/install/msgs:${AMENT_PREFIX_PATH} CMAKE_PREFIX_PATH=/home/ashmitha/ros_ws/install/msgs:/opt/ros/foxy CONDA_PROMPT_MODIFIER=(base) LD_LIBRARY_PATH=/home/ashmitha/ros_ws/install/msgs/lib:${LD_LIBRARY_PATH} PYTHONPATH=/home/ashmitha/ros_ws/install/msgs/lib/python3.11/site-packages:${PYTHONPATH} /home/ashmitha/.local/bin/cmake --build /home/ashmitha/ros_ws/build/behaviors -- -j8 -l8
