[0.049s] Invoking command in '/home/ashmitha/ros_ws/build/behaviors': AMENT_PREFIX_PATH=/home/ashmitha/ros_ws/install/msgs:${AMENT_PREFIX_PATH} CMAKE_PREFIX_PATH=/home/ashmitha/ros_ws/install/msgs:/opt/ros/foxy CONDA_PROMPT_MODIFIER=(base) LD_LIBRARY_PATH=/home/ashmitha/ros_ws/install/msgs/lib:${LD_LIBRARY_PATH} PYTHONPATH=/home/ashmitha/ros_ws/install/msgs/lib/python3.11/site-packages:${PYTHONPATH} /home/ashmitha/.local/bin/cmake --build /home/ashmitha/ros_ws/build/behaviors -- -j8 -l8
[0.087s] -- Found ament_cmake: 0.9.12 (/opt/ros/foxy/share/ament_cmake/cmake)
[0.088s] [33mCMake Warning (dev) at /opt/ros/foxy/share/ament_cmake_core/cmake/core/python.cmake:22 (find_package):
[0.088s]   Policy CMP0148 is not set: The FindPythonInterp and FindPythonLibs modules
[0.088s]   are removed.  Run "cmake --help-policy CMP0148" for policy details.  Use
[0.089s]   the cmake_policy command to set the policy and suppress this warning.
[0.089s] 
[0.089s] Call Stack (most recent call first):
[0.089s]   /opt/ros/foxy/share/ament_cmake_core/cmake/core/all.cmake:53 (include)
[0.089s]   /opt/ros/foxy/share/ament_cmake_core/cmake/ament_cmake_core-extras.cmake:17 (include)
[0.089s]   /opt/ros/foxy/share/ament_cmake_core/cmake/ament_cmake_coreConfig.cmake:41 (include)
[0.089s]   /opt/ros/foxy/share/ament_cmake/cmake/ament_cmake_export_dependencies-extras.cmake:15 (find_package)
[0.089s]   /opt/ros/foxy/share/ament_cmake/cmake/ament_cmakeConfig.cmake:41 (include)
[0.089s]   CMakeLists.txt:7 (find_package)
[0.089s] This warning is for project developers.  Use -Wno-dev to suppress it.
[0.089s] [0m
[0.106s] -- Using PYTHON_EXECUTABLE: /home/ashmitha/anaconda3/bin/python3
[0.307s] -- Found nav2_common: 0.4.7 (/opt/ros/foxy/share/nav2_common/cmake)
[0.307s] -- Found rclcpp: 2.4.3 (/opt/ros/foxy/share/rclcpp/cmake)
[0.345s] -- Using all available rosidl_typesupport_c: rosidl_typesupport_fastrtps_c;rosidl_typesupport_introspection_c
[0.349s] -- Found rosidl_adapter: 1.3.1 (/opt/ros/foxy/share/rosidl_adapter/cmake)
[0.537s] -- Using all available rosidl_typesupport_cpp: rosidl_typesupport_fastrtps_cpp;rosidl_typesupport_introspection_cpp
[0.596s] -- Found rmw_implementation_cmake: 1.0.4 (/opt/ros/foxy/share/rmw_implementation_cmake/cmake)
[0.598s] -- Using RMW implementation 'rmw_fastrtps_cpp' as default
[0.717s] -- Found nav2_behavior_tree: 0.4.7 (/opt/ros/foxy/share/nav2_behavior_tree/cmake)
[1.365s] -- Found eigen3_cmake_module: 0.1.1 (/opt/ros/foxy/share/eigen3_cmake_module/cmake)
[1.661s] -- Found nav2_core: 0.4.7 (/opt/ros/foxy/share/nav2_core/cmake)
[2.531s] -- Found msgs: 0.0.0 (/home/ashmitha/ros_ws/install/msgs/share/msgs/cmake)
[9.134s] -- Found ament_lint_auto: 0.9.8 (/opt/ros/foxy/share/ament_lint_auto/cmake)
[9.201s] -- Added test 'copyright' to check source files copyright and LICENSE
[9.202s] -- Added test 'cppcheck' to perform static code analysis on C / C++ code
[9.203s] -- Configured cppcheck include dirs: /home/ashmitha/ros_ws/src/behaviors/include;/home/ashmitha/ros_ws/src/behaviors/./include;/home/ashmitha/ros_ws/src/behaviors/..;/home/ashmitha/ros_ws/src/behaviors/../../install/msgs
[9.203s] -- Configured cppcheck exclude dirs and/or files: 
[9.203s] -- Added test 'cpplint' to check C / C++ code against the Google style
[9.204s] -- Configured cpplint exclude dirs and/or files: 
[9.204s] -- Added test 'lint_cmake' to check CMake code style
[9.205s] -- Added test 'uncrustify' to check C / C++ code style
[9.205s] -- Configured uncrustify additional arguments: 
[9.205s] -- Added test 'xmllint' to check XML markup files
[9.207s] -- Configuring done (9.1s)
[9.273s] -- Generating done (0.0s)
[9.275s] -- Build files have been written to: /home/ashmitha/ros_ws/build/behaviors
[9.297s] [ 16%] [32mBuilding CXX object CMakeFiles/nav2_teleop_behavior.dir/plugins/teleop.cpp.o[0m
[9.308s] [ 33%] [32mBuilding CXX object CMakeFiles/behavior_server_core.dir/src/behavior_server.cpp.o[0m
[9.429s] In file included from [01m[K/home/ashmitha/ros_ws/src/behaviors/plugins/teleop.cpp:4[m[K:
[9.429s] [01m[K/home/ashmitha/ros_ws/src/behaviors/include/behaviors/plugins/teleop.hpp:13:10:[m[K [01;31m[Kfatal error: [m[Kmsgs/action/teleop.hpp: No such file or directory
[9.429s]    13 | #include [01;31m[K"msgs/action/teleop.hpp"[m[K
[9.429s]       |          [01;31m[K^~~~~~~~~~~~~~~~~~~~~~~~[m[K
[9.429s] compilation terminated.
[9.433s] make[2]: *** [CMakeFiles/nav2_teleop_behavior.dir/build.make:76: CMakeFiles/nav2_teleop_behavior.dir/plugins/teleop.cpp.o] Error 1
[9.433s] make[1]: *** [CMakeFiles/Makefile2:141: CMakeFiles/nav2_teleop_behavior.dir/all] Error 2
[9.433s] make[1]: *** Waiting for unfinished jobs....
[10.805s] [01m[K/home/ashmitha/ros_ws/src/behaviors/src/behavior_server.cpp:[m[K In constructor â€˜[01m[Kbehavior_server::BehaviorServer::BehaviorServer(const rclcpp::NodeOptions&)[m[Kâ€™:
[10.805s] [01m[K/home/ashmitha/ros_ws/src/behaviors/src/behavior_server.cpp:32:26:[m[K [01;31m[Kerror: [m[Kno matching function for call to â€˜[01m[Knav2_util::LifecycleNode::LifecycleNode(const char [16], const char [1], const rclcpp::NodeOptions&)[m[Kâ€™
[10.805s]    32 |     "nav2_behaviors/Wait"[01;31m[K}[m[K
[10.805s]       |                          [01;31m[K^[m[K
[10.806s] In file included from [01m[K/home/ashmitha/ros_ws/src/behaviors/include/behaviors/behavior_server.hpp:21[m[K,
[10.806s]                  from [01m[K/home/ashmitha/ros_ws/src/behaviors/src/behavior_server.cpp:20[m[K:
[10.806s] [01m[K/opt/ros/foxy/include/nav2_util/lifecycle_node.hpp:39:3:[m[K [01;36m[Knote: [m[Kcandidate: â€˜[01m[Knav2_util::LifecycleNode::LifecycleNode(const string&, const string&, bool, const rclcpp::NodeOptions&)[m[Kâ€™
[10.806s]    39 |   [01;36m[KLifecycleNode[m[K(
[10.806s]       |   [01;36m[K^~~~~~~~~~~~~[m[K
[10.806s] [01m[K/opt/ros/foxy/include/nav2_util/lifecycle_node.hpp:42:10:[m[K [01;36m[Knote: [m[K  no known conversion for argument 3 from â€˜[01m[Kconst rclcpp::NodeOptions[m[Kâ€™ to â€˜[01m[Kbool[m[Kâ€™
[10.806s]    42 |     [01;36m[Kbool use_rclcpp_node = false[m[K,
[10.806s]       |     [01;36m[K~~~~~^~~~~~~~~~~~~~~~~~~~~~~[m[K
[10.831s] [01m[K/home/ashmitha/ros_ws/src/behaviors/src/behavior_server.cpp:[m[K In member function â€˜[01m[Kvirtual nav2_util::CallbackReturn behavior_server::BehaviorServer::on_activate(const rclcpp_lifecycle::State&)[m[Kâ€™:
[10.831s] [01m[K/home/ashmitha/ros_ws/src/behaviors/src/behavior_server.cpp:203:3:[m[K [01;31m[Kerror: [m[Kâ€˜[01m[KcreateBond[m[Kâ€™ was not declared in this scope
[10.831s]   203 |   [01;31m[KcreateBond[m[K();
[10.831s]       |   [01;31m[K^~~~~~~~~~[m[K
[10.834s] [01m[K/home/ashmitha/ros_ws/src/behaviors/src/behavior_server.cpp:[m[K In member function â€˜[01m[Kvirtual nav2_util::CallbackReturn behavior_server::BehaviorServer::on_deactivate(const rclcpp_lifecycle::State&)[m[Kâ€™:
[10.834s] [01m[K/home/ashmitha/ros_ws/src/behaviors/src/behavior_server.cpp:219:3:[m[K [01;31m[Kerror: [m[Kâ€˜[01m[KdestroyBond[m[Kâ€™ was not declared in this scope
[10.834s]   219 |   [01;31m[KdestroyBond[m[K();
[10.834s]       |   [01;31m[K^~~~~~~~~~~[m[K
[10.946s] In file included from [01m[K/usr/include/c++/9/memory:80[m[K,
[10.946s]                  from [01m[K/home/ashmitha/ros_ws/src/behaviors/src/behavior_server.cpp:15[m[K:
[10.946s] /usr/include/c++/9/bits/unique_ptr.h: In instantiation of â€˜[01m[Ktypename std::_MakeUniq<_Tp>::__single_object std::make_unique(_Args&& ...) [with _Tp = nav2_costmap_2d::FootprintSubscriber; _Args = {std::shared_ptr<nav2_util::LifecycleNode>, std::__cxx11::basic_string<char, std::char_traits<char>, std::allocator<char> >&, tf2_ros::Buffer&, std::__cxx11::basic_string<char, std::char_traits<char>, std::allocator<char> >&, double&}; typename std::_MakeUniq<_Tp>::__single_object = std::unique_ptr<nav2_costmap_2d::FootprintSubscriber>][m[Kâ€™:
[10.946s] [01m[K/home/ashmitha/ros_ws/src/behaviors/src/behavior_server.cpp:175:93:[m[K   required from here
[10.946s] [01m[K/usr/include/c++/9/bits/unique_ptr.h:857:30:[m[K [01;31m[Kerror: [m[Kno matching function for call to â€˜[01m[Knav2_costmap_2d::FootprintSubscriber::FootprintSubscriber(std::shared_ptr<nav2_util::LifecycleNode>, std::__cxx11::basic_string<char>&, tf2_ros::Buffer&, std::__cxx11::basic_string<char>&, double&)[m[Kâ€™
[10.946s]   857 |     { return unique_ptr<_Tp>([01;31m[Knew _Tp(std::forward<_Args>(__args)...)[m[K); }
[10.946s]       |                              [01;31m[K^~~~~~~~~~~~~~~~~~~~~~~~~~~~~~~~~~~~~~~[m[K
[10.946s] In file included from [01m[K/opt/ros/foxy/include/nav2_costmap_2d/costmap_topic_collision_checker.hpp:31[m[K,
[10.946s]                  from [01m[K/opt/ros/foxy/include/nav2_core/behavior.hpp:24[m[K,
[10.946s]                  from [01m[K/home/ashmitha/ros_ws/src/behaviors/include/behaviors/behavior_server.hpp:26[m[K,
[10.946s]                  from [01m[K/home/ashmitha/ros_ws/src/behaviors/src/behavior_server.cpp:20[m[K:
[10.947s] [01m[K/opt/ros/foxy/include/nav2_costmap_2d/footprint_subscriber.hpp:41:3:[m[K [01;36m[Knote: [m[Kcandidate: â€˜[01m[Knav2_costmap_2d::FootprintSubscriber::FootprintSubscriber(rclcpp::node_interfaces::NodeBaseInterface::SharedPtr, rclcpp::node_interfaces::NodeTopicsInterface::SharedPtr, rclcpp::node_interfaces::NodeLoggingInterface::SharedPtr, rclcpp::node_interfaces::NodeClockInterface::SharedPtr, const string&, const double&)[m[Kâ€™
[10.947s]    41 |   [01;36m[KFootprintSubscriber[m[K(
[10.947s]       |   [01;36m[K^~~~~~~~~~~~~~~~~~~[m[K
[10.947s] [01m[K/opt/ros/foxy/include/nav2_costmap_2d/footprint_subscriber.hpp:41:3:[m[K [01;36m[Knote: [m[K  candidate expects 6 arguments, 5 provided
[10.947s] [01m[K/opt/ros/foxy/include/nav2_costmap_2d/footprint_subscriber.hpp:36:3:[m[K [01;36m[Knote: [m[Kcandidate: â€˜[01m[Knav2_costmap_2d::FootprintSubscriber::FootprintSubscriber(rclcpp::Node::SharedPtr, const string&, const double&)[m[Kâ€™
[10.947s]    36 |   [01;36m[KFootprintSubscriber[m[K(
[10.947s]       |   [01;36m[K^~~~~~~~~~~~~~~~~~~[m[K
[10.947s] [01m[K/opt/ros/foxy/include/nav2_costmap_2d/footprint_subscriber.hpp:36:3:[m[K [01;36m[Knote: [m[K  candidate expects 3 arguments, 5 provided
[10.947s] [01m[K/opt/ros/foxy/include/nav2_costmap_2d/footprint_subscriber.hpp:31:3:[m[K [01;36m[Knote: [m[Kcandidate: â€˜[01m[Knav2_costmap_2d::FootprintSubscriber::FootprintSubscriber(rclcpp_lifecycle::LifecycleNode::SharedPtr, const string&, const double&)[m[Kâ€™
[10.947s]    31 |   [01;36m[KFootprintSubscriber[m[K(
[10.947s]       |   [01;36m[K^~~~~~~~~~~~~~~~~~~[m[K
[10.947s] [01m[K/opt/ros/foxy/include/nav2_costmap_2d/footprint_subscriber.hpp:31:3:[m[K [01;36m[Knote: [m[K  candidate expects 3 arguments, 5 provided
[10.947s] [01m[K/opt/ros/foxy/include/nav2_costmap_2d/footprint_subscriber.hpp:28:7:[m[K [01;36m[Knote: [m[Kcandidate: â€˜[01m[Knav2_costmap_2d::FootprintSubscriber::FootprintSubscriber(const nav2_costmap_2d::FootprintSubscriber&)[m[Kâ€™
[10.947s]    28 | class [01;36m[KFootprintSubscriber[m[K
[10.947s]       |       [01;36m[K^~~~~~~~~~~~~~~~~~~[m[K
[10.947s] [01m[K/opt/ros/foxy/include/nav2_costmap_2d/footprint_subscriber.hpp:28:7:[m[K [01;36m[Knote: [m[K  candidate expects 1 argument, 5 provided
[11.311s] In file included from [01m[K/usr/include/x86_64-linux-gnu/c++/9/bits/c++allocator.h:33[m[K,
[11.311s]                  from [01m[K/usr/include/c++/9/bits/allocator.h:46[m[K,
[11.311s]                  from [01m[K/usr/include/c++/9/memory:63[m[K,
[11.311s]                  from [01m[K/home/ashmitha/ros_ws/src/behaviors/src/behavior_server.cpp:15[m[K:
[11.311s] /usr/include/c++/9/ext/new_allocator.h: In instantiation of â€˜[01m[Kvoid __gnu_cxx::new_allocator<_Tp>::construct(_Up*, _Args&& ...) [with _Up = nav2_costmap_2d::CostmapTopicCollisionChecker; _Args = {nav2_costmap_2d::CostmapSubscriber&, nav2_costmap_2d::FootprintSubscriber&, const char*}; _Tp = nav2_costmap_2d::CostmapTopicCollisionChecker][m[Kâ€™:
[11.311s] [01m[K/usr/include/c++/9/bits/alloc_traits.h:483:4:[m[K   required from â€˜[01m[Kstatic void std::allocator_traits<std::allocator<_Tp1> >::construct(std::allocator_traits<std::allocator<_Tp1> >::allocator_type&, _Up*, _Args&& ...) [with _Up = nav2_costmap_2d::CostmapTopicCollisionChecker; _Args = {nav2_costmap_2d::CostmapSubscriber&, nav2_costmap_2d::FootprintSubscriber&, const char*}; _Tp = nav2_costmap_2d::CostmapTopicCollisionChecker; std::allocator_traits<std::allocator<_Tp1> >::allocator_type = std::allocator<nav2_costmap_2d::CostmapTopicCollisionChecker>][m[Kâ€™
[11.311s] [01m[K/usr/include/c++/9/bits/shared_ptr_base.h:548:39:[m[K   required from â€˜[01m[Kstd::_Sp_counted_ptr_inplace<_Tp, _Alloc, _Lp>::_Sp_counted_ptr_inplace(_Alloc, _Args&& ...) [with _Args = {nav2_costmap_2d::CostmapSubscriber&, nav2_costmap_2d::FootprintSubscriber&, const char*}; _Tp = nav2_costmap_2d::CostmapTopicCollisionChecker; _Alloc = std::allocator<nav2_costmap_2d::CostmapTopicCollisionChecker>; __gnu_cxx::_Lock_policy _Lp = __gnu_cxx::_S_atomic][m[Kâ€™
[11.311s] [01m[K/usr/include/c++/9/bits/shared_ptr_base.h:679:16:[m[K   required from â€˜[01m[Kstd::__shared_count<_Lp>::__shared_count(_Tp*&, std::_Sp_alloc_shared_tag<_Alloc>, _Args&& ...) [with _Tp = nav2_costmap_2d::CostmapTopicCollisionChecker; _Alloc = std::allocator<nav2_costmap_2d::CostmapTopicCollisionChecker>; _Args = {nav2_costmap_2d::CostmapSubscriber&, nav2_costmap_2d::FootprintSubscriber&, const char*}; __gnu_cxx::_Lock_policy _Lp = __gnu_cxx::_S_atomic][m[Kâ€™
[11.311s] [01m[K/usr/include/c++/9/bits/shared_ptr_base.h:1344:71:[m[K   required from â€˜[01m[Kstd::__shared_ptr<_Tp, _Lp>::__shared_ptr(std::_Sp_alloc_shared_tag<_Tp>, _Args&& ...) [with _Alloc = std::allocator<nav2_costmap_2d::CostmapTopicCollisionChecker>; _Args = {nav2_costmap_2d::CostmapSubscriber&, nav2_costmap_2d::FootprintSubscriber&, const char*}; _Tp = nav2_costmap_2d::CostmapTopicCollisionChecker; __gnu_cxx::_Lock_policy _Lp = __gnu_cxx::_S_atomic][m[Kâ€™
[11.311s] [01m[K/usr/include/c++/9/bits/shared_ptr.h:359:59:[m[K   required from â€˜[01m[Kstd::shared_ptr<_Tp>::shared_ptr(std::_Sp_alloc_shared_tag<_Tp>, _Args&& ...) [with _Alloc = std::allocator<nav2_costmap_2d::CostmapTopicCollisionChecker>; _Args = {nav2_costmap_2d::CostmapSubscriber&, nav2_costmap_2d::FootprintSubscriber&, const char*}; _Tp = nav2_costmap_2d::CostmapTopicCollisionChecker][m[Kâ€™
[11.312s] [01m[K/usr/include/c++/9/bits/shared_ptr.h:701:14:[m[K   required from â€˜[01m[Kstd::shared_ptr<_Tp> std::allocate_shared(const _Alloc&, _Args&& ...) [with _Tp = nav2_costmap_2d::CostmapTopicCollisionChecker; _Alloc = std::allocator<nav2_costmap_2d::CostmapTopicCollisionChecker>; _Args = {nav2_costmap_2d::CostmapSubscriber&, nav2_costmap_2d::FootprintSubscriber&, const char*}][m[Kâ€™
[11.312s] [01m[K/usr/include/c++/9/bits/shared_ptr.h:717:39:[m[K   required from â€˜[01m[Kstd::shared_ptr<_Tp> std::make_shared(_Args&& ...) [with _Tp = nav2_costmap_2d::CostmapTopicCollisionChecker; _Args = {nav2_costmap_2d::CostmapSubscriber&, nav2_costmap_2d::FootprintSubscriber&, const char*}][m[Kâ€™
[11.312s] [01m[K/home/ashmitha/ros_ws/src/behaviors/src/behavior_server.cpp:178:61:[m[K   required from here
[11.312s] [01m[K/usr/include/c++/9/ext/new_allocator.h:146:4:[m[K [01;31m[Kerror: [m[Kno matching function for call to â€˜[01m[Knav2_costmap_2d::CostmapTopicCollisionChecker::CostmapTopicCollisionChecker(nav2_costmap_2d::CostmapSubscriber&, nav2_costmap_2d::FootprintSubscriber&, const char*)[m[Kâ€™
[11.312s]   146 |  { [01;31m[K::new((void *)__p) _Up(std::forward<_Args>(__args)...)[m[K; }
[11.312s]       |    [01;31m[K^~~~~~~~~~~~~~~~~~~~~~~~~~~~~~~~~~~~~~~~~~~~~~~~~~~~~~[m[K
[11.312s] In file included from [01m[K/opt/ros/foxy/include/nav2_core/behavior.hpp:24[m[K,
[11.312s]                  from [01m[K/home/ashmitha/ros_ws/src/behaviors/include/behaviors/behavior_server.hpp:26[m[K,
[11.312s]                  from [01m[K/home/ashmitha/ros_ws/src/behaviors/src/behavior_server.cpp:20[m[K:
[11.312s] [01m[K/opt/ros/foxy/include/nav2_costmap_2d/costmap_topic_collision_checker.hpp:44:3:[m[K [01;36m[Knote: [m[Kcandidate: â€˜[01m[Knav2_costmap_2d::CostmapTopicCollisionChecker::CostmapTopicCollisionChecker(nav2_costmap_2d::CostmapSubscriber&, nav2_costmap_2d::FootprintSubscriber&, tf2_ros::Buffer&, std::string, std::string, std::string, double)[m[Kâ€™
[11.312s]    44 |   [01;36m[KCostmapTopicCollisionChecker[m[K(
[11.312s]       |   [01;36m[K^~~~~~~~~~~~~~~~~~~~~~~~~~~~[m[K
[11.312s] [01m[K/opt/ros/foxy/include/nav2_costmap_2d/costmap_topic_collision_checker.hpp:47:23:[m[K [01;36m[Knote: [m[K  no known conversion for argument 3 from â€˜[01m[Kconst char*[m[Kâ€™ to â€˜[01m[Ktf2_ros::Buffer&[m[Kâ€™
[11.312s]    47 |     [01;36m[Ktf2_ros::Buffer & tf[m[K,
[11.312s]       |     [01;36m[K~~~~~~~~~~~~~~~~~~^~[m[K
[11.313s] [01m[K/opt/ros/foxy/include/nav2_costmap_2d/costmap_topic_collision_checker.hpp:41:7:[m[K [01;36m[Knote: [m[Kcandidate: â€˜[01m[Knav2_costmap_2d::CostmapTopicCollisionChecker::CostmapTopicCollisionChecker(const nav2_costmap_2d::CostmapTopicCollisionChecker&)[m[Kâ€™
[11.313s]    41 | class [01;36m[KCostmapTopicCollisionChecker[m[K
[11.313s]       |       [01;36m[K^~~~~~~~~~~~~~~~~~~~~~~~~~~~[m[K
[11.313s] [01m[K/opt/ros/foxy/include/nav2_costmap_2d/costmap_topic_collision_checker.hpp:41:7:[m[K [01;36m[Knote: [m[K  candidate expects 1 argument, 3 provided
[11.707s] make[2]: *** [CMakeFiles/behavior_server_core.dir/build.make:76: CMakeFiles/behavior_server_core.dir/src/behavior_server.cpp.o] Error 1
[11.707s] make[1]: *** [CMakeFiles/Makefile2:167: CMakeFiles/behavior_server_core.dir/all] Error 2
[11.707s] make: *** [Makefile:146: all] Error 2
[11.713s] Invoked command in '/home/ashmitha/ros_ws/build/behaviors' returned '2': AMENT_PREFIX_PATH=/home/ashmitha/ros_ws/install/msgs:${AMENT_PREFIX_PATH} CMAKE_PREFIX_PATH=/home/ashmitha/ros_ws/install/msgs:/opt/ros/foxy CONDA_PROMPT_MODIFIER=(base) LD_LIBRARY_PATH=/home/ashmitha/ros_ws/install/msgs/lib:${LD_LIBRARY_PATH} PYTHONPATH=/home/ashmitha/ros_ws/install/msgs/lib/python3.11/site-packages:${PYTHONPATH} /home/ashmitha/.local/bin/cmake --build /home/ashmitha/ros_ws/build/behaviors -- -j8 -l8
