[0.089s] Invoking command in '/home/ashmitha/ros_ws/build/msgs': CMAKE_PREFIX_PATH=${CMAKE_PREFIX_PATH}:/opt/ros/foxy CONDA_PROMPT_MODIFIER=(base) /home/ashmitha/.local/bin/cmake /home/ashmitha/ros_ws/src/msgs -DCMAKE_INSTALL_PREFIX=/home/ashmitha/ros_ws/install/msgs
[0.114s] -- Found ament_cmake: 0.9.12 (/opt/ros/foxy/share/ament_cmake/cmake)
[0.116s] [33mCMake Warning (dev) at /opt/ros/foxy/share/ament_cmake_core/cmake/core/python.cmake:22 (find_package):
[0.116s]   Policy CMP0148 is not set: The FindPythonInterp and FindPythonLibs modules
[0.116s]   are removed.  Run "cmake --help-policy CMP0148" for policy details.  Use
[0.116s]   the cmake_policy command to set the policy and suppress this warning.
[0.116s] 
[0.117s] Call Stack (most recent call first):
[0.117s]   /opt/ros/foxy/share/ament_cmake_core/cmake/core/all.cmake:53 (include)
[0.117s]   /opt/ros/foxy/share/ament_cmake_core/cmake/ament_cmake_core-extras.cmake:17 (include)
[0.117s]   /opt/ros/foxy/share/ament_cmake_core/cmake/ament_cmake_coreConfig.cmake:41 (include)
[0.117s]   /opt/ros/foxy/share/ament_cmake/cmake/ament_cmake_export_dependencies-extras.cmake:15 (find_package)
[0.117s]   /opt/ros/foxy/share/ament_cmake/cmake/ament_cmakeConfig.cmake:41 (include)
[0.117s]   CMakeLists.txt:22 (find_package)
[0.117s] This warning is for project developers.  Use -Wno-dev to suppress it.
[0.117s] [0m
[0.131s] -- Found PythonInterp: /home/ashmitha/anaconda3/bin/python3 (found suitable version "3.11.4", minimum required is "3") 
[0.131s] -- Using PYTHON_EXECUTABLE: /home/ashmitha/anaconda3/bin/python3
[0.273s] -- Found ament_lint_auto: 0.9.8 (/opt/ros/foxy/share/ament_lint_auto/cmake)
[0.337s] -- Found rosidl_default_generators: 1.0.1 (/opt/ros/foxy/share/rosidl_default_generators/cmake)
[0.338s] -- Using all available rosidl_typesupport_c: rosidl_typesupport_fastrtps_c;rosidl_typesupport_introspection_c
[0.342s] -- Found rosidl_adapter: 1.3.1 (/opt/ros/foxy/share/rosidl_adapter/cmake)
[0.457s] -- Using all available rosidl_typesupport_cpp: rosidl_typesupport_fastrtps_cpp;rosidl_typesupport_introspection_cpp
[0.571s] -- Found ament_cmake_ros: 0.9.2 (/opt/ros/foxy/share/ament_cmake_ros/cmake)
[0.689s] -- Using all available rosidl_typesupport_c: rosidl_typesupport_fastrtps_c;rosidl_typesupport_introspection_c
[0.707s] -- Using all available rosidl_typesupport_cpp: rosidl_typesupport_fastrtps_cpp;rosidl_typesupport_introspection_cpp
[0.711s] [33mCMake Warning (dev) at /opt/ros/foxy/share/rosidl_generator_py/cmake/rosidl_generator_py_generate_interfaces.cmake:20 (find_package):
[0.711s]   Policy CMP0148 is not set: The FindPythonInterp and FindPythonLibs modules
[0.711s]   are removed.  Run "cmake --help-policy CMP0148" for policy details.  Use
[0.711s]   the cmake_policy command to set the policy and suppress this warning.
[0.711s] 
[0.711s] Call Stack (most recent call first):
[0.711s]   /opt/ros/foxy/share/ament_cmake_core/cmake/core/ament_execute_extensions.cmake:48 (include)
[0.711s]   /opt/ros/foxy/share/rosidl_cmake/cmake/rosidl_generate_interfaces.cmake:286 (ament_execute_extensions)
[0.711s]   CMakeLists.txt:40 (rosidl_generate_interfaces)
[0.711s] This warning is for project developers.  Use -Wno-dev to suppress it.
[0.711s] [0m
[0.726s] -- Found PythonInterp: /home/ashmitha/anaconda3/bin/python3 (found suitable version "3.11.4", minimum required is "3.5") 
[0.728s] -- Found python_cmake_module: 0.8.1 (/opt/ros/foxy/share/python_cmake_module/cmake)
[0.729s] [33mCMake Warning (dev) at /opt/ros/foxy/share/python_cmake_module/cmake/Modules/FindPythonExtra.cmake:45 (find_package):
[0.729s]   Policy CMP0148 is not set: The FindPythonInterp and FindPythonLibs modules
[0.729s]   are removed.  Run "cmake --help-policy CMP0148" for policy details.  Use
[0.729s]   the cmake_policy command to set the policy and suppress this warning.
[0.729s] 
[0.729s] Call Stack (most recent call first):
[0.729s]   /opt/ros/foxy/share/rosidl_generator_py/cmake/rosidl_generator_py_generate_interfaces.cmake:23 (find_package)
[0.729s]   /opt/ros/foxy/share/ament_cmake_core/cmake/core/ament_execute_extensions.cmake:48 (include)
[0.729s]   /opt/ros/foxy/share/rosidl_cmake/cmake/rosidl_generate_interfaces.cmake:286 (ament_execute_extensions)
[0.729s]   CMakeLists.txt:40 (rosidl_generate_interfaces)
[0.729s] This warning is for project developers.  Use -Wno-dev to suppress it.
[0.729s] [0m
[0.745s] [33mCMake Warning (dev) at /opt/ros/foxy/share/python_cmake_module/cmake/Modules/FindPythonExtra.cmake:133 (find_package):
[0.745s]   Policy CMP0148 is not set: The FindPythonInterp and FindPythonLibs modules
[0.745s]   are removed.  Run "cmake --help-policy CMP0148" for policy details.  Use
[0.745s]   the cmake_policy command to set the policy and suppress this warning.
[0.745s] 
[0.745s] Call Stack (most recent call first):
[0.745s]   /opt/ros/foxy/share/rosidl_generator_py/cmake/rosidl_generator_py_generate_interfaces.cmake:23 (find_package)
[0.745s]   /opt/ros/foxy/share/ament_cmake_core/cmake/core/ament_execute_extensions.cmake:48 (include)
[0.745s]   /opt/ros/foxy/share/rosidl_cmake/cmake/rosidl_generate_interfaces.cmake:286 (ament_execute_extensions)
[0.745s]   CMakeLists.txt:40 (rosidl_generate_interfaces)
[0.745s] This warning is for project developers.  Use -Wno-dev to suppress it.
[0.745s] [0m
[0.750s] -- Found PythonLibs: /home/ashmitha/anaconda3/lib/libpython3.11.so (found suitable version "3.11.4", minimum required is "3.5") 
[0.750s] -- Using PYTHON_EXECUTABLE: /home/ashmitha/anaconda3/bin/python3
[0.750s] -- Using PYTHON_INCLUDE_DIRS: /home/ashmitha/anaconda3/include/python3.11
[0.750s] -- Using PYTHON_LIBRARIES: /home/ashmitha/anaconda3/lib/libpython3.11.so
[0.766s] -- Found PythonExtra: .so  
[1.168s] -- Using numpy include directory: /home/ashmitha/anaconda3/lib/python3.11/site-packages/numpy/core/include
[1.180s] -- Added test 'copyright' to check source files copyright and LICENSE
[1.182s] -- Added test 'lint_cmake' to check CMake code style
[1.182s] -- Added test 'xmllint' to check XML markup files
[1.188s] -- Configuring done (1.1s)
[1.216s] [33mCMake Warning at /opt/ros/foxy/share/rosidl_generator_py/cmake/rosidl_generator_py_generate_interfaces.cmake:235 (add_library):
[1.217s]   Cannot generate a safe runtime search path for target
[1.217s]   msgs__rosidl_typesupport_fastrtps_c__pyext because files in some
[1.217s]   directories may conflict with libraries in implicit directories:
[1.217s] 
[1.217s]     runtime library [libssl.so.1.1] in /usr/lib/x86_64-linux-gnu may be hidden by files in:
[1.217s]       /home/ashmitha/anaconda3/lib
[1.217s]     runtime library [libcrypto.so.1.1] in /usr/lib/x86_64-linux-gnu may be hidden by files in:
[1.217s]       /home/ashmitha/anaconda3/lib
[1.217s] 
[1.217s]   Some of these libraries may not be found correctly.
[1.217s] Call Stack (most recent call first):
[1.217s]   /opt/ros/foxy/share/ament_cmake_core/cmake/core/ament_execute_extensions.cmake:48 (include)
[1.217s]   /opt/ros/foxy/share/rosidl_cmake/cmake/rosidl_generate_interfaces.cmake:286 (ament_execute_extensions)
[1.217s]   CMakeLists.txt:40 (rosidl_generate_interfaces)
[1.217s] 
[1.217s] [0m
[1.223s] -- Generating done (0.0s)
[1.225s] -- Build files have been written to: /home/ashmitha/ros_ws/build/msgs
[1.233s] Invoked command in '/home/ashmitha/ros_ws/build/msgs' returned '0': CMAKE_PREFIX_PATH=${CMAKE_PREFIX_PATH}:/opt/ros/foxy CONDA_PROMPT_MODIFIER=(base) /home/ashmitha/.local/bin/cmake /home/ashmitha/ros_ws/src/msgs -DCMAKE_INSTALL_PREFIX=/home/ashmitha/ros_ws/install/msgs
[1.235s] Invoking command in '/home/ashmitha/ros_ws/build/msgs': CMAKE_PREFIX_PATH=${CMAKE_PREFIX_PATH}:/opt/ros/foxy CONDA_PROMPT_MODIFIER=(base) /home/ashmitha/.local/bin/cmake --build /home/ashmitha/ros_ws/build/msgs -- -j8 -l8
[1.263s] [  3%] [34m[1mGenerating C code for ROS interfaces[0m
[1.265s] [  6%] [34m[1mGenerating C++ code for ROS interfaces[0m
[1.282s] Traceback (most recent call last):
[1.282s]   File "/opt/ros/foxy/share/rosidl_generator_c/cmake/../../../lib/rosidl_generator_c/rosidl_generator_c", line 8, in <module>
[1.282s]     from rosidl_generator_c import generate_c
[1.282s]   File "/opt/ros/foxy/lib/python3.8/site-packages/rosidl_generator_c/__init__.py", line 15, in <module>
[1.282s]     from rosidl_cmake import convert_camel_case_to_lower_case_underscore
[1.282s]   File "/opt/ros/foxy/lib/python3.8/site-packages/rosidl_cmake/__init__.py", line 22, in <module>
[1.283s]     import em
[1.283s] ModuleNotFoundError: No module named 'em'
[1.285s] Traceback (most recent call last):
[1.285s]   File "/opt/ros/foxy/share/rosidl_generator_cpp/cmake/../../../lib/rosidl_generator_cpp/rosidl_generator_cpp", line 8, in <module>
[1.285s]     from rosidl_generator_cpp import generate_cpp
[1.285s]   File "/opt/ros/foxy/lib/python3.8/site-packages/rosidl_generator_cpp/__init__.py", line 17, in <module>
[1.285s]     from rosidl_cmake import generate_files
[1.286s]   File "/opt/ros/foxy/lib/python3.8/site-packages/rosidl_cmake/__init__.py", line 22, in <module>
[1.286s]     import em
[1.286s] ModuleNotFoundError: No module named 'em'
[1.286s] make[2]: *** [CMakeFiles/msgs__rosidl_generator_c.dir/build.make:94: rosidl_generator_c/msgs/action/teleop.h] Error 1
[1.286s] make[1]: *** [CMakeFiles/Makefile2:209: CMakeFiles/msgs__rosidl_generator_c.dir/all] Error 2
[1.286s] make[1]: *** Waiting for unfinished jobs....
[1.289s] make[2]: *** [CMakeFiles/msgs__cpp.dir/build.make:104: rosidl_generator_cpp/msgs/action/teleop.hpp] Error 1
[1.289s] make[1]: *** [CMakeFiles/Makefile2:342: CMakeFiles/msgs__cpp.dir/all] Error 2
[1.289s] make: *** [Makefile:146: all] Error 2
[1.293s] Invoked command in '/home/ashmitha/ros_ws/build/msgs' returned '2': CMAKE_PREFIX_PATH=${CMAKE_PREFIX_PATH}:/opt/ros/foxy CONDA_PROMPT_MODIFIER=(base) /home/ashmitha/.local/bin/cmake --build /home/ashmitha/ros_ws/build/msgs -- -j8 -l8
