[0.080s] Invoking command in '/home/ashmitha/ros_ws/build/behaviors': AMENT_PREFIX_PATH=/home/ashmitha/ros_ws/install/msgs:${AMENT_PREFIX_PATH} CMAKE_PREFIX_PATH=/home/ashmitha/ros_ws/install/msgs:/opt/ros/foxy CONDA_PROMPT_MODIFIER=(base) LD_LIBRARY_PATH=/home/ashmitha/ros_ws/install/msgs/lib:${LD_LIBRARY_PATH} PYTHONPATH=/home/ashmitha/ros_ws/install/msgs/lib/python3.11/site-packages:${PYTHONPATH} /home/ashmitha/.local/bin/cmake --build /home/ashmitha/ros_ws/build/behaviors -- -j8 -l8
[0.147s] [ 16%] [32mBuilding CXX object CMakeFiles/behavior_server_core.dir/src/behavior_server.cpp.o[0m
[0.149s] [ 33%] [32mBuilding CXX object CMakeFiles/nav2_teleop_behavior.dir/plugins/teleop.cpp.o[0m
[3.080s] In file included from [01m[K/home/ashmitha/ros_ws/src/behaviors/include/behaviors/plugins/teleop.hpp:12[m[K,
[3.080s]                  from [01m[K/home/ashmitha/ros_ws/src/behaviors/plugins/teleop.cpp:4[m[K:
[3.081s] /home/ashmitha/ros_ws/src/behaviors/include/behaviors/timed_behavior.hpp: In instantiation of â€˜[01m[Kclass nav2_behaviors::TimedBehavior<msgs::action::Teleop>[m[Kâ€™:
[3.081s] [01m[K/home/ashmitha/ros_ws/src/behaviors/include/behaviors/plugins/teleop.hpp:22:27:[m[K   required from here
[3.081s] [01m[K/home/ashmitha/ros_ws/src/behaviors/include/behaviors/timed_behavior.hpp:111:8:[m[K [01;31m[Kerror: [m[Kâ€˜[01m[Kvoid nav2_behaviors::TimedBehavior<ActionT>::configure(const SharedPtr&, const string&, std::shared_ptr<tf2_ros::Buffer>, std::shared_ptr<nav2_costmap_2d::CostmapTopicCollisionChecker>) [with ActionT = msgs::action::Teleop; rclcpp_lifecycle::LifecycleNode::SharedPtr = std::shared_ptr<rclcpp_lifecycle::LifecycleNode>; std::string = std::__cxx11::basic_string<char>][m[Kâ€™ marked â€˜[01m[Koverride[m[Kâ€™, but does not override
[3.081s]   111 |   void [01;31m[Kconfigure[m[K(
[3.081s]       |        [01;31m[K^~~~~~~~~[m[K
[3.225s] In file included from [01m[K/home/ashmitha/ros_ws/src/behaviors/src/behavior_server.cpp:20[m[K:
[3.225s] [01m[K/home/ashmitha/ros_ws/src/behaviors/include/behaviors/behavior_server.hpp:45:18:[m[K [01;31m[Kerror: [m[KISO C++ forbids declaration of â€˜[01m[KRecoveryServer[m[Kâ€™ with no type [[01;31m[K-fpermissive[m[K]
[3.225s]    45 |   RecoveryServer([01;31m[K)[m[K;
[3.225s]       |                  [01;31m[K^[m[K
[3.225s] [01m[K/home/ashmitha/ros_ws/src/behaviors/include/behaviors/behavior_server.hpp:46:18:[m[K [01;31m[Kerror: [m[Kexpected class-name before â€˜[01m[K([m[Kâ€™ token
[3.225s]    46 |   ~RecoveryServer[01;31m[K([m[K);
[3.225s]       |                  [01;31m[K^[m[K
[3.284s] [01m[K/home/ashmitha/ros_ws/src/behaviors/src/behavior_server.cpp:25:32:[m[K [01;31m[Kerror: [m[Kdefinition of implicitly-declared â€˜[01m[Kbehavior_server::BehaviorServer::BehaviorServer()[m[Kâ€™
[3.289s]    25 | BehaviorServer::BehaviorServer([01;31m[K)[m[K
[3.290s]       |                                [01;31m[K^[m[K
[3.290s] [01m[K/home/ashmitha/ros_ws/src/behaviors/src/behavior_server.cpp:28:41:[m[K [01;31m[Kerror: [m[Kmixing declarations and function-definitions is forbidden
[3.290s]    28 |   default_ids_{"spin", "backup", "wait"}[01;31m[K,[m[K
[3.290s]       |                                         [01;31m[K^[m[K
[3.290s] [01m[K/home/ashmitha/ros_ws/src/behaviors/src/behavior_server.cpp:29:17:[m[K [01;31m[Kerror: [m[Kexpected constructor, destructor, or type conversion before â€˜[01m[K{[m[Kâ€™ token
[3.290s]    29 |   default_types_[01;31m[K{[m[K"nav2_recoveries/Spin",
[3.290s]       |                 [01;31m[K^[m[K
[3.290s] [01m[K/home/ashmitha/ros_ws/src/behaviors/src/behavior_server.cpp:33:1:[m[K [01;31m[Kerror: [m[Kexpected unqualified-id before â€˜[01m[K{[m[Kâ€™ token
[3.290s]    33 | [01;31m[K{[m[K
[3.291s]       | [01;31m[K^[m[K
[3.291s] [01m[K/home/ashmitha/ros_ws/src/behaviors/src/behavior_server.cpp:57:33:[m[K [01;31m[Kerror: [m[Kdefinition of implicitly-declared â€˜[01m[Kvirtual behavior_server::BehaviorServer::~BehaviorServer()[m[Kâ€™
[3.291s]    57 | BehaviorServer::~BehaviorServer([01;31m[K)[m[K
[3.291s]       |                                 [01;31m[K^[m[K
[4.930s] make[2]: *** [CMakeFiles/behavior_server_core.dir/build.make:76: CMakeFiles/behavior_server_core.dir/src/behavior_server.cpp.o] Error 1
[4.931s] make[1]: *** [CMakeFiles/Makefile2:167: CMakeFiles/behavior_server_core.dir/all] Error 2
[4.931s] make[1]: *** Waiting for unfinished jobs....
[4.937s] In file included from [01m[K/opt/ros/foxy/include/class_loader/class_loader_core.hpp:57[m[K,
[4.937s]                  from [01m[K/opt/ros/foxy/include/class_loader/class_loader.hpp:55[m[K,
[4.938s]                  from [01m[K/opt/ros/foxy/include/pluginlib/class_list_macros.hpp:40[m[K,
[4.938s]                  from [01m[K/home/ashmitha/ros_ws/src/behaviors/plugins/teleop.cpp:276[m[K:
[4.938s] /opt/ros/foxy/include/class_loader/meta_object.hpp: In instantiation of â€˜[01m[KB* class_loader::impl::MetaObject<C, B>::create() const [with C = nav2_behaviors::Teleop; B = nav2_core::Recovery][m[Kâ€™:
[4.938s] [01m[K/opt/ros/foxy/include/class_loader/meta_object.hpp:216:7:[m[K   required from here
[4.938s] [01m[K/opt/ros/foxy/include/class_loader/meta_object.hpp:218:12:[m[K [01;31m[Kerror: [m[Kinvalid new-expression of abstract class type â€˜[01m[Knav2_behaviors::Teleop[m[Kâ€™
[4.938s]   218 |     return [01;31m[Knew C[m[K;
[4.938s]       |            [01;31m[K^~~~~[m[K
[4.938s] In file included from [01m[K/home/ashmitha/ros_ws/src/behaviors/plugins/teleop.cpp:4[m[K:
[4.938s] [01m[K/home/ashmitha/ros_ws/src/behaviors/include/behaviors/plugins/teleop.hpp:22:11:[m[K [01;36m[Knote: [m[K  because the following virtual functions are pure within â€˜[01m[Knav2_behaviors::Teleop[m[Kâ€™:
[4.938s]    22 |     class [01;36m[KTeleop[m[K : public TimedBehavior<TeleopAction>
[4.939s]       |           [01;36m[K^~~~~~[m[K
[4.939s] In file included from [01m[K/home/ashmitha/ros_ws/src/behaviors/include/behaviors/timed_behavior.hpp:37[m[K,
[4.939s]                  from [01m[K/home/ashmitha/ros_ws/src/behaviors/include/behaviors/plugins/teleop.hpp:12[m[K,
[4.939s]                  from [01m[K/home/ashmitha/ros_ws/src/behaviors/plugins/teleop.cpp:4[m[K:
[4.939s] [01m[K/opt/ros/foxy/include/nav2_core/recovery.hpp:49:16:[m[K [01;36m[Knote: [m[K	â€˜[01m[Kvirtual void nav2_core::Recovery::configure(rclcpp_lifecycle::LifecycleNode::SharedPtr, const string&, std::shared_ptr<tf2_ros::Buffer>, std::shared_ptr<nav2_costmap_2d::CostmapTopicCollisionChecker>)[m[Kâ€™
[4.939s]    49 |   virtual void [01;36m[Kconfigure[m[K(
[4.939s]       |                [01;36m[K^~~~~~~~~[m[K
[5.349s] make[2]: *** [CMakeFiles/nav2_teleop_behavior.dir/build.make:76: CMakeFiles/nav2_teleop_behavior.dir/plugins/teleop.cpp.o] Error 1
[5.350s] make[1]: *** [CMakeFiles/Makefile2:141: CMakeFiles/nav2_teleop_behavior.dir/all] Error 2
[5.350s] make: *** [Makefile:146: all] Error 2
[5.357s] Invoked command in '/home/ashmitha/ros_ws/build/behaviors' returned '2': AMENT_PREFIX_PATH=/home/ashmitha/ros_ws/install/msgs:${AMENT_PREFIX_PATH} CMAKE_PREFIX_PATH=/home/ashmitha/ros_ws/install/msgs:/opt/ros/foxy CONDA_PROMPT_MODIFIER=(base) LD_LIBRARY_PATH=/home/ashmitha/ros_ws/install/msgs/lib:${LD_LIBRARY_PATH} PYTHONPATH=/home/ashmitha/ros_ws/install/msgs/lib/python3.11/site-packages:${PYTHONPATH} /home/ashmitha/.local/bin/cmake --build /home/ashmitha/ros_ws/build/behaviors -- -j8 -l8
