[0.061s] Invoking command in '/home/ashmitha/ros_ws/build/behaviors': AMENT_PREFIX_PATH=/home/ashmitha/ros_ws/install/msgs:${AMENT_PREFIX_PATH} CMAKE_PREFIX_PATH=/home/ashmitha/ros_ws/install/msgs:/opt/ros/foxy CONDA_PROMPT_MODIFIER=(base) LD_LIBRARY_PATH=/home/ashmitha/ros_ws/install/msgs/lib:${LD_LIBRARY_PATH} PYTHONPATH=/home/ashmitha/ros_ws/install/msgs/lib/python3.11/site-packages:${PYTHONPATH} /home/ashmitha/.local/bin/cmake --build /home/ashmitha/ros_ws/build/behaviors -- -j8 -l8
[0.141s] [ 16%] [32mBuilding CXX object CMakeFiles/nav2_teleop_behavior.dir/plugins/teleop.cpp.o[0m
[0.141s] [ 33%] [32mBuilding CXX object CMakeFiles/behavior_server_core.dir/src/behavior_server.cpp.o[0m
[2.589s] In file included from [01m[K/home/ashmitha/ros_ws/src/behaviors/include/behaviors/plugins/teleop.hpp:12[m[K,
[2.589s]                  from [01m[K/home/ashmitha/ros_ws/src/behaviors/plugins/teleop.cpp:4[m[K:
[2.589s] /home/ashmitha/ros_ws/src/behaviors/include/behaviors/timed_behavior.hpp: In instantiation of â€˜[01m[Kclass nav2_behaviors::TimedBehavior<msgs::action::Teleop>[m[Kâ€™:
[2.589s] [01m[K/home/ashmitha/ros_ws/src/behaviors/include/behaviors/plugins/teleop.hpp:22:27:[m[K   required from here
[2.589s] [01m[K/home/ashmitha/ros_ws/src/behaviors/include/behaviors/timed_behavior.hpp:111:8:[m[K [01;31m[Kerror: [m[Kâ€˜[01m[Kvoid nav2_behaviors::TimedBehavior<ActionT>::configure(const SharedPtr&, const string&, std::shared_ptr<tf2_ros::Buffer>, std::shared_ptr<nav2_costmap_2d::CostmapTopicCollisionChecker>) [with ActionT = msgs::action::Teleop; rclcpp_lifecycle::LifecycleNode::SharedPtr = std::shared_ptr<rclcpp_lifecycle::LifecycleNode>; std::string = std::__cxx11::basic_string<char>][m[Kâ€™ marked â€˜[01m[Koverride[m[Kâ€™, but does not override
[2.589s]   111 |   void [01;31m[Kconfigure[m[K(
[2.589s]       |        [01;31m[K^~~~~~~~~[m[K
[2.760s] [01m[K/home/ashmitha/ros_ws/src/behaviors/src/behavior_server.cpp:25:1:[m[K [01;31m[Kerror: [m[Kno declaration matches â€˜[01m[Kbehavior_server::BehaviorServer::BehaviorServer()[m[Kâ€™
[2.760s]    25 | [01;31m[KBehaviorServer[m[K::BehaviorServer()
[2.760s]       | [01;31m[K^~~~~~~~~~~~~~[m[K
[2.760s] In file included from [01m[K/home/ashmitha/ros_ws/src/behaviors/src/behavior_server.cpp:20[m[K:
[2.760s] [01m[K/home/ashmitha/ros_ws/src/behaviors/include/behaviors/behavior_server.hpp:38:7:[m[K [01;36m[Knote: [m[Kcandidates are: â€˜[01m[Kbehavior_server::BehaviorServer::BehaviorServer(const behavior_server::BehaviorServer&)[m[Kâ€™
[2.760s]    38 | class [01;36m[KBehaviorServer[m[K : public nav2_util::LifecycleNode
[2.760s]       |       [01;36m[K^~~~~~~~~~~~~~[m[K
[2.760s] [01m[K/home/ashmitha/ros_ws/src/behaviors/include/behaviors/behavior_server.hpp:45:12:[m[K [01;36m[Knote: [m[K                â€˜[01m[Kbehavior_server::BehaviorServer::BehaviorServer(const rclcpp::NodeOptions&)[m[Kâ€™
[2.760s]    45 |   explicit [01;36m[KBehaviorServer[m[K(const rclcpp::NodeOptions & options = rclcpp::NodeOptions());
[2.760s]       |            [01;36m[K^~~~~~~~~~~~~~[m[K
[2.760s] [01m[K/home/ashmitha/ros_ws/src/behaviors/include/behaviors/behavior_server.hpp:38:7:[m[K [01;36m[Knote: [m[Kâ€˜[01m[Kclass behavior_server::BehaviorServer[m[Kâ€™ defined here
[2.761s]    38 | class [01;36m[KBehaviorServer[m[K : public nav2_util::LifecycleNode
[2.761s]       |       [01;36m[K^~~~~~~~~~~~~~[m[K
[2.761s] [01m[K/home/ashmitha/ros_ws/src/behaviors/src/behavior_server.cpp:28:41:[m[K [01;31m[Kerror: [m[Kmixing declarations and function-definitions is forbidden
[2.761s]    28 |   default_ids_{"spin", "backup", "wait"}[01;31m[K,[m[K
[2.761s]       |                                         [01;31m[K^[m[K
[2.761s] [01m[K/home/ashmitha/ros_ws/src/behaviors/src/behavior_server.cpp:29:17:[m[K [01;31m[Kerror: [m[Kexpected constructor, destructor, or type conversion before â€˜[01m[K{[m[Kâ€™ token
[2.761s]    29 |   default_types_[01;31m[K{[m[K"nav2_recoveries/Spin",
[2.761s]       |                 [01;31m[K^[m[K
[2.761s] [01m[K/home/ashmitha/ros_ws/src/behaviors/src/behavior_server.cpp:33:1:[m[K [01;31m[Kerror: [m[Kexpected unqualified-id before â€˜[01m[K{[m[Kâ€™ token
[2.761s]    33 | [01;31m[K{[m[K
[2.761s]       | [01;31m[K^[m[K
[4.136s] In file included from [01m[K/opt/ros/foxy/include/class_loader/class_loader_core.hpp:57[m[K,
[4.136s]                  from [01m[K/opt/ros/foxy/include/class_loader/class_loader.hpp:55[m[K,
[4.136s]                  from [01m[K/opt/ros/foxy/include/pluginlib/class_list_macros.hpp:40[m[K,
[4.136s]                  from [01m[K/home/ashmitha/ros_ws/src/behaviors/plugins/teleop.cpp:276[m[K:
[4.136s] /opt/ros/foxy/include/class_loader/meta_object.hpp: In instantiation of â€˜[01m[KB* class_loader::impl::MetaObject<C, B>::create() const [with C = nav2_behaviors::Teleop; B = nav2_core::Recovery][m[Kâ€™:
[4.136s] [01m[K/opt/ros/foxy/include/class_loader/meta_object.hpp:216:7:[m[K   required from here
[4.136s] [01m[K/opt/ros/foxy/include/class_loader/meta_object.hpp:218:12:[m[K [01;31m[Kerror: [m[Kinvalid new-expression of abstract class type â€˜[01m[Knav2_behaviors::Teleop[m[Kâ€™
[4.136s]   218 |     return [01;31m[Knew C[m[K;
[4.136s]       |            [01;31m[K^~~~~[m[K
[4.137s] In file included from [01m[K/home/ashmitha/ros_ws/src/behaviors/plugins/teleop.cpp:4[m[K:
[4.137s] [01m[K/home/ashmitha/ros_ws/src/behaviors/include/behaviors/plugins/teleop.hpp:22:11:[m[K [01;36m[Knote: [m[K  because the following virtual functions are pure within â€˜[01m[Knav2_behaviors::Teleop[m[Kâ€™:
[4.137s]    22 |     class [01;36m[KTeleop[m[K : public TimedBehavior<TeleopAction>
[4.137s]       |           [01;36m[K^~~~~~[m[K
[4.137s] In file included from [01m[K/home/ashmitha/ros_ws/src/behaviors/include/behaviors/timed_behavior.hpp:37[m[K,
[4.137s]                  from [01m[K/home/ashmitha/ros_ws/src/behaviors/include/behaviors/plugins/teleop.hpp:12[m[K,
[4.137s]                  from [01m[K/home/ashmitha/ros_ws/src/behaviors/plugins/teleop.cpp:4[m[K:
[4.137s] [01m[K/opt/ros/foxy/include/nav2_core/recovery.hpp:49:16:[m[K [01;36m[Knote: [m[K	â€˜[01m[Kvirtual void nav2_core::Recovery::configure(rclcpp_lifecycle::LifecycleNode::SharedPtr, const string&, std::shared_ptr<tf2_ros::Buffer>, std::shared_ptr<nav2_costmap_2d::CostmapTopicCollisionChecker>)[m[Kâ€™
[4.137s]    49 |   virtual void [01;36m[Kconfigure[m[K(
[4.137s]       |                [01;36m[K^~~~~~~~~[m[K
[4.159s] make[2]: *** [CMakeFiles/behavior_server_core.dir/build.make:76: CMakeFiles/behavior_server_core.dir/src/behavior_server.cpp.o] Error 1
[4.160s] make[1]: *** [CMakeFiles/Makefile2:167: CMakeFiles/behavior_server_core.dir/all] Error 2
[4.160s] make[1]: *** Waiting for unfinished jobs....
[4.468s] make[2]: *** [CMakeFiles/nav2_teleop_behavior.dir/build.make:76: CMakeFiles/nav2_teleop_behavior.dir/plugins/teleop.cpp.o] Error 1
[4.468s] make[1]: *** [CMakeFiles/Makefile2:141: CMakeFiles/nav2_teleop_behavior.dir/all] Error 2
[4.468s] make: *** [Makefile:146: all] Error 2
[4.473s] Invoked command in '/home/ashmitha/ros_ws/build/behaviors' returned '2': AMENT_PREFIX_PATH=/home/ashmitha/ros_ws/install/msgs:${AMENT_PREFIX_PATH} CMAKE_PREFIX_PATH=/home/ashmitha/ros_ws/install/msgs:/opt/ros/foxy CONDA_PROMPT_MODIFIER=(base) LD_LIBRARY_PATH=/home/ashmitha/ros_ws/install/msgs/lib:${LD_LIBRARY_PATH} PYTHONPATH=/home/ashmitha/ros_ws/install/msgs/lib/python3.11/site-packages:${PYTHONPATH} /home/ashmitha/.local/bin/cmake --build /home/ashmitha/ros_ws/build/behaviors -- -j8 -l8
