[0.062s] Invoking command in '/home/ashmitha/ros_ws/build/behaviors': AMENT_PREFIX_PATH=/home/ashmitha/ros_ws/install/msgs:${AMENT_PREFIX_PATH} CMAKE_PREFIX_PATH=/home/ashmitha/ros_ws/install/msgs:/opt/ros/foxy CONDA_PROMPT_MODIFIER=(base) LD_LIBRARY_PATH=/home/ashmitha/ros_ws/install/msgs/lib:${LD_LIBRARY_PATH} PYTHONPATH=/home/ashmitha/ros_ws/install/msgs/lib/python3.11/site-packages:${PYTHONPATH} /home/ashmitha/.local/bin/cmake --build /home/ashmitha/ros_ws/build/behaviors -- -j8 -l8
[0.169s] [ 16%] [32mBuilding CXX object CMakeFiles/behavior_server_core.dir/src/behavior_server.cpp.o[0m
[0.178s] [ 33%] [32mBuilding CXX object CMakeFiles/nav2_teleop_behavior.dir/plugins/teleop.cpp.o[0m
[2.472s] In file included from [01m[K/home/ashmitha/ros_ws/src/behaviors/include/behaviors/plugins/teleop.hpp:12[m[K,
[2.472s]                  from [01m[K/home/ashmitha/ros_ws/src/behaviors/plugins/teleop.cpp:4[m[K:
[2.473s] [01m[K/home/ashmitha/ros_ws/src/behaviors/include/behaviors/timed_behavior.hpp:68:1:[m[K [01;31m[Kerror: [m[Kexpected class-name before â€˜[01m[K{[m[Kâ€™ token
[2.473s]    68 | [01;31m[K{[m[K
[2.473s]       | [01;31m[K^[m[K
[2.485s] [01m[K/home/ashmitha/ros_ws/src/behaviors/include/behaviors/timed_behavior.hpp:[m[K In constructor â€˜[01m[Knav2_behaviors::TimedBehavior<ActionT>::TimedBehavior()[m[Kâ€™:
[2.485s] [01m[K/home/ashmitha/ros_ws/src/behaviors/include/behaviors/timed_behavior.hpp:79:3:[m[K [01;31m[Kerror: [m[Kexpected identifier before â€˜[01m[K{[m[Kâ€™ token
[2.485s]    79 |   [01;31m[K{[m[K
[2.485s]       |   [01;31m[K^[m[K
[2.487s] [01m[K/home/ashmitha/ros_ws/src/behaviors/include/behaviors/timed_behavior.hpp:[m[K In member function â€˜[01m[Kvoid nav2_behaviors::TimedBehavior<ActionT>::configure(const SharedPtr&, const string&, std::shared_ptr<tf2_ros::Buffer>, std::shared_ptr<nav2_costmap_2d::CostmapTopicCollisionChecker>)[m[Kâ€™:
[2.487s] [01m[K/home/ashmitha/ros_ws/src/behaviors/include/behaviors/timed_behavior.hpp:123:5:[m[K [01;31m[Kerror: [m[Kâ€˜[01m[Knode[m[Kâ€™ was not declared in this scope; did you mean â€˜[01m[Knode_[m[Kâ€™?
[2.487s]   123 |     [01;31m[Knode[m[K->get_parameter("cycle_frequency", cycle_frequency_);
[2.487s]       |     [01;31m[K^~~~[m[K
[2.487s]       |     [32m[Knode_[m[K
[2.487s] [01m[K/home/ashmitha/ros_ws/src/behaviors/include/behaviors/timed_behavior.hpp:138:73:[m[K [01;31m[Kerror: [m[Kexpected primary-expression before â€˜[01m[K>[m[Kâ€™ token
[2.487s]   138 |     vel_pub_ = node->template create_publisher<geometry_msgs::msg::Twist[01;31m[K>[m[K("cmd_vel", 1);
[2.488s]       |                                                                         [01;31m[K^[m[K
[2.492s] [01m[K/home/ashmitha/ros_ws/src/behaviors/include/behaviors/timed_behavior.hpp:[m[K In member function â€˜[01m[Kvoid nav2_behaviors::TimedBehavior<ActionT>::execute()[m[Kâ€™:
[2.492s] [01m[K/home/ashmitha/ros_ws/src/behaviors/include/behaviors/timed_behavior.hpp:219:7:[m[K [01;31m[Kerror: [m[Kâ€˜[01m[Kelasped_time_[m[Kâ€™ was not declared in this scope
[2.492s]   219 |       [01;31m[Kelasped_time_[m[K = steady_clock_.now() - start_time;
[2.492s]       |       [01;31m[K^~~~~~~~~~~~~[m[K
[2.737s] /home/ashmitha/ros_ws/src/behaviors/include/behaviors/timed_behavior.hpp: In instantiation of â€˜[01m[Kclass nav2_behaviors::TimedBehavior<msgs::action::Teleop>[m[Kâ€™:
[2.737s] [01m[K/home/ashmitha/ros_ws/src/behaviors/include/behaviors/plugins/teleop.hpp:22:27:[m[K   required from here
[2.737s] [01m[K/home/ashmitha/ros_ws/src/behaviors/include/behaviors/timed_behavior.hpp:111:8:[m[K [01;31m[Kerror: [m[Kâ€˜[01m[Kvoid nav2_behaviors::TimedBehavior<ActionT>::configure(const SharedPtr&, const string&, std::shared_ptr<tf2_ros::Buffer>, std::shared_ptr<nav2_costmap_2d::CostmapTopicCollisionChecker>) [with ActionT = msgs::action::Teleop; rclcpp_lifecycle::LifecycleNode::SharedPtr = std::shared_ptr<rclcpp_lifecycle::LifecycleNode>; std::string = std::__cxx11::basic_string<char>][m[Kâ€™ marked â€˜[01m[Koverride[m[Kâ€™, but does not override
[2.737s]   111 |   void [01;31m[Kconfigure[m[K(
[2.737s]       |        [01;31m[K^~~~~~~~~[m[K
[2.739s] [01m[K/home/ashmitha/ros_ws/src/behaviors/include/behaviors/timed_behavior.hpp:144:8:[m[K [01;31m[Kerror: [m[Kâ€˜[01m[Kvoid nav2_behaviors::TimedBehavior<ActionT>::cleanup() [with ActionT = msgs::action::Teleop][m[Kâ€™ marked â€˜[01m[Koverride[m[Kâ€™, but does not override
[2.740s]   144 |   void [01;31m[Kcleanup[m[K() override
[2.740s]       |        [01;31m[K^~~~~~~[m[K
[2.740s] [01m[K/home/ashmitha/ros_ws/src/behaviors/include/behaviors/timed_behavior.hpp:152:8:[m[K [01;31m[Kerror: [m[Kâ€˜[01m[Kvoid nav2_behaviors::TimedBehavior<ActionT>::activate() [with ActionT = msgs::action::Teleop][m[Kâ€™ marked â€˜[01m[Koverride[m[Kâ€™, but does not override
[2.740s]   152 |   void [01;31m[Kactivate[m[K() override
[2.740s]       |        [01;31m[K^~~~~~~~[m[K
[2.740s] [01m[K/home/ashmitha/ros_ws/src/behaviors/include/behaviors/timed_behavior.hpp:161:8:[m[K [01;31m[Kerror: [m[Kâ€˜[01m[Kvoid nav2_behaviors::TimedBehavior<ActionT>::deactivate() [with ActionT = msgs::action::Teleop][m[Kâ€™ marked â€˜[01m[Koverride[m[Kâ€™, but does not override
[2.740s]   161 |   void [01;31m[Kdeactivate[m[K() override
[2.740s]       |        [01;31m[K^~~~~~~~~~[m[K
[2.797s] [01m[K/home/ashmitha/ros_ws/src/behaviors/plugins/teleop.cpp:[m[K In member function â€˜[01m[Kvirtual void nav2_behaviors::Teleop::onConfigure()[m[Kâ€™:
[2.798s] [01m[K/home/ashmitha/ros_ws/src/behaviors/plugins/teleop.cpp:135:9:[m[K [01;31m[Kerror: [m[Kâ€˜[01m[Knode[m[Kâ€™ was not declared in this scope; did you mean â€˜[01m[Knode_[m[Kâ€™?
[2.798s]   135 |         [01;31m[Knode[m[K->get_parameter("projection_time", projection_time_);
[2.798s]       |         [01;31m[K^~~~[m[K
[2.798s]       |         [32m[Knode_[m[K
[2.798s] [01m[K/home/ashmitha/ros_ws/src/behaviors/plugins/teleop.cpp:141:68:[m[K [01;31m[Kerror: [m[Kexpected primary-expression before â€˜[01m[K>[m[Kâ€™ token
[2.798s]   141 |         vel_pub_ = node->create_publisher<geometry_msgs::msg::Twist[01;31m[K>[m[K(
[2.798s]       |                                                                    [01;31m[K^[m[K
[2.798s] [01m[K/home/ashmitha/ros_ws/src/behaviors/plugins/teleop.cpp:142:13:[m[K [01;31m[Kerror: [m[Kleft operand of comma operator has no effect [[01;31m[K-Werror=unused-value[m[K]
[2.798s]   142 |             [01;31m[Kcmd_vel_teleop[m[K, rclcpp::SystemDefaultsQoS()
[2.799s]       |             [01;31m[K^~~~~~~~~~~~~~[m[K
[2.799s] [01m[K/home/ashmitha/ros_ws/src/behaviors/plugins/teleop.cpp:145:77:[m[K [01;31m[Kerror: [m[Kexpected primary-expression before â€˜[01m[K>[m[Kâ€™ token
[2.799s]   145 |         preempt_teleop_sub_ = node->create_subscription<std_msgs::msg::Empty[01;31m[K>[m[K(
[2.799s]       |                                                                             [01;31m[K^[m[K
[2.799s] [01m[K/home/ashmitha/ros_ws/src/behaviors/plugins/teleop.cpp:146:13:[m[K [01;31m[Kerror: [m[Kleft operand of comma operator has no effect [[01;31m[K-Werror=unused-value[m[K]
[2.799s]   146 |             [01;31m[K"preempt_teleop"[m[K, rclcpp::SystemDefaultsQoS(),
[2.799s]       |             [01;31m[K^~~~~~~~~~~~~~~~[m[K
[2.818s] [01m[K/home/ashmitha/ros_ws/src/behaviors/plugins/teleop.cpp:[m[K In member function â€˜[01m[Kvirtual nav2_behaviors::Status nav2_behaviors::Teleop::onCycleUpdate()[m[Kâ€™:
[2.818s] [01m[K/home/ashmitha/ros_ws/src/behaviors/plugins/teleop.cpp:164:32:[m[K [01;31m[Kerror: [m[Kâ€˜[01m[Kelasped_time_[m[Kâ€™ was not declared in this scope; did you mean â€˜[01m[Kend_time_[m[Kâ€™?
[2.818s]   164 |         feedback_->time_left = [01;31m[Kelasped_time_[m[K;
[2.818s]       |                                [01;31m[K^~~~~~~~~~~~~[m[K
[2.819s]       |                                [32m[Kend_time_[m[K
[2.862s] [01m[K/home/ashmitha/ros_ws/src/behaviors/plugins/teleop.cpp:253:33:[m[K [01;31m[Kerror: [m[Kâ€˜[01m[Klocal_frame_[m[Kâ€™ was not declared in this scope; did you mean â€˜[01m[Kglobal_frame_[m[Kâ€™?
[2.862s]   253 |             current_pose, *tf_, [01;31m[Klocal_frame_[m[K, robot_base_frame_,
[2.862s]       |                                 [01;31m[K^~~~~~~~~~~~[m[K
[2.862s]       |                                 [32m[Kglobal_frame_[m[K
[2.953s] [01m[K/home/ashmitha/ros_ws/src/behaviors/src/behavior_server.cpp:[m[K In constructor â€˜[01m[Kbehavior_server::BehaviorServer::BehaviorServer(const rclcpp::NodeOptions&)[m[Kâ€™:
[2.953s] [01m[K/home/ashmitha/ros_ws/src/behaviors/src/behavior_server.cpp:25:60:[m[K [01;31m[Kerror: [m[Kunused parameter â€˜[01m[Koptions[m[Kâ€™ [[01;31m[K-Werror=unused-parameter[m[K]
[2.953s]    25 | BehaviorServer::BehaviorServer([01;31m[Kconst rclcpp::NodeOptions & options[m[K)
[2.953s]       |                                [01;31m[K~~~~~~~~~~~~~~~~~~~~~~~~~~~~^~~~~~~[m[K
[3.559s] In file included from [01m[K/opt/ros/foxy/include/class_loader/class_loader_core.hpp:57[m[K,
[3.559s]                  from [01m[K/opt/ros/foxy/include/class_loader/class_loader.hpp:55[m[K,
[3.559s]                  from [01m[K/opt/ros/foxy/include/pluginlib/class_list_macros.hpp:40[m[K,
[3.559s]                  from [01m[K/home/ashmitha/ros_ws/src/behaviors/plugins/teleop.cpp:275[m[K:
[3.559s] /opt/ros/foxy/include/class_loader/meta_object.hpp: In instantiation of â€˜[01m[KB* class_loader::impl::MetaObject<C, B>::create() const [with C = nav2_behaviors::Teleop; B = nav2_core::Recovery][m[Kâ€™:
[3.559s] [01m[K/opt/ros/foxy/include/class_loader/meta_object.hpp:216:7:[m[K   required from here
[3.559s] [01m[K/opt/ros/foxy/include/class_loader/meta_object.hpp:218:16:[m[K [01;31m[Kerror: [m[Kcannot convert â€˜[01m[Knav2_behaviors::Teleop*[m[Kâ€™ to â€˜[01m[Knav2_core::Recovery*[m[Kâ€™ in return
[3.559s]   218 |     return new [01;31m[KC[m[K;
[3.559s]       |                [01;31m[K^[m[K
[3.678s] cc1plus: all warnings being treated as errors
[3.696s] make[2]: *** [CMakeFiles/nav2_teleop_behavior.dir/build.make:76: CMakeFiles/nav2_teleop_behavior.dir/plugins/teleop.cpp.o] Error 1
[3.696s] make[1]: *** [CMakeFiles/Makefile2:141: CMakeFiles/nav2_teleop_behavior.dir/all] Error 2
[3.696s] make[1]: *** Waiting for unfinished jobs....
[10.633s] cc1plus: all warnings being treated as errors
[10.674s] make[2]: *** [CMakeFiles/behavior_server_core.dir/build.make:76: CMakeFiles/behavior_server_core.dir/src/behavior_server.cpp.o] Error 1
[10.674s] make[1]: *** [CMakeFiles/Makefile2:167: CMakeFiles/behavior_server_core.dir/all] Error 2
[10.674s] make: *** [Makefile:146: all] Error 2
[10.682s] Invoked command in '/home/ashmitha/ros_ws/build/behaviors' returned '2': AMENT_PREFIX_PATH=/home/ashmitha/ros_ws/install/msgs:${AMENT_PREFIX_PATH} CMAKE_PREFIX_PATH=/home/ashmitha/ros_ws/install/msgs:/opt/ros/foxy CONDA_PROMPT_MODIFIER=(base) LD_LIBRARY_PATH=/home/ashmitha/ros_ws/install/msgs/lib:${LD_LIBRARY_PATH} PYTHONPATH=/home/ashmitha/ros_ws/install/msgs/lib/python3.11/site-packages:${PYTHONPATH} /home/ashmitha/.local/bin/cmake --build /home/ashmitha/ros_ws/build/behaviors -- -j8 -l8
