[ 16%] [32mBuilding CXX object CMakeFiles/behavior_server_core.dir/src/behavior_server.cpp.o[0m
[ 33%] [32mBuilding CXX object CMakeFiles/nav2_teleop_behavior.dir/plugins/teleop.cpp.o[0m
In file included from [01m[K/home/ashmitha/ros_ws/src/behaviors/plugins/teleop.cpp:4[m[K:
[01m[K/home/ashmitha/ros_ws/src/behaviors/include/behaviors/plugins/teleop.hpp:20:40:[m[K [01;31m[Kerror: [m[Kexpected template-name before â€˜[01m[K<[m[Kâ€™ token
   20 |     class Teleop : public TimedBehavior[01;31m[K<[m[KTeleopAction>
      |                                        [01;31m[K^[m[K
[01m[K/home/ashmitha/ros_ws/src/behaviors/include/behaviors/plugins/teleop.hpp:20:40:[m[K [01;31m[Kerror: [m[Kexpected â€˜[01m[K{[m[Kâ€™ before â€˜[01m[K<[m[Kâ€™ token
[01m[K/home/ashmitha/ros_ws/src/behaviors/include/behaviors/plugins/teleop.hpp:20:40:[m[K [01;31m[Kerror: [m[Kexpected unqualified-id before â€˜[01m[K<[m[Kâ€™ token
[01m[K/home/ashmitha/ros_ws/src/behaviors/plugins/teleop.cpp:9:5:[m[K [01;31m[Kerror: [m[Kâ€˜[01m[KTeleop[m[Kâ€™ does not name a type
    9 |     [01;31m[KTeleop[m[K::Teleop()
      |     [01;31m[K^~~~~~[m[K
[01m[K/home/ashmitha/ros_ws/src/behaviors/plugins/teleop.cpp:13:9:[m[K [01;31m[Kerror: [m[Kâ€˜[01m[KTeleop[m[Kâ€™ has not been declared
   13 |     int [01;31m[KTeleop[m[K::getch(void)
      |         [01;31m[K^~~~~~[m[K
[01m[K/home/ashmitha/ros_ws/src/behaviors/plugins/teleop.cpp:[m[K In function â€˜[01m[Kint nav2_behaviors::getch()[m[Kâ€™:
[01m[K/home/ashmitha/ros_ws/src/behaviors/plugins/teleop.cpp:16:24:[m[K [01;31m[Kerror: [m[Kaggregate â€˜[01m[Knav2_behaviors::getch()::termios oldt[m[Kâ€™ has incomplete type and cannot be defined
   16 |         struct termios [01;31m[Koldt[m[K;
      |                        [01;31m[K^~~~[m[K
[01m[K/home/ashmitha/ros_ws/src/behaviors/plugins/teleop.cpp:17:24:[m[K [01;31m[Kerror: [m[Kaggregate â€˜[01m[Knav2_behaviors::getch()::termios newt[m[Kâ€™ has incomplete type and cannot be defined
   17 |         struct termios [01;31m[Knewt[m[K;
      |                        [01;31m[K^~~~[m[K
[01m[K/home/ashmitha/ros_ws/src/behaviors/plugins/teleop.cpp:20:19:[m[K [01;31m[Kerror: [m[Kâ€˜[01m[KSTDIN_FILENO[m[Kâ€™ was not declared in this scope
   20 |         tcgetattr([01;31m[KSTDIN_FILENO[m[K, &oldt);
      |                   [01;31m[K^~~~~~~~~~~~[m[K
[01m[K/home/ashmitha/ros_ws/src/behaviors/plugins/teleop.cpp:20:9:[m[K [01;31m[Kerror: [m[Kâ€˜[01m[Ktcgetattr[m[Kâ€™ was not declared in this scope
   20 |         [01;31m[Ktcgetattr[m[K(STDIN_FILENO, &oldt);
      |         [01;31m[K^~~~~~~~~[m[K
[01m[K/home/ashmitha/ros_ws/src/behaviors/plugins/teleop.cpp:24:27:[m[K [01;31m[Kerror: [m[Kâ€˜[01m[KICANON[m[Kâ€™ was not declared in this scope
   24 |         newt.c_lflag &= ~([01;31m[KICANON[m[K | ECHO);
      |                           [01;31m[K^~~~~~[m[K
[01m[K/home/ashmitha/ros_ws/src/behaviors/plugins/teleop.cpp:24:36:[m[K [01;31m[Kerror: [m[Kâ€˜[01m[KECHO[m[Kâ€™ was not declared in this scope
   24 |         newt.c_lflag &= ~(ICANON | [01;31m[KECHO[m[K);
      |                                    [01;31m[K^~~~[m[K
[01m[K/home/ashmitha/ros_ws/src/behaviors/plugins/teleop.cpp:25:25:[m[K [01;31m[Kerror: [m[Kâ€˜[01m[KIGNBRK[m[Kâ€™ was not declared in this scope
   25 |         newt.c_iflag |= [01;31m[KIGNBRK[m[K;
      |                         [01;31m[K^~~~~~[m[K
[01m[K/home/ashmitha/ros_ws/src/behaviors/plugins/teleop.cpp:26:27:[m[K [01;31m[Kerror: [m[Kâ€˜[01m[KINLCR[m[Kâ€™ was not declared in this scope
   26 |         newt.c_iflag &= ~([01;31m[KINLCR[m[K | ICRNL | IXON | IXOFF);
      |                           [01;31m[K^~~~~[m[K
[01m[K/home/ashmitha/ros_ws/src/behaviors/plugins/teleop.cpp:26:35:[m[K [01;31m[Kerror: [m[Kâ€˜[01m[KICRNL[m[Kâ€™ was not declared in this scope
   26 |         newt.c_iflag &= ~(INLCR | [01;31m[KICRNL[m[K | IXON | IXOFF);
      |                                   [01;31m[K^~~~~[m[K
[01m[K/home/ashmitha/ros_ws/src/behaviors/plugins/teleop.cpp:26:43:[m[K [01;31m[Kerror: [m[Kâ€˜[01m[KIXON[m[Kâ€™ was not declared in this scope
   26 |         newt.c_iflag &= ~(INLCR | ICRNL | [01;31m[KIXON[m[K | IXOFF);
      |                                           [01;31m[K^~~~[m[K
[01m[K/home/ashmitha/ros_ws/src/behaviors/plugins/teleop.cpp:26:50:[m[K [01;31m[Kerror: [m[Kâ€˜[01m[KIXOFF[m[Kâ€™ was not declared in this scope
   26 |         newt.c_iflag &= ~(INLCR | ICRNL | IXON | [01;31m[KIXOFF[m[K);
      |                                                  [01;31m[K^~~~~[m[K
[01m[K/home/ashmitha/ros_ws/src/behaviors/plugins/teleop.cpp:27:43:[m[K [01;31m[Kerror: [m[Kâ€˜[01m[KECHOK[m[Kâ€™ was not declared in this scope
   27 |         newt.c_lflag &= ~(ICANON | ECHO | [01;31m[KECHOK[m[K | ECHOE | ECHONL | ISIG | IEXTEN);
      |                                           [01;31m[K^~~~~[m[K
[01m[K/home/ashmitha/ros_ws/src/behaviors/plugins/teleop.cpp:27:51:[m[K [01;31m[Kerror: [m[Kâ€˜[01m[KECHOE[m[Kâ€™ was not declared in this scope
   27 |         newt.c_lflag &= ~(ICANON | ECHO | ECHOK | [01;31m[KECHOE[m[K | ECHONL | ISIG | IEXTEN);
      |                                                   [01;31m[K^~~~~[m[K
[01m[K/home/ashmitha/ros_ws/src/behaviors/plugins/teleop.cpp:27:59:[m[K [01;31m[Kerror: [m[Kâ€˜[01m[KECHONL[m[Kâ€™ was not declared in this scope; did you mean â€˜[01m[KECHRNG[m[Kâ€™?
   27 |         newt.c_lflag &= ~(ICANON | ECHO | ECHOK | ECHOE | [01;31m[KECHONL[m[K | ISIG | IEXTEN);
      |                                                           [01;31m[K^~~~~~[m[K
      |                                                           [32m[KECHRNG[m[K
[01m[K/home/ashmitha/ros_ws/src/behaviors/plugins/teleop.cpp:27:68:[m[K [01;31m[Kerror: [m[Kâ€˜[01m[KISIG[m[Kâ€™ was not declared in this scope; did you mean â€˜[01m[KNSIG[m[Kâ€™?
   27 |         newt.c_lflag &= ~(ICANON | ECHO | ECHOK | ECHOE | ECHONL | [01;31m[KISIG[m[K | IEXTEN);
      |                                                                    [01;31m[K^~~~[m[K
      |                                                                    [32m[KNSIG[m[K
[01m[K/home/ashmitha/ros_ws/src/behaviors/plugins/teleop.cpp:27:75:[m[K [01;31m[Kerror: [m[Kâ€˜[01m[KIEXTEN[m[Kâ€™ was not declared in this scope
   27 |         newt.c_lflag &= ~(ICANON | ECHO | ECHOK | ECHOE | ECHONL | ISIG | [01;31m[KIEXTEN[m[K);
      |                                                                           [01;31m[K^~~~~~[m[K
[01m[K/home/ashmitha/ros_ws/src/behaviors/plugins/teleop.cpp:28:19:[m[K [01;31m[Kerror: [m[Kâ€˜[01m[KVMIN[m[Kâ€™ was not declared in this scope
   28 |         newt.c_cc[[01;31m[KVMIN[m[K] = 1;
      |                   [01;31m[K^~~~[m[K
[01m[K/home/ashmitha/ros_ws/src/behaviors/plugins/teleop.cpp:29:19:[m[K [01;31m[Kerror: [m[Kâ€˜[01m[KVTIME[m[Kâ€™ was not declared in this scope; did you mean â€˜[01m[KETIME[m[Kâ€™?
   29 |         newt.c_cc[[01;31m[KVTIME[m[K] = 0;
      |                   [01;31m[K^~~~~[m[K
      |                   [32m[KETIME[m[K
[01m[K/home/ashmitha/ros_ws/src/behaviors/plugins/teleop.cpp:30:34:[m[K [01;31m[Kerror: [m[Kâ€˜[01m[KTCSANOW[m[Kâ€™ was not declared in this scope
   30 |         tcsetattr(fileno(stdin), [01;31m[KTCSANOW[m[K, &newt);
      |                                  [01;31m[K^~~~~~~[m[K
[01m[K/home/ashmitha/ros_ws/src/behaviors/plugins/teleop.cpp:30:9:[m[K [01;31m[Kerror: [m[Kâ€˜[01m[Ktcsetattr[m[Kâ€™ was not declared in this scope
   30 |         [01;31m[Ktcsetattr[m[K(fileno(stdin), TCSANOW, &newt);
      |         [01;31m[K^~~~~~~~~[m[K
[01m[K/home/ashmitha/ros_ws/src/behaviors/plugins/teleop.cpp:[m[K At global scope:
[01m[K/home/ashmitha/ros_ws/src/behaviors/plugins/teleop.cpp:43:11:[m[K [01;31m[Kerror: [m[Kâ€˜[01m[KTeleop[m[Kâ€™ has not been declared
   43 |     float [01;31m[KTeleop[m[K::vel_check(float curr, bool decrease = false)
      |           [01;31m[K^~~~~~[m[K
[01m[K/home/ashmitha/ros_ws/src/behaviors/plugins/teleop.cpp:53:11:[m[K [01;31m[Kerror: [m[Kâ€˜[01m[KTeleop[m[Kâ€™ has not been declared
   53 |     float [01;31m[KTeleop[m[K::Lvel(char key, float x)
      |           [01;31m[K^~~~~~[m[K
[01m[K/home/ashmitha/ros_ws/src/behaviors/plugins/teleop.cpp:62:11:[m[K [01;31m[Kerror: [m[Kâ€˜[01m[KTeleop[m[Kâ€™ has not been declared
   62 |     float [01;31m[KTeleop[m[K::Avel(char key, float th){
      |           [01;31m[K^~~~~~[m[K
[01m[K/home/ashmitha/ros_ws/src/behaviors/plugins/teleop.cpp:72:10:[m[K [01;31m[Kerror: [m[Kâ€˜[01m[KTeleop[m[Kâ€™ has not been declared
   72 |     void [01;31m[KTeleop[m[K::onConfigure()
      |          [01;31m[K^~~~~~[m[K
[01m[K/home/ashmitha/ros_ws/src/behaviors/plugins/teleop.cpp:[m[K In function â€˜[01m[Kvoid nav2_behaviors::onConfigure()[m[Kâ€™:
[01m[K/home/ashmitha/ros_ws/src/behaviors/plugins/teleop.cpp:148:75:[m[K [01;31m[Kerror: [m[Kâ€˜[01m[Kspeed[m[Kâ€™ was not declared in this scope
  148 |         printf("\nNow top Speed is %f and turn is %f | Last command: \n", [01;31m[Kspeed[m[K, turn);
      |                                                                           [01;31m[K^~~~~[m[K
[01m[K/home/ashmitha/ros_ws/src/behaviors/plugins/teleop.cpp:148:82:[m[K [01;31m[Kerror: [m[Kâ€˜[01m[Kturn[m[Kâ€™ was not declared in this scope
  148 |         printf("\nNow top Speed is %f and turn is %f | Last command: \n", speed, [01;31m[Kturn[m[K);
      |                                                                                  [01;31m[K^~~~[m[K
[01m[K/home/ashmitha/ros_ws/src/behaviors/plugins/teleop.cpp:151:21:[m[K [01;31m[Kerror: [m[Kâ€˜[01m[Knode_[m[Kâ€™ was not declared in this scope; did you mean â€˜[01m[Knode[m[Kâ€™?
  151 |         auto node = [01;31m[Knode_[m[K.lock();
      |                     [01;31m[K^~~~~[m[K
      |                     [32m[Knode[m[K
[01m[K/home/ashmitha/ros_ws/src/behaviors/plugins/teleop.cpp:159:38:[m[K [01;31m[Kerror: [m[Kfound â€˜[01m[K:[m[Kâ€™ in nested-name-specifier, expected â€˜[01m[K::[m[Kâ€™
  159 |             "projection_time", rclcpp[01;31m[K:[m[KParameterValue(1.0)
      |                                      [01;31m[K^[m[K
      |                                      [32m[K::[m[K
[01m[K/home/ashmitha/ros_ws/src/behaviors/plugins/teleop.cpp:164:43:[m[K [01;31m[Kerror: [m[Kfound â€˜[01m[K:[m[Kâ€™ in nested-name-specifier, expected â€˜[01m[K::[m[Kâ€™
  164 |             "simulation_time_step", rclcpp[01;31m[K:[m[KParameterValue(0.1)
      |                                           [01;31m[K^[m[K
      |                                           [32m[K::[m[K
[01m[K/home/ashmitha/ros_ws/src/behaviors/plugins/teleop.cpp:169:37:[m[K [01;31m[Kerror: [m[Kfound â€˜[01m[K:[m[Kâ€™ in nested-name-specifier, expected â€˜[01m[K::[m[Kâ€™
  169 |             "cmd_vel_teleop", rclcpp[01;31m[K:[m[KParameterValue(std::string("cmd_vel_teleop"))
      |                                     [01;31m[K^[m[K
      |                                     [32m[K::[m[K
[01m[K/home/ashmitha/ros_ws/src/behaviors/plugins/teleop.cpp:173:48:[m[K [01;31m[Kerror: [m[Kâ€˜[01m[Kprojection_time_[m[Kâ€™ was not declared in this scope
  173 |         node->get_parameter("projection_time", [01;31m[Kprojection_time_[m[K);
      |                                                [01;31m[K^~~~~~~~~~~~~~~~[m[K
[01m[K/home/ashmitha/ros_ws/src/behaviors/plugins/teleop.cpp:174:53:[m[K [01;31m[Kerror: [m[Kâ€˜[01m[Ksimulation_time_step_[m[Kâ€™ was not declared in this scope
  174 |         node->get_parameter("simulation_time_step", [01;31m[Ksimulation_time_step_[m[K);
      |                                                     [01;31m[K^~~~~~~~~~~~~~~~~~~~~[m[K
[01m[K/home/ashmitha/ros_ws/src/behaviors/plugins/teleop.cpp:179:9:[m[K [01;31m[Kerror: [m[Kâ€˜[01m[Kvel_pub_[m[Kâ€™ was not declared in this scope
  179 |         [01;31m[Kvel_pub_[m[K = node->create_publisher<geometry_msgs::msg::Twist>(
      |         [01;31m[K^~~~~~~~[m[K
[01m[K/home/ashmitha/ros_ws/src/behaviors/plugins/teleop.cpp:179:68:[m[K [01;31m[Kerror: [m[Kexpected primary-expression before â€˜[01m[K>[m[Kâ€™ token
  179 |         vel_pub_ = node->create_publisher<geometry_msgs::msg::Twist[01;31m[K>[m[K(
      |                                                                    [01;31m[K^[m[K
[01m[K/home/ashmitha/ros_ws/src/behaviors/plugins/teleop.cpp:180:13:[m[K [01;31m[Kerror: [m[Kleft operand of comma operator has no effect [[01;31m[K-Werror=unused-value[m[K]
  180 |             [01;31m[Kcmd_vel_teleop[m[K, rclcpp::SystemDefaultsQoS(),
      |             [01;31m[K^~~~~~~~~~~~~~[m[K
[01m[K/home/ashmitha/ros_ws/src/behaviors/plugins/teleop.cpp:182:18:[m[K [01;31m[Kerror: [m[Kâ€˜[01m[KTeleop[m[Kâ€™ has not been declared
  182 |                 &[01;31m[KTeleop[m[K::teleopVelocityCallback, this, std::placeholders::_1
      |                  [01;31m[K^~~~~~[m[K
[01m[K/home/ashmitha/ros_ws/src/behaviors/plugins/teleop.cpp:182:50:[m[K [01;31m[Kerror: [m[Kinvalid use of â€˜[01m[Kthis[m[Kâ€™ in non-member function
  182 |                 &Teleop::teleopVelocityCallback, [01;31m[Kthis[m[K, std::placeholders::_1
      |                                                  [01;31m[K^~~~[m[K
[01m[K/home/ashmitha/ros_ws/src/behaviors/plugins/teleop.cpp:185:9:[m[K [01;31m[Kerror: [m[Kâ€˜[01m[Kpreempt_teleop_sub_[m[Kâ€™ was not declared in this scope
  185 |         [01;31m[Kpreempt_teleop_sub_[m[K = node->create_subscription<std_msgs::msg::Empty>(
      |         [01;31m[K^~~~~~~~~~~~~~~~~~~[m[K
[01m[K/home/ashmitha/ros_ws/src/behaviors/plugins/teleop.cpp:185:77:[m[K [01;31m[Kerror: [m[Kexpected primary-expression before â€˜[01m[K>[m[Kâ€™ token
  185 |         preempt_teleop_sub_ = node->create_subscription<std_msgs::msg::Empty[01;31m[K>[m[K(
      |                                                                             [01;31m[K^[m[K
[01m[K/home/ashmitha/ros_ws/src/behaviors/plugins/teleop.cpp:186:13:[m[K [01;31m[Kerror: [m[Kleft operand of comma operator has no effect [[01;31m[K-Werror=unused-value[m[K]
  186 |             [01;31m[K"preempt_teleop"[m[K, rclcpp::SystemDefaultsQoS(),
      |             [01;31m[K^~~~~~~~~~~~~~~~[m[K
[01m[K/home/ashmitha/ros_ws/src/behaviors/plugins/teleop.cpp:188:18:[m[K [01;31m[Kerror: [m[Kâ€˜[01m[KTeleop[m[Kâ€™ has not been declared
  188 |                 &[01;31m[KTeleop[m[K::premeptTeleopCallback, this, std::placeholders::_1
      |                  [01;31m[K^~~~~~[m[K
[01m[K/home/ashmitha/ros_ws/src/behaviors/plugins/teleop.cpp:188:49:[m[K [01;31m[Kerror: [m[Kinvalid use of â€˜[01m[Kthis[m[Kâ€™ in non-member function
  188 |                 &Teleop::premeptTeleopCallback, [01;31m[Kthis[m[K, std::placeholders::_1
      |                                                 [01;31m[K^~~~[m[K
[01m[K/home/ashmitha/ros_ws/src/behaviors/plugins/teleop.cpp:[m[K At global scope:
[01m[K/home/ashmitha/ros_ws/src/behaviors/plugins/teleop.cpp:193:5:[m[K [01;31m[Kerror: [m[Kâ€˜[01m[KResultStatus[m[Kâ€™ does not name a type
  193 |     [01;31m[KResultStatus[m[K Teleop::onRun(const std::shared_ptr<const TeleopAction::Goal> command)
      |     [01;31m[K^~~~~~~~~~~~[m[K
[01m[K/home/ashmitha/ros_ws/src/behaviors/plugins/teleop.cpp:201:10:[m[K [01;31m[Kerror: [m[Kâ€˜[01m[KTeleop[m[Kâ€™ has not been declared
  201 |     void [01;31m[KTeleop[m[K::onActionCompletion(std::shared_ptr<TeleopActionResult>/*result*/)
      |          [01;31m[K^~~~~~[m[K
[01m[K/home/ashmitha/ros_ws/src/behaviors/plugins/teleop.cpp:201:53:[m[K [01;31m[Kerror: [m[Kâ€˜[01m[KTeleopActionResult[m[Kâ€™ was not declared in this scope
  201 |     void Teleop::onActionCompletion(std::shared_ptr<[01;31m[KTeleopActionResult[m[K>/*result*/)
      |                                                     [01;31m[K^~~~~~~~~~~~~~~~~~[m[K
[01m[K/home/ashmitha/ros_ws/src/behaviors/plugins/teleop.cpp:201:71:[m[K [01;31m[Kerror: [m[Ktemplate argument 1 is invalid
  201 |     void Teleop::onActionCompletion(std::shared_ptr<TeleopActionResult[01;31m[K>[m[K/*result*/)
      |                                                                       [01;31m[K^[m[K
[01m[K/home/ashmitha/ros_ws/src/behaviors/plugins/teleop.cpp:[m[K In function â€˜[01m[Kvoid nav2_behaviors::onActionCompletion(int)[m[Kâ€™:
[01m[K/home/ashmitha/ros_ws/src/behaviors/plugins/teleop.cpp:203:9:[m[K [01;31m[Kerror: [m[Kâ€˜[01m[Kteleop_twist_[m[Kâ€™ was not declared in this scope
  203 |         [01;31m[Kteleop_twist_[m[K = geometry_msgs::msg::Twist();
      |         [01;31m[K^~~~~~~~~~~~~[m[K
[01m[K/home/ashmitha/ros_ws/src/behaviors/plugins/teleop.cpp:204:9:[m[K [01;31m[Kerror: [m[Kâ€˜[01m[Kpreempt_teleop_[m[Kâ€™ was not declared in this scope
  204 |         [01;31m[Kpreempt_teleop_[m[K = false;
      |         [01;31m[K^~~~~~~~~~~~~~~[m[K
[01m[K/home/ashmitha/ros_ws/src/behaviors/plugins/teleop.cpp:[m[K At global scope:
[01m[K/home/ashmitha/ros_ws/src/behaviors/plugins/teleop.cpp:207:5:[m[K [01;31m[Kerror: [m[Kâ€˜[01m[KResultStatus[m[Kâ€™ does not name a type
  207 |     [01;31m[KResultStatus[m[K Teleop::onCycleUpdate()
      |     [01;31m[K^~~~~~~~~~~~[m[K
[01m[K/home/ashmitha/ros_ws/src/behaviors/plugins/teleop.cpp:313:10:[m[K [01;31m[Kerror: [m[Kâ€˜[01m[KTeleop[m[Kâ€™ has not been declared
  313 |     void [01;31m[KTeleop[m[K::preemptTeleopCallback(const std_msgs::msg::Empty::SharedPtr)
      |          [01;31m[K^~~~~~[m[K
[01m[K/home/ashmitha/ros_ws/src/behaviors/plugins/teleop.cpp:[m[K In function â€˜[01m[Kvoid nav2_behaviors::preemptTeleopCallback(std_msgs::msg::Empty_<std::allocator<void> >::SharedPtr)[m[Kâ€™:
[01m[K/home/ashmitha/ros_ws/src/behaviors/plugins/teleop.cpp:315:9:[m[K [01;31m[Kerror: [m[Kâ€˜[01m[Kpreempt_teleop_[m[Kâ€™ was not declared in this scope
  315 |         [01;31m[Kpreempt_teleop_[m[K = true;
      |         [01;31m[K^~~~~~~~~~~~~~~[m[K
In file included from [01m[K/opt/ros/foxy/include/class_loader/class_loader.hpp:56[m[K,
                 from [01m[K/opt/ros/foxy/include/pluginlib/class_list_macros.hpp:40[m[K,
                 from [01m[K/home/ashmitha/ros_ws/src/behaviors/plugins/teleop.cpp:320[m[K:
[01m[K/home/ashmitha/ros_ws/src/behaviors/plugins/teleop.cpp:[m[K At global scope:
[01m[K/home/ashmitha/ros_ws/src/behaviors/plugins/teleop.cpp:321:24:[m[K [01;31m[Kerror: [m[Kâ€˜[01m[Kbehaviors[m[Kâ€™ does not name a type; did you mean â€˜[01m[Knav2_behaviors[m[Kâ€™?
  321 | PLUGINLIB_EXPORT_CLASS([01;31m[Kbehaviors[m[K::Teleop, nav2_core::Behavior)
      |                        [01;31m[K^~~~~~~~~[m[K
[01m[K/home/ashmitha/ros_ws/src/behaviors/plugins/teleop.cpp:321:43:[m[K [01;31m[Kerror: [m[Kâ€˜[01m[Knav2_core[m[Kâ€™ does not name a type
  321 | PLUGINLIB_EXPORT_CLASS(behaviors::Teleop, [01;31m[Knav2_core[m[K::Behavior)
      |                                           [01;31m[K^~~~~~~~~[m[K
[01m[K/home/ashmitha/ros_ws/src/behaviors/plugins/teleop.cpp:[m[K In constructor â€˜[01m[K{anonymous}::ProxyExec0::ProxyExec0()[m[Kâ€™:
[01m[K/home/ashmitha/ros_ws/src/behaviors/plugins/teleop.cpp:321:1:[m[K [01;31m[Kerror: [m[Kâ€˜[01m[K_derived[m[Kâ€™ was not declared in this scope
  321 | [01;31m[KPLUGINLIB_EXPORT_CLASS[m[K(behaviors::Teleop, nav2_core::Behavior)
      | [01;31m[K^~~~~~~~~~~~~~~~~~~~~~[m[K
[01m[K/home/ashmitha/ros_ws/src/behaviors/plugins/teleop.cpp:321:1:[m[K [01;31m[Kerror: [m[Kâ€˜[01m[K_base[m[Kâ€™ was not declared in this scope
  321 | [01;31m[KPLUGINLIB_EXPORT_CLASS[m[K(behaviors::Teleop, nav2_core::Behavior)
      | [01;31m[K^~~~~~~~~~~~~~~~~~~~~~[m[K
[01m[K/home/ashmitha/ros_ws/src/behaviors/plugins/teleop.cpp:321:1:[m[K [01;31m[Kerror: [m[Kno matching function for call to â€˜[01m[KregisterPlugin<<expression error>, <expression error> >(const char [18], const char [20])[m[Kâ€™
  321 | [01;31m[KPLUGINLIB_EXPORT_CLASS[m[K(behaviors::Teleop, nav2_core::Behavior)
      | [01;31m[K^~~~~~~~~~~~~~~~~~~~~~[m[K
In file included from [01m[K/opt/ros/foxy/include/class_loader/class_loader.hpp:55[m[K,
                 from [01m[K/opt/ros/foxy/include/pluginlib/class_list_macros.hpp:40[m[K,
                 from [01m[K/home/ashmitha/ros_ws/src/behaviors/plugins/teleop.cpp:320[m[K:
[01m[K/opt/ros/foxy/include/class_loader/class_loader_core.hpp:210:6:[m[K [01;36m[Knote: [m[Kcandidate: â€˜[01m[Ktemplate<class Derived, class Base> void class_loader::impl::registerPlugin(const string&, const string&)[m[Kâ€™
  210 | void [01;36m[KregisterPlugin[m[K(const std::string & class_name, const std::string & base_class_name)
      |      [01;36m[K^~~~~~~~~~~~~~[m[K
[01m[K/opt/ros/foxy/include/class_loader/class_loader_core.hpp:210:6:[m[K [01;36m[Knote: [m[K  template argument deduction/substitution failed:
In file included from [01m[K/opt/ros/foxy/include/class_loader/class_loader.hpp:56[m[K,
                 from [01m[K/opt/ros/foxy/include/pluginlib/class_list_macros.hpp:40[m[K,
                 from [01m[K/home/ashmitha/ros_ws/src/behaviors/plugins/teleop.cpp:320[m[K:
[01m[K/home/ashmitha/ros_ws/src/behaviors/plugins/teleop.cpp:321:1:[m[K [01;31m[Kerror: [m[Ktemplate argument 1 is invalid
  321 | [01;31m[KPLUGINLIB_EXPORT_CLASS[m[K(behaviors::Teleop, nav2_core::Behavior)
      | [01;31m[K^~~~~~~~~~~~~~~~~~~~~~[m[K
[01m[K/home/ashmitha/ros_ws/src/behaviors/plugins/teleop.cpp:321:1:[m[K [01;31m[Kerror: [m[Ktemplate argument 2 is invalid
cc1plus: all warnings being treated as errors
make[2]: *** [CMakeFiles/nav2_teleop_behavior.dir/build.make:76: CMakeFiles/nav2_teleop_behavior.dir/plugins/teleop.cpp.o] Error 1
make[1]: *** [CMakeFiles/Makefile2:141: CMakeFiles/nav2_teleop_behavior.dir/all] Error 2
make[1]: *** Waiting for unfinished jobs....
[01m[K/home/ashmitha/ros_ws/src/behaviors/src/behavior_server.cpp:[m[K In constructor â€˜[01m[Kbehavior_server::BehaviorServer::BehaviorServer(const rclcpp::NodeOptions&)[m[Kâ€™:
[01m[K/home/ashmitha/ros_ws/src/behaviors/src/behavior_server.cpp:32:26:[m[K [01;31m[Kerror: [m[Kno matching function for call to â€˜[01m[Knav2_util::LifecycleNode::LifecycleNode(const char [16], const char [1], const rclcpp::NodeOptions&)[m[Kâ€™
   32 |     "nav2_behaviors/Wait"[01;31m[K}[m[K
      |                          [01;31m[K^[m[K
In file included from [01m[K/home/ashmitha/ros_ws/src/behaviors/include/behaviors/behavior_server.hpp:21[m[K,
                 from [01m[K/home/ashmitha/ros_ws/src/behaviors/src/behavior_server.cpp:20[m[K:
[01m[K/opt/ros/foxy/include/nav2_util/lifecycle_node.hpp:39:3:[m[K [01;36m[Knote: [m[Kcandidate: â€˜[01m[Knav2_util::LifecycleNode::LifecycleNode(const string&, const string&, bool, const rclcpp::NodeOptions&)[m[Kâ€™
   39 |   [01;36m[KLifecycleNode[m[K(
      |   [01;36m[K^~~~~~~~~~~~~[m[K
[01m[K/opt/ros/foxy/include/nav2_util/lifecycle_node.hpp:42:10:[m[K [01;36m[Knote: [m[K  no known conversion for argument 3 from â€˜[01m[Kconst rclcpp::NodeOptions[m[Kâ€™ to â€˜[01m[Kbool[m[Kâ€™
   42 |     [01;36m[Kbool use_rclcpp_node = false[m[K,
      |     [01;36m[K~~~~~^~~~~~~~~~~~~~~~~~~~~~~[m[K
[01m[K/home/ashmitha/ros_ws/src/behaviors/src/behavior_server.cpp:[m[K In member function â€˜[01m[Kvirtual nav2_util::CallbackReturn behavior_server::BehaviorServer::on_activate(const rclcpp_lifecycle::State&)[m[Kâ€™:
[01m[K/home/ashmitha/ros_ws/src/behaviors/src/behavior_server.cpp:203:3:[m[K [01;31m[Kerror: [m[Kâ€˜[01m[KcreateBond[m[Kâ€™ was not declared in this scope
  203 |   [01;31m[KcreateBond[m[K();
      |   [01;31m[K^~~~~~~~~~[m[K
[01m[K/home/ashmitha/ros_ws/src/behaviors/src/behavior_server.cpp:[m[K In member function â€˜[01m[Kvirtual nav2_util::CallbackReturn behavior_server::BehaviorServer::on_deactivate(const rclcpp_lifecycle::State&)[m[Kâ€™:
[01m[K/home/ashmitha/ros_ws/src/behaviors/src/behavior_server.cpp:219:3:[m[K [01;31m[Kerror: [m[Kâ€˜[01m[KdestroyBond[m[Kâ€™ was not declared in this scope
  219 |   [01;31m[KdestroyBond[m[K();
      |   [01;31m[K^~~~~~~~~~~[m[K
In file included from [01m[K/usr/include/c++/9/memory:80[m[K,
                 from [01m[K/home/ashmitha/ros_ws/src/behaviors/src/behavior_server.cpp:15[m[K:
/usr/include/c++/9/bits/unique_ptr.h: In instantiation of â€˜[01m[Ktypename std::_MakeUniq<_Tp>::__single_object std::make_unique(_Args&& ...) [with _Tp = nav2_costmap_2d::FootprintSubscriber; _Args = {std::shared_ptr<nav2_util::LifecycleNode>, std::__cxx11::basic_string<char, std::char_traits<char>, std::allocator<char> >&, tf2_ros::Buffer&, std::__cxx11::basic_string<char, std::char_traits<char>, std::allocator<char> >&, double&}; typename std::_MakeUniq<_Tp>::__single_object = std::unique_ptr<nav2_costmap_2d::FootprintSubscriber>][m[Kâ€™:
[01m[K/home/ashmitha/ros_ws/src/behaviors/src/behavior_server.cpp:175:93:[m[K   required from here
[01m[K/usr/include/c++/9/bits/unique_ptr.h:857:30:[m[K [01;31m[Kerror: [m[Kno matching function for call to â€˜[01m[Knav2_costmap_2d::FootprintSubscriber::FootprintSubscriber(std::shared_ptr<nav2_util::LifecycleNode>, std::__cxx11::basic_string<char>&, tf2_ros::Buffer&, std::__cxx11::basic_string<char>&, double&)[m[Kâ€™
  857 |     { return unique_ptr<_Tp>([01;31m[Knew _Tp(std::forward<_Args>(__args)...)[m[K); }
      |                              [01;31m[K^~~~~~~~~~~~~~~~~~~~~~~~~~~~~~~~~~~~~~~[m[K
In file included from [01m[K/opt/ros/foxy/include/nav2_costmap_2d/costmap_topic_collision_checker.hpp:31[m[K,
                 from [01m[K/opt/ros/foxy/include/nav2_core/behavior.hpp:24[m[K,
                 from [01m[K/home/ashmitha/ros_ws/src/behaviors/include/behaviors/behavior_server.hpp:26[m[K,
                 from [01m[K/home/ashmitha/ros_ws/src/behaviors/src/behavior_server.cpp:20[m[K:
[01m[K/opt/ros/foxy/include/nav2_costmap_2d/footprint_subscriber.hpp:41:3:[m[K [01;36m[Knote: [m[Kcandidate: â€˜[01m[Knav2_costmap_2d::FootprintSubscriber::FootprintSubscriber(rclcpp::node_interfaces::NodeBaseInterface::SharedPtr, rclcpp::node_interfaces::NodeTopicsInterface::SharedPtr, rclcpp::node_interfaces::NodeLoggingInterface::SharedPtr, rclcpp::node_interfaces::NodeClockInterface::SharedPtr, const string&, const double&)[m[Kâ€™
   41 |   [01;36m[KFootprintSubscriber[m[K(
      |   [01;36m[K^~~~~~~~~~~~~~~~~~~[m[K
[01m[K/opt/ros/foxy/include/nav2_costmap_2d/footprint_subscriber.hpp:41:3:[m[K [01;36m[Knote: [m[K  candidate expects 6 arguments, 5 provided
[01m[K/opt/ros/foxy/include/nav2_costmap_2d/footprint_subscriber.hpp:36:3:[m[K [01;36m[Knote: [m[Kcandidate: â€˜[01m[Knav2_costmap_2d::FootprintSubscriber::FootprintSubscriber(rclcpp::Node::SharedPtr, const string&, const double&)[m[Kâ€™
   36 |   [01;36m[KFootprintSubscriber[m[K(
      |   [01;36m[K^~~~~~~~~~~~~~~~~~~[m[K
[01m[K/opt/ros/foxy/include/nav2_costmap_2d/footprint_subscriber.hpp:36:3:[m[K [01;36m[Knote: [m[K  candidate expects 3 arguments, 5 provided
[01m[K/opt/ros/foxy/include/nav2_costmap_2d/footprint_subscriber.hpp:31:3:[m[K [01;36m[Knote: [m[Kcandidate: â€˜[01m[Knav2_costmap_2d::FootprintSubscriber::FootprintSubscriber(rclcpp_lifecycle::LifecycleNode::SharedPtr, const string&, const double&)[m[Kâ€™
   31 |   [01;36m[KFootprintSubscriber[m[K(
      |   [01;36m[K^~~~~~~~~~~~~~~~~~~[m[K
[01m[K/opt/ros/foxy/include/nav2_costmap_2d/footprint_subscriber.hpp:31:3:[m[K [01;36m[Knote: [m[K  candidate expects 3 arguments, 5 provided
[01m[K/opt/ros/foxy/include/nav2_costmap_2d/footprint_subscriber.hpp:28:7:[m[K [01;36m[Knote: [m[Kcandidate: â€˜[01m[Knav2_costmap_2d::FootprintSubscriber::FootprintSubscriber(const nav2_costmap_2d::FootprintSubscriber&)[m[Kâ€™
   28 | class [01;36m[KFootprintSubscriber[m[K
      |       [01;36m[K^~~~~~~~~~~~~~~~~~~[m[K
[01m[K/opt/ros/foxy/include/nav2_costmap_2d/footprint_subscriber.hpp:28:7:[m[K [01;36m[Knote: [m[K  candidate expects 1 argument, 5 provided
In file included from [01m[K/usr/include/x86_64-linux-gnu/c++/9/bits/c++allocator.h:33[m[K,
                 from [01m[K/usr/include/c++/9/bits/allocator.h:46[m[K,
                 from [01m[K/usr/include/c++/9/memory:63[m[K,
                 from [01m[K/home/ashmitha/ros_ws/src/behaviors/src/behavior_server.cpp:15[m[K:
/usr/include/c++/9/ext/new_allocator.h: In instantiation of â€˜[01m[Kvoid __gnu_cxx::new_allocator<_Tp>::construct(_Up*, _Args&& ...) [with _Up = nav2_costmap_2d::CostmapTopicCollisionChecker; _Args = {nav2_costmap_2d::CostmapSubscriber&, nav2_costmap_2d::FootprintSubscriber&, const char*}; _Tp = nav2_costmap_2d::CostmapTopicCollisionChecker][m[Kâ€™:
[01m[K/usr/include/c++/9/bits/alloc_traits.h:483:4:[m[K   required from â€˜[01m[Kstatic void std::allocator_traits<std::allocator<_Tp1> >::construct(std::allocator_traits<std::allocator<_Tp1> >::allocator_type&, _Up*, _Args&& ...) [with _Up = nav2_costmap_2d::CostmapTopicCollisionChecker; _Args = {nav2_costmap_2d::CostmapSubscriber&, nav2_costmap_2d::FootprintSubscriber&, const char*}; _Tp = nav2_costmap_2d::CostmapTopicCollisionChecker; std::allocator_traits<std::allocator<_Tp1> >::allocator_type = std::allocator<nav2_costmap_2d::CostmapTopicCollisionChecker>][m[Kâ€™
[01m[K/usr/include/c++/9/bits/shared_ptr_base.h:548:39:[m[K   required from â€˜[01m[Kstd::_Sp_counted_ptr_inplace<_Tp, _Alloc, _Lp>::_Sp_counted_ptr_inplace(_Alloc, _Args&& ...) [with _Args = {nav2_costmap_2d::CostmapSubscriber&, nav2_costmap_2d::FootprintSubscriber&, const char*}; _Tp = nav2_costmap_2d::CostmapTopicCollisionChecker; _Alloc = std::allocator<nav2_costmap_2d::CostmapTopicCollisionChecker>; __gnu_cxx::_Lock_policy _Lp = __gnu_cxx::_S_atomic][m[Kâ€™
[01m[K/usr/include/c++/9/bits/shared_ptr_base.h:679:16:[m[K   required from â€˜[01m[Kstd::__shared_count<_Lp>::__shared_count(_Tp*&, std::_Sp_alloc_shared_tag<_Alloc>, _Args&& ...) [with _Tp = nav2_costmap_2d::CostmapTopicCollisionChecker; _Alloc = std::allocator<nav2_costmap_2d::CostmapTopicCollisionChecker>; _Args = {nav2_costmap_2d::CostmapSubscriber&, nav2_costmap_2d::FootprintSubscriber&, const char*}; __gnu_cxx::_Lock_policy _Lp = __gnu_cxx::_S_atomic][m[Kâ€™
[01m[K/usr/include/c++/9/bits/shared_ptr_base.h:1344:71:[m[K   required from â€˜[01m[Kstd::__shared_ptr<_Tp, _Lp>::__shared_ptr(std::_Sp_alloc_shared_tag<_Tp>, _Args&& ...) [with _Alloc = std::allocator<nav2_costmap_2d::CostmapTopicCollisionChecker>; _Args = {nav2_costmap_2d::CostmapSubscriber&, nav2_costmap_2d::FootprintSubscriber&, const char*}; _Tp = nav2_costmap_2d::CostmapTopicCollisionChecker; __gnu_cxx::_Lock_policy _Lp = __gnu_cxx::_S_atomic][m[Kâ€™
[01m[K/usr/include/c++/9/bits/shared_ptr.h:359:59:[m[K   required from â€˜[01m[Kstd::shared_ptr<_Tp>::shared_ptr(std::_Sp_alloc_shared_tag<_Tp>, _Args&& ...) [with _Alloc = std::allocator<nav2_costmap_2d::CostmapTopicCollisionChecker>; _Args = {nav2_costmap_2d::CostmapSubscriber&, nav2_costmap_2d::FootprintSubscriber&, const char*}; _Tp = nav2_costmap_2d::CostmapTopicCollisionChecker][m[Kâ€™
[01m[K/usr/include/c++/9/bits/shared_ptr.h:701:14:[m[K   required from â€˜[01m[Kstd::shared_ptr<_Tp> std::allocate_shared(const _Alloc&, _Args&& ...) [with _Tp = nav2_costmap_2d::CostmapTopicCollisionChecker; _Alloc = std::allocator<nav2_costmap_2d::CostmapTopicCollisionChecker>; _Args = {nav2_costmap_2d::CostmapSubscriber&, nav2_costmap_2d::FootprintSubscriber&, const char*}][m[Kâ€™
[01m[K/usr/include/c++/9/bits/shared_ptr.h:717:39:[m[K   required from â€˜[01m[Kstd::shared_ptr<_Tp> std::make_shared(_Args&& ...) [with _Tp = nav2_costmap_2d::CostmapTopicCollisionChecker; _Args = {nav2_costmap_2d::CostmapSubscriber&, nav2_costmap_2d::FootprintSubscriber&, const char*}][m[Kâ€™
[01m[K/home/ashmitha/ros_ws/src/behaviors/src/behavior_server.cpp:178:61:[m[K   required from here
[01m[K/usr/include/c++/9/ext/new_allocator.h:146:4:[m[K [01;31m[Kerror: [m[Kno matching function for call to â€˜[01m[Knav2_costmap_2d::CostmapTopicCollisionChecker::CostmapTopicCollisionChecker(nav2_costmap_2d::CostmapSubscriber&, nav2_costmap_2d::FootprintSubscriber&, const char*)[m[Kâ€™
  146 |  { [01;31m[K::new((void *)__p) _Up(std::forward<_Args>(__args)...)[m[K; }
      |    [01;31m[K^~~~~~~~~~~~~~~~~~~~~~~~~~~~~~~~~~~~~~~~~~~~~~~~~~~~~~[m[K
In file included from [01m[K/opt/ros/foxy/include/nav2_core/behavior.hpp:24[m[K,
                 from [01m[K/home/ashmitha/ros_ws/src/behaviors/include/behaviors/behavior_server.hpp:26[m[K,
                 from [01m[K/home/ashmitha/ros_ws/src/behaviors/src/behavior_server.cpp:20[m[K:
[01m[K/opt/ros/foxy/include/nav2_costmap_2d/costmap_topic_collision_checker.hpp:44:3:[m[K [01;36m[Knote: [m[Kcandidate: â€˜[01m[Knav2_costmap_2d::CostmapTopicCollisionChecker::CostmapTopicCollisionChecker(nav2_costmap_2d::CostmapSubscriber&, nav2_costmap_2d::FootprintSubscriber&, tf2_ros::Buffer&, std::string, std::string, std::string, double)[m[Kâ€™
   44 |   [01;36m[KCostmapTopicCollisionChecker[m[K(
      |   [01;36m[K^~~~~~~~~~~~~~~~~~~~~~~~~~~~[m[K
[01m[K/opt/ros/foxy/include/nav2_costmap_2d/costmap_topic_collision_checker.hpp:47:23:[m[K [01;36m[Knote: [m[K  no known conversion for argument 3 from â€˜[01m[Kconst char*[m[Kâ€™ to â€˜[01m[Ktf2_ros::Buffer&[m[Kâ€™
   47 |     [01;36m[Ktf2_ros::Buffer & tf[m[K,
      |     [01;36m[K~~~~~~~~~~~~~~~~~~^~[m[K
[01m[K/opt/ros/foxy/include/nav2_costmap_2d/costmap_topic_collision_checker.hpp:41:7:[m[K [01;36m[Knote: [m[Kcandidate: â€˜[01m[Knav2_costmap_2d::CostmapTopicCollisionChecker::CostmapTopicCollisionChecker(const nav2_costmap_2d::CostmapTopicCollisionChecker&)[m[Kâ€™
   41 | class [01;36m[KCostmapTopicCollisionChecker[m[K
      |       [01;36m[K^~~~~~~~~~~~~~~~~~~~~~~~~~~~[m[K
[01m[K/opt/ros/foxy/include/nav2_costmap_2d/costmap_topic_collision_checker.hpp:41:7:[m[K [01;36m[Knote: [m[K  candidate expects 1 argument, 3 provided
make[2]: *** [CMakeFiles/behavior_server_core.dir/build.make:76: CMakeFiles/behavior_server_core.dir/src/behavior_server.cpp.o] Error 1
make[1]: *** [CMakeFiles/Makefile2:167: CMakeFiles/behavior_server_core.dir/all] Error 2
make: *** [Makefile:146: all] Error 2
