[0.035s] Invoking command in '/home/ashmitha/ros_ws/build/behaviors': AMENT_PREFIX_PATH=/home/ashmitha/ros_ws/install/msgs:${AMENT_PREFIX_PATH} CMAKE_PREFIX_PATH=/home/ashmitha/ros_ws/install/msgs:/opt/ros/foxy CONDA_PROMPT_MODIFIER=(base) LD_LIBRARY_PATH=/home/ashmitha/ros_ws/install/msgs/lib:${LD_LIBRARY_PATH} PYTHONPATH=/home/ashmitha/ros_ws/install/msgs/lib/python3.11/site-packages:${PYTHONPATH} /home/ashmitha/.local/bin/cmake --build /home/ashmitha/ros_ws/build/behaviors -- -j8 -l8
[0.073s] [ 16%] [32mBuilding CXX object CMakeFiles/nav2_teleop_behavior.dir/plugins/teleop.cpp.o[0m
[0.075s] [ 33%] [32mBuilding CXX object CMakeFiles/behavior_server_core.dir/src/behavior_server.cpp.o[0m
[1.555s] In file included from [01m[K/home/ashmitha/ros_ws/src/behaviors/plugins/teleop.cpp:4[m[K:
[1.555s] [01m[K/home/ashmitha/ros_ws/src/behaviors/include/behaviors/plugins/teleop.hpp:20:40:[m[K [01;31m[Kerror: [m[Kexpected template-name before â€˜[01m[K<[m[Kâ€™ token
[1.555s]    20 |     class Teleop : public TimedBehavior[01;31m[K<[m[KTeleopAction>
[1.555s]       |                                        [01;31m[K^[m[K
[1.555s] [01m[K/home/ashmitha/ros_ws/src/behaviors/include/behaviors/plugins/teleop.hpp:20:40:[m[K [01;31m[Kerror: [m[Kexpected â€˜[01m[K{[m[Kâ€™ before â€˜[01m[K<[m[Kâ€™ token
[1.555s] [01m[K/home/ashmitha/ros_ws/src/behaviors/include/behaviors/plugins/teleop.hpp:20:40:[m[K [01;31m[Kerror: [m[Kexpected unqualified-id before â€˜[01m[K<[m[Kâ€™ token
[1.557s] [01m[K/home/ashmitha/ros_ws/src/behaviors/plugins/teleop.cpp:9:5:[m[K [01;31m[Kerror: [m[Kâ€˜[01m[KTeleop[m[Kâ€™ does not name a type
[1.557s]     9 |     [01;31m[KTeleop[m[K::Teleop()
[1.557s]       |     [01;31m[K^~~~~~[m[K
[1.557s] [01m[K/home/ashmitha/ros_ws/src/behaviors/plugins/teleop.cpp:13:9:[m[K [01;31m[Kerror: [m[Kâ€˜[01m[KTeleop[m[Kâ€™ has not been declared
[1.557s]    13 |     int [01;31m[KTeleop[m[K::getch(void)
[1.557s]       |         [01;31m[K^~~~~~[m[K
[1.557s] [01m[K/home/ashmitha/ros_ws/src/behaviors/plugins/teleop.cpp:[m[K In function â€˜[01m[Kint nav2_behaviors::getch()[m[Kâ€™:
[1.557s] [01m[K/home/ashmitha/ros_ws/src/behaviors/plugins/teleop.cpp:16:24:[m[K [01;31m[Kerror: [m[Kaggregate â€˜[01m[Knav2_behaviors::getch()::termios oldt[m[Kâ€™ has incomplete type and cannot be defined
[1.557s]    16 |         struct termios [01;31m[Koldt[m[K;
[1.557s]       |                        [01;31m[K^~~~[m[K
[1.557s] [01m[K/home/ashmitha/ros_ws/src/behaviors/plugins/teleop.cpp:17:24:[m[K [01;31m[Kerror: [m[Kaggregate â€˜[01m[Knav2_behaviors::getch()::termios newt[m[Kâ€™ has incomplete type and cannot be defined
[1.557s]    17 |         struct termios [01;31m[Knewt[m[K;
[1.557s]       |                        [01;31m[K^~~~[m[K
[1.559s] [01m[K/home/ashmitha/ros_ws/src/behaviors/plugins/teleop.cpp:20:19:[m[K [01;31m[Kerror: [m[Kâ€˜[01m[KSTDIN_FILENO[m[Kâ€™ was not declared in this scope
[1.559s]    20 |         tcgetattr([01;31m[KSTDIN_FILENO[m[K, &oldt);
[1.559s]       |                   [01;31m[K^~~~~~~~~~~~[m[K
[1.560s] [01m[K/home/ashmitha/ros_ws/src/behaviors/plugins/teleop.cpp:20:9:[m[K [01;31m[Kerror: [m[Kâ€˜[01m[Ktcgetattr[m[Kâ€™ was not declared in this scope
[1.560s]    20 |         [01;31m[Ktcgetattr[m[K(STDIN_FILENO, &oldt);
[1.560s]       |         [01;31m[K^~~~~~~~~[m[K
[1.561s] [01m[K/home/ashmitha/ros_ws/src/behaviors/plugins/teleop.cpp:24:27:[m[K [01;31m[Kerror: [m[Kâ€˜[01m[KICANON[m[Kâ€™ was not declared in this scope
[1.561s]    24 |         newt.c_lflag &= ~([01;31m[KICANON[m[K | ECHO);
[1.561s]       |                           [01;31m[K^~~~~~[m[K
[1.561s] [01m[K/home/ashmitha/ros_ws/src/behaviors/plugins/teleop.cpp:24:36:[m[K [01;31m[Kerror: [m[Kâ€˜[01m[KECHO[m[Kâ€™ was not declared in this scope
[1.561s]    24 |         newt.c_lflag &= ~(ICANON | [01;31m[KECHO[m[K);
[1.561s]       |                                    [01;31m[K^~~~[m[K
[1.562s] [01m[K/home/ashmitha/ros_ws/src/behaviors/plugins/teleop.cpp:25:25:[m[K [01;31m[Kerror: [m[Kâ€˜[01m[KIGNBRK[m[Kâ€™ was not declared in this scope
[1.562s]    25 |         newt.c_iflag |= [01;31m[KIGNBRK[m[K;
[1.562s]       |                         [01;31m[K^~~~~~[m[K
[1.562s] [01m[K/home/ashmitha/ros_ws/src/behaviors/plugins/teleop.cpp:26:27:[m[K [01;31m[Kerror: [m[Kâ€˜[01m[KINLCR[m[Kâ€™ was not declared in this scope
[1.563s]    26 |         newt.c_iflag &= ~([01;31m[KINLCR[m[K | ICRNL | IXON | IXOFF);
[1.563s]       |                           [01;31m[K^~~~~[m[K
[1.563s] [01m[K/home/ashmitha/ros_ws/src/behaviors/plugins/teleop.cpp:26:35:[m[K [01;31m[Kerror: [m[Kâ€˜[01m[KICRNL[m[Kâ€™ was not declared in this scope
[1.564s]    26 |         newt.c_iflag &= ~(INLCR | [01;31m[KICRNL[m[K | IXON | IXOFF);
[1.564s]       |                                   [01;31m[K^~~~~[m[K
[1.564s] [01m[K/home/ashmitha/ros_ws/src/behaviors/plugins/teleop.cpp:26:43:[m[K [01;31m[Kerror: [m[Kâ€˜[01m[KIXON[m[Kâ€™ was not declared in this scope
[1.565s]    26 |         newt.c_iflag &= ~(INLCR | ICRNL | [01;31m[KIXON[m[K | IXOFF);
[1.565s]       |                                           [01;31m[K^~~~[m[K
[1.565s] [01m[K/home/ashmitha/ros_ws/src/behaviors/plugins/teleop.cpp:26:50:[m[K [01;31m[Kerror: [m[Kâ€˜[01m[KIXOFF[m[Kâ€™ was not declared in this scope
[1.565s]    26 |         newt.c_iflag &= ~(INLCR | ICRNL | IXON | [01;31m[KIXOFF[m[K);
[1.566s]       |                                                  [01;31m[K^~~~~[m[K
[1.566s] [01m[K/home/ashmitha/ros_ws/src/behaviors/plugins/teleop.cpp:27:43:[m[K [01;31m[Kerror: [m[Kâ€˜[01m[KECHOK[m[Kâ€™ was not declared in this scope
[1.566s]    27 |         newt.c_lflag &= ~(ICANON | ECHO | [01;31m[KECHOK[m[K | ECHOE | ECHONL | ISIG | IEXTEN);
[1.566s]       |                                           [01;31m[K^~~~~[m[K
[1.567s] [01m[K/home/ashmitha/ros_ws/src/behaviors/plugins/teleop.cpp:27:51:[m[K [01;31m[Kerror: [m[Kâ€˜[01m[KECHOE[m[Kâ€™ was not declared in this scope
[1.567s]    27 |         newt.c_lflag &= ~(ICANON | ECHO | ECHOK | [01;31m[KECHOE[m[K | ECHONL | ISIG | IEXTEN);
[1.567s]       |                                                   [01;31m[K^~~~~[m[K
[1.568s] [01m[K/home/ashmitha/ros_ws/src/behaviors/plugins/teleop.cpp:27:59:[m[K [01;31m[Kerror: [m[Kâ€˜[01m[KECHONL[m[Kâ€™ was not declared in this scope; did you mean â€˜[01m[KECHRNG[m[Kâ€™?
[1.568s]    27 |         newt.c_lflag &= ~(ICANON | ECHO | ECHOK | ECHOE | [01;31m[KECHONL[m[K | ISIG | IEXTEN);
[1.568s]       |                                                           [01;31m[K^~~~~~[m[K
[1.568s]       |                                                           [32m[KECHRNG[m[K
[1.568s] [01m[K/home/ashmitha/ros_ws/src/behaviors/plugins/teleop.cpp:27:68:[m[K [01;31m[Kerror: [m[Kâ€˜[01m[KISIG[m[Kâ€™ was not declared in this scope; did you mean â€˜[01m[KNSIG[m[Kâ€™?
[1.568s]    27 |         newt.c_lflag &= ~(ICANON | ECHO | ECHOK | ECHOE | ECHONL | [01;31m[KISIG[m[K | IEXTEN);
[1.568s]       |                                                                    [01;31m[K^~~~[m[K
[1.569s]       |                                                                    [32m[KNSIG[m[K
[1.569s] [01m[K/home/ashmitha/ros_ws/src/behaviors/plugins/teleop.cpp:27:75:[m[K [01;31m[Kerror: [m[Kâ€˜[01m[KIEXTEN[m[Kâ€™ was not declared in this scope
[1.569s]    27 |         newt.c_lflag &= ~(ICANON | ECHO | ECHOK | ECHOE | ECHONL | ISIG | [01;31m[KIEXTEN[m[K);
[1.569s]       |                                                                           [01;31m[K^~~~~~[m[K
[1.570s] [01m[K/home/ashmitha/ros_ws/src/behaviors/plugins/teleop.cpp:28:19:[m[K [01;31m[Kerror: [m[Kâ€˜[01m[KVMIN[m[Kâ€™ was not declared in this scope
[1.570s]    28 |         newt.c_cc[[01;31m[KVMIN[m[K] = 1;
[1.570s]       |                   [01;31m[K^~~~[m[K
[1.570s] [01m[K/home/ashmitha/ros_ws/src/behaviors/plugins/teleop.cpp:29:19:[m[K [01;31m[Kerror: [m[Kâ€˜[01m[KVTIME[m[Kâ€™ was not declared in this scope; did you mean â€˜[01m[KETIME[m[Kâ€™?
[1.570s]    29 |         newt.c_cc[[01;31m[KVTIME[m[K] = 0;
[1.570s]       |                   [01;31m[K^~~~~[m[K
[1.570s]       |                   [32m[KETIME[m[K
[1.571s] [01m[K/home/ashmitha/ros_ws/src/behaviors/plugins/teleop.cpp:30:34:[m[K [01;31m[Kerror: [m[Kâ€˜[01m[KTCSANOW[m[Kâ€™ was not declared in this scope
[1.571s]    30 |         tcsetattr(fileno(stdin), [01;31m[KTCSANOW[m[K, &newt);
[1.571s]       |                                  [01;31m[K^~~~~~~[m[K
[1.572s] [01m[K/home/ashmitha/ros_ws/src/behaviors/plugins/teleop.cpp:30:9:[m[K [01;31m[Kerror: [m[Kâ€˜[01m[Ktcsetattr[m[Kâ€™ was not declared in this scope
[1.572s]    30 |         [01;31m[Ktcsetattr[m[K(fileno(stdin), TCSANOW, &newt);
[1.572s]       |         [01;31m[K^~~~~~~~~[m[K
[1.572s] [01m[K/home/ashmitha/ros_ws/src/behaviors/plugins/teleop.cpp:[m[K At global scope:
[1.572s] [01m[K/home/ashmitha/ros_ws/src/behaviors/plugins/teleop.cpp:43:11:[m[K [01;31m[Kerror: [m[Kâ€˜[01m[KTeleop[m[Kâ€™ has not been declared
[1.572s]    43 |     float [01;31m[KTeleop[m[K::vel_check(float curr, bool decrease = false)
[1.572s]       |           [01;31m[K^~~~~~[m[K
[1.573s] [01m[K/home/ashmitha/ros_ws/src/behaviors/plugins/teleop.cpp:53:11:[m[K [01;31m[Kerror: [m[Kâ€˜[01m[KTeleop[m[Kâ€™ has not been declared
[1.573s]    53 |     float [01;31m[KTeleop[m[K::Lvel(char key, float x)
[1.573s]       |           [01;31m[K^~~~~~[m[K
[1.573s] [01m[K/home/ashmitha/ros_ws/src/behaviors/plugins/teleop.cpp:62:11:[m[K [01;31m[Kerror: [m[Kâ€˜[01m[KTeleop[m[Kâ€™ has not been declared
[1.573s]    62 |     float [01;31m[KTeleop[m[K::Avel(char key, float th){
[1.573s]       |           [01;31m[K^~~~~~[m[K
[1.573s] [01m[K/home/ashmitha/ros_ws/src/behaviors/plugins/teleop.cpp:72:10:[m[K [01;31m[Kerror: [m[Kâ€˜[01m[KTeleop[m[Kâ€™ has not been declared
[1.573s]    72 |     void [01;31m[KTeleop[m[K::onConfigure()
[1.573s]       |          [01;31m[K^~~~~~[m[K
[1.583s] [01m[K/home/ashmitha/ros_ws/src/behaviors/plugins/teleop.cpp:[m[K In function â€˜[01m[Kvoid nav2_behaviors::onConfigure()[m[Kâ€™:
[1.583s] [01m[K/home/ashmitha/ros_ws/src/behaviors/plugins/teleop.cpp:148:75:[m[K [01;31m[Kerror: [m[Kâ€˜[01m[Kspeed[m[Kâ€™ was not declared in this scope
[1.583s]   148 |         printf("\nNow top Speed is %f and turn is %f | Last command: \n", [01;31m[Kspeed[m[K, turn);
[1.583s]       |                                                                           [01;31m[K^~~~~[m[K
[1.584s] [01m[K/home/ashmitha/ros_ws/src/behaviors/plugins/teleop.cpp:148:82:[m[K [01;31m[Kerror: [m[Kâ€˜[01m[Kturn[m[Kâ€™ was not declared in this scope
[1.584s]   148 |         printf("\nNow top Speed is %f and turn is %f | Last command: \n", speed, [01;31m[Kturn[m[K);
[1.584s]       |                                                                                  [01;31m[K^~~~[m[K
[1.585s] [01m[K/home/ashmitha/ros_ws/src/behaviors/plugins/teleop.cpp:151:21:[m[K [01;31m[Kerror: [m[Kâ€˜[01m[Knode_[m[Kâ€™ was not declared in this scope; did you mean â€˜[01m[Knode[m[Kâ€™?
[1.585s]   151 |         auto node = [01;31m[Knode_[m[K.lock();
[1.585s]       |                     [01;31m[K^~~~~[m[K
[1.585s]       |                     [32m[Knode[m[K
[1.585s] [01m[K/home/ashmitha/ros_ws/src/behaviors/plugins/teleop.cpp:159:38:[m[K [01;31m[Kerror: [m[Kfound â€˜[01m[K:[m[Kâ€™ in nested-name-specifier, expected â€˜[01m[K::[m[Kâ€™
[1.585s]   159 |             "projection_time", rclcpp[01;31m[K:[m[KParameterValue(1.0)
[1.585s]       |                                      [01;31m[K^[m[K
[1.585s]       |                                      [32m[K::[m[K
[1.585s] [01m[K/home/ashmitha/ros_ws/src/behaviors/plugins/teleop.cpp:164:43:[m[K [01;31m[Kerror: [m[Kfound â€˜[01m[K:[m[Kâ€™ in nested-name-specifier, expected â€˜[01m[K::[m[Kâ€™
[1.585s]   164 |             "simulation_time_step", rclcpp[01;31m[K:[m[KParameterValue(0.1)
[1.586s]       |                                           [01;31m[K^[m[K
[1.586s]       |                                           [32m[K::[m[K
[1.586s] [01m[K/home/ashmitha/ros_ws/src/behaviors/plugins/teleop.cpp:169:37:[m[K [01;31m[Kerror: [m[Kfound â€˜[01m[K:[m[Kâ€™ in nested-name-specifier, expected â€˜[01m[K::[m[Kâ€™
[1.586s]   169 |             "cmd_vel_teleop", rclcpp[01;31m[K:[m[KParameterValue(std::string("cmd_vel_teleop"))
[1.586s]       |                                     [01;31m[K^[m[K
[1.586s]       |                                     [32m[K::[m[K
[1.587s] [01m[K/home/ashmitha/ros_ws/src/behaviors/plugins/teleop.cpp:173:48:[m[K [01;31m[Kerror: [m[Kâ€˜[01m[Kprojection_time_[m[Kâ€™ was not declared in this scope
[1.587s]   173 |         node->get_parameter("projection_time", [01;31m[Kprojection_time_[m[K);
[1.587s]       |                                                [01;31m[K^~~~~~~~~~~~~~~~[m[K
[1.590s] [01m[K/home/ashmitha/ros_ws/src/behaviors/plugins/teleop.cpp:174:53:[m[K [01;31m[Kerror: [m[Kâ€˜[01m[Ksimulation_time_step_[m[Kâ€™ was not declared in this scope
[1.590s]   174 |         node->get_parameter("simulation_time_step", [01;31m[Ksimulation_time_step_[m[K);
[1.590s]       |                                                     [01;31m[K^~~~~~~~~~~~~~~~~~~~~[m[K
[1.591s] [01m[K/home/ashmitha/ros_ws/src/behaviors/plugins/teleop.cpp:179:9:[m[K [01;31m[Kerror: [m[Kâ€˜[01m[Kvel_pub_[m[Kâ€™ was not declared in this scope
[1.591s]   179 |         [01;31m[Kvel_pub_[m[K = node->create_publisher<geometry_msgs::msg::Twist>(
[1.591s]       |         [01;31m[K^~~~~~~~[m[K
[1.591s] [01m[K/home/ashmitha/ros_ws/src/behaviors/plugins/teleop.cpp:179:68:[m[K [01;31m[Kerror: [m[Kexpected primary-expression before â€˜[01m[K>[m[Kâ€™ token
[1.591s]   179 |         vel_pub_ = node->create_publisher<geometry_msgs::msg::Twist[01;31m[K>[m[K(
[1.591s]       |                                                                    [01;31m[K^[m[K
[1.591s] [01m[K/home/ashmitha/ros_ws/src/behaviors/plugins/teleop.cpp:180:13:[m[K [01;31m[Kerror: [m[Kleft operand of comma operator has no effect [[01;31m[K-Werror=unused-value[m[K]
[1.591s]   180 |             [01;31m[Kcmd_vel_teleop[m[K, rclcpp::SystemDefaultsQoS(),
[1.592s]       |             [01;31m[K^~~~~~~~~~~~~~[m[K
[1.592s] [01m[K/home/ashmitha/ros_ws/src/behaviors/plugins/teleop.cpp:182:18:[m[K [01;31m[Kerror: [m[Kâ€˜[01m[KTeleop[m[Kâ€™ has not been declared
[1.592s]   182 |                 &[01;31m[KTeleop[m[K::teleopVelocityCallback, this, std::placeholders::_1
[1.592s]       |                  [01;31m[K^~~~~~[m[K
[1.592s] [01m[K/home/ashmitha/ros_ws/src/behaviors/plugins/teleop.cpp:182:50:[m[K [01;31m[Kerror: [m[Kinvalid use of â€˜[01m[Kthis[m[Kâ€™ in non-member function
[1.592s]   182 |                 &Teleop::teleopVelocityCallback, [01;31m[Kthis[m[K, std::placeholders::_1
[1.592s]       |                                                  [01;31m[K^~~~[m[K
[1.593s] [01m[K/home/ashmitha/ros_ws/src/behaviors/plugins/teleop.cpp:185:9:[m[K [01;31m[Kerror: [m[Kâ€˜[01m[Kpreempt_teleop_sub_[m[Kâ€™ was not declared in this scope
[1.594s]   185 |         [01;31m[Kpreempt_teleop_sub_[m[K = node->create_subscription<std_msgs::msg::Empty>(
[1.594s]       |         [01;31m[K^~~~~~~~~~~~~~~~~~~[m[K
[1.594s] [01m[K/home/ashmitha/ros_ws/src/behaviors/plugins/teleop.cpp:185:77:[m[K [01;31m[Kerror: [m[Kexpected primary-expression before â€˜[01m[K>[m[Kâ€™ token
[1.594s]   185 |         preempt_teleop_sub_ = node->create_subscription<std_msgs::msg::Empty[01;31m[K>[m[K(
[1.594s]       |                                                                             [01;31m[K^[m[K
[1.594s] [01m[K/home/ashmitha/ros_ws/src/behaviors/plugins/teleop.cpp:186:13:[m[K [01;31m[Kerror: [m[Kleft operand of comma operator has no effect [[01;31m[K-Werror=unused-value[m[K]
[1.594s]   186 |             [01;31m[K"preempt_teleop"[m[K, rclcpp::SystemDefaultsQoS(),
[1.594s]       |             [01;31m[K^~~~~~~~~~~~~~~~[m[K
[1.594s] [01m[K/home/ashmitha/ros_ws/src/behaviors/plugins/teleop.cpp:188:18:[m[K [01;31m[Kerror: [m[Kâ€˜[01m[KTeleop[m[Kâ€™ has not been declared
[1.594s]   188 |                 &[01;31m[KTeleop[m[K::premeptTeleopCallback, this, std::placeholders::_1
[1.594s]       |                  [01;31m[K^~~~~~[m[K
[1.594s] [01m[K/home/ashmitha/ros_ws/src/behaviors/plugins/teleop.cpp:188:49:[m[K [01;31m[Kerror: [m[Kinvalid use of â€˜[01m[Kthis[m[Kâ€™ in non-member function
[1.594s]   188 |                 &Teleop::premeptTeleopCallback, [01;31m[Kthis[m[K, std::placeholders::_1
[1.594s]       |                                                 [01;31m[K^~~~[m[K
[1.594s] [01m[K/home/ashmitha/ros_ws/src/behaviors/plugins/teleop.cpp:[m[K At global scope:
[1.594s] [01m[K/home/ashmitha/ros_ws/src/behaviors/plugins/teleop.cpp:193:18:[m[K [01;31m[Kerror: [m[Kâ€˜[01m[KTeleop[m[Kâ€™ has not been declared
[1.594s]   193 |     ResultStatus [01;31m[KTeleop[m[K::onRun(const std::shared_ptr<const TeleopAction::Goal> command)
[1.594s]       |                  [01;31m[K^~~~~~[m[K
[1.594s] [01m[K/home/ashmitha/ros_ws/src/behaviors/plugins/teleop.cpp:193:72:[m[K [01;31m[Kerror: [m[KISO C++ forbids declaration of â€˜[01m[Ktype name[m[Kâ€™ with no type [[01;31m[K-fpermissive[m[K]
[1.595s]   193 |     ResultStatus Teleop::onRun(const std::shared_ptr<const TeleopAction[01;31m[K::[m[KGoal> command)
[1.595s]       |                                                                        [01;31m[K^~[m[K
[1.595s] [01m[K/home/ashmitha/ros_ws/src/behaviors/plugins/teleop.cpp:193:78:[m[K [01;31m[Kerror: [m[Ktemplate argument 1 is invalid
[1.595s]   193 |     ResultStatus Teleop::onRun(const std::shared_ptr<const TeleopAction::Goal[01;31m[K>[m[K command)
[1.595s]       |                                                                              [01;31m[K^[m[K
[1.595s] [01m[K/home/ashmitha/ros_ws/src/behaviors/plugins/teleop.cpp:193:72:[m[K [01;31m[Kerror: [m[KISO C++ forbids declaration of â€˜[01m[Ktype name[m[Kâ€™ with no type [[01;31m[K-fpermissive[m[K]
[1.595s]   193 |     ResultStatus Teleop::onRun(const std::shared_ptr<const TeleopAction[01;31m[K::[m[KGoal> command)
[1.595s]       |                                                                        [01;31m[K^~[m[K
[1.595s] [01m[K/home/ashmitha/ros_ws/src/behaviors/plugins/teleop.cpp:193:78:[m[K [01;31m[Kerror: [m[Ktemplate argument 1 is invalid
[1.595s]   193 |     ResultStatus Teleop::onRun(const std::shared_ptr<const TeleopAction::Goal[01;31m[K>[m[K command)
[1.595s]       |                                                                              [01;31m[K^[m[K
[1.595s] [01m[K/home/ashmitha/ros_ws/src/behaviors/plugins/teleop.cpp:193:72:[m[K [01;31m[Kerror: [m[KISO C++ forbids declaration of â€˜[01m[Ktype name[m[Kâ€™ with no type [[01;31m[K-fpermissive[m[K]
[1.595s]   193 |     ResultStatus Teleop::onRun(const std::shared_ptr<const TeleopAction[01;31m[K::[m[KGoal> command)
[1.595s]       |                                                                        [01;31m[K^~[m[K
[1.595s] [01m[K/home/ashmitha/ros_ws/src/behaviors/plugins/teleop.cpp:193:78:[m[K [01;31m[Kerror: [m[Ktemplate argument 1 is invalid
[1.595s]   193 |     ResultStatus Teleop::onRun(const std::shared_ptr<const TeleopAction::Goal[01;31m[K>[m[K command)
[1.595s]       |                                                                              [01;31m[K^[m[K
[1.595s] [01m[K/home/ashmitha/ros_ws/src/behaviors/plugins/teleop.cpp:193:72:[m[K [01;31m[Kerror: [m[KISO C++ forbids declaration of â€˜[01m[Ktype name[m[Kâ€™ with no type [[01;31m[K-fpermissive[m[K]
[1.595s]   193 |     ResultStatus Teleop::onRun(const std::shared_ptr<const TeleopAction[01;31m[K::[m[KGoal> command)
[1.595s]       |                                                                        [01;31m[K^~[m[K
[1.595s] [01m[K/home/ashmitha/ros_ws/src/behaviors/plugins/teleop.cpp:193:78:[m[K [01;31m[Kerror: [m[Ktemplate argument 1 is invalid
[1.596s]   193 |     ResultStatus Teleop::onRun(const std::shared_ptr<const TeleopAction::Goal[01;31m[K>[m[K command)
[1.596s]       |                                                                              [01;31m[K^[m[K
[1.596s] [01m[K/home/ashmitha/ros_ws/src/behaviors/plugins/teleop.cpp:193:72:[m[K [01;31m[Kerror: [m[KISO C++ forbids declaration of â€˜[01m[Ktype name[m[Kâ€™ with no type [[01;31m[K-fpermissive[m[K]
[1.596s]   193 |     ResultStatus Teleop::onRun(const std::shared_ptr<const TeleopAction[01;31m[K::[m[KGoal> command)
[1.596s]       |                                                                        [01;31m[K^~[m[K
[1.596s] [01m[K/home/ashmitha/ros_ws/src/behaviors/plugins/teleop.cpp:193:78:[m[K [01;31m[Kerror: [m[Ktemplate argument 1 is invalid
[1.596s]   193 |     ResultStatus Teleop::onRun(const std::shared_ptr<const TeleopAction::Goal[01;31m[K>[m[K command)
[1.596s]       |                                                                              [01;31m[K^[m[K
[1.596s] [01m[K/home/ashmitha/ros_ws/src/behaviors/plugins/teleop.cpp:193:38:[m[K [01;31m[Kerror: [m[Kinvalid use of template-name â€˜[01m[Kstd::shared_ptr[m[Kâ€™ without an argument list
[1.596s]   193 |     ResultStatus Teleop::onRun(const [01;31m[Kstd[m[K::shared_ptr<const TeleopAction::Goal> command)
[1.596s]       |                                      [01;31m[K^~~[m[K
[1.596s] [01m[K/home/ashmitha/ros_ws/src/behaviors/plugins/teleop.cpp:193:38:[m[K [01;36m[Knote: [m[Kclass template argument deduction is only available with â€˜[01m[K-std=c++17[m[Kâ€™ or â€˜[01m[K-std=gnu++17[m[Kâ€™
[1.596s] In file included from [01m[K/usr/include/c++/9/bits/shared_ptr.h:52[m[K,
[1.596s]                  from [01m[K/usr/include/c++/9/memory:81[m[K,
[1.596s]                  from [01m[K/home/ashmitha/ros_ws/src/behaviors/include/behaviors/plugins/teleop.hpp:5[m[K,
[1.596s]                  from [01m[K/home/ashmitha/ros_ws/src/behaviors/plugins/teleop.cpp:4[m[K:
[1.596s] [01m[K/usr/include/c++/9/bits/shared_ptr_base.h:348:11:[m[K [01;36m[Knote: [m[Kâ€˜[01m[Ktemplate<class _Tp> class std::shared_ptr[m[Kâ€™ declared here
[1.596s]   348 |     class [01;36m[Kshared_ptr[m[K;
[1.596s]       |           [01;36m[K^~~~~~~~~~[m[K
[1.596s] [01m[K/home/ashmitha/ros_ws/src/behaviors/plugins/teleop.cpp:193:53:[m[K [01;31m[Kerror: [m[Kexpected â€˜[01m[K,[m[Kâ€™ or â€˜[01m[K...[m[Kâ€™ before â€˜[01m[K<[m[Kâ€™ token
[1.597s]   193 |     ResultStatus Teleop::onRun(const std::shared_ptr[01;31m[K<[m[Kconst TeleopAction::Goal> command)
[1.597s]       |                                                     [01;31m[K^[m[K
[1.597s] [01m[K/home/ashmitha/ros_ws/src/behaviors/plugins/teleop.cpp:[m[K In function â€˜[01m[Knav2_behaviors::ResultStatus nav2_behaviors::onRun(int)[m[Kâ€™:
[1.597s] [01m[K/home/ashmitha/ros_ws/src/behaviors/plugins/teleop.cpp:195:9:[m[K [01;31m[Kerror: [m[Kâ€˜[01m[Kpreempt_teleop_[m[Kâ€™ was not declared in this scope
[1.597s]   195 |         [01;31m[Kpreempt_teleop_[m[K = false;
[1.597s]       |         [01;31m[K^~~~~~~~~~~~~~~[m[K
[1.600s] [01m[K/home/ashmitha/ros_ws/src/behaviors/plugins/teleop.cpp:196:9:[m[K [01;31m[Kerror: [m[Kâ€˜[01m[Kcommand_time_allowance_[m[Kâ€™ was not declared in this scope
[1.600s]   196 |         [01;31m[Kcommand_time_allowance_[m[K = command->time_allowance;
[1.600s]       |         [01;31m[K^~~~~~~~~~~~~~~~~~~~~~~[m[K
[1.602s] [01m[K/home/ashmitha/ros_ws/src/behaviors/plugins/teleop.cpp:196:35:[m[K [01;31m[Kerror: [m[Kâ€˜[01m[Kcommand[m[Kâ€™ was not declared in this scope
[1.602s]   196 |         command_time_allowance_ = [01;31m[Kcommand[m[K->time_allowance;
[1.602s]       |                                   [01;31m[K^~~~~~~[m[K
[1.603s] [01m[K/home/ashmitha/ros_ws/src/behaviors/plugins/teleop.cpp:197:9:[m[K [01;31m[Kerror: [m[Kâ€˜[01m[Kend_time_[m[Kâ€™ was not declared in this scope
[1.603s]   197 |         [01;31m[Kend_time_[m[K = steady_clock_.now() + command_time_allowance_;
[1.603s]       |         [01;31m[K^~~~~~~~~[m[K
[1.604s] [01m[K/home/ashmitha/ros_ws/src/behaviors/plugins/teleop.cpp:197:21:[m[K [01;31m[Kerror: [m[Kâ€˜[01m[Ksteady_clock_[m[Kâ€™ was not declared in this scope
[1.604s]   197 |         end_time_ = [01;31m[Ksteady_clock_[m[K.now() + command_time_allowance_;
[1.604s]       |                     [01;31m[K^~~~~~~~~~~~~[m[K
[1.606s] [01m[K/home/ashmitha/ros_ws/src/behaviors/plugins/teleop.cpp:198:48:[m[K [01;31m[Kerror: [m[Kâ€˜[01m[KTeleopActionResult[m[Kâ€™ was not declared in this scope
[1.606s]   198 |         return ResultStatus{Status::SUCCEEDED, [01;31m[KTeleopActionResult[m[K::NONE};
[1.606s]       |                                                [01;31m[K^~~~~~~~~~~~~~~~~~[m[K
[1.606s] [01m[K/home/ashmitha/ros_ws/src/behaviors/plugins/teleop.cpp:198:28:[m[K [01;31m[Kerror: [m[Kexpected primary-expression before â€˜[01m[K{[m[Kâ€™ token
[1.606s]   198 |         return ResultStatus[01;31m[K{[m[KStatus::SUCCEEDED, TeleopActionResult::NONE};
[1.606s]       |                            [01;31m[K^[m[K
[1.606s] [01m[K/home/ashmitha/ros_ws/src/behaviors/plugins/teleop.cpp:198:28:[m[K [01;31m[Kerror: [m[Kexpected â€˜[01m[K;[m[Kâ€™ before â€˜[01m[K{[m[Kâ€™ token
[1.606s]   198 |         return ResultStatus[01;31m[K{[m[KStatus::SUCCEEDED, TeleopActionResult::NONE};
[1.607s]       |                            [01;31m[K^[m[K
[1.607s]       |                            [32m[K;[m[K
[1.607s] [01m[K/home/ashmitha/ros_ws/src/behaviors/plugins/teleop.cpp:198:48:[m[K [01;31m[Kerror: [m[Kâ€˜[01m[KTeleopActionResult[m[Kâ€™ is not a class, namespace, or enumeration
[1.607s]   198 |         return ResultStatus{Status::SUCCEEDED, [01;31m[KTeleopActionResult[m[K::NONE};
[1.607s]       |                                                [01;31m[K^~~~~~~~~~~~~~~~~~[m[K
[1.607s] [01m[K/home/ashmitha/ros_ws/src/behaviors/plugins/teleop.cpp:[m[K At global scope:
[1.607s] [01m[K/home/ashmitha/ros_ws/src/behaviors/plugins/teleop.cpp:201:10:[m[K [01;31m[Kerror: [m[Kâ€˜[01m[KTeleop[m[Kâ€™ has not been declared
[1.607s]   201 |     void [01;31m[KTeleop[m[K::onActionCompletion(std::shared_ptr<TeleopActionResult>/*result*/)
[1.607s]       |          [01;31m[K^~~~~~[m[K
[1.608s] [01m[K/home/ashmitha/ros_ws/src/behaviors/plugins/teleop.cpp:201:53:[m[K [01;31m[Kerror: [m[Kâ€˜[01m[KTeleopActionResult[m[Kâ€™ was not declared in this scope
[1.608s]   201 |     void Teleop::onActionCompletion(std::shared_ptr<[01;31m[KTeleopActionResult[m[K>/*result*/)
[1.609s]       |                                                     [01;31m[K^~~~~~~~~~~~~~~~~~[m[K
[1.609s] [01m[K/home/ashmitha/ros_ws/src/behaviors/plugins/teleop.cpp:201:71:[m[K [01;31m[Kerror: [m[Ktemplate argument 1 is invalid
[1.609s]   201 |     void Teleop::onActionCompletion(std::shared_ptr<TeleopActionResult[01;31m[K>[m[K/*result*/)
[1.609s]       |                                                                       [01;31m[K^[m[K
[1.610s] [01m[K/home/ashmitha/ros_ws/src/behaviors/plugins/teleop.cpp:[m[K In function â€˜[01m[Kvoid nav2_behaviors::onActionCompletion(int)[m[Kâ€™:
[1.610s] [01m[K/home/ashmitha/ros_ws/src/behaviors/plugins/teleop.cpp:203:9:[m[K [01;31m[Kerror: [m[Kâ€˜[01m[Kteleop_twist_[m[Kâ€™ was not declared in this scope
[1.610s]   203 |         [01;31m[Kteleop_twist_[m[K = geometry_msgs::msg::Twist();
[1.610s]       |         [01;31m[K^~~~~~~~~~~~~[m[K
[1.612s] [01m[K/home/ashmitha/ros_ws/src/behaviors/plugins/teleop.cpp:204:9:[m[K [01;31m[Kerror: [m[Kâ€˜[01m[Kpreempt_teleop_[m[Kâ€™ was not declared in this scope
[1.612s]   204 |         [01;31m[Kpreempt_teleop_[m[K = false;
[1.612s]       |         [01;31m[K^~~~~~~~~~~~~~~[m[K
[1.612s] [01m[K/home/ashmitha/ros_ws/src/behaviors/plugins/teleop.cpp:[m[K At global scope:
[1.612s] [01m[K/home/ashmitha/ros_ws/src/behaviors/plugins/teleop.cpp:207:18:[m[K [01;31m[Kerror: [m[Kâ€˜[01m[KTeleop[m[Kâ€™ has not been declared
[1.612s]   207 |     ResultStatus [01;31m[KTeleop[m[K::onCycleUpdate()
[1.612s]       |                  [01;31m[K^~~~~~[m[K
[1.613s] [01m[K/home/ashmitha/ros_ws/src/behaviors/plugins/teleop.cpp:[m[K In function â€˜[01m[Knav2_behaviors::ResultStatus nav2_behaviors::onCycleUpdate()[m[Kâ€™:
[1.613s] [01m[K/home/ashmitha/ros_ws/src/behaviors/plugins/teleop.cpp:209:9:[m[K [01;31m[Kerror: [m[Kâ€˜[01m[Kfeedback_[m[Kâ€™ was not declared in this scope
[1.613s]   209 |         [01;31m[Kfeedback_[m[K->current_teleop_duration = elasped_time_;
[1.613s]       |         [01;31m[K^~~~~~~~~[m[K
[1.615s] [01m[K/home/ashmitha/ros_ws/src/behaviors/plugins/teleop.cpp:209:46:[m[K [01;31m[Kerror: [m[Kâ€˜[01m[Kelasped_time_[m[Kâ€™ was not declared in this scope
[1.615s]   209 |         feedback_->current_teleop_duration = [01;31m[Kelasped_time_[m[K;
[1.615s]       |                                              [01;31m[K^~~~~~~~~~~~~[m[K
[1.616s] [01m[K/home/ashmitha/ros_ws/src/behaviors/plugins/teleop.cpp:210:9:[m[K [01;31m[Kerror: [m[Kâ€˜[01m[Kaction_server_[m[Kâ€™ was not declared in this scope; did you mean â€˜[01m[Krcl_action_server_t[m[Kâ€™?
[1.616s]   210 |         [01;31m[Kaction_server_[m[K->publish_feedback(feedback_);
[1.616s]       |         [01;31m[K^~~~~~~~~~~~~~[m[K
[1.616s]       |         [32m[Krcl_action_server_t[m[K
[1.618s] [01m[K/home/ashmitha/ros_ws/src/behaviors/plugins/teleop.cpp:212:43:[m[K [01;31m[Kerror: [m[Kâ€˜[01m[Kend_time_[m[Kâ€™ was not declared in this scope
[1.618s]   212 |         rclcpp::Duration time_remaining = [01;31m[Kend_time_[m[K - steady_clock_.now();
[1.618s]       |                                           [01;31m[K^~~~~~~~~[m[K
[1.619s] [01m[K/home/ashmitha/ros_ws/src/behaviors/plugins/teleop.cpp:212:55:[m[K [01;31m[Kerror: [m[Kâ€˜[01m[Ksteady_clock_[m[Kâ€™ was not declared in this scope
[1.619s]   212 |         rclcpp::Duration time_remaining = end_time_ - [01;31m[Ksteady_clock_[m[K.now();
[1.619s]       |                                                       [01;31m[K^~~~~~~~~~~~~[m[K
[1.620s] [01m[K/home/ashmitha/ros_ws/src/behaviors/plugins/teleop.cpp:216:9:[m[K [01;31m[Kerror: [m[Kâ€˜[01m[Kkey[m[Kâ€™ was not declared in this scope; did you mean â€˜[01m[Kkey_t[m[Kâ€™?
[1.620s]   216 |         [01;31m[Kkey[m[K = getch();
[1.620s]       |         [01;31m[K^~~[m[K
[1.620s]       |         [32m[Kkey_t[m[K
[1.620s] [01m[K/home/ashmitha/ros_ws/src/behaviors/plugins/teleop.cpp:219:13:[m[K [01;31m[Kerror: [m[Kâ€˜[01m[Kx[m[Kâ€™ was not declared in this scope
[1.620s]   219 |             [01;31m[Kx[m[K = Lvel(key, x);
[1.620s]       |             [01;31m[K^[m[K
[1.621s] [01m[K/home/ashmitha/ros_ws/src/behaviors/plugins/teleop.cpp:220:13:[m[K [01;31m[Kerror: [m[Kâ€˜[01m[Ky[m[Kâ€™ was not declared in this scope; did you mean â€˜[01m[Kyn[m[Kâ€™?
[1.621s]   220 |             [01;31m[Ky[m[K = 0.0;
[1.621s]       |             [01;31m[K^[m[K
[1.621s]       |             [32m[Kyn[m[K
[1.621s] [01m[K/home/ashmitha/ros_ws/src/behaviors/plugins/teleop.cpp:221:13:[m[K [01;31m[Kerror: [m[Kâ€˜[01m[Kz[m[Kâ€™ was not declared in this scope
[1.621s]   221 |             [01;31m[Kz[m[K = 0.0;
[1.621s]       |             [01;31m[K^[m[K
[1.622s] [01m[K/home/ashmitha/ros_ws/src/behaviors/plugins/teleop.cpp:222:74:[m[K [01;31m[Kerror: [m[Kâ€˜[01m[Kspeed[m[Kâ€™ was not declared in this scope
[1.622s]   222 |             printf("\rCurrent: speed %f\tturn %f | Last command: %c   ", [01;31m[Kspeed[m[K*x, turn*th, key);
[1.622s]       |                                                                          [01;31m[K^~~~~[m[K
[1.622s] [01m[K/home/ashmitha/ros_ws/src/behaviors/plugins/teleop.cpp:222:83:[m[K [01;31m[Kerror: [m[Kâ€˜[01m[Kturn[m[Kâ€™ was not declared in this scope
[1.622s]   222 |          printf("\rCurrent: speed %f\tturn %f | Last command: %c   ", speed*x, [01;31m[Kturn[m[K*th, key);
[1.622s]       |                                                                                [01;31m[K^~~~[m[K
[1.622s] 
[1.623s] [01m[K/home/ashmitha/ros_ws/src/behaviors/plugins/teleop.cpp:222:88:[m[K [01;31m[Kerror: [m[Kâ€˜[01m[Kth[m[Kâ€™ was not declared in this scope; did you mean â€˜[01m[Ktm[m[Kâ€™?
[1.623s]   222 |          printf("\rCurrent: speed %f\tturn %f | Last command: %c   ", speed*x, turn*[01;31m[Kth[m[K, key);
[1.623s]       |                                                                                     [01;31m[K^~[m[K
[1.623s]       |                                                                                     [32m[Ktm[m[K
[1.623s] [01m[K/home/ashmitha/ros_ws/src/behaviors/plugins/teleop.cpp:228:13:[m[K [01;31m[Kerror: [m[Kâ€˜[01m[Kth[m[Kâ€™ was not declared in this scope; did you mean â€˜[01m[Ktm[m[Kâ€™?
[1.623s]   228 |             [01;31m[Kth[m[K = Avel(key,th);
[1.623s]       |             [01;31m[K^~[m[K
[1.623s]       |             [32m[Ktm[m[K
[1.624s] [01m[K/home/ashmitha/ros_ws/src/behaviors/plugins/teleop.cpp:229:13:[m[K [01;31m[Kerror: [m[Kâ€˜[01m[Ky[m[Kâ€™ was not declared in this scope; did you mean â€˜[01m[Kyn[m[Kâ€™?
[1.624s]   229 |             [01;31m[Ky[m[K = 0.0;
[1.624s]       |             [01;31m[K^[m[K
[1.624s]       |             [32m[Kyn[m[K
[1.624s] [01m[K/home/ashmitha/ros_ws/src/behaviors/plugins/teleop.cpp:230:13:[m[K [01;31m[Kerror: [m[Kâ€˜[01m[Kz[m[Kâ€™ was not declared in this scope
[1.624s]   230 |             [01;31m[Kz[m[K = 0.0;
[1.624s]       |             [01;31m[K^[m[K
[1.625s] [01m[K/home/ashmitha/ros_ws/src/behaviors/plugins/teleop.cpp:231:74:[m[K [01;31m[Kerror: [m[Kâ€˜[01m[Kspeed[m[Kâ€™ was not declared in this scope
[1.625s]   231 |             printf("\rCurrent: speed %f\tturn %f | Last command: %c   ", [01;31m[Kspeed[m[K*x, turn*th, key);
[1.625s]       |                                                                          [01;31m[K^~~~~[m[K
[1.625s] [01m[K/home/ashmitha/ros_ws/src/behaviors/plugins/teleop.cpp:231:80:[m[K [01;31m[Kerror: [m[Kâ€˜[01m[Kx[m[Kâ€™ was not declared in this scope
[1.625s]   231 |          printf("\rCurrent: speed %f\tturn %f | Last command: %c   ", speed*[01;31m[Kx[m[K, turn*th, key);
[1.626s]       |                                                                             [01;31m[K^[m[K
[1.626s] 
[1.626s] [01m[K/home/ashmitha/ros_ws/src/behaviors/plugins/teleop.cpp:231:83:[m[K [01;31m[Kerror: [m[Kâ€˜[01m[Kturn[m[Kâ€™ was not declared in this scope
[1.626s]   231 |          printf("\rCurrent: speed %f\tturn %f | Last command: %c   ", speed*x, [01;31m[Kturn[m[K*th, key);
[1.626s]       |                                                                                [01;31m[K^~~~[m[K
[1.626s] 
[1.627s] [01m[K/home/ashmitha/ros_ws/src/behaviors/plugins/teleop.cpp:234:18:[m[K [01;31m[Kerror: [m[Kâ€˜[01m[KmoveBindings[m[Kâ€™ was not declared in this scope
[1.627s]   234 |         else if ([01;31m[KmoveBindings[m[K.count(key) == 1)
[1.627s]       |                  [01;31m[K^~~~~~~~~~~~[m[K
[1.628s] [01m[K/home/ashmitha/ros_ws/src/behaviors/plugins/teleop.cpp:237:13:[m[K [01;31m[Kerror: [m[Kâ€˜[01m[Kx[m[Kâ€™ was not declared in this scope
[1.628s]   237 |             [01;31m[Kx[m[K = moveBindings[key][0];
[1.628s]       |             [01;31m[K^[m[K
[1.628s] [01m[K/home/ashmitha/ros_ws/src/behaviors/plugins/teleop.cpp:238:13:[m[K [01;31m[Kerror: [m[Kâ€˜[01m[Ky[m[Kâ€™ was not declared in this scope; did you mean â€˜[01m[Kyn[m[Kâ€™?
[1.628s]   238 |             [01;31m[Ky[m[K = moveBindings[key][1];
[1.628s]       |             [01;31m[K^[m[K
[1.629s]       |             [32m[Kyn[m[K
[1.629s] [01m[K/home/ashmitha/ros_ws/src/behaviors/plugins/teleop.cpp:239:13:[m[K [01;31m[Kerror: [m[Kâ€˜[01m[Kz[m[Kâ€™ was not declared in this scope
[1.629s]   239 |             [01;31m[Kz[m[K = moveBindings[key][2];
[1.629s]       |             [01;31m[K^[m[K
[1.629s] [01m[K/home/ashmitha/ros_ws/src/behaviors/plugins/teleop.cpp:240:13:[m[K [01;31m[Kerror: [m[Kâ€˜[01m[Kth[m[Kâ€™ was not declared in this scope; did you mean â€˜[01m[Ktm[m[Kâ€™?
[1.630s]   240 |             [01;31m[Kth[m[K = moveBindings[key][3];
[1.630s]       |             [01;31m[K^~[m[K
[1.630s]       |             [32m[Ktm[m[K
[1.630s] [01m[K/home/ashmitha/ros_ws/src/behaviors/plugins/teleop.cpp:242:74:[m[K [01;31m[Kerror: [m[Kâ€˜[01m[Kspeed[m[Kâ€™ was not declared in this scope
[1.631s]   242 |             printf("\rCurrent: speed %f\tturn %f | Last command: %c   ", [01;31m[Kspeed[m[K, turn, key);
[1.631s]       |                                                                          [01;31m[K^~~~~[m[K
[1.631s] [01m[K/home/ashmitha/ros_ws/src/behaviors/plugins/teleop.cpp:242:81:[m[K [01;31m[Kerror: [m[Kâ€˜[01m[Kturn[m[Kâ€™ was not declared in this scope
[1.631s]   242 |             printf("\rCurrent: speed %f\tturn %f | Last command: %c   ", speed, [01;31m[Kturn[m[K, key);
[1.631s]       |                                                                                 [01;31m[K^~~~[m[K
[1.633s] [01m[K/home/ashmitha/ros_ws/src/behaviors/plugins/teleop.cpp:245:18:[m[K [01;31m[Kerror: [m[Kâ€˜[01m[KspeedBindings[m[Kâ€™ was not declared in this scope
[1.633s]   245 |         else if ([01;31m[KspeedBindings[m[K.count(key) == 1)
[1.633s]       |                  [01;31m[K^~~~~~~~~~~~~[m[K
[1.634s] [01m[K/home/ashmitha/ros_ws/src/behaviors/plugins/teleop.cpp:248:13:[m[K [01;31m[Kerror: [m[Kâ€˜[01m[Kspeed[m[Kâ€™ was not declared in this scope
[1.634s]   248 |             [01;31m[Kspeed[m[K = speed * speedBindings[key][0];
[1.634s]       |             [01;31m[K^~~~~[m[K
[1.634s] [01m[K/home/ashmitha/ros_ws/src/behaviors/plugins/teleop.cpp:249:13:[m[K [01;31m[Kerror: [m[Kâ€˜[01m[Kturn[m[Kâ€™ was not declared in this scope
[1.634s]   249 |             [01;31m[Kturn[m[K = turn * speedBindings[key][1];
[1.635s]       |             [01;31m[K^~~~[m[K
[1.635s] [01m[K/home/ashmitha/ros_ws/src/behaviors/plugins/teleop.cpp:259:17:[m[K [01;31m[Kerror: [m[Kâ€˜[01m[Kx[m[Kâ€™ was not declared in this scope
[1.635s]   259 |                 [01;31m[Kx[m[K = 0;
[1.635s]       |                 [01;31m[K^[m[K
[1.635s] [01m[K/home/ashmitha/ros_ws/src/behaviors/plugins/teleop.cpp:260:17:[m[K [01;31m[Kerror: [m[Kâ€˜[01m[Ky[m[Kâ€™ was not declared in this scope; did you mean â€˜[01m[Kyn[m[Kâ€™?
[1.636s]   260 |                 [01;31m[Ky[m[K = 0;
[1.636s]       |                 [01;31m[K^[m[K
[1.636s]       |                 [32m[Kyn[m[K
[1.636s] [01m[K/home/ashmitha/ros_ws/src/behaviors/plugins/teleop.cpp:261:17:[m[K [01;31m[Kerror: [m[Kâ€˜[01m[Kz[m[Kâ€™ was not declared in this scope
[1.636s]   261 |                 [01;31m[Kz[m[K = 0;
[1.636s]       |                 [01;31m[K^[m[K
[1.636s] [01m[K/home/ashmitha/ros_ws/src/behaviors/plugins/teleop.cpp:262:17:[m[K [01;31m[Kerror: [m[Kâ€˜[01m[Kth[m[Kâ€™ was not declared in this scope; did you mean â€˜[01m[Ktm[m[Kâ€™?
[1.636s]   262 |                 [01;31m[Kth[m[K = 0;
[1.637s]       |                 [01;31m[K^~[m[K
[1.637s]       |                 [32m[Ktm[m[K
[1.637s] [01m[K/home/ashmitha/ros_ws/src/behaviors/plugins/teleop.cpp:264:78:[m[K [01;31m[Kerror: [m[Kâ€˜[01m[Kspeed[m[Kâ€™ was not declared in this scope
[1.637s]   264 |               printf("\rCurrent: speed %f\tturn %f | Last command: %c   ", [01;31m[Kspeed[m[K*x, turn*th, key);
[1.637s]       |                                                                            [01;31m[K^~~~~[m[K
[1.637s] 
[1.638s] [01m[K/home/ashmitha/ros_ws/src/behaviors/plugins/teleop.cpp:264:87:[m[K [01;31m[Kerror: [m[Kâ€˜[01m[Kturn[m[Kâ€™ was not declared in this scope
[1.638s]   264 |          printf("\rCurrent: speed %f\tturn %f | Last command: %c   ", speed*x, [01;31m[Kturn[m[K*th, key);
[1.638s]       |                                                                                [01;31m[K^~~~[m[K
[1.638s] 
[1.638s] [01m[K/home/ashmitha/ros_ws/src/behaviors/plugins/teleop.cpp:269:26:[m[K [01;31m[Kerror: [m[Kâ€˜[01m[Kx[m[Kâ€™ was not declared in this scope
[1.638s]   269 |         twist.linear.x = [01;31m[Kx[m[K * speed;
[1.638s]       |                          [01;31m[K^[m[K
[1.639s] [01m[K/home/ashmitha/ros_ws/src/behaviors/plugins/teleop.cpp:269:30:[m[K [01;31m[Kerror: [m[Kâ€˜[01m[Kspeed[m[Kâ€™ was not declared in this scope
[1.639s]   269 |         twist.linear.x = x * [01;31m[Kspeed[m[K;
[1.639s]       |                              [01;31m[K^~~~~[m[K
[1.639s] [01m[K/home/ashmitha/ros_ws/src/behaviors/plugins/teleop.cpp:270:26:[m[K [01;31m[Kerror: [m[Kâ€˜[01m[Ky[m[Kâ€™ was not declared in this scope; did you mean â€˜[01m[Kyn[m[Kâ€™?
[1.639s]   270 |         twist.linear.y = [01;31m[Ky[m[K * speed;
[1.639s]       |                          [01;31m[K^[m[K
[1.639s]       |                          [32m[Kyn[m[K
[1.640s] [01m[K/home/ashmitha/ros_ws/src/behaviors/plugins/teleop.cpp:271:26:[m[K [01;31m[Kerror: [m[Kâ€˜[01m[Kz[m[Kâ€™ was not declared in this scope
[1.640s]   271 |         twist.linear.z = [01;31m[Kz[m[K * speed;
[1.640s]       |                          [01;31m[K^[m[K
[1.640s] [01m[K/home/ashmitha/ros_ws/src/behaviors/plugins/teleop.cpp:275:27:[m[K [01;31m[Kerror: [m[Kâ€˜[01m[Kth[m[Kâ€™ was not declared in this scope; did you mean â€˜[01m[Ktm[m[Kâ€™?
[1.640s]   275 |         twist.angular.z = [01;31m[Kth[m[K * turn;
[1.640s]       |                           [01;31m[K^~[m[K
[1.640s]       |                           [32m[Ktm[m[K
[1.641s] [01m[K/home/ashmitha/ros_ws/src/behaviors/plugins/teleop.cpp:275:32:[m[K [01;31m[Kerror: [m[Kâ€˜[01m[Kturn[m[Kâ€™ was not declared in this scope
[1.641s]   275 |         twist.angular.z = th * [01;31m[Kturn[m[K;
[1.641s]       |                                [01;31m[K^~~~[m[K
[1.644s] [01m[K/home/ashmitha/ros_ws/src/behaviors/plugins/teleop.cpp:280:47:[m[K [01;31m[Kerror: [m[Kâ€˜[01m[Kcommand_time_allowance_[m[Kâ€™ was not declared in this scope
[1.644s]   280 |         if (time_remaining.seconds() < 0.0 && [01;31m[Kcommand_time_allowance_[m[K.seconds() > 0.0)
[1.644s]       |                                               [01;31m[K^~~~~~~~~~~~~~~~~~~~~~~[m[K
[1.645s] [01m[K/home/ashmitha/ros_ws/src/behaviors/plugins/teleop.cpp:282:13:[m[K [01;31m[Kerror: [m[Kâ€˜[01m[KstopRobot[m[Kâ€™ was not declared in this scope
[1.645s]   282 |             [01;31m[KstopRobot[m[K();
[1.645s]       |             [01;31m[K^~~~~~~~~[m[K
[1.646s] In file included from [01m[K/opt/ros/foxy/include/rclcpp/service.hpp:34[m[K,
[1.646s]                  from [01m[K/opt/ros/foxy/include/rclcpp/callback_group.hpp:25[m[K,
[1.646s]                  from [01m[K/opt/ros/foxy/include/rclcpp/any_executable.hpp:20[m[K,
[1.646s]                  from [01m[K/opt/ros/foxy/include/rclcpp/memory_strategy.hpp:24[m[K,
[1.646s]                  from [01m[K/opt/ros/foxy/include/rclcpp/memory_strategies.hpp:18[m[K,
[1.646s]                  from [01m[K/opt/ros/foxy/include/rclcpp/executor_options.hpp:20[m[K,
[1.646s]                  from [01m[K/opt/ros/foxy/include/rclcpp/executor.hpp:33[m[K,
[1.646s]                  from [01m[K/opt/ros/foxy/include/rclcpp/executors/multi_threaded_executor.hpp:26[m[K,
[1.647s]                  from [01m[K/opt/ros/foxy/include/rclcpp/executors.hpp:21[m[K,
[1.647s]                  from [01m[K/opt/ros/foxy/include/rclcpp/rclcpp.hpp:146[m[K,
[1.647s]                  from [01m[K/home/ashmitha/ros_ws/src/behaviors/include/behaviors/timed_behavior.hpp:28[m[K,
[1.647s]                  from [01m[K/home/ashmitha/ros_ws/src/behaviors/include/behaviors/plugins/teleop.hpp:10[m[K,
[1.647s]                  from [01m[K/home/ashmitha/ros_ws/src/behaviors/plugins/teleop.cpp:4[m[K:
[1.647s] [01m[K/home/ashmitha/ros_ws/src/behaviors/plugins/teleop.cpp:284:13:[m[K [01;31m[Kerror: [m[Kâ€˜[01m[Klogger_[m[Kâ€™ was not declared in this scope
[1.647s]   284 |             [01;31m[Klogger_[m[K,
[1.647s]       |             [01;31m[K^~~~~~~[m[K
[1.647s] [01m[K/home/ashmitha/ros_ws/src/behaviors/plugins/teleop.cpp:283:13:[m[K [01;31m[Kerror: [m[Ktemplate argument 1 is invalid
[1.647s]   283 |             [01;31m[KRCLCPP_WARN_STREAM[m[K(
[1.647s]       |             [01;31m[K^~~~~~~~~~~~~~~~~~[m[K
[1.647s] [01m[K/home/ashmitha/ros_ws/src/behaviors/plugins/teleop.cpp:283:13:[m[K [01;31m[Kerror: [m[Ktemplate argument 1 is invalid
[1.647s]   283 |             [01;31m[KRCLCPP_WARN_STREAM[m[K(
[1.647s]       |             [01;31m[K^~~~~~~~~~~~~~~~~~[m[K
[1.647s] [01m[K/home/ashmitha/ros_ws/src/behaviors/plugins/teleop.cpp:283:13:[m[K [01;31m[Kerror: [m[Ktemplate argument 1 is invalid
[1.648s]   283 |             [01;31m[KRCLCPP_WARN_STREAM[m[K(
[1.648s]       |             [01;31m[K^~~~~~~~~~~~~~~~~~[m[K
[1.649s] [01m[K/home/ashmitha/ros_ws/src/behaviors/plugins/teleop.cpp:285:63:[m[K [01;31m[Kerror: [m[Kâ€˜[01m[Kbehavior_name_[m[Kâ€™ was not declared in this scope
[1.649s]   285 |             "Exceeded time allowance before reaching the " << [01;31m[Kbehavior_name_[m[K.c_str() <<
[1.649s]       |                                                               [01;31m[K^~~~~~~~~~~~~~[m[K
[1.652s] [01m[K/home/ashmitha/ros_ws/src/behaviors/plugins/teleop.cpp:287:49:[m[K [01;31m[Kerror: [m[Kâ€˜[01m[KTeleopActionResult[m[Kâ€™ was not declared in this scope
[1.652s]   287 |             return ResultStatus{Status::FAILED, [01;31m[KTeleopActionResult[m[K::TIMEOUT};
[1.652s]       |                                                 [01;31m[K^~~~~~~~~~~~~~~~~~[m[K
[1.652s] [01m[K/home/ashmitha/ros_ws/src/behaviors/plugins/teleop.cpp:287:32:[m[K [01;31m[Kerror: [m[Kexpected primary-expression before â€˜[01m[K{[m[Kâ€™ token
[1.652s]   287 |             return ResultStatus[01;31m[K{[m[KStatus::FAILED, TeleopActionResult::TIMEOUT};
[1.652s]       |                                [01;31m[K^[m[K
[1.652s] [01m[K/home/ashmitha/ros_ws/src/behaviors/plugins/teleop.cpp:287:32:[m[K [01;31m[Kerror: [m[Kexpected â€˜[01m[K;[m[Kâ€™ before â€˜[01m[K{[m[Kâ€™ token
[1.652s]   287 |             return ResultStatus[01;31m[K{[m[KStatus::FAILED, TeleopActionResult::TIMEOUT};
[1.652s]       |                                [01;31m[K^[m[K
[1.653s]       |                                [32m[K;[m[K
[1.653s] [01m[K/home/ashmitha/ros_ws/src/behaviors/plugins/teleop.cpp:287:49:[m[K [01;31m[Kerror: [m[Kâ€˜[01m[KTeleopActionResult[m[Kâ€™ is not a class, namespace, or enumeration
[1.653s]   287 |             return ResultStatus{Status::FAILED, [01;31m[KTeleopActionResult[m[K::TIMEOUT};
[1.653s]       |                                                 [01;31m[K^~~~~~~~~~~~~~~~~~[m[K
[1.654s] [01m[K/home/ashmitha/ros_ws/src/behaviors/plugins/teleop.cpp:290:13:[m[K [01;31m[Kerror: [m[Kâ€˜[01m[Kpreempt_teleop_[m[Kâ€™ was not declared in this scope
[1.654s]   290 |         if ([01;31m[Kpreempt_teleop_[m[K)
[1.654s]       |             [01;31m[K^~~~~~~~~~~~~~~[m[K
[1.655s] [01m[K/home/ashmitha/ros_ws/src/behaviors/plugins/teleop.cpp:292:13:[m[K [01;31m[Kerror: [m[Kâ€˜[01m[KstopRobot[m[Kâ€™ was not declared in this scope
[1.655s]   292 |             [01;31m[KstopRobot[m[K();
[1.655s]       |             [01;31m[K^~~~~~~~~[m[K
[1.657s] [01m[K/home/ashmitha/ros_ws/src/behaviors/plugins/teleop.cpp:293:52:[m[K [01;31m[Kerror: [m[Kâ€˜[01m[KTeleopActionResult[m[Kâ€™ was not declared in this scope
[1.657s]   293 |             return ResultStatus{Status::SUCCEEDED, [01;31m[KTeleopActionResult[m[K::NONE};
[1.657s]       |                                                    [01;31m[K^~~~~~~~~~~~~~~~~~[m[K
[1.657s] [01m[K/home/ashmitha/ros_ws/src/behaviors/plugins/teleop.cpp:293:32:[m[K [01;31m[Kerror: [m[Kexpected primary-expression before â€˜[01m[K{[m[Kâ€™ token
[1.657s]   293 |             return ResultStatus[01;31m[K{[m[KStatus::SUCCEEDED, TeleopActionResult::NONE};
[1.657s]       |                                [01;31m[K^[m[K
[1.658s] [01m[K/home/ashmitha/ros_ws/src/behaviors/plugins/teleop.cpp:293:32:[m[K [01;31m[Kerror: [m[Kexpected â€˜[01m[K;[m[Kâ€™ before â€˜[01m[K{[m[Kâ€™ token
[1.658s]   293 |             return ResultStatus[01;31m[K{[m[KStatus::SUCCEEDED, TeleopActionResult::NONE};
[1.658s]       |                                [01;31m[K^[m[K
[1.658s]       |                                [32m[K;[m[K
[1.658s] [01m[K/home/ashmitha/ros_ws/src/behaviors/plugins/teleop.cpp:293:52:[m[K [01;31m[Kerror: [m[Kâ€˜[01m[KTeleopActionResult[m[Kâ€™ is not a class, namespace, or enumeration
[1.658s]   293 |             return ResultStatus{Status::SUCCEEDED, [01;31m[KTeleopActionResult[m[K::NONE};
[1.658s]       |                                                    [01;31m[K^~~~~~~~~~~~~~~~~~[m[K
[1.658s] [01m[K/home/ashmitha/ros_ws/src/behaviors/plugins/teleop.cpp:298:28:[m[K [01;31m[Kerror: [m[Kâ€˜[01m[Ktf_[m[Kâ€™ was not declared in this scope; did you mean â€˜[01m[Ktf2[m[Kâ€™?
[1.658s]   298 |             current_pose, *[01;31m[Ktf_[m[K, local_frame_, robot_base_frame_,
[1.658s]       |                            [01;31m[K^~~[m[K
[1.658s]       |                            [32m[Ktf2[m[K
[1.659s] [01m[K/home/ashmitha/ros_ws/src/behaviors/plugins/teleop.cpp:298:33:[m[K [01;31m[Kerror: [m[Kâ€˜[01m[Klocal_frame_[m[Kâ€™ was not declared in this scope
[1.659s]   298 |             current_pose, *tf_, [01;31m[Klocal_frame_[m[K, robot_base_frame_,
[1.659s]       |                                 [01;31m[K^~~~~~~~~~~~[m[K
[1.661s] [01m[K/home/ashmitha/ros_ws/src/behaviors/plugins/teleop.cpp:298:47:[m[K [01;31m[Kerror: [m[Kâ€˜[01m[Krobot_base_frame_[m[Kâ€™ was not declared in this scope
[1.661s]   298 |             current_pose, *tf_, local_frame_, [01;31m[Krobot_base_frame_[m[K,
[1.661s]       |                                               [01;31m[K^~~~~~~~~~~~~~~~~[m[K
[1.664s] [01m[K/home/ashmitha/ros_ws/src/behaviors/plugins/teleop.cpp:299:13:[m[K [01;31m[Kerror: [m[Kâ€˜[01m[Ktransform_tolerance_[m[Kâ€™ was not declared in this scope
[1.664s]   299 |             [01;31m[Ktransform_tolerance_[m[K))
[1.664s]       |             [01;31m[K^~~~~~~~~~~~~~~~~~~~[m[K
[1.665s] In file included from [01m[K/opt/ros/foxy/include/rclcpp/service.hpp:34[m[K,
[1.666s]                  from [01m[K/opt/ros/foxy/include/rclcpp/callback_group.hpp:25[m[K,
[1.666s]                  from [01m[K/opt/ros/foxy/include/rclcpp/any_executable.hpp:20[m[K,
[1.666s]                  from [01m[K/opt/ros/foxy/include/rclcpp/memory_strategy.hpp:24[m[K,
[1.666s]                  from [01m[K/opt/ros/foxy/include/rclcpp/memory_strategies.hpp:18[m[K,
[1.666s]                  from [01m[K/opt/ros/foxy/include/rclcpp/executor_options.hpp:20[m[K,
[1.666s]                  from [01m[K/opt/ros/foxy/include/rclcpp/executor.hpp:33[m[K,
[1.666s]                  from [01m[K/opt/ros/foxy/include/rclcpp/executors/multi_threaded_executor.hpp:26[m[K,
[1.666s]                  from [01m[K/opt/ros/foxy/include/rclcpp/executors.hpp:21[m[K,
[1.666s]                  from [01m[K/opt/ros/foxy/include/rclcpp/rclcpp.hpp:146[m[K,
[1.666s]                  from [01m[K/home/ashmitha/ros_ws/src/behaviors/include/behaviors/timed_behavior.hpp:28[m[K,
[1.666s]                  from [01m[K/home/ashmitha/ros_ws/src/behaviors/include/behaviors/plugins/teleop.hpp:10[m[K,
[1.666s]                  from [01m[K/home/ashmitha/ros_ws/src/behaviors/plugins/teleop.cpp:4[m[K:
[1.666s] [01m[K/home/ashmitha/ros_ws/src/behaviors/plugins/teleop.cpp:302:13:[m[K [01;31m[Kerror: [m[Kâ€˜[01m[Klogger_[m[Kâ€™ was not declared in this scope
[1.666s]   302 |             [01;31m[Klogger_[m[K,
[1.667s]       |             [01;31m[K^~~~~~~[m[K
[1.667s] [01m[K/home/ashmitha/ros_ws/src/behaviors/plugins/teleop.cpp:301:13:[m[K [01;31m[Kerror: [m[Ktemplate argument 1 is invalid
[1.667s]   301 |             [01;31m[KRCLCPP_ERROR_STREAM[m[K(
[1.667s]       |             [01;31m[K^~~~~~~~~~~~~~~~~~~[m[K
[1.667s] [01m[K/home/ashmitha/ros_ws/src/behaviors/plugins/teleop.cpp:301:13:[m[K [01;31m[Kerror: [m[Ktemplate argument 1 is invalid
[1.667s]   301 |             [01;31m[KRCLCPP_ERROR_STREAM[m[K(
[1.667s]       |             [01;31m[K^~~~~~~~~~~~~~~~~~~[m[K
[1.667s] [01m[K/home/ashmitha/ros_ws/src/behaviors/plugins/teleop.cpp:301:13:[m[K [01;31m[Kerror: [m[Ktemplate argument 1 is invalid
[1.667s]   301 |             [01;31m[KRCLCPP_ERROR_STREAM[m[K(
[1.667s]       |             [01;31m[K^~~~~~~~~~~~~~~~~~~[m[K
[1.668s] [01m[K/home/ashmitha/ros_ws/src/behaviors/plugins/teleop.cpp:304:17:[m[K [01;31m[Kerror: [m[Kâ€˜[01m[Kbehavior_name_[m[Kâ€™ was not declared in this scope
[1.668s]   304 |                 [01;31m[Kbehavior_name_[m[K.c_str());
[1.668s]       |                 [01;31m[K^~~~~~~~~~~~~~[m[K
[1.670s] [01m[K/home/ashmitha/ros_ws/src/behaviors/plugins/teleop.cpp:305:49:[m[K [01;31m[Kerror: [m[Kâ€˜[01m[KTeleopActionResult[m[Kâ€™ was not declared in this scope
[1.670s]   305 |             return ResultStatus{Status::FAILED, [01;31m[KTeleopActionResult[m[K::TF_ERROR};
[1.670s]       |                                                 [01;31m[K^~~~~~~~~~~~~~~~~~[m[K
[1.671s] [01m[K/home/ashmitha/ros_ws/src/behaviors/plugins/teleop.cpp:305:32:[m[K [01;31m[Kerror: [m[Kexpected primary-expression before â€˜[01m[K{[m[Kâ€™ token
[1.671s]   305 |             return ResultStatus[01;31m[K{[m[KStatus::FAILED, TeleopActionResult::TF_ERROR};
[1.671s]       |                                [01;31m[K^[m[K
[1.671s] [01m[K/home/ashmitha/ros_ws/src/behaviors/plugins/teleop.cpp:305:32:[m[K [01;31m[Kerror: [m[Kexpected â€˜[01m[K;[m[Kâ€™ before â€˜[01m[K{[m[Kâ€™ token
[1.671s]   305 |             return ResultStatus[01;31m[K{[m[KStatus::FAILED, TeleopActionResult::TF_ERROR};
[1.671s]       |                                [01;31m[K^[m[K
[1.671s]       |                                [32m[K;[m[K
[1.671s] [01m[K/home/ashmitha/ros_ws/src/behaviors/plugins/teleop.cpp:305:49:[m[K [01;31m[Kerror: [m[Kâ€˜[01m[KTeleopActionResult[m[Kâ€™ is not a class, namespace, or enumeration
[1.671s]   305 |             return ResultStatus{Status::FAILED, [01;31m[KTeleopActionResult[m[K::TF_ERROR};
[1.671s]       |                                                 [01;31m[K^~~~~~~~~~~~~~~~~~[m[K
[1.671s] [01m[K/home/ashmitha/ros_ws/src/behaviors/plugins/teleop.cpp:308:9:[m[K [01;31m[Kerror: [m[Kâ€˜[01m[Kvel_pub_[m[Kâ€™ was not declared in this scope
[1.671s]   308 |         [01;31m[Kvel_pub_[m[K->publish(std::move(twist));
[1.671s]       |         [01;31m[K^~~~~~~~[m[K
[1.674s] [01m[K/home/ashmitha/ros_ws/src/behaviors/plugins/teleop.cpp:310:46:[m[K [01;31m[Kerror: [m[Kâ€˜[01m[KTeleopActionResult[m[Kâ€™ was not declared in this scope
[1.674s]   310 |         return ResultStatus{Status::RUNNING, [01;31m[KTeleopActionResult[m[K::NONE};
[1.674s]       |                                              [01;31m[K^~~~~~~~~~~~~~~~~~[m[K
[1.674s] [01m[K/home/ashmitha/ros_ws/src/behaviors/plugins/teleop.cpp:310:28:[m[K [01;31m[Kerror: [m[Kexpected primary-expression before â€˜[01m[K{[m[Kâ€™ token
[1.674s]   310 |         return ResultStatus[01;31m[K{[m[KStatus::RUNNING, TeleopActionResult::NONE};
[1.674s]       |                            [01;31m[K^[m[K
[1.674s] [01m[K/home/ashmitha/ros_ws/src/behaviors/plugins/teleop.cpp:310:28:[m[K [01;31m[Kerror: [m[Kexpected â€˜[01m[K;[m[Kâ€™ before â€˜[01m[K{[m[Kâ€™ token
[1.674s]   310 |         return ResultStatus[01;31m[K{[m[KStatus::RUNNING, TeleopActionResult::NONE};
[1.674s]       |                            [01;31m[K^[m[K
[1.674s]       |                            [32m[K;[m[K
[1.674s] [01m[K/home/ashmitha/ros_ws/src/behaviors/plugins/teleop.cpp:310:46:[m[K [01;31m[Kerror: [m[Kâ€˜[01m[KTeleopActionResult[m[Kâ€™ is not a class, namespace, or enumeration
[1.674s]   310 |         return ResultStatus{Status::RUNNING, [01;31m[KTeleopActionResult[m[K::NONE};
[1.675s]       |                                              [01;31m[K^~~~~~~~~~~~~~~~~~[m[K
[1.675s] [01m[K/home/ashmitha/ros_ws/src/behaviors/plugins/teleop.cpp:[m[K At global scope:
[1.675s] [01m[K/home/ashmitha/ros_ws/src/behaviors/plugins/teleop.cpp:313:10:[m[K [01;31m[Kerror: [m[Kâ€˜[01m[KTeleop[m[Kâ€™ has not been declared
[1.675s]   313 |     void [01;31m[KTeleop[m[K::preemptTeleopCallback(const std_msgs::msg::Empty::SharedPtr)
[1.675s]       |          [01;31m[K^~~~~~[m[K
[1.678s] [01m[K/home/ashmitha/ros_ws/src/behaviors/plugins/teleop.cpp:[m[K In function â€˜[01m[Kvoid nav2_behaviors::preemptTeleopCallback(std_msgs::msg::Empty_<std::allocator<void> >::SharedPtr)[m[Kâ€™:
[1.678s] [01m[K/home/ashmitha/ros_ws/src/behaviors/plugins/teleop.cpp:315:9:[m[K [01;31m[Kerror: [m[Kâ€˜[01m[Kpreempt_teleop_[m[Kâ€™ was not declared in this scope
[1.678s]   315 |         [01;31m[Kpreempt_teleop_[m[K = true;
[1.679s]       |         [01;31m[K^~~~~~~~~~~~~~~[m[K
[1.690s] In file included from [01m[K/opt/ros/foxy/include/class_loader/class_loader.hpp:56[m[K,
[1.690s]                  from [01m[K/opt/ros/foxy/include/pluginlib/class_list_macros.hpp:40[m[K,
[1.690s]                  from [01m[K/home/ashmitha/ros_ws/src/behaviors/plugins/teleop.cpp:320[m[K:
[1.690s] [01m[K/home/ashmitha/ros_ws/src/behaviors/plugins/teleop.cpp:[m[K At global scope:
[1.691s] [01m[K/home/ashmitha/ros_ws/src/behaviors/plugins/teleop.cpp:321:24:[m[K [01;31m[Kerror: [m[Kâ€˜[01m[Kbehaviors[m[Kâ€™ does not name a type; did you mean â€˜[01m[Knav2_behaviors[m[Kâ€™?
[1.691s]   321 | PLUGINLIB_EXPORT_CLASS([01;31m[Kbehaviors[m[K::Teleop, nav2_core::Behavior)
[1.691s]       |                        [01;31m[K^~~~~~~~~[m[K
[1.692s] [01m[K/home/ashmitha/ros_ws/src/behaviors/plugins/teleop.cpp:[m[K In constructor â€˜[01m[K{anonymous}::ProxyExec0::ProxyExec0()[m[Kâ€™:
[1.693s] [01m[K/home/ashmitha/ros_ws/src/behaviors/plugins/teleop.cpp:321:1:[m[K [01;31m[Kerror: [m[Kâ€˜[01m[K_derived[m[Kâ€™ was not declared in this scope
[1.693s]   321 | [01;31m[KPLUGINLIB_EXPORT_CLASS[m[K(behaviors::Teleop, nav2_core::Behavior)
[1.693s]       | [01;31m[K^~~~~~~~~~~~~~~~~~~~~~[m[K
[1.693s] [01m[K/home/ashmitha/ros_ws/src/behaviors/plugins/teleop.cpp:321:1:[m[K [01;31m[Kerror: [m[Kno matching function for call to â€˜[01m[KregisterPlugin<<expression error>, {anonymous}::ProxyExec0::_base>(const char [18], const char [20])[m[Kâ€™
[1.693s]   321 | [01;31m[KPLUGINLIB_EXPORT_CLASS[m[K(behaviors::Teleop, nav2_core::Behavior)
[1.693s]       | [01;31m[K^~~~~~~~~~~~~~~~~~~~~~[m[K
[1.693s] In file included from [01m[K/opt/ros/foxy/include/class_loader/class_loader.hpp:55[m[K,
[1.693s]                  from [01m[K/opt/ros/foxy/include/pluginlib/class_list_macros.hpp:40[m[K,
[1.693s]                  from [01m[K/home/ashmitha/ros_ws/src/behaviors/plugins/teleop.cpp:320[m[K:
[1.693s] [01m[K/opt/ros/foxy/include/class_loader/class_loader_core.hpp:210:6:[m[K [01;36m[Knote: [m[Kcandidate: â€˜[01m[Ktemplate<class Derived, class Base> void class_loader::impl::registerPlugin(const string&, const string&)[m[Kâ€™
[1.693s]   210 | void [01;36m[KregisterPlugin[m[K(const std::string & class_name, const std::string & base_class_name)
[1.693s]       |      [01;36m[K^~~~~~~~~~~~~~[m[K
[1.693s] [01m[K/opt/ros/foxy/include/class_loader/class_loader_core.hpp:210:6:[m[K [01;36m[Knote: [m[K  template argument deduction/substitution failed:
[1.694s] In file included from [01m[K/opt/ros/foxy/include/class_loader/class_loader.hpp:56[m[K,
[1.694s]                  from [01m[K/opt/ros/foxy/include/pluginlib/class_list_macros.hpp:40[m[K,
[1.694s]                  from [01m[K/home/ashmitha/ros_ws/src/behaviors/plugins/teleop.cpp:320[m[K:
[1.694s] [01m[K/home/ashmitha/ros_ws/src/behaviors/plugins/teleop.cpp:321:1:[m[K [01;31m[Kerror: [m[Ktemplate argument 1 is invalid
[1.694s]   321 | [01;31m[KPLUGINLIB_EXPORT_CLASS[m[K(behaviors::Teleop, nav2_core::Behavior)
[1.694s]       | [01;31m[K^~~~~~~~~~~~~~~~~~~~~~[m[K
[1.717s] [01m[K/home/ashmitha/ros_ws/src/behaviors/src/behavior_server.cpp:[m[K In constructor â€˜[01m[Kbehavior_server::BehaviorServer::BehaviorServer(const rclcpp::NodeOptions&)[m[Kâ€™:
[1.718s] [01m[K/home/ashmitha/ros_ws/src/behaviors/src/behavior_server.cpp:32:26:[m[K [01;31m[Kerror: [m[Kno matching function for call to â€˜[01m[Knav2_util::LifecycleNode::LifecycleNode(const char [16], const char [1], const rclcpp::NodeOptions&)[m[Kâ€™
[1.718s]    32 |     "nav2_behaviors/Wait"[01;31m[K}[m[K
[1.718s]       |                          [01;31m[K^[m[K
[1.718s] In file included from [01m[K/home/ashmitha/ros_ws/src/behaviors/include/behaviors/behavior_server.hpp:21[m[K,
[1.718s]                  from [01m[K/home/ashmitha/ros_ws/src/behaviors/src/behavior_server.cpp:20[m[K:
[1.718s] [01m[K/opt/ros/foxy/include/nav2_util/lifecycle_node.hpp:39:3:[m[K [01;36m[Knote: [m[Kcandidate: â€˜[01m[Knav2_util::LifecycleNode::LifecycleNode(const string&, const string&, bool, const rclcpp::NodeOptions&)[m[Kâ€™
[1.718s]    39 |   [01;36m[KLifecycleNode[m[K(
[1.718s]       |   [01;36m[K^~~~~~~~~~~~~[m[K
[1.718s] [01m[K/opt/ros/foxy/include/nav2_util/lifecycle_node.hpp:42:10:[m[K [01;36m[Knote: [m[K  no known conversion for argument 3 from â€˜[01m[Kconst rclcpp::NodeOptions[m[Kâ€™ to â€˜[01m[Kbool[m[Kâ€™
[1.718s]    42 |     [01;36m[Kbool use_rclcpp_node = false[m[K,
[1.718s]       |     [01;36m[K~~~~~^~~~~~~~~~~~~~~~~~~~~~~[m[K
[1.741s] [01m[K/home/ashmitha/ros_ws/src/behaviors/src/behavior_server.cpp:[m[K In member function â€˜[01m[Kvirtual nav2_util::CallbackReturn behavior_server::BehaviorServer::on_activate(const rclcpp_lifecycle::State&)[m[Kâ€™:
[1.741s] [01m[K/home/ashmitha/ros_ws/src/behaviors/src/behavior_server.cpp:203:3:[m[K [01;31m[Kerror: [m[Kâ€˜[01m[KcreateBond[m[Kâ€™ was not declared in this scope
[1.741s]   203 |   [01;31m[KcreateBond[m[K();
[1.741s]       |   [01;31m[K^~~~~~~~~~[m[K
[1.744s] [01m[K/home/ashmitha/ros_ws/src/behaviors/src/behavior_server.cpp:[m[K In member function â€˜[01m[Kvirtual nav2_util::CallbackReturn behavior_server::BehaviorServer::on_deactivate(const rclcpp_lifecycle::State&)[m[Kâ€™:
[1.744s] [01m[K/home/ashmitha/ros_ws/src/behaviors/src/behavior_server.cpp:219:3:[m[K [01;31m[Kerror: [m[Kâ€˜[01m[KdestroyBond[m[Kâ€™ was not declared in this scope
[1.744s]   219 |   [01;31m[KdestroyBond[m[K();
[1.745s]       |   [01;31m[K^~~~~~~~~~~[m[K
[1.898s] In file included from [01m[K/usr/include/c++/9/memory:80[m[K,
[1.898s]                  from [01m[K/home/ashmitha/ros_ws/src/behaviors/src/behavior_server.cpp:15[m[K:
[1.898s] /usr/include/c++/9/bits/unique_ptr.h: In instantiation of â€˜[01m[Ktypename std::_MakeUniq<_Tp>::__single_object std::make_unique(_Args&& ...) [with _Tp = nav2_costmap_2d::FootprintSubscriber; _Args = {std::shared_ptr<nav2_util::LifecycleNode>, std::__cxx11::basic_string<char, std::char_traits<char>, std::allocator<char> >&, tf2_ros::Buffer&, std::__cxx11::basic_string<char, std::char_traits<char>, std::allocator<char> >&, double&}; typename std::_MakeUniq<_Tp>::__single_object = std::unique_ptr<nav2_costmap_2d::FootprintSubscriber>][m[Kâ€™:
[1.898s] [01m[K/home/ashmitha/ros_ws/src/behaviors/src/behavior_server.cpp:175:93:[m[K   required from here
[1.898s] [01m[K/usr/include/c++/9/bits/unique_ptr.h:857:30:[m[K [01;31m[Kerror: [m[Kno matching function for call to â€˜[01m[Knav2_costmap_2d::FootprintSubscriber::FootprintSubscriber(std::shared_ptr<nav2_util::LifecycleNode>, std::__cxx11::basic_string<char>&, tf2_ros::Buffer&, std::__cxx11::basic_string<char>&, double&)[m[Kâ€™
[1.898s]   857 |     { return unique_ptr<_Tp>([01;31m[Knew _Tp(std::forward<_Args>(__args)...)[m[K); }
[1.898s]       |                              [01;31m[K^~~~~~~~~~~~~~~~~~~~~~~~~~~~~~~~~~~~~~~[m[K
[1.898s] In file included from [01m[K/opt/ros/foxy/include/nav2_costmap_2d/costmap_topic_collision_checker.hpp:31[m[K,
[1.899s]                  from [01m[K/opt/ros/foxy/include/nav2_core/behavior.hpp:24[m[K,
[1.899s]                  from [01m[K/home/ashmitha/ros_ws/src/behaviors/include/behaviors/behavior_server.hpp:26[m[K,
[1.899s]                  from [01m[K/home/ashmitha/ros_ws/src/behaviors/src/behavior_server.cpp:20[m[K:
[1.899s] [01m[K/opt/ros/foxy/include/nav2_costmap_2d/footprint_subscriber.hpp:41:3:[m[K [01;36m[Knote: [m[Kcandidate: â€˜[01m[Knav2_costmap_2d::FootprintSubscriber::FootprintSubscriber(rclcpp::node_interfaces::NodeBaseInterface::SharedPtr, rclcpp::node_interfaces::NodeTopicsInterface::SharedPtr, rclcpp::node_interfaces::NodeLoggingInterface::SharedPtr, rclcpp::node_interfaces::NodeClockInterface::SharedPtr, const string&, const double&)[m[Kâ€™
[1.899s]    41 |   [01;36m[KFootprintSubscriber[m[K(
[1.899s]       |   [01;36m[K^~~~~~~~~~~~~~~~~~~[m[K
[1.899s] [01m[K/opt/ros/foxy/include/nav2_costmap_2d/footprint_subscriber.hpp:41:3:[m[K [01;36m[Knote: [m[K  candidate expects 6 arguments, 5 provided
[1.899s] [01m[K/opt/ros/foxy/include/nav2_costmap_2d/footprint_subscriber.hpp:36:3:[m[K [01;36m[Knote: [m[Kcandidate: â€˜[01m[Knav2_costmap_2d::FootprintSubscriber::FootprintSubscriber(rclcpp::Node::SharedPtr, const string&, const double&)[m[Kâ€™
[1.899s]    36 |   [01;36m[KFootprintSubscriber[m[K(
[1.899s]       |   [01;36m[K^~~~~~~~~~~~~~~~~~~[m[K
[1.899s] [01m[K/opt/ros/foxy/include/nav2_costmap_2d/footprint_subscriber.hpp:36:3:[m[K [01;36m[Knote: [m[K  candidate expects 3 arguments, 5 provided
[1.899s] [01m[K/opt/ros/foxy/include/nav2_costmap_2d/footprint_subscriber.hpp:31:3:[m[K [01;36m[Knote: [m[Kcandidate: â€˜[01m[Knav2_costmap_2d::FootprintSubscriber::FootprintSubscriber(rclcpp_lifecycle::LifecycleNode::SharedPtr, const string&, const double&)[m[Kâ€™
[1.899s]    31 |   [01;36m[KFootprintSubscriber[m[K(
[1.899s]       |   [01;36m[K^~~~~~~~~~~~~~~~~~~[m[K
[1.899s] [01m[K/opt/ros/foxy/include/nav2_costmap_2d/footprint_subscriber.hpp:31:3:[m[K [01;36m[Knote: [m[K  candidate expects 3 arguments, 5 provided
[1.900s] [01m[K/opt/ros/foxy/include/nav2_costmap_2d/footprint_subscriber.hpp:28:7:[m[K [01;36m[Knote: [m[Kcandidate: â€˜[01m[Knav2_costmap_2d::FootprintSubscriber::FootprintSubscriber(const nav2_costmap_2d::FootprintSubscriber&)[m[Kâ€™
[1.900s]    28 | class [01;36m[KFootprintSubscriber[m[K
[1.900s]       |       [01;36m[K^~~~~~~~~~~~~~~~~~~[m[K
[1.900s] [01m[K/opt/ros/foxy/include/nav2_costmap_2d/footprint_subscriber.hpp:28:7:[m[K [01;36m[Knote: [m[K  candidate expects 1 argument, 5 provided
[2.150s] cc1plus: all warnings being treated as errors
[2.161s] make[2]: *** [CMakeFiles/nav2_teleop_behavior.dir/build.make:76: CMakeFiles/nav2_teleop_behavior.dir/plugins/teleop.cpp.o] Error 1
[2.161s] make[1]: *** [CMakeFiles/Makefile2:141: CMakeFiles/nav2_teleop_behavior.dir/all] Error 2
[2.161s] make[1]: *** Waiting for unfinished jobs....
[2.362s] In file included from [01m[K/usr/include/x86_64-linux-gnu/c++/9/bits/c++allocator.h:33[m[K,
[2.362s]                  from [01m[K/usr/include/c++/9/bits/allocator.h:46[m[K,
[2.362s]                  from [01m[K/usr/include/c++/9/memory:63[m[K,
[2.362s]                  from [01m[K/home/ashmitha/ros_ws/src/behaviors/src/behavior_server.cpp:15[m[K:
[2.362s] /usr/include/c++/9/ext/new_allocator.h: In instantiation of â€˜[01m[Kvoid __gnu_cxx::new_allocator<_Tp>::construct(_Up*, _Args&& ...) [with _Up = nav2_costmap_2d::CostmapTopicCollisionChecker; _Args = {nav2_costmap_2d::CostmapSubscriber&, nav2_costmap_2d::FootprintSubscriber&, const char*}; _Tp = nav2_costmap_2d::CostmapTopicCollisionChecker][m[Kâ€™:
[2.362s] [01m[K/usr/include/c++/9/bits/alloc_traits.h:483:4:[m[K   required from â€˜[01m[Kstatic void std::allocator_traits<std::allocator<_Tp1> >::construct(std::allocator_traits<std::allocator<_Tp1> >::allocator_type&, _Up*, _Args&& ...) [with _Up = nav2_costmap_2d::CostmapTopicCollisionChecker; _Args = {nav2_costmap_2d::CostmapSubscriber&, nav2_costmap_2d::FootprintSubscriber&, const char*}; _Tp = nav2_costmap_2d::CostmapTopicCollisionChecker; std::allocator_traits<std::allocator<_Tp1> >::allocator_type = std::allocator<nav2_costmap_2d::CostmapTopicCollisionChecker>][m[Kâ€™
[2.362s] [01m[K/usr/include/c++/9/bits/shared_ptr_base.h:548:39:[m[K   required from â€˜[01m[Kstd::_Sp_counted_ptr_inplace<_Tp, _Alloc, _Lp>::_Sp_counted_ptr_inplace(_Alloc, _Args&& ...) [with _Args = {nav2_costmap_2d::CostmapSubscriber&, nav2_costmap_2d::FootprintSubscriber&, const char*}; _Tp = nav2_costmap_2d::CostmapTopicCollisionChecker; _Alloc = std::allocator<nav2_costmap_2d::CostmapTopicCollisionChecker>; __gnu_cxx::_Lock_policy _Lp = __gnu_cxx::_S_atomic][m[Kâ€™
[2.362s] [01m[K/usr/include/c++/9/bits/shared_ptr_base.h:679:16:[m[K   required from â€˜[01m[Kstd::__shared_count<_Lp>::__shared_count(_Tp*&, std::_Sp_alloc_shared_tag<_Alloc>, _Args&& ...) [with _Tp = nav2_costmap_2d::CostmapTopicCollisionChecker; _Alloc = std::allocator<nav2_costmap_2d::CostmapTopicCollisionChecker>; _Args = {nav2_costmap_2d::CostmapSubscriber&, nav2_costmap_2d::FootprintSubscriber&, const char*}; __gnu_cxx::_Lock_policy _Lp = __gnu_cxx::_S_atomic][m[Kâ€™
[2.363s] [01m[K/usr/include/c++/9/bits/shared_ptr_base.h:1344:71:[m[K   required from â€˜[01m[Kstd::__shared_ptr<_Tp, _Lp>::__shared_ptr(std::_Sp_alloc_shared_tag<_Tp>, _Args&& ...) [with _Alloc = std::allocator<nav2_costmap_2d::CostmapTopicCollisionChecker>; _Args = {nav2_costmap_2d::CostmapSubscriber&, nav2_costmap_2d::FootprintSubscriber&, const char*}; _Tp = nav2_costmap_2d::CostmapTopicCollisionChecker; __gnu_cxx::_Lock_policy _Lp = __gnu_cxx::_S_atomic][m[Kâ€™
[2.363s] [01m[K/usr/include/c++/9/bits/shared_ptr.h:359:59:[m[K   required from â€˜[01m[Kstd::shared_ptr<_Tp>::shared_ptr(std::_Sp_alloc_shared_tag<_Tp>, _Args&& ...) [with _Alloc = std::allocator<nav2_costmap_2d::CostmapTopicCollisionChecker>; _Args = {nav2_costmap_2d::CostmapSubscriber&, nav2_costmap_2d::FootprintSubscriber&, const char*}; _Tp = nav2_costmap_2d::CostmapTopicCollisionChecker][m[Kâ€™
[2.363s] [01m[K/usr/include/c++/9/bits/shared_ptr.h:701:14:[m[K   required from â€˜[01m[Kstd::shared_ptr<_Tp> std::allocate_shared(const _Alloc&, _Args&& ...) [with _Tp = nav2_costmap_2d::CostmapTopicCollisionChecker; _Alloc = std::allocator<nav2_costmap_2d::CostmapTopicCollisionChecker>; _Args = {nav2_costmap_2d::CostmapSubscriber&, nav2_costmap_2d::FootprintSubscriber&, const char*}][m[Kâ€™
[2.363s] [01m[K/usr/include/c++/9/bits/shared_ptr.h:717:39:[m[K   required from â€˜[01m[Kstd::shared_ptr<_Tp> std::make_shared(_Args&& ...) [with _Tp = nav2_costmap_2d::CostmapTopicCollisionChecker; _Args = {nav2_costmap_2d::CostmapSubscriber&, nav2_costmap_2d::FootprintSubscriber&, const char*}][m[Kâ€™
[2.363s] [01m[K/home/ashmitha/ros_ws/src/behaviors/src/behavior_server.cpp:178:61:[m[K   required from here
[2.363s] [01m[K/usr/include/c++/9/ext/new_allocator.h:146:4:[m[K [01;31m[Kerror: [m[Kno matching function for call to â€˜[01m[Knav2_costmap_2d::CostmapTopicCollisionChecker::CostmapTopicCollisionChecker(nav2_costmap_2d::CostmapSubscriber&, nav2_costmap_2d::FootprintSubscriber&, const char*)[m[Kâ€™
[2.363s]   146 |  { [01;31m[K::new((void *)__p) _Up(std::forward<_Args>(__args)...)[m[K; }
[2.363s]       |    [01;31m[K^~~~~~~~~~~~~~~~~~~~~~~~~~~~~~~~~~~~~~~~~~~~~~~~~~~~~~[m[K
[2.363s] In file included from [01m[K/opt/ros/foxy/include/nav2_core/behavior.hpp:24[m[K,
[2.363s]                  from [01m[K/home/ashmitha/ros_ws/src/behaviors/include/behaviors/behavior_server.hpp:26[m[K,
[2.363s]                  from [01m[K/home/ashmitha/ros_ws/src/behaviors/src/behavior_server.cpp:20[m[K:
[2.363s] [01m[K/opt/ros/foxy/include/nav2_costmap_2d/costmap_topic_collision_checker.hpp:44:3:[m[K [01;36m[Knote: [m[Kcandidate: â€˜[01m[Knav2_costmap_2d::CostmapTopicCollisionChecker::CostmapTopicCollisionChecker(nav2_costmap_2d::CostmapSubscriber&, nav2_costmap_2d::FootprintSubscriber&, tf2_ros::Buffer&, std::string, std::string, std::string, double)[m[Kâ€™
[2.363s]    44 |   [01;36m[KCostmapTopicCollisionChecker[m[K(
[2.363s]       |   [01;36m[K^~~~~~~~~~~~~~~~~~~~~~~~~~~~[m[K
[2.363s] [01m[K/opt/ros/foxy/include/nav2_costmap_2d/costmap_topic_collision_checker.hpp:47:23:[m[K [01;36m[Knote: [m[K  no known conversion for argument 3 from â€˜[01m[Kconst char*[m[Kâ€™ to â€˜[01m[Ktf2_ros::Buffer&[m[Kâ€™
[2.363s]    47 |     [01;36m[Ktf2_ros::Buffer & tf[m[K,
[2.363s]       |     [01;36m[K~~~~~~~~~~~~~~~~~~^~[m[K
[2.363s] [01m[K/opt/ros/foxy/include/nav2_costmap_2d/costmap_topic_collision_checker.hpp:41:7:[m[K [01;36m[Knote: [m[Kcandidate: â€˜[01m[Knav2_costmap_2d::CostmapTopicCollisionChecker::CostmapTopicCollisionChecker(const nav2_costmap_2d::CostmapTopicCollisionChecker&)[m[Kâ€™
[2.363s]    41 | class [01;36m[KCostmapTopicCollisionChecker[m[K
[2.363s]       |       [01;36m[K^~~~~~~~~~~~~~~~~~~~~~~~~~~~[m[K
[2.363s] [01m[K/opt/ros/foxy/include/nav2_costmap_2d/costmap_topic_collision_checker.hpp:41:7:[m[K [01;36m[Knote: [m[K  candidate expects 1 argument, 3 provided
[2.753s] make[2]: *** [CMakeFiles/behavior_server_core.dir/build.make:76: CMakeFiles/behavior_server_core.dir/src/behavior_server.cpp.o] Error 1
[2.753s] make[1]: *** [CMakeFiles/Makefile2:167: CMakeFiles/behavior_server_core.dir/all] Error 2
[2.753s] make: *** [Makefile:146: all] Error 2
[2.757s] Invoked command in '/home/ashmitha/ros_ws/build/behaviors' returned '2': AMENT_PREFIX_PATH=/home/ashmitha/ros_ws/install/msgs:${AMENT_PREFIX_PATH} CMAKE_PREFIX_PATH=/home/ashmitha/ros_ws/install/msgs:/opt/ros/foxy CONDA_PROMPT_MODIFIER=(base) LD_LIBRARY_PATH=/home/ashmitha/ros_ws/install/msgs/lib:${LD_LIBRARY_PATH} PYTHONPATH=/home/ashmitha/ros_ws/install/msgs/lib/python3.11/site-packages:${PYTHONPATH} /home/ashmitha/.local/bin/cmake --build /home/ashmitha/ros_ws/build/behaviors -- -j8 -l8
