[0.069s] Invoking command in '/home/ashmitha/ros_ws/build/behaviors': AMENT_PREFIX_PATH=/home/ashmitha/ros_ws/install/msgs:${AMENT_PREFIX_PATH} CMAKE_PREFIX_PATH=/home/ashmitha/ros_ws/install/msgs:/opt/ros/foxy CONDA_PROMPT_MODIFIER=(base) LD_LIBRARY_PATH=/home/ashmitha/ros_ws/install/msgs/lib:${LD_LIBRARY_PATH} PYTHONPATH=/home/ashmitha/ros_ws/install/msgs/lib/python3.11/site-packages:${PYTHONPATH} /home/ashmitha/.local/bin/cmake --build /home/ashmitha/ros_ws/build/behaviors -- -j8 -l8
[0.138s] [ 16%] [32mBuilding CXX object CMakeFiles/behavior_server_core.dir/src/behavior_server.cpp.o[0m
[0.139s] [ 33%] [32mBuilding CXX object CMakeFiles/nav2_teleop_behavior.dir/plugins/teleop.cpp.o[0m
[2.310s] In file included from [01m[K/home/ashmitha/ros_ws/src/behaviors/include/behaviors/plugins/teleop.hpp:12[m[K,
[2.310s]                  from [01m[K/home/ashmitha/ros_ws/src/behaviors/plugins/teleop.cpp:4[m[K:
[2.310s] [01m[K/home/ashmitha/ros_ws/src/behaviors/include/behaviors/timed_behavior.hpp:68:1:[m[K [01;31m[Kerror: [m[Kexpected class-name before â€˜[01m[K{[m[Kâ€™ token
[2.310s]    68 | [01;31m[K{[m[K
[2.310s]       | [01;31m[K^[m[K
[2.315s] [01m[K/home/ashmitha/ros_ws/src/behaviors/include/behaviors/timed_behavior.hpp:87:11:[m[K [01;31m[Kerror: [m[Kâ€˜[01m[KResultStatus[m[Kâ€™ does not name a type
[2.315s]    87 |   virtual [01;31m[KResultStatus[m[K onRun(const std::shared_ptr<const typename ActionT::Goal> command) = 0;
[2.315s]       |           [01;31m[K^~~~~~~~~~~~[m[K
[2.319s] [01m[K/home/ashmitha/ros_ws/src/behaviors/include/behaviors/timed_behavior.hpp:95:11:[m[K [01;31m[Kerror: [m[Kâ€˜[01m[KResultStatus[m[Kâ€™ does not name a type
[2.319s]    95 |   virtual [01;31m[KResultStatus[m[K onCycleUpdate() = 0;
[2.319s]       |           [01;31m[K^~~~~~~~~~~~[m[K
[2.335s] [01m[K/home/ashmitha/ros_ws/src/behaviors/include/behaviors/timed_behavior.hpp:[m[K In constructor â€˜[01m[Knav2_behaviors::TimedBehavior<ActionT>::TimedBehavior()[m[Kâ€™:
[2.335s] [01m[K/home/ashmitha/ros_ws/src/behaviors/include/behaviors/timed_behavior.hpp:79:3:[m[K [01;31m[Kerror: [m[Kexpected identifier before â€˜[01m[K{[m[Kâ€™ token
[2.335s]    79 |   [01;31m[K{[m[K
[2.335s]       |   [01;31m[K^[m[K
[2.335s] [01m[K/home/ashmitha/ros_ws/src/behaviors/include/behaviors/timed_behavior.hpp:[m[K In member function â€˜[01m[Kvoid nav2_behaviors::TimedBehavior<ActionT>::configure(const SharedPtr&, const string&, std::shared_ptr<tf2_ros::Buffer>, std::shared_ptr<nav2_costmap_2d::CostmapTopicCollisionChecker>)[m[Kâ€™:
[2.336s] [01m[K/home/ashmitha/ros_ws/src/behaviors/include/behaviors/timed_behavior.hpp:117:23:[m[K [01;31m[Kerror: [m[Kâ€˜[01m[Kusing SharedPtr = class std::shared_ptr<rclcpp_lifecycle::LifecycleNode>[m[Kâ€™ {aka â€˜[01m[Kclass std::shared_ptr<rclcpp_lifecycle::LifecycleNode>[m[Kâ€™} has no member named â€˜[01m[Klock[m[Kâ€™
[2.336s]   117 |     auto node = node_.[01;31m[Klock[m[K();
[2.336s]       |                       [01;31m[K^~~~[m[K
[2.338s] [01m[K/home/ashmitha/ros_ws/src/behaviors/include/behaviors/timed_behavior.hpp:119:5:[m[K [01;31m[Kerror: [m[Kâ€˜[01m[Klogger_[m[Kâ€™ was not declared in this scope
[2.338s]   119 |     [01;31m[Klogger_[m[K = node->get_logger();
[2.338s]       |     [01;31m[K^~~~~~~[m[K
[2.339s] In file included from [01m[K/opt/ros/foxy/include/rclcpp/service.hpp:34[m[K,
[2.339s]                  from [01m[K/opt/ros/foxy/include/rclcpp/callback_group.hpp:25[m[K,
[2.339s]                  from [01m[K/opt/ros/foxy/include/rclcpp/any_executable.hpp:20[m[K,
[2.339s]                  from [01m[K/opt/ros/foxy/include/rclcpp/memory_strategy.hpp:24[m[K,
[2.339s]                  from [01m[K/opt/ros/foxy/include/rclcpp/memory_strategies.hpp:18[m[K,
[2.339s]                  from [01m[K/opt/ros/foxy/include/rclcpp/executor_options.hpp:20[m[K,
[2.339s]                  from [01m[K/opt/ros/foxy/include/rclcpp/executor.hpp:33[m[K,
[2.339s]                  from [01m[K/opt/ros/foxy/include/rclcpp/executors/multi_threaded_executor.hpp:26[m[K,
[2.339s]                  from [01m[K/opt/ros/foxy/include/rclcpp/executors.hpp:21[m[K,
[2.339s]                  from [01m[K/opt/ros/foxy/include/rclcpp/rclcpp.hpp:146[m[K,
[2.339s]                  from [01m[K/home/ashmitha/ros_ws/src/behaviors/include/behaviors/timed_behavior.hpp:31[m[K,
[2.339s]                  from [01m[K/home/ashmitha/ros_ws/src/behaviors/include/behaviors/plugins/teleop.hpp:12[m[K,
[2.340s]                  from [01m[K/home/ashmitha/ros_ws/src/behaviors/plugins/teleop.cpp:4[m[K:
[2.340s] [01m[K/home/ashmitha/ros_ws/src/behaviors/include/behaviors/timed_behavior.hpp:121:5:[m[K [01;31m[Kerror: [m[Ktemplate argument 1 is invalid
[2.340s]   121 |     [01;31m[KRCLCPP_INFO[m[K(logger_, "Configuring %s", name.c_str());
[2.340s]       |     [01;31m[K^~~~~~~~~~~[m[K
[2.340s] [01m[K/home/ashmitha/ros_ws/src/behaviors/include/behaviors/timed_behavior.hpp:121:5:[m[K [01;31m[Kerror: [m[Ktemplate argument 1 is invalid
[2.340s]   121 |     [01;31m[KRCLCPP_INFO[m[K(logger_, "Configuring %s", name.c_str());
[2.340s]       |     [01;31m[K^~~~~~~~~~~[m[K
[2.340s] [01m[K/home/ashmitha/ros_ws/src/behaviors/include/behaviors/timed_behavior.hpp:121:5:[m[K [01;31m[Kerror: [m[Ktemplate argument 1 is invalid
[2.340s]   121 |     [01;31m[KRCLCPP_INFO[m[K(logger_, "Configuring %s", name.c_str());
[2.340s]       |     [01;31m[K^~~~~~~~~~~[m[K
[2.340s] In file included from [01m[K/home/ashmitha/ros_ws/src/behaviors/include/behaviors/plugins/teleop.hpp:12[m[K,
[2.341s]                  from [01m[K/home/ashmitha/ros_ws/src/behaviors/plugins/teleop.cpp:4[m[K:
[2.341s] [01m[K/home/ashmitha/ros_ws/src/behaviors/include/behaviors/timed_behavior.hpp:141:73:[m[K [01;31m[Kerror: [m[Kexpected primary-expression before â€˜[01m[K>[m[Kâ€™ token
[2.341s]   141 |     vel_pub_ = node->template create_publisher<geometry_msgs::msg::Twist[01;31m[K>[m[K("cmd_vel", 1);
[2.341s]       |                                                                         [01;31m[K^[m[K
[2.341s] In file included from [01m[K/opt/ros/foxy/include/rclcpp/service.hpp:34[m[K,
[2.341s]                  from [01m[K/opt/ros/foxy/include/rclcpp/callback_group.hpp:25[m[K,
[2.341s]                  from [01m[K/opt/ros/foxy/include/rclcpp/any_executable.hpp:20[m[K,
[2.342s]                  from [01m[K/opt/ros/foxy/include/rclcpp/memory_strategy.hpp:24[m[K,
[2.342s]                  from [01m[K/opt/ros/foxy/include/rclcpp/memory_strategies.hpp:18[m[K,
[2.342s]                  from [01m[K/opt/ros/foxy/include/rclcpp/executor_options.hpp:20[m[K,
[2.342s]                  from [01m[K/opt/ros/foxy/include/rclcpp/executor.hpp:33[m[K,
[2.342s]                  from [01m[K/opt/ros/foxy/include/rclcpp/executors/multi_threaded_executor.hpp:26[m[K,
[2.342s]                  from [01m[K/opt/ros/foxy/include/rclcpp/executors.hpp:21[m[K,
[2.342s]                  from [01m[K/opt/ros/foxy/include/rclcpp/rclcpp.hpp:146[m[K,
[2.342s]                  from [01m[K/home/ashmitha/ros_ws/src/behaviors/include/behaviors/timed_behavior.hpp:31[m[K,
[2.342s]                  from [01m[K/home/ashmitha/ros_ws/src/behaviors/include/behaviors/plugins/teleop.hpp:12[m[K,
[2.342s]                  from [01m[K/home/ashmitha/ros_ws/src/behaviors/plugins/teleop.cpp:4[m[K:
[2.342s] [01m[K/home/ashmitha/ros_ws/src/behaviors/include/behaviors/timed_behavior.hpp:[m[K In member function â€˜[01m[Kvoid nav2_behaviors::TimedBehavior<ActionT>::activate()[m[Kâ€™:
[2.342s] [01m[K/home/ashmitha/ros_ws/src/behaviors/include/behaviors/timed_behavior.hpp:157:17:[m[K [01;31m[Kerror: [m[Kâ€˜[01m[Klogger_[m[Kâ€™ was not declared in this scope
[2.343s]   157 |     RCLCPP_INFO([01;31m[Klogger_[m[K, "Activating %s", behavior_name_.c_str());
[2.343s]       |                 [01;31m[K^~~~~~~[m[K
[2.343s] [01m[K/home/ashmitha/ros_ws/src/behaviors/include/behaviors/timed_behavior.hpp:157:5:[m[K [01;31m[Kerror: [m[Ktemplate argument 1 is invalid
[2.343s]   157 |     [01;31m[KRCLCPP_INFO[m[K(logger_, "Activating %s", behavior_name_.c_str());
[2.343s]       |     [01;31m[K^~~~~~~~~~~[m[K
[2.343s] [01m[K/home/ashmitha/ros_ws/src/behaviors/include/behaviors/timed_behavior.hpp:157:5:[m[K [01;31m[Kerror: [m[Ktemplate argument 1 is invalid
[2.343s]   157 |     [01;31m[KRCLCPP_INFO[m[K(logger_, "Activating %s", behavior_name_.c_str());
[2.343s]       |     [01;31m[K^~~~~~~~~~~[m[K
[2.343s] [01m[K/home/ashmitha/ros_ws/src/behaviors/include/behaviors/timed_behavior.hpp:157:5:[m[K [01;31m[Kerror: [m[Ktemplate argument 1 is invalid
[2.343s]   157 |     [01;31m[KRCLCPP_INFO[m[K(logger_, "Activating %s", behavior_name_.c_str());
[2.344s]       |     [01;31m[K^~~~~~~~~~~[m[K
[2.345s] [01m[K/home/ashmitha/ros_ws/src/behaviors/include/behaviors/timed_behavior.hpp:[m[K In member function â€˜[01m[Kvoid nav2_behaviors::TimedBehavior<ActionT>::execute()[m[Kâ€™:
[2.345s] [01m[K/home/ashmitha/ros_ws/src/behaviors/include/behaviors/timed_behavior.hpp:193:17:[m[K [01;31m[Kerror: [m[Kâ€˜[01m[Klogger_[m[Kâ€™ was not declared in this scope
[2.345s]   193 |     RCLCPP_INFO([01;31m[Klogger_[m[K, "Running %s", behavior_name_.c_str());
[2.345s]       |                 [01;31m[K^~~~~~~[m[K
[2.345s] [01m[K/home/ashmitha/ros_ws/src/behaviors/include/behaviors/timed_behavior.hpp:193:5:[m[K [01;31m[Kerror: [m[Ktemplate argument 1 is invalid
[2.345s]   193 |     [01;31m[KRCLCPP_INFO[m[K(logger_, "Running %s", behavior_name_.c_str());
[2.345s]       |     [01;31m[K^~~~~~~~~~~[m[K
[2.346s] [01m[K/home/ashmitha/ros_ws/src/behaviors/include/behaviors/timed_behavior.hpp:193:5:[m[K [01;31m[Kerror: [m[Ktemplate argument 1 is invalid
[2.346s]   193 |     [01;31m[KRCLCPP_INFO[m[K(logger_, "Running %s", behavior_name_.c_str());
[2.346s]       |     [01;31m[K^~~~~~~~~~~[m[K
[2.346s] [01m[K/home/ashmitha/ros_ws/src/behaviors/include/behaviors/timed_behavior.hpp:193:5:[m[K [01;31m[Kerror: [m[Ktemplate argument 1 is invalid
[2.346s]   193 |     [01;31m[KRCLCPP_INFO[m[K(logger_, "Running %s", behavior_name_.c_str());
[2.346s]       |     [01;31m[K^~~~~~~~~~~[m[K
[2.348s] [01m[K/home/ashmitha/ros_ws/src/behaviors/include/behaviors/timed_behavior.hpp:197:9:[m[K [01;31m[Kerror: [m[Kâ€˜[01m[Klogger_[m[Kâ€™ was not declared in this scope
[2.348s]   197 |         [01;31m[Klogger_[m[K,
[2.348s]       |         [01;31m[K^~~~~~~[m[K
[2.348s] [01m[K/home/ashmitha/ros_ws/src/behaviors/include/behaviors/timed_behavior.hpp:196:7:[m[K [01;31m[Kerror: [m[Ktemplate argument 1 is invalid
[2.348s]   196 |       [01;31m[KRCLCPP_WARN[m[K(
[2.348s]       |       [01;31m[K^~~~~~~~~~~[m[K
[2.348s] [01m[K/home/ashmitha/ros_ws/src/behaviors/include/behaviors/timed_behavior.hpp:196:7:[m[K [01;31m[Kerror: [m[Ktemplate argument 1 is invalid
[2.348s]   196 |       [01;31m[KRCLCPP_WARN[m[K(
[2.348s]       |       [01;31m[K^~~~~~~~~~~[m[K
[2.349s] [01m[K/home/ashmitha/ros_ws/src/behaviors/include/behaviors/timed_behavior.hpp:196:7:[m[K [01;31m[Kerror: [m[Ktemplate argument 1 is invalid
[2.349s]   196 |       [01;31m[KRCLCPP_WARN[m[K(
[2.349s]       |       [01;31m[K^~~~~~~~~~~[m[K
[2.351s] In file included from [01m[K/home/ashmitha/ros_ws/src/behaviors/include/behaviors/plugins/teleop.hpp:12[m[K,
[2.352s]                  from [01m[K/home/ashmitha/ros_ws/src/behaviors/plugins/teleop.cpp:4[m[K:
[2.352s] [01m[K/home/ashmitha/ros_ws/src/behaviors/include/behaviors/timed_behavior.hpp:205:5:[m[K [01;31m[Kerror: [m[Kâ€˜[01m[KResultStatus[m[Kâ€™ was not declared in this scope
[2.352s]   205 |     [01;31m[KResultStatus[m[K on_run_result = onRun(action_server_->get_current_goal());
[2.352s]       |     [01;31m[K^~~~~~~~~~~~[m[K
[2.355s] [01m[K/home/ashmitha/ros_ws/src/behaviors/include/behaviors/timed_behavior.hpp:206:9:[m[K [01;31m[Kerror: [m[Kâ€˜[01m[Kon_run_result[m[Kâ€™ was not declared in this scope
[2.356s]   206 |     if ([01;31m[Kon_run_result[m[K != Status::SUCCEEDED) {
[2.356s]       |         [01;31m[K^~~~~~~~~~~~~[m[K
[2.358s] In file included from [01m[K/opt/ros/foxy/include/rclcpp/service.hpp:34[m[K,
[2.358s]                  from [01m[K/opt/ros/foxy/include/rclcpp/callback_group.hpp:25[m[K,
[2.358s]                  from [01m[K/opt/ros/foxy/include/rclcpp/any_executable.hpp:20[m[K,
[2.359s]                  from [01m[K/opt/ros/foxy/include/rclcpp/memory_strategy.hpp:24[m[K,
[2.359s]                  from [01m[K/opt/ros/foxy/include/rclcpp/memory_strategies.hpp:18[m[K,
[2.359s]                  from [01m[K/opt/ros/foxy/include/rclcpp/executor_options.hpp:20[m[K,
[2.359s]                  from [01m[K/opt/ros/foxy/include/rclcpp/executor.hpp:33[m[K,
[2.359s]                  from [01m[K/opt/ros/foxy/include/rclcpp/executors/multi_threaded_executor.hpp:26[m[K,
[2.359s]                  from [01m[K/opt/ros/foxy/include/rclcpp/executors.hpp:21[m[K,
[2.359s]                  from [01m[K/opt/ros/foxy/include/rclcpp/rclcpp.hpp:146[m[K,
[2.359s]                  from [01m[K/home/ashmitha/ros_ws/src/behaviors/include/behaviors/timed_behavior.hpp:31[m[K,
[2.359s]                  from [01m[K/home/ashmitha/ros_ws/src/behaviors/include/behaviors/plugins/teleop.hpp:12[m[K,
[2.359s]                  from [01m[K/home/ashmitha/ros_ws/src/behaviors/plugins/teleop.cpp:4[m[K:
[2.359s] [01m[K/home/ashmitha/ros_ws/src/behaviors/include/behaviors/timed_behavior.hpp:208:9:[m[K [01;31m[Kerror: [m[Kâ€˜[01m[Klogger_[m[Kâ€™ was not declared in this scope
[2.360s]   208 |         [01;31m[Klogger_[m[K,
[2.360s]       |         [01;31m[K^~~~~~~[m[K
[2.360s] [01m[K/home/ashmitha/ros_ws/src/behaviors/include/behaviors/timed_behavior.hpp:207:7:[m[K [01;31m[Kerror: [m[Ktemplate argument 1 is invalid
[2.360s]   207 |       [01;31m[KRCLCPP_INFO[m[K(
[2.360s]       |       [01;31m[K^~~~~~~~~~~[m[K
[2.360s] [01m[K/home/ashmitha/ros_ws/src/behaviors/include/behaviors/timed_behavior.hpp:207:7:[m[K [01;31m[Kerror: [m[Ktemplate argument 1 is invalid
[2.360s]   207 |       [01;31m[KRCLCPP_INFO[m[K(
[2.360s]       |       [01;31m[K^~~~~~~~~~~[m[K
[2.360s] [01m[K/home/ashmitha/ros_ws/src/behaviors/include/behaviors/timed_behavior.hpp:207:7:[m[K [01;31m[Kerror: [m[Ktemplate argument 1 is invalid
[2.360s]   207 |       [01;31m[KRCLCPP_INFO[m[K(
[2.360s]       |       [01;31m[K^~~~~~~~~~~[m[K
[2.364s] In file included from [01m[K/opt/ros/foxy/include/rclcpp/client.hpp:40[m[K,
[2.364s]                  from [01m[K/opt/ros/foxy/include/rclcpp/callback_group.hpp:23[m[K,
[2.364s]                  from [01m[K/opt/ros/foxy/include/rclcpp/any_executable.hpp:20[m[K,
[2.364s]                  from [01m[K/opt/ros/foxy/include/rclcpp/memory_strategy.hpp:24[m[K,
[2.364s]                  from [01m[K/opt/ros/foxy/include/rclcpp/memory_strategies.hpp:18[m[K,
[2.364s]                  from [01m[K/opt/ros/foxy/include/rclcpp/executor_options.hpp:20[m[K,
[2.364s]                  from [01m[K/opt/ros/foxy/include/rclcpp/executor.hpp:33[m[K,
[2.364s]                  from [01m[K/opt/ros/foxy/include/rclcpp/executors/multi_threaded_executor.hpp:26[m[K,
[2.364s]                  from [01m[K/opt/ros/foxy/include/rclcpp/executors.hpp:21[m[K,
[2.364s]                  from [01m[K/opt/ros/foxy/include/rclcpp/rclcpp.hpp:146[m[K,
[2.365s]                  from [01m[K/home/ashmitha/ros_ws/src/behaviors/include/behaviors/timed_behavior.hpp:31[m[K,
[2.365s]                  from [01m[K/home/ashmitha/ros_ws/src/behaviors/include/behaviors/plugins/teleop.hpp:12[m[K,
[2.365s]                  from [01m[K/home/ashmitha/ros_ws/src/behaviors/plugins/teleop.cpp:4[m[K:
[2.365s] [01m[K/home/ashmitha/ros_ws/src/behaviors/include/behaviors/timed_behavior.hpp:[m[K In lambda function:
[2.365s] [01m[K/home/ashmitha/ros_ws/src/behaviors/include/behaviors/timed_behavior.hpp:216:64:[m[K [01;31m[Kerror: [m[Kâ€˜[01m[Krecovery_name_[m[Kâ€™ was not declared in this scope
[2.365s]   216 |       [&]() {RCLCPP_INFO(node_->get_logger(), "%s running...", [01;31m[Krecovery_name_[m[K.c_str());});
[2.365s]       |                                                                [01;31m[K^~~~~~~~~~~~~~[m[K
[2.365s] In file included from [01m[K/home/ashmitha/ros_ws/src/behaviors/include/behaviors/plugins/teleop.hpp:12[m[K,
[2.365s]                  from [01m[K/home/ashmitha/ros_ws/src/behaviors/plugins/teleop.cpp:4[m[K:
[2.365s] [01m[K/home/ashmitha/ros_ws/src/behaviors/include/behaviors/timed_behavior.hpp:[m[K In member function â€˜[01m[Kvoid nav2_behaviors::TimedBehavior<ActionT>::execute()[m[Kâ€™:
[2.365s] [01m[K/home/ashmitha/ros_ws/src/behaviors/include/behaviors/timed_behavior.hpp:219:10:[m[K [01;31m[Kerror: [m[Kredeclaration of â€˜[01m[Kauto result[m[Kâ€™
[2.365s]   219 |     auto [01;31m[Kresult[m[K = std::make_shared<typename ActionT::Result>();
[2.366s]       |          [01;31m[K^~~~~~[m[K
[2.366s] [01m[K/home/ashmitha/ros_ws/src/behaviors/include/behaviors/timed_behavior.hpp:203:10:[m[K [01;36m[Knote: [m[Kâ€˜[01m[Kauto result[m[Kâ€™ previously declared here
[2.366s]   203 |     auto [01;36m[Kresult[m[K = std::make_shared<typename ActionT::Result>();
[2.366s]       |          [01;36m[K^~~~~~[m[K
[2.368s] [01m[K/home/ashmitha/ros_ws/src/behaviors/include/behaviors/timed_behavior.hpp:223:7:[m[K [01;31m[Kerror: [m[Kâ€˜[01m[Kelasped_time_[m[Kâ€™ was not declared in this scope
[2.368s]   223 |       [01;31m[Kelasped_time_[m[K = steady_clock_.now() - start_time;
[2.368s]       |       [01;31m[K^~~~~~~~~~~~~[m[K
[2.370s] In file included from [01m[K/opt/ros/foxy/include/rclcpp/service.hpp:34[m[K,
[2.370s]                  from [01m[K/opt/ros/foxy/include/rclcpp/callback_group.hpp:25[m[K,
[2.370s]                  from [01m[K/opt/ros/foxy/include/rclcpp/any_executable.hpp:20[m[K,
[2.371s]                  from [01m[K/opt/ros/foxy/include/rclcpp/memory_strategy.hpp:24[m[K,
[2.371s]                  from [01m[K/opt/ros/foxy/include/rclcpp/memory_strategies.hpp:18[m[K,
[2.371s]                  from [01m[K/opt/ros/foxy/include/rclcpp/executor_options.hpp:20[m[K,
[2.371s]                  from [01m[K/opt/ros/foxy/include/rclcpp/executor.hpp:33[m[K,
[2.371s]                  from [01m[K/opt/ros/foxy/include/rclcpp/executors/multi_threaded_executor.hpp:26[m[K,
[2.371s]                  from [01m[K/opt/ros/foxy/include/rclcpp/executors.hpp:21[m[K,
[2.371s]                  from [01m[K/opt/ros/foxy/include/rclcpp/rclcpp.hpp:146[m[K,
[2.371s]                  from [01m[K/home/ashmitha/ros_ws/src/behaviors/include/behaviors/timed_behavior.hpp:31[m[K,
[2.371s]                  from [01m[K/home/ashmitha/ros_ws/src/behaviors/include/behaviors/plugins/teleop.hpp:12[m[K,
[2.371s]                  from [01m[K/home/ashmitha/ros_ws/src/behaviors/plugins/teleop.cpp:4[m[K:
[2.372s] [01m[K/home/ashmitha/ros_ws/src/behaviors/include/behaviors/timed_behavior.hpp:225:21:[m[K [01;31m[Kerror: [m[Kâ€˜[01m[Klogger_[m[Kâ€™ was not declared in this scope
[2.372s]   225 |         RCLCPP_INFO([01;31m[Klogger_[m[K, "Canceling %s", behavior_name_.c_str());
[2.372s]       |                     [01;31m[K^~~~~~~[m[K
[2.372s] [01m[K/home/ashmitha/ros_ws/src/behaviors/include/behaviors/timed_behavior.hpp:225:9:[m[K [01;31m[Kerror: [m[Ktemplate argument 1 is invalid
[2.372s]   225 |         [01;31m[KRCLCPP_INFO[m[K(logger_, "Canceling %s", behavior_name_.c_str());
[2.372s]       |         [01;31m[K^~~~~~~~~~~[m[K
[2.372s] [01m[K/home/ashmitha/ros_ws/src/behaviors/include/behaviors/timed_behavior.hpp:225:9:[m[K [01;31m[Kerror: [m[Ktemplate argument 1 is invalid
[2.372s]   225 |         [01;31m[KRCLCPP_INFO[m[K(logger_, "Canceling %s", behavior_name_.c_str());
[2.372s]       |         [01;31m[K^~~~~~~~~~~[m[K
[2.372s] [01m[K/home/ashmitha/ros_ws/src/behaviors/include/behaviors/timed_behavior.hpp:225:9:[m[K [01;31m[Kerror: [m[Ktemplate argument 1 is invalid
[2.372s]   225 |         [01;31m[KRCLCPP_INFO[m[K(logger_, "Canceling %s", behavior_name_.c_str());
[2.373s]       |         [01;31m[K^~~~~~~~~~~[m[K
[2.373s] [01m[K/home/ashmitha/ros_ws/src/behaviors/include/behaviors/timed_behavior.hpp:235:11:[m[K [01;31m[Kerror: [m[Kâ€˜[01m[Klogger_[m[Kâ€™ was not declared in this scope
[2.373s]   235 |           [01;31m[Klogger_[m[K, "Received a preemption request for %s,"
[2.373s]       |           [01;31m[K^~~~~~~[m[K
[2.373s] [01m[K/home/ashmitha/ros_ws/src/behaviors/include/behaviors/timed_behavior.hpp:234:9:[m[K [01;31m[Kerror: [m[Ktemplate argument 1 is invalid
[2.373s]   234 |         [01;31m[KRCLCPP_ERROR[m[K(
[2.373s]       |         [01;31m[K^~~~~~~~~~~~[m[K
[2.373s] [01m[K/home/ashmitha/ros_ws/src/behaviors/include/behaviors/timed_behavior.hpp:234:9:[m[K [01;31m[Kerror: [m[Ktemplate argument 1 is invalid
[2.374s]   234 |         [01;31m[KRCLCPP_ERROR[m[K(
[2.374s]       |         [01;31m[K^~~~~~~~~~~~[m[K
[2.374s] [01m[K/home/ashmitha/ros_ws/src/behaviors/include/behaviors/timed_behavior.hpp:234:9:[m[K [01;31m[Kerror: [m[Ktemplate argument 1 is invalid
[2.374s]   234 |         [01;31m[KRCLCPP_ERROR[m[K(
[2.374s]       |         [01;31m[K^~~~~~~~~~~~[m[K
[2.374s] In file included from [01m[K/home/ashmitha/ros_ws/src/behaviors/include/behaviors/plugins/teleop.hpp:12[m[K,
[2.374s]                  from [01m[K/home/ashmitha/ros_ws/src/behaviors/plugins/teleop.cpp:4[m[K:
[2.374s] [01m[K/home/ashmitha/ros_ws/src/behaviors/include/behaviors/timed_behavior.hpp:244:15:[m[K [01;31m[Kerror: [m[Kthere are no arguments to â€˜[01m[KonCycleUpdate[m[Kâ€™ that depend on a template parameter, so a declaration of â€˜[01m[KonCycleUpdate[m[Kâ€™ must be available [[01;31m[K-fpermissive[m[K]
[2.374s]   244 |       switch ([01;31m[KonCycleUpdate[m[K()) {
[2.374s]       |               [01;31m[K^~~~~~~~~~~~~[m[K
[2.375s] [01m[K/home/ashmitha/ros_ws/src/behaviors/include/behaviors/timed_behavior.hpp:244:15:[m[K [01;36m[Knote: [m[K(if you use â€˜[01m[K-fpermissive[m[Kâ€™, G++ will accept your code, but allowing the use of an undeclared name is deprecated)
[2.375s] In file included from [01m[K/opt/ros/foxy/include/rclcpp/service.hpp:34[m[K,
[2.376s]                  from [01m[K/opt/ros/foxy/include/rclcpp/callback_group.hpp:25[m[K,
[2.376s]                  from [01m[K/opt/ros/foxy/include/rclcpp/any_executable.hpp:20[m[K,
[2.376s]                  from [01m[K/opt/ros/foxy/include/rclcpp/memory_strategy.hpp:24[m[K,
[2.376s]                  from [01m[K/opt/ros/foxy/include/rclcpp/memory_strategies.hpp:18[m[K,
[2.376s]                  from [01m[K/opt/ros/foxy/include/rclcpp/executor_options.hpp:20[m[K,
[2.376s]                  from [01m[K/opt/ros/foxy/include/rclcpp/executor.hpp:33[m[K,
[2.376s]                  from [01m[K/opt/ros/foxy/include/rclcpp/executors/multi_threaded_executor.hpp:26[m[K,
[2.376s]                  from [01m[K/opt/ros/foxy/include/rclcpp/executors.hpp:21[m[K,
[2.376s]                  from [01m[K/opt/ros/foxy/include/rclcpp/rclcpp.hpp:146[m[K,
[2.376s]                  from [01m[K/home/ashmitha/ros_ws/src/behaviors/include/behaviors/timed_behavior.hpp:31[m[K,
[2.376s]                  from [01m[K/home/ashmitha/ros_ws/src/behaviors/include/behaviors/plugins/teleop.hpp:12[m[K,
[2.377s]                  from [01m[K/home/ashmitha/ros_ws/src/behaviors/plugins/teleop.cpp:4[m[K:
[2.377s] [01m[K/home/ashmitha/ros_ws/src/behaviors/include/behaviors/timed_behavior.hpp:247:13:[m[K [01;31m[Kerror: [m[Kâ€˜[01m[Klogger_[m[Kâ€™ was not declared in this scope
[2.377s]   247 |             [01;31m[Klogger_[m[K,
[2.377s]       |             [01;31m[K^~~~~~~[m[K
[2.377s] [01m[K/home/ashmitha/ros_ws/src/behaviors/include/behaviors/timed_behavior.hpp:246:11:[m[K [01;31m[Kerror: [m[Ktemplate argument 1 is invalid
[2.377s]   246 |           [01;31m[KRCLCPP_INFO[m[K(
[2.377s]       |           [01;31m[K^~~~~~~~~~~[m[K
[2.377s] [01m[K/home/ashmitha/ros_ws/src/behaviors/include/behaviors/timed_behavior.hpp:246:11:[m[K [01;31m[Kerror: [m[Ktemplate argument 1 is invalid
[2.377s]   246 |           [01;31m[KRCLCPP_INFO[m[K(
[2.377s]       |           [01;31m[K^~~~~~~~~~~[m[K
[2.378s] [01m[K/home/ashmitha/ros_ws/src/behaviors/include/behaviors/timed_behavior.hpp:246:11:[m[K [01;31m[Kerror: [m[Ktemplate argument 1 is invalid
[2.378s]   246 |           [01;31m[KRCLCPP_INFO[m[K(
[2.378s]       |           [01;31m[K^~~~~~~~~~~[m[K
[2.378s] [01m[K/home/ashmitha/ros_ws/src/behaviors/include/behaviors/timed_behavior.hpp:254:23:[m[K [01;31m[Kerror: [m[Kâ€˜[01m[Klogger_[m[Kâ€™ was not declared in this scope
[2.378s]   254 |           RCLCPP_WARN([01;31m[Klogger_[m[K, "%s failed", behavior_name_.c_str());
[2.379s]       |                       [01;31m[K^~~~~~~[m[K
[2.379s] [01m[K/home/ashmitha/ros_ws/src/behaviors/include/behaviors/timed_behavior.hpp:254:11:[m[K [01;31m[Kerror: [m[Ktemplate argument 1 is invalid
[2.379s]   254 |           [01;31m[KRCLCPP_WARN[m[K(logger_, "%s failed", behavior_name_.c_str());
[2.379s]       |           [01;31m[K^~~~~~~~~~~[m[K
[2.379s] [01m[K/home/ashmitha/ros_ws/src/behaviors/include/behaviors/timed_behavior.hpp:254:11:[m[K [01;31m[Kerror: [m[Ktemplate argument 1 is invalid
[2.379s]   254 |           [01;31m[KRCLCPP_WARN[m[K(logger_, "%s failed", behavior_name_.c_str());
[2.379s]       |           [01;31m[K^~~~~~~~~~~[m[K
[2.379s] [01m[K/home/ashmitha/ros_ws/src/behaviors/include/behaviors/timed_behavior.hpp:254:11:[m[K [01;31m[Kerror: [m[Ktemplate argument 1 is invalid
[2.379s]   254 |           [01;31m[KRCLCPP_WARN[m[K(logger_, "%s failed", behavior_name_.c_str());
[2.379s]       |           [01;31m[K^~~~~~~~~~~[m[K
[2.627s] In file included from [01m[K/home/ashmitha/ros_ws/src/behaviors/include/behaviors/plugins/teleop.hpp:12[m[K,
[2.627s]                  from [01m[K/home/ashmitha/ros_ws/src/behaviors/plugins/teleop.cpp:4[m[K:
[2.627s] /home/ashmitha/ros_ws/src/behaviors/include/behaviors/timed_behavior.hpp: In instantiation of â€˜[01m[Kclass nav2_behaviors::TimedBehavior<msgs::action::Teleop>[m[Kâ€™:
[2.627s] [01m[K/home/ashmitha/ros_ws/src/behaviors/include/behaviors/plugins/teleop.hpp:22:27:[m[K   required from here
[2.627s] [01m[K/home/ashmitha/ros_ws/src/behaviors/include/behaviors/timed_behavior.hpp:111:8:[m[K [01;31m[Kerror: [m[Kâ€˜[01m[Kvoid nav2_behaviors::TimedBehavior<ActionT>::configure(const SharedPtr&, const string&, std::shared_ptr<tf2_ros::Buffer>, std::shared_ptr<nav2_costmap_2d::CostmapTopicCollisionChecker>) [with ActionT = msgs::action::Teleop; rclcpp_lifecycle::LifecycleNode::SharedPtr = std::shared_ptr<rclcpp_lifecycle::LifecycleNode>; std::string = std::__cxx11::basic_string<char>][m[Kâ€™ marked â€˜[01m[Koverride[m[Kâ€™, but does not override
[2.627s]   111 |   void [01;31m[Kconfigure[m[K(
[2.627s]       |        [01;31m[K^~~~~~~~~[m[K
[2.627s] [01m[K/home/ashmitha/ros_ws/src/behaviors/include/behaviors/timed_behavior.hpp:147:8:[m[K [01;31m[Kerror: [m[Kâ€˜[01m[Kvoid nav2_behaviors::TimedBehavior<ActionT>::cleanup() [with ActionT = msgs::action::Teleop][m[Kâ€™ marked â€˜[01m[Koverride[m[Kâ€™, but does not override
[2.627s]   147 |   void [01;31m[Kcleanup[m[K() override
[2.627s]       |        [01;31m[K^~~~~~~[m[K
[2.628s] [01m[K/home/ashmitha/ros_ws/src/behaviors/include/behaviors/timed_behavior.hpp:155:8:[m[K [01;31m[Kerror: [m[Kâ€˜[01m[Kvoid nav2_behaviors::TimedBehavior<ActionT>::activate() [with ActionT = msgs::action::Teleop][m[Kâ€™ marked â€˜[01m[Koverride[m[Kâ€™, but does not override
[2.628s]   155 |   void [01;31m[Kactivate[m[K() override
[2.628s]       |        [01;31m[K^~~~~~~~[m[K
[2.628s] [01m[K/home/ashmitha/ros_ws/src/behaviors/include/behaviors/timed_behavior.hpp:164:8:[m[K [01;31m[Kerror: [m[Kâ€˜[01m[Kvoid nav2_behaviors::TimedBehavior<ActionT>::deactivate() [with ActionT = msgs::action::Teleop][m[Kâ€™ marked â€˜[01m[Koverride[m[Kâ€™, but does not override
[2.628s]   164 |   void [01;31m[Kdeactivate[m[K() override
[2.628s]       |        [01;31m[K^~~~~~~~~~[m[K
[2.658s] In file included from [01m[K/home/ashmitha/ros_ws/src/behaviors/plugins/teleop.cpp:4[m[K:
[2.659s] [01m[K/home/ashmitha/ros_ws/src/behaviors/include/behaviors/plugins/teleop.hpp:[m[K At global scope:
[2.659s] [01m[K/home/ashmitha/ros_ws/src/behaviors/include/behaviors/plugins/teleop.hpp:32:20:[m[K [01;31m[Kerror: [m[Kâ€˜[01m[Knav2_behaviors::Status nav2_behaviors::Teleop::onRun(std::shared_ptr<const msgs::action::Teleop_Goal_<std::allocator<void> > >)[m[Kâ€™ marked â€˜[01m[Koverride[m[Kâ€™, but does not override
[2.659s]    32 |             Status [01;31m[KonRun[m[K(const std::shared_ptr<const TeleopActionGoal> command) override;
[2.659s]       |                    [01;31m[K^~~~~[m[K
[2.659s] [01m[K/home/ashmitha/ros_ws/src/behaviors/include/behaviors/plugins/teleop.hpp:35:20:[m[K [01;31m[Kerror: [m[Kâ€˜[01m[Knav2_behaviors::Status nav2_behaviors::Teleop::onCycleUpdate()[m[Kâ€™ marked â€˜[01m[Koverride[m[Kâ€™, but does not override
[2.659s]    35 |             Status [01;31m[KonCycleUpdate[m[K() override;
[2.659s]       |                    [01;31m[K^~~~~~~~~~~~~[m[K
[2.676s] [01m[K/home/ashmitha/ros_ws/src/behaviors/plugins/teleop.cpp:75:10:[m[K [01;31m[Kerror: [m[Kno declaration matches â€˜[01m[Kvoid nav2_behaviors::Teleop::onConfigure()[m[Kâ€™
[2.676s]    75 |     void [01;31m[KTeleop[m[K::onConfigure()
[2.676s]       |          [01;31m[K^~~~~~[m[K
[2.676s] [01m[K/home/ashmitha/ros_ws/src/behaviors/plugins/teleop.cpp:75:10:[m[K [01;36m[Knote: [m[Kno functions named â€˜[01m[Kvoid nav2_behaviors::Teleop::onConfigure()[m[Kâ€™
[2.676s] In file included from [01m[K/home/ashmitha/ros_ws/src/behaviors/plugins/teleop.cpp:4[m[K:
[2.676s] [01m[K/home/ashmitha/ros_ws/src/behaviors/include/behaviors/plugins/teleop.hpp:22:11:[m[K [01;36m[Knote: [m[Kâ€˜[01m[Kclass nav2_behaviors::Teleop[m[Kâ€™ defined here
[2.676s]    22 |     class [01;36m[KTeleop[m[K : public TimedBehavior<TeleopAction>
[2.676s]       |           [01;36m[K^~~~~~[m[K
[2.678s] [01m[K/home/ashmitha/ros_ws/src/behaviors/plugins/teleop.cpp:158:5:[m[K [01;31m[Kerror: [m[Kâ€˜[01m[KResultStatus[m[Kâ€™ does not name a type
[2.678s]   158 |     [01;31m[KResultStatus[m[K Teleop::onRun(const std::shared_ptr<const TeleopAction::Goal> command)
[2.678s]       |     [01;31m[K^~~~~~~~~~~~[m[K
[2.681s] [01m[K/home/ashmitha/ros_ws/src/behaviors/plugins/teleop.cpp:167:5:[m[K [01;31m[Kerror: [m[Kâ€˜[01m[KResultStatus[m[Kâ€™ does not name a type
[2.681s]   167 |     [01;31m[KResultStatus[m[K Teleop::onCycleUpdate()
[2.681s]       |     [01;31m[K^~~~~~~~~~~~[m[K
[2.696s] In file included from [01m[K/opt/ros/foxy/include/class_loader/class_loader.hpp:56[m[K,
[2.697s]                  from [01m[K/opt/ros/foxy/include/pluginlib/class_list_macros.hpp:40[m[K,
[2.697s]                  from [01m[K/home/ashmitha/ros_ws/src/behaviors/plugins/teleop.cpp:280[m[K:
[2.697s] [01m[K/home/ashmitha/ros_ws/src/behaviors/plugins/teleop.cpp:281:59:[m[K [01;31m[Kerror: [m[Kâ€˜[01m[KBehavior[m[Kâ€™ in namespace â€˜[01m[Knav2_core[m[Kâ€™ does not name a type
[2.697s]   281 | PLUGINLIB_EXPORT_CLASS(nav2_behaviors::Teleop, nav2_core::[01;31m[KBehavior[m[K)
[2.697s]       |                                                           [01;31m[K^~~~~~~~[m[K
[2.699s] [01m[K/home/ashmitha/ros_ws/src/behaviors/plugins/teleop.cpp:[m[K In constructor â€˜[01m[K{anonymous}::ProxyExec0::ProxyExec0()[m[Kâ€™:
[2.699s] [01m[K/home/ashmitha/ros_ws/src/behaviors/plugins/teleop.cpp:281:1:[m[K [01;31m[Kerror: [m[Kâ€˜[01m[K_base[m[Kâ€™ was not declared in this scope
[2.699s]   281 | [01;31m[KPLUGINLIB_EXPORT_CLASS[m[K(nav2_behaviors::Teleop, nav2_core::Behavior)
[2.699s]       | [01;31m[K^~~~~~~~~~~~~~~~~~~~~~[m[K
[2.700s] [01m[K/home/ashmitha/ros_ws/src/behaviors/plugins/teleop.cpp:281:1:[m[K [01;31m[Kerror: [m[Kno matching function for call to â€˜[01m[KregisterPlugin<{anonymous}::ProxyExec0::_derived, <expression error> >(const char [23], const char [20])[m[Kâ€™
[2.700s]   281 | [01;31m[KPLUGINLIB_EXPORT_CLASS[m[K(nav2_behaviors::Teleop, nav2_core::Behavior)
[2.700s]       | [01;31m[K^~~~~~~~~~~~~~~~~~~~~~[m[K
[2.700s] In file included from [01m[K/opt/ros/foxy/include/class_loader/class_loader.hpp:55[m[K,
[2.700s]                  from [01m[K/opt/ros/foxy/include/pluginlib/class_list_macros.hpp:40[m[K,
[2.700s]                  from [01m[K/home/ashmitha/ros_ws/src/behaviors/plugins/teleop.cpp:280[m[K:
[2.700s] [01m[K/opt/ros/foxy/include/class_loader/class_loader_core.hpp:210:6:[m[K [01;36m[Knote: [m[Kcandidate: â€˜[01m[Ktemplate<class Derived, class Base> void class_loader::impl::registerPlugin(const string&, const string&)[m[Kâ€™
[2.700s]   210 | void [01;36m[KregisterPlugin[m[K(const std::string & class_name, const std::string & base_class_name)
[2.700s]       |      [01;36m[K^~~~~~~~~~~~~~[m[K
[2.700s] [01m[K/opt/ros/foxy/include/class_loader/class_loader_core.hpp:210:6:[m[K [01;36m[Knote: [m[K  template argument deduction/substitution failed:
[2.700s] In file included from [01m[K/opt/ros/foxy/include/class_loader/class_loader.hpp:56[m[K,
[2.700s]                  from [01m[K/opt/ros/foxy/include/pluginlib/class_list_macros.hpp:40[m[K,
[2.700s]                  from [01m[K/home/ashmitha/ros_ws/src/behaviors/plugins/teleop.cpp:280[m[K:
[2.700s] [01m[K/home/ashmitha/ros_ws/src/behaviors/plugins/teleop.cpp:281:1:[m[K [01;31m[Kerror: [m[Ktemplate argument 2 is invalid
[2.700s]   281 | [01;31m[KPLUGINLIB_EXPORT_CLASS[m[K(nav2_behaviors::Teleop, nav2_core::Behavior)
[2.700s]       | [01;31m[K^~~~~~~~~~~~~~~~~~~~~~[m[K
[2.865s] [01m[K/home/ashmitha/ros_ws/src/behaviors/src/behavior_server.cpp:[m[K In constructor â€˜[01m[Kbehavior_server::BehaviorServer::BehaviorServer(const rclcpp::NodeOptions&)[m[Kâ€™:
[2.865s] [01m[K/home/ashmitha/ros_ws/src/behaviors/src/behavior_server.cpp:25:60:[m[K [01;31m[Kerror: [m[Kunused parameter â€˜[01m[Koptions[m[Kâ€™ [[01;31m[K-Werror=unused-parameter[m[K]
[2.865s]    25 | BehaviorServer::BehaviorServer([01;31m[Kconst rclcpp::NodeOptions & options[m[K)
[2.865s]       |                                [01;31m[K~~~~~~~~~~~~~~~~~~~~~~~~~~~~^~~~~~~[m[K
[3.345s] make[2]: *** [CMakeFiles/nav2_teleop_behavior.dir/build.make:76: CMakeFiles/nav2_teleop_behavior.dir/plugins/teleop.cpp.o] Error 1
[3.345s] make[1]: *** [CMakeFiles/Makefile2:141: CMakeFiles/nav2_teleop_behavior.dir/all] Error 2
[3.345s] make[1]: *** Waiting for unfinished jobs....
[10.143s] cc1plus: all warnings being treated as errors
[10.165s] make[2]: *** [CMakeFiles/behavior_server_core.dir/build.make:76: CMakeFiles/behavior_server_core.dir/src/behavior_server.cpp.o] Error 1
[10.166s] make[1]: *** [CMakeFiles/Makefile2:167: CMakeFiles/behavior_server_core.dir/all] Error 2
[10.166s] make: *** [Makefile:146: all] Error 2
[10.177s] Invoked command in '/home/ashmitha/ros_ws/build/behaviors' returned '2': AMENT_PREFIX_PATH=/home/ashmitha/ros_ws/install/msgs:${AMENT_PREFIX_PATH} CMAKE_PREFIX_PATH=/home/ashmitha/ros_ws/install/msgs:/opt/ros/foxy CONDA_PROMPT_MODIFIER=(base) LD_LIBRARY_PATH=/home/ashmitha/ros_ws/install/msgs/lib:${LD_LIBRARY_PATH} PYTHONPATH=/home/ashmitha/ros_ws/install/msgs/lib/python3.11/site-packages:${PYTHONPATH} /home/ashmitha/.local/bin/cmake --build /home/ashmitha/ros_ws/build/behaviors -- -j8 -l8
